#
# There is insufficient memory for the Java Runtime Environment to continue.
# Native memory allocation (malloc) failed to allocate 1048576 bytes for AllocateHeap
# Possible reasons:
#   The system is out of physical RAM or swap space
#   In 32 bit mode, the process size limit was hit
# Possible solutions:
#   Reduce memory load on the system
#   Increase physical memory or swap space
#   Check if swap backing store is full
#   Use 64 bit Java on a 64 bit OS
#   Decrease Java heap size (-Xmx/-Xms)
#   Decrease number of Java threads
#   Decrease Java thread stack sizes (-Xss)
#   Set larger code cache with -XX:ReservedCodeCacheSize=
# This output file may be truncated or incomplete.
#
#  Out of Memory Error (memory/allocation.inline.hpp:61), pid=22080, tid=9896
#
# JRE version:  (8.0_40-b25) (build )
# Java VM: Java HotSpot(TM) 64-Bit Server VM (25.40-b25 mixed mode windows-amd64 compressed oops)
# Failed to write core dump. Minidumps are not enabled by default on client versions of Windows
#

---------------  T H R E A D  ---------------

Current thread (0x0000000000fcd800):  JavaThread "Unknown thread" [_thread_in_vm, id=9896, stack(0x0000000002ba0000,0x0000000002ca0000)]

Stack: [0x0000000002ba0000,0x0000000002ca0000]
Native frames: (J=compiled Java code, j=interpreted, Vv=VM code, C=native code)
V  [jvm.dll+0x32b47a]
V  [jvm.dll+0x2797f3]
V  [jvm.dll+0x27a489]
V  [jvm.dll+0x2717a5]
V  [jvm.dll+0x1606]
V  [jvm.dll+0x270812]
V  [jvm.dll+0x3eeb5a]
V  [jvm.dll+0x3ea707]
V  [jvm.dll+0xf2c12]
V  [jvm.dll+0x20f139]
V  [jvm.dll+0x240d9a]
V  [jvm.dll+0x15b941]
C  [java.exe+0x216e]
C  [java.exe+0xcce7]
C  [java.exe+0xcd7b]
C  [KERNEL32.DLL+0x17034]
C  [ntdll.dll+0x52651]


---------------  P R O C E S S  ---------------

Java Threads: ( => current thread )

Other Threads:

=>0x0000000000fcd800 (exited) JavaThread "Unknown thread" [_thread_in_vm, id=9896, stack(0x0000000002ba0000,0x0000000002ca0000)]

VM state:not at safepoint (normal execution)

VM Mutex/Monitor currently owned by a thread: None

Heap:
 PSYoungGen      total 75776K, used 1300K [0x000000076b700000, 0x0000000770b80000, 0x00000007c0000000)
  eden space 65024K, 2% used [0x000000076b700000,0x000000076b8451f8,0x000000076f680000)
  from space 10752K, 0% used [0x0000000770100000,0x0000000770100000,0x0000000770b80000)
  to   space 10752K, 0% used [0x000000076f680000,0x000000076f680000,0x0000000770100000)
 ParOldGen       total 173568K, used 0K [0x00000006c2400000, 0x00000006ccd80000, 0x000000076b700000)
  object space 173568K, 0% used [0x00000006c2400000,0x00000006c2400000,0x00000006ccd80000)
 Metaspace       used 766K, capacity 4480K, committed 4480K, reserved 1056768K
  class space    used 75K, capacity 384K, committed 384K, reserved 1048576K

Card table byte_map: [0x0000000012360000,0x0000000012b50000] byte_map_base: 0x000000000ed4e000

Marking Bits: (ParMarkBitMap*) 0x0000000069c44040
 Begin Bits: [0x00000000138a0000, 0x0000000017810000)
 End Bits:   [0x0000000017810000, 0x000000001b780000)

Polling page: 0x0000000000b30000

CodeCache: size=245760Kb used=328Kb max_used=328Kb free=245431Kb
 bounds [0x0000000002fa0000, 0x0000000003210000, 0x0000000011fa0000]
 total_blobs=57 nmethods=0 adapters=37
 compilation: enabled

Compilation events (0 events):
No events

GC Heap History (0 events):
No events

Deoptimization events (0 events):
No events

Internal exceptions (0 events):
No events

Events (10 events):
Event: 0.121 loading class java/lang/Short
Event: 0.121 loading class java/lang/Short done
Event: 0.121 loading class java/lang/Integer
Event: 0.121 loading class java/lang/Integer done
Event: 0.121 loading class java/lang/Long
Event: 0.122 loading class java/lang/Long done
Event: 0.122 loading class java/lang/NullPointerException
Event: 0.122 loading class java/lang/NullPointerException done
Event: 0.122 loading class java/lang/ArithmeticException
Event: 0.122 loading class java/lang/ArithmeticException done


Dynamic libraries:
0x00007ff737080000 - 0x00007ff7370b7000 	D:\Software\Java\bin\java.exe
0x00007ffe724f0000 - 0x00007ffe726e5000 	C:\WINDOWS\SYSTEM32\ntdll.dll
0x00007ffe71960000 - 0x00007ffe71a1d000 	C:\WINDOWS\System32\KERNEL32.DLL
0x00007ffe6fd60000 - 0x00007ffe70029000 	C:\WINDOWS\System32\KERNELBASE.dll
0x00007ffe70550000 - 0x00007ffe705fc000 	C:\WINDOWS\System32\ADVAPI32.dll
0x00007ffe70970000 - 0x00007ffe70a0e000 	C:\WINDOWS\System32\msvcrt.dll
0x00007ffe71aa0000 - 0x00007ffe71b3b000 	C:\WINDOWS\System32\sechost.dll
0x00007ffe70840000 - 0x00007ffe7096a000 	C:\WINDOWS\System32\RPCRT4.dll
0x00007ffe712c0000 - 0x00007ffe71460000 	C:\WINDOWS\System32\USER32.dll
0x00007ffe70420000 - 0x00007ffe70442000 	C:\WINDOWS\System32\win32u.dll
0x00007ffe72480000 - 0x00007ffe724aa000 	C:\WINDOWS\System32\GDI32.dll
0x00007ffe6fc50000 - 0x00007ffe6fd5b000 	C:\WINDOWS\System32\gdi32full.dll
0x00007ffe70450000 - 0x00007ffe704ed000 	C:\WINDOWS\System32\msvcp_win.dll
0x00007ffe701c0000 - 0x00007ffe702c0000 	C:\WINDOWS\System32\ucrtbase.dll
0x00007ffe59d80000 - 0x00007ffe5a01a000 	C:\WINDOWS\WinSxS\amd64_microsoft.windows.common-controls_6595b64144ccf1df_6.0.19041.1110_none_60b5254171f9507e\COMCTL32.dll
0x00007ffe70810000 - 0x00007ffe70840000 	C:\WINDOWS\System32\IMM32.DLL
0x0000000069cd0000 - 0x0000000069da2000 	D:\Software\Java\jre\bin\msvcr100.dll
0x0000000069440000 - 0x0000000069cc3000 	D:\Software\Java\jre\bin\server\jvm.dll
0x00007ffe706d0000 - 0x00007ffe706d8000 	C:\WINDOWS\System32\PSAPI.DLL
0x00007ffe6bb80000 - 0x00007ffe6bb89000 	C:\WINDOWS\SYSTEM32\WSOCK32.dll
0x00007ffe71a30000 - 0x00007ffe71a9b000 	C:\WINDOWS\System32\WS2_32.dll
0x00007ffe681c0000 - 0x00007ffe681ca000 	C:\WINDOWS\SYSTEM32\VERSION.dll
0x00007ffe608c0000 - 0x00007ffe608e7000 	C:\WINDOWS\SYSTEM32\WINMM.dll
0x0000000069430000 - 0x000000006943f000 	D:\Software\Java\jre\bin\verify.dll
0x0000000069400000 - 0x0000000069429000 	D:\Software\Java\jre\bin\java.dll
0x00000000693d0000 - 0x00000000693f3000 	D:\Software\Java\jre\bin\instrument.dll
0x00000000693b0000 - 0x00000000693c6000 	D:\Software\Java\jre\bin\zip.dll
0x00007ffe5e660000 - 0x00007ffe5e844000 	C:\WINDOWS\SYSTEM32\dbghelp.dll
0x00007ffe70080000 - 0x00007ffe70103000 	C:\WINDOWS\System32\bcryptPrimitives.dll

VM Arguments:
jvm_args: -Dmaven.multiModuleProjectDirectory=E:\Code\HewieBlogSystem -Dmaven.home=D:\Software\IntelliJ IDEA 2021.1.3\plugins\maven\lib\maven3 -Dclassworlds.conf=D:\Software\IntelliJ IDEA 2021.1.3\plugins\maven\lib\maven3\bin\m2.conf -Dmaven.ext.class.path=D:\Software\IntelliJ IDEA 2021.1.3\plugins\maven\lib\maven-event-listener.jar -javaagent:D:\Software\IntelliJ IDEA 2021.1.3\lib\idea_rt.jar=12824:D:\Software\IntelliJ IDEA 2021.1.3\bin -Dfile.encoding=UTF-8 
java_command: org.codehaus.classworlds.Launcher -Didea.version=2021.1.3 clean
java_class_path (initial): D:\Software\IntelliJ IDEA 2021.1.3\plugins\maven\lib\maven3\boot\plexus-classworlds-2.6.0.jar;D:\Software\IntelliJ IDEA 2021.1.3\plugins\maven\lib\maven3\boot\plexus-classworlds.license;D:\Software\IntelliJ IDEA 2021.1.3\lib\idea_rt.jar
Launcher Type: SUN_STANDARD

Environment Variables:
JAVA_HOME=D:\Software\Java
CLASSPATH=.;D:\Software\Java\lib;D:\Software\Java\lib\tools.jar
PATH=C:\ProgramData\Oracle\Java\javapath;D:\Software\VM\bin\;C:\WINDOWS\system32;C:\WINDOWS;C:\WINDOWS\System32\Wbem;C:\WINDOWS\System32\WindowsPowerShell\v1.0\;C:\WINDOWS\System32\OpenSSH\;C:\Program Files (x86)\NVIDIA Corporation\PhysX\Common;C:\Program Files\NVIDIA Corporation\NVIDIA NvDLISR;"D:\Software\Java\bin;D:\Software\Java\jre\bin";D:\Software\nodejs\;D:\Software\Git\cmd;C:\Users\34954\AppData\Local\Microsoft\WindowsApps;C:\Program Files\Bandizip\;D:\Software\IntelliJ IDEA 2021.1.3\bin;;D:\Software\Microsoft VS Code\bin;C:\Users\34954\AppData\Roaming\npm
USERNAME=34954
OS=Windows_NT
PROCESSOR_IDENTIFIER=Intel64 Family 6 Model 158 Stepping 9, GenuineIntel



---------------  S Y S T E M  ---------------

OS: Windows 10.0 , 64 bit Build 19041 (10.0.19041.1151)

CPU:total 8 (4 cores per cpu, 2 threads per core) family 6 model 158 stepping 9, cmov, cx8, fxsr, mmx, sse, sse2, sse3, ssse3, sse4.1, sse4.2, popcnt, avx, avx2, aes, clmul, erms, 3dnowpref, lzcnt, ht, tsc, tscinvbit, bmi1, bmi2, adx

Memory: 4k page, physical 16625060k(882592k free), swap 47751648k(6064k free)

vm_info: Java HotSpot(TM) 64-Bit Server VM (25.40-b25) for windows-amd64 JRE (1.8.0_40-b25), built on Feb 10 2015 21:53:57 by "java_re" with MS VC++ 10.0 (VS2010)

time: Sat Oct 02 18:15:28 2021
elapsed time: 0 seconds (0d 0h 0m 0s)

