[2021/08/13-00:17:25] [main] [INFO ] [com.hewie.blog.BlogApplication] : Starting BlogApplication on DESKTOP-Q7HRH3P with PID 27740 (E:\Code\HewieBlogSystem\target\classes started by 34954 in E:\Code\HewieBlogSystem)
[2021/08/13-00:17:25] [main] [INFO ] [com.hewie.blog.BlogApplication] : The following profiles are active: dev
[2021/08/13-00:17:37] [main] [INFO ] [com.hewie.blog.BlogApplication] : Started BlogApplication in 12.756 seconds (JVM running for 15.177)
[2021/08/13-00:18:00] [http-nio-80-exec-1] [INFO ] [com.hewie.blog.interceptor.ApiInterceptor] : method name == >postComment
[2021/08/13-00:18:00] [http-nio-80-exec-1] [INFO ] [com.hewie.blog.interceptor.ApiInterceptor] : check commit too frequent...
[2021/08/13-00:27:12] [main] [INFO ] [com.hewie.blog.BlogApplication] : Starting BlogApplication on DESKTOP-Q7HRH3P with PID 19680 (E:\Code\HewieBlogSystem\target\classes started by 34954 in E:\Code\HewieBlogSystem)
[2021/08/13-00:27:12] [main] [INFO ] [com.hewie.blog.BlogApplication] : The following profiles are active: dev
[2021/08/13-00:27:23] [main] [INFO ] [com.hewie.blog.BlogApplication] : Started BlogApplication in 11.896 seconds (JVM running for 13.912)
[2021/08/13-00:27:29] [http-nio-80-exec-1] [INFO ] [com.hewie.blog.interceptor.ApiInterceptor] : method name == >postComment
[2021/08/13-00:27:30] [http-nio-80-exec-1] [INFO ] [com.hewie.blog.interceptor.ApiInterceptor] : tokenKey == >d5423f12d3e826ced009c3c327032e11
[2021/08/13-00:27:31] [http-nio-80-exec-1] [INFO ] [com.hewie.blog.interceptor.ApiInterceptor] : check commit too frequent...
[2021/08/13-00:28:10] [main] [INFO ] [com.hewie.blog.BlogApplication] : Starting BlogApplication on DESKTOP-Q7HRH3P with PID 25380 (E:\Code\HewieBlogSystem\target\classes started by 34954 in E:\Code\HewieBlogSystem)
[2021/08/13-00:28:10] [main] [INFO ] [com.hewie.blog.BlogApplication] : The following profiles are active: dev
[2021/08/13-00:28:20] [main] [INFO ] [com.hewie.blog.BlogApplication] : Started BlogApplication in 9.758 seconds (JVM running for 11.937)
[2021/08/13-00:28:36] [http-nio-80-exec-1] [INFO ] [com.hewie.blog.interceptor.ApiInterceptor] : method name == >postComment
[2021/08/13-00:28:36] [http-nio-80-exec-1] [INFO ] [com.hewie.blog.interceptor.ApiInterceptor] : tokenKey == >d5423f12d3e826ced009c3c327032e11
[2021/08/13-00:28:47] [http-nio-80-exec-2] [INFO ] [com.hewie.blog.interceptor.ApiInterceptor] : method name == >postComment
[2021/08/13-00:28:47] [http-nio-80-exec-2] [INFO ] [com.hewie.blog.interceptor.ApiInterceptor] : tokenKey == >d5423f12d3e826ced009c3c327032e11
[2021/08/13-00:28:47] [http-nio-80-exec-2] [INFO ] [com.hewie.blog.interceptor.ApiInterceptor] : check commit too frequent...
[2021/08/13-00:28:48] [http-nio-80-exec-3] [INFO ] [com.hewie.blog.interceptor.ApiInterceptor] : method name == >postComment
[2021/08/13-00:28:48] [http-nio-80-exec-3] [INFO ] [com.hewie.blog.interceptor.ApiInterceptor] : tokenKey == >d5423f12d3e826ced009c3c327032e11
[2021/08/13-00:28:48] [http-nio-80-exec-3] [INFO ] [com.hewie.blog.interceptor.ApiInterceptor] : check commit too frequent...
[2021/08/13-00:29:02] [http-nio-80-exec-4] [INFO ] [com.hewie.blog.interceptor.ApiInterceptor] : method name == >postComment
[2021/08/13-00:29:02] [http-nio-80-exec-4] [INFO ] [com.hewie.blog.interceptor.ApiInterceptor] : tokenKey == >d5423f12d3e826ced009c3c327032e11
[2021/08/13-20:20:43] [main] [INFO ] [com.hewie.blog.BlogApplication] : Starting BlogApplication on Hewie-pc with PID 9012 (E:\Code\HewieBlogSystem\target\classes started by 34954 in E:\Code\HewieBlogSystem)
[2021/08/13-20:20:43] [main] [INFO ] [com.hewie.blog.BlogApplication] : The following profiles are active: dev
[2021/08/13-20:21:18] [main] [INFO ] [com.hewie.blog.BlogApplication] : Started BlogApplication in 35.573 seconds (JVM running for 37.872)
[2021/08/13-20:27:16] [http-nio-80-exec-8] [INFO ] [com.hewie.blog.interceptor.ApiInterceptor] : method name == >uiConfiguration
[2021/08/13-20:27:16] [http-nio-80-exec-9] [INFO ] [com.hewie.blog.interceptor.ApiInterceptor] : method name == >securityConfiguration
[2021/08/13-20:27:16] [http-nio-80-exec-10] [INFO ] [com.hewie.blog.interceptor.ApiInterceptor] : method name == >swaggerResources
[2021/08/13-20:27:16] [http-nio-80-exec-3] [INFO ] [com.hewie.blog.interceptor.ApiInterceptor] : method name == >page404
[2021/08/13-20:27:16] [http-nio-80-exec-6] [INFO ] [com.hewie.blog.interceptor.ApiInterceptor] : method name == >page404
[2021/08/13-20:27:53] [main] [INFO ] [com.hewie.blog.BlogApplication] : Starting BlogApplication on Hewie-pc with PID 6604 (E:\Code\HewieBlogSystem\target\classes started by 34954 in E:\Code\HewieBlogSystem)
[2021/08/13-20:27:53] [main] [INFO ] [com.hewie.blog.BlogApplication] : The following profiles are active: dev
[2021/08/13-20:28:01] [main] [INFO ] [com.hewie.blog.BlogApplication] : Started BlogApplication in 8.567 seconds (JVM running for 10.5)
