[2021/09/16-20:19:05] [main] [INFO ] [com.hewie.blog.BlogApplication] : Starting BlogApplication on Hewie-pc with PID 29772 (E:\Code\HewieBlogSystem\target\classes started by 34954 in E:\Code\HewieBlogSystem)
[2021/09/16-20:19:05] [main] [INFO ] [com.hewie.blog.BlogApplication] : The following profiles are active: dev
[2021/09/16-20:19:16] [main] [INFO ] [com.hewie.blog.BlogApplication] : Started BlogApplication in 12.476 seconds (JVM running for 15.026)
[2021/09/16-20:32:54] [http-nio-2020-exec-2] [INFO ] [com.hewie.blog.utils.CookieUtils] : cookies is null
[2021/09/16-20:32:54] [http-nio-2020-exec-3] [INFO ] [com.hewie.blog.utils.CookieUtils] : cookies is null
[2021/09/16-20:32:57] [http-nio-2020-exec-10] [INFO ] [com.hewie.blog.service.impl.ImageServiceImpl] : name === >886281501149233152.png
[2021/09/16-20:32:57] [http-nio-2020-exec-6] [INFO ] [com.hewie.blog.service.impl.ImageServiceImpl] : name === >878480200776548352.jpeg
[2021/09/16-20:32:57] [http-nio-2020-exec-9] [INFO ] [com.hewie.blog.service.impl.ImageServiceImpl] : name === >878480260029480960.jpeg
[2021/09/16-20:32:57] [http-nio-2020-exec-8] [INFO ] [com.hewie.blog.service.impl.ImageServiceImpl] : name === >879933582980677632.jpeg
[2021/09/16-20:32:57] [http-nio-2020-exec-7] [INFO ] [com.hewie.blog.service.impl.ImageServiceImpl] : name === >883507323098628096.png
[2021/09/16-20:32:57] [http-nio-2020-exec-10] [INFO ] [com.hewie.blog.service.impl.ImageServiceImpl] : get image path ===>F:\Blog\images\2021_09_11\png\886281501149233152.png
[2021/09/16-20:32:57] [http-nio-2020-exec-7] [INFO ] [com.hewie.blog.service.impl.ImageServiceImpl] : get image path ===>F:\Blog\images\2021_09_04\png\883507323098628096.png
[2021/09/16-20:32:57] [http-nio-2020-exec-8] [INFO ] [com.hewie.blog.service.impl.ImageServiceImpl] : get image path ===>F:\Blog\images\2021_08_25\jpeg\879933582980677632.jpeg
[2021/09/16-20:32:57] [http-nio-2020-exec-6] [INFO ] [com.hewie.blog.service.impl.ImageServiceImpl] : get image path ===>F:\Blog\images\2021_08_21\jpeg\878480200776548352.jpeg
[2021/09/16-20:32:57] [http-nio-2020-exec-9] [INFO ] [com.hewie.blog.service.impl.ImageServiceImpl] : get image path ===>F:\Blog\images\2021_08_21\jpeg\878480260029480960.jpeg
[2021/09/16-20:32:57] [http-nio-2020-exec-1] [INFO ] [com.hewie.blog.service.impl.ImageServiceImpl] : name === >879730501022121984.jpeg
[2021/09/16-20:32:57] [http-nio-2020-exec-1] [INFO ] [com.hewie.blog.service.impl.ImageServiceImpl] : get image path ===>F:\Blog\images\2021_08_24\jpeg\879730501022121984.jpeg
[2021/09/16-20:32:57] [http-nio-2020-exec-2] [INFO ] [com.hewie.blog.service.impl.ImageServiceImpl] : name === >879723300375232512.jpeg
[2021/09/16-20:32:57] [http-nio-2020-exec-2] [INFO ] [com.hewie.blog.service.impl.ImageServiceImpl] : get image path ===>F:\Blog\images\2021_08_24\jpeg\879723300375232512.jpeg
[2021/09/16-20:32:57] [http-nio-2020-exec-3] [INFO ] [com.hewie.blog.service.impl.ImageServiceImpl] : name === >878690775171334144.jpeg
[2021/09/16-20:32:57] [http-nio-2020-exec-3] [INFO ] [com.hewie.blog.service.impl.ImageServiceImpl] : get image path ===>F:\Blog\images\2021_08_21\jpeg\878690775171334144.jpeg
[2021/09/16-20:32:57] [http-nio-2020-exec-4] [INFO ] [com.hewie.blog.service.impl.ImageServiceImpl] : name === >870122291931906048.jpeg
[2021/09/16-20:32:57] [http-nio-2020-exec-4] [INFO ] [com.hewie.blog.service.impl.ImageServiceImpl] : get image path ===>F:\Blog\images\2021_07_29\jpeg\870122291931906048.jpeg
[2021/09/16-20:32:57] [http-nio-2020-exec-5] [INFO ] [com.hewie.blog.service.impl.ImageServiceImpl] : name === >886782238346182656.jpeg
[2021/09/16-20:32:57] [http-nio-2020-exec-5] [INFO ] [com.hewie.blog.service.impl.ImageServiceImpl] : get image path ===>F:\Blog\images\2021_09_13\jpeg\886782238346182656.jpeg
[2021/09/16-20:32:57] [http-nio-2020-exec-7] [INFO ] [com.hewie.blog.service.impl.ImageServiceImpl] : name === >882630054696189952.png
[2021/09/16-20:32:57] [http-nio-2020-exec-7] [INFO ] [com.hewie.blog.service.impl.ImageServiceImpl] : get image path ===>F:\Blog\images\2021_09_01\png\882630054696189952.png
[2021/09/16-20:32:57] [http-nio-2020-exec-10] [INFO ] [com.hewie.blog.service.impl.ImageServiceImpl] : name === >879729794349006848.png
[2021/09/16-20:32:57] [http-nio-2020-exec-10] [INFO ] [com.hewie.blog.service.impl.ImageServiceImpl] : get image path ===>F:\Blog\images\2021_08_24\png\879729794349006848.png
[2021/09/16-20:32:58] [http-nio-2020-exec-8] [INFO ] [com.hewie.blog.service.impl.ImageServiceImpl] : name === >882397490396004352.png
[2021/09/16-20:32:58] [http-nio-2020-exec-8] [INFO ] [com.hewie.blog.service.impl.ImageServiceImpl] : get image path ===>F:\Blog\images\2021_08_31\png\882397490396004352.png
[2021/09/16-20:33:02] [http-nio-2020-exec-4] [INFO ] [com.hewie.blog.service.impl.ArticleServiceImpl] : targetLabel ==>aaa
[2021/09/16-20:33:02] [http-nio-2020-exec-7] [INFO ] [com.hewie.blog.service.impl.ImageServiceImpl] : name === >878477383605157888.jpeg
[2021/09/16-20:33:02] [http-nio-2020-exec-7] [INFO ] [com.hewie.blog.service.impl.ImageServiceImpl] : get image path ===>F:\Blog\images\2021_08_21\jpeg\878477383605157888.jpeg
[2021/09/16-20:33:02] [http-nio-2020-exec-6] [INFO ] [com.hewie.blog.service.impl.ImageServiceImpl] : name === >886281501149233152.png
[2021/09/16-20:33:02] [http-nio-2020-exec-6] [INFO ] [com.hewie.blog.service.impl.ImageServiceImpl] : get image path ===>F:\Blog\images\2021_09_11\png\886281501149233152.png
[2021/09/16-20:33:02] [http-nio-2020-exec-5] [INFO ] [com.hewie.blog.service.impl.ImageServiceImpl] : name === >879729794349006848.png
[2021/09/16-20:33:02] [http-nio-2020-exec-8] [INFO ] [com.hewie.blog.service.impl.ImageServiceImpl] : name === >878480200776548352.jpeg
[2021/09/16-20:33:02] [http-nio-2020-exec-8] [INFO ] [com.hewie.blog.service.impl.ImageServiceImpl] : get image path ===>F:\Blog\images\2021_08_21\jpeg\878480200776548352.jpeg
[2021/09/16-20:33:02] [http-nio-2020-exec-5] [INFO ] [com.hewie.blog.service.impl.ImageServiceImpl] : get image path ===>F:\Blog\images\2021_08_24\png\879729794349006848.png
[2021/09/16-20:33:02] [http-nio-2020-exec-1] [INFO ] [com.hewie.blog.service.impl.ImageServiceImpl] : name === >883507323098628096.png
[2021/09/16-20:33:02] [http-nio-2020-exec-1] [INFO ] [com.hewie.blog.service.impl.ImageServiceImpl] : get image path ===>F:\Blog\images\2021_09_04\png\883507323098628096.png
[2021/09/16-20:33:03] [http-nio-2020-exec-9] [INFO ] [com.hewie.blog.service.impl.ImageServiceImpl] : name === >886782238346182656.jpeg
[2021/09/16-20:33:03] [http-nio-2020-exec-9] [INFO ] [com.hewie.blog.service.impl.ImageServiceImpl] : get image path ===>F:\Blog\images\2021_09_13\jpeg\886782238346182656.jpeg
[2021/09/16-20:33:03] [http-nio-2020-exec-3] [INFO ] [com.hewie.blog.service.impl.ImageServiceImpl] : name === >882630054696189952.png
[2021/09/16-20:33:03] [http-nio-2020-exec-3] [INFO ] [com.hewie.blog.service.impl.ImageServiceImpl] : get image path ===>F:\Blog\images\2021_09_01\png\882630054696189952.png
[2021/09/16-20:33:03] [http-nio-2020-exec-2] [INFO ] [com.hewie.blog.service.impl.ImageServiceImpl] : name === >882397490396004352.png
[2021/09/16-20:33:03] [http-nio-2020-exec-2] [INFO ] [com.hewie.blog.service.impl.ImageServiceImpl] : get image path ===>F:\Blog\images\2021_08_31\png\882397490396004352.png
[2021/09/16-20:33:03] [http-nio-2020-exec-4] [INFO ] [com.hewie.blog.service.impl.ImageServiceImpl] : name === >878480260029480960.jpeg
[2021/09/16-20:33:03] [http-nio-2020-exec-4] [INFO ] [com.hewie.blog.service.impl.ImageServiceImpl] : get image path ===>F:\Blog\images\2021_08_21\jpeg\878480260029480960.jpeg
[2021/09/16-20:33:03] [http-nio-2020-exec-10] [INFO ] [com.hewie.blog.service.impl.ImageServiceImpl] : name === >879933582980677632.jpeg
[2021/09/16-20:33:03] [http-nio-2020-exec-10] [INFO ] [com.hewie.blog.service.impl.ImageServiceImpl] : get image path ===>F:\Blog\images\2021_08_25\jpeg\879933582980677632.jpeg
[2021/09/16-20:33:03] [http-nio-2020-exec-7] [INFO ] [com.hewie.blog.service.impl.ImageServiceImpl] : name === >878477383605157888.jpeg
[2021/09/16-20:33:03] [http-nio-2020-exec-7] [INFO ] [com.hewie.blog.service.impl.ImageServiceImpl] : get image path ===>F:\Blog\images\2021_08_21\jpeg\878477383605157888.jpeg
[2021/09/16-20:33:05] [http-nio-2020-exec-1] [INFO ] [com.hewie.blog.service.impl.ImageServiceImpl] : name === >886281501149233152.png
[2021/09/16-20:33:05] [http-nio-2020-exec-1] [INFO ] [com.hewie.blog.service.impl.ImageServiceImpl] : get image path ===>F:\Blog\images\2021_09_11\png\886281501149233152.png
[2021/09/16-20:33:05] [http-nio-2020-exec-8] [INFO ] [com.hewie.blog.service.impl.ImageServiceImpl] : name === >879729794349006848.png
[2021/09/16-20:33:05] [http-nio-2020-exec-8] [INFO ] [com.hewie.blog.service.impl.ImageServiceImpl] : get image path ===>F:\Blog\images\2021_08_24\png\879729794349006848.png
[2021/09/16-20:33:09] [http-nio-2020-exec-4] [INFO ] [com.hewie.blog.service.impl.ArticleServiceImpl] : targetLabel ==>梵蒂冈
[2021/09/16-20:33:09] [http-nio-2020-exec-10] [INFO ] [com.hewie.blog.service.impl.ImageServiceImpl] : name === >886281501149233152.png
[2021/09/16-20:33:09] [http-nio-2020-exec-10] [INFO ] [com.hewie.blog.service.impl.ImageServiceImpl] : get image path ===>F:\Blog\images\2021_09_11\png\886281501149233152.png
[2021/09/16-20:33:10] [http-nio-2020-exec-7] [INFO ] [com.hewie.blog.service.impl.ImageServiceImpl] : name === >883507323098628096.png
[2021/09/16-20:33:10] [http-nio-2020-exec-7] [INFO ] [com.hewie.blog.service.impl.ImageServiceImpl] : get image path ===>F:\Blog\images\2021_09_04\png\883507323098628096.png
[2021/09/16-20:33:10] [http-nio-2020-exec-6] [INFO ] [com.hewie.blog.service.impl.ImageServiceImpl] : name === >886782238346182656.jpeg
[2021/09/16-20:33:10] [http-nio-2020-exec-6] [INFO ] [com.hewie.blog.service.impl.ImageServiceImpl] : get image path ===>F:\Blog\images\2021_09_13\jpeg\886782238346182656.jpeg
[2021/09/16-20:33:10] [http-nio-2020-exec-5] [INFO ] [com.hewie.blog.service.impl.ImageServiceImpl] : name === >882630054696189952.png
[2021/09/16-20:33:10] [http-nio-2020-exec-5] [INFO ] [com.hewie.blog.service.impl.ImageServiceImpl] : get image path ===>F:\Blog\images\2021_09_01\png\882630054696189952.png
[2021/09/16-20:33:10] [http-nio-2020-exec-1] [INFO ] [com.hewie.blog.service.impl.ImageServiceImpl] : name === >882397490396004352.png
[2021/09/16-20:33:10] [http-nio-2020-exec-1] [INFO ] [com.hewie.blog.service.impl.ImageServiceImpl] : get image path ===>F:\Blog\images\2021_08_31\png\882397490396004352.png
[2021/09/16-20:33:10] [http-nio-2020-exec-8] [INFO ] [com.hewie.blog.service.impl.ImageServiceImpl] : name === >878480260029480960.jpeg
[2021/09/16-20:33:10] [http-nio-2020-exec-8] [INFO ] [com.hewie.blog.service.impl.ImageServiceImpl] : get image path ===>F:\Blog\images\2021_08_21\jpeg\878480260029480960.jpeg
[2021/09/16-20:33:10] [http-nio-2020-exec-9] [INFO ] [com.hewie.blog.service.impl.ImageServiceImpl] : name === >879933582980677632.jpeg
[2021/09/16-20:33:10] [http-nio-2020-exec-9] [INFO ] [com.hewie.blog.service.impl.ImageServiceImpl] : get image path ===>F:\Blog\images\2021_08_25\jpeg\879933582980677632.jpeg
[2021/09/16-20:33:10] [http-nio-2020-exec-3] [INFO ] [com.hewie.blog.service.impl.ImageServiceImpl] : name === >878480200776548352.jpeg
[2021/09/16-20:33:10] [http-nio-2020-exec-3] [INFO ] [com.hewie.blog.service.impl.ImageServiceImpl] : get image path ===>F:\Blog\images\2021_08_21\jpeg\878480200776548352.jpeg
[2021/09/16-20:33:11] [http-nio-2020-exec-10] [INFO ] [com.hewie.blog.service.impl.ImageServiceImpl] : name === >886281501149233152.png
[2021/09/16-20:33:11] [http-nio-2020-exec-10] [INFO ] [com.hewie.blog.service.impl.ImageServiceImpl] : get image path ===>F:\Blog\images\2021_09_11\png\886281501149233152.png
[2021/09/16-20:45:21] [http-nio-2020-exec-6] [INFO ] [com.hewie.blog.service.impl.ArticleServiceImpl] : targetLabel ==>梵蒂冈
[2021/09/16-20:45:22] [http-nio-2020-exec-1] [INFO ] [com.hewie.blog.service.impl.ImageServiceImpl] : name === >883507323098628096.png
[2021/09/16-20:45:22] [http-nio-2020-exec-1] [INFO ] [com.hewie.blog.service.impl.ImageServiceImpl] : get image path ===>F:\Blog\images\2021_09_04\png\883507323098628096.png
[2021/09/16-20:45:22] [http-nio-2020-exec-9] [INFO ] [com.hewie.blog.service.impl.ImageServiceImpl] : name === >886782238346182656.jpeg
[2021/09/16-20:45:22] [http-nio-2020-exec-8] [INFO ] [com.hewie.blog.service.impl.ImageServiceImpl] : name === >886281501149233152.png
[2021/09/16-20:45:22] [http-nio-2020-exec-9] [INFO ] [com.hewie.blog.service.impl.ImageServiceImpl] : get image path ===>F:\Blog\images\2021_09_13\jpeg\886782238346182656.jpeg
[2021/09/16-20:45:22] [http-nio-2020-exec-8] [INFO ] [com.hewie.blog.service.impl.ImageServiceImpl] : get image path ===>F:\Blog\images\2021_09_11\png\886281501149233152.png
[2021/09/16-20:45:22] [http-nio-2020-exec-3] [INFO ] [com.hewie.blog.service.impl.ImageServiceImpl] : name === >882630054696189952.png
[2021/09/16-20:45:22] [http-nio-2020-exec-3] [INFO ] [com.hewie.blog.service.impl.ImageServiceImpl] : get image path ===>F:\Blog\images\2021_09_01\png\882630054696189952.png
[2021/09/16-20:45:22] [http-nio-2020-exec-4] [INFO ] [com.hewie.blog.service.impl.ImageServiceImpl] : name === >882397490396004352.png
[2021/09/16-20:45:22] [http-nio-2020-exec-4] [INFO ] [com.hewie.blog.service.impl.ImageServiceImpl] : get image path ===>F:\Blog\images\2021_08_31\png\882397490396004352.png
[2021/09/16-20:45:22] [http-nio-2020-exec-10] [INFO ] [com.hewie.blog.service.impl.ImageServiceImpl] : name === >879933582980677632.jpeg
[2021/09/16-20:45:22] [http-nio-2020-exec-10] [INFO ] [com.hewie.blog.service.impl.ImageServiceImpl] : get image path ===>F:\Blog\images\2021_08_25\jpeg\879933582980677632.jpeg
[2021/09/16-20:45:22] [http-nio-2020-exec-2] [INFO ] [com.hewie.blog.service.impl.ImageServiceImpl] : name === >878480260029480960.jpeg
[2021/09/16-20:45:22] [http-nio-2020-exec-2] [INFO ] [com.hewie.blog.service.impl.ImageServiceImpl] : get image path ===>F:\Blog\images\2021_08_21\jpeg\878480260029480960.jpeg
[2021/09/16-20:45:23] [http-nio-2020-exec-7] [INFO ] [com.hewie.blog.service.impl.ImageServiceImpl] : name === >878480200776548352.jpeg
[2021/09/16-20:45:23] [http-nio-2020-exec-7] [INFO ] [com.hewie.blog.service.impl.ImageServiceImpl] : get image path ===>F:\Blog\images\2021_08_21\jpeg\878480200776548352.jpeg
[2021/09/16-20:45:24] [http-nio-2020-exec-1] [INFO ] [com.hewie.blog.service.impl.ImageServiceImpl] : name === >886281501149233152.png
[2021/09/16-20:45:24] [http-nio-2020-exec-1] [INFO ] [com.hewie.blog.service.impl.ImageServiceImpl] : get image path ===>F:\Blog\images\2021_09_11\png\886281501149233152.png
