[2021/08/14-01:47:28] [main] [INFO ] [com.hewie.blog.BlogApplication] : Starting BlogApplication on Hewie-pc with PID 5596 (E:\Code\HewieBlogSystem\target\classes started by 34954 in E:\Code\HewieBlogSystem)
[2021/08/14-01:47:28] [main] [INFO ] [com.hewie.blog.BlogApplication] : The following profiles are active: dev
[2021/08/14-01:50:01] [main] [INFO ] [com.hewie.blog.BlogApplication] : Starting BlogApplication on Hewie-pc with PID 13792 (E:\Code\HewieBlogSystem\target\classes started by 34954 in E:\Code\HewieBlogSystem)
[2021/08/14-01:50:01] [main] [INFO ] [com.hewie.blog.BlogApplication] : The following profiles are active: dev
[2021/08/14-01:52:19] [main] [INFO ] [com.hewie.blog.BlogApplication] : Starting BlogApplication on Hewie-pc with PID 15912 (E:\Code\HewieBlogSystem\target\classes started by 34954 in E:\Code\HewieBlogSystem)
[2021/08/14-01:52:19] [main] [INFO ] [com.hewie.blog.BlogApplication] : The following profiles are active: dev
[2021/08/14-01:52:26] [main] [INFO ] [com.hewie.blog.BlogApplication] : Started BlogApplication in 7.721 seconds (JVM running for 8.979)
[2021/08/14-01:53:54] [http-nio-80-exec-8] [INFO ] [com.hewie.blog.interceptor.ApiInterceptor] : method name == >uiConfiguration
[2021/08/14-01:53:54] [http-nio-80-exec-9] [INFO ] [com.hewie.blog.interceptor.ApiInterceptor] : method name == >securityConfiguration
[2021/08/14-01:53:54] [http-nio-80-exec-10] [INFO ] [com.hewie.blog.interceptor.ApiInterceptor] : method name == >swaggerResources
[2021/08/14-01:53:54] [http-nio-80-exec-6] [INFO ] [com.hewie.blog.interceptor.ApiInterceptor] : method name == >page404
[2021/08/14-01:53:54] [http-nio-80-exec-5] [INFO ] [com.hewie.blog.interceptor.ApiInterceptor] : method name == >page404
[2021/08/14-01:54:22] [http-nio-80-exec-4] [INFO ] [com.hewie.blog.interceptor.ApiInterceptor] : method name == >getCaptcha
[2021/08/14-01:54:22] [http-nio-80-exec-4] [INFO ] [com.hewie.blog.service.impl.UserServiceImpl] : captcha content == > k83tu
[2021/08/14-01:57:06] [http-nio-80-exec-10] [INFO ] [com.hewie.blog.interceptor.ApiInterceptor] : method name == >login
[2021/08/14-01:57:12] [http-nio-80-exec-9] [INFO ] [com.hewie.blog.interceptor.ApiInterceptor] : method name == >getCaptcha
[2021/08/14-01:57:12] [http-nio-80-exec-9] [INFO ] [com.hewie.blog.service.impl.UserServiceImpl] : captcha content == > 48
[2021/08/14-01:57:23] [http-nio-80-exec-5] [INFO ] [com.hewie.blog.interceptor.ApiInterceptor] : method name == >login
[2021/08/14-01:59:32] [http-nio-80-exec-7] [INFO ] [com.hewie.blog.interceptor.ApiInterceptor] : method name == >getCaptcha
[2021/08/14-01:59:32] [http-nio-80-exec-7] [INFO ] [com.hewie.blog.service.impl.UserServiceImpl] : captcha content == > 3
[2021/08/14-01:59:49] [http-nio-80-exec-8] [INFO ] [com.hewie.blog.interceptor.ApiInterceptor] : method name == >login
[2021/08/14-02:01:18] [http-nio-80-exec-9] [INFO ] [com.hewie.blog.interceptor.ApiInterceptor] : method name == >postComment
[2021/08/14-02:01:18] [http-nio-80-exec-9] [INFO ] [com.hewie.blog.interceptor.ApiInterceptor] : tokenKey == >p_460493fb92b61dbcce1863c11c4fd74f
[2021/08/14-02:01:35] [http-nio-80-exec-5] [INFO ] [com.hewie.blog.interceptor.ApiInterceptor] : method name == >postComment
[2021/08/14-02:01:35] [http-nio-80-exec-5] [INFO ] [com.hewie.blog.interceptor.ApiInterceptor] : tokenKey == >p_460493fb92b61dbcce1863c11c4fd74f
[2021/08/14-02:02:12] [http-nio-80-exec-4] [INFO ] [com.hewie.blog.interceptor.ApiInterceptor] : method name == >getCaptcha
[2021/08/14-02:02:12] [http-nio-80-exec-4] [INFO ] [com.hewie.blog.service.impl.UserServiceImpl] : captcha content == > mtfhe
[2021/08/14-02:03:09] [http-nio-80-exec-2] [INFO ] [com.hewie.blog.interceptor.ApiInterceptor] : method name == >login
[2021/08/14-02:03:09] [http-nio-80-exec-2] [INFO ] [com.hewie.blog.utils.CookieUtils] : cookies is null
[2021/08/14-02:03:51] [http-nio-80-exec-1] [INFO ] [com.hewie.blog.interceptor.ApiInterceptor] : method name == >postComment
[2021/08/14-02:03:51] [http-nio-80-exec-1] [INFO ] [com.hewie.blog.interceptor.ApiInterceptor] : tokenKey == >m_dfdae8dbc9d438268d2fd82e1f7547cf
[2021/08/14-02:05:40] [http-nio-80-exec-7] [INFO ] [com.hewie.blog.interceptor.ApiInterceptor] : method name == >logout
[2021/08/14-02:05:54] [http-nio-80-exec-10] [INFO ] [com.hewie.blog.interceptor.ApiInterceptor] : method name == >postComment
[2021/08/14-02:05:54] [http-nio-80-exec-10] [INFO ] [com.hewie.blog.interceptor.ApiInterceptor] : tokenKey == >m_dfdae8dbc9d438268d2fd82e1f7547cf
[2021/08/14-02:06:22] [http-nio-80-exec-2] [INFO ] [com.hewie.blog.interceptor.ApiInterceptor] : method name == >logout
[2021/08/14-02:06:46] [http-nio-80-exec-6] [INFO ] [com.hewie.blog.interceptor.ApiInterceptor] : method name == >getCaptcha
[2021/08/14-02:06:46] [http-nio-80-exec-6] [INFO ] [com.hewie.blog.service.impl.UserServiceImpl] : captcha content == > gedem
[2021/08/14-02:07:04] [http-nio-80-exec-1] [INFO ] [com.hewie.blog.interceptor.ApiInterceptor] : method name == >login
[2021/08/14-02:08:22] [http-nio-80-exec-4] [INFO ] [com.hewie.blog.interceptor.ApiInterceptor] : method name == >postComment
[2021/08/14-02:08:22] [http-nio-80-exec-4] [INFO ] [com.hewie.blog.interceptor.ApiInterceptor] : tokenKey == >p_5c48002cbed7917f8cebb590ad79206a
[2021/08/14-02:08:22] [http-nio-80-exec-4] [INFO ] [com.hewie.blog.service.impl.UserServiceImpl] : newTokenKey ==> p_e75610e1a6f6d488a4ebee06cde8bbed
[2021/08/14-02:15:41] [main] [INFO ] [com.hewie.blog.BlogApplication] : Starting BlogApplication on Hewie-pc with PID 14296 (E:\Code\HewieBlogSystem\target\classes started by 34954 in E:\Code\HewieBlogSystem)
[2021/08/14-02:15:41] [main] [INFO ] [com.hewie.blog.BlogApplication] : The following profiles are active: dev
[2021/08/14-02:15:50] [main] [INFO ] [com.hewie.blog.BlogApplication] : Started BlogApplication in 10.029 seconds (JVM running for 11.663)
[2021/08/14-02:16:19] [http-nio-80-exec-8] [INFO ] [com.hewie.blog.interceptor.ApiInterceptor] : method name == >uiConfiguration
[2021/08/14-02:16:19] [http-nio-80-exec-9] [INFO ] [com.hewie.blog.interceptor.ApiInterceptor] : method name == >securityConfiguration
[2021/08/14-02:16:19] [http-nio-80-exec-10] [INFO ] [com.hewie.blog.interceptor.ApiInterceptor] : method name == >swaggerResources
[2021/08/14-02:16:19] [http-nio-80-exec-2] [INFO ] [com.hewie.blog.interceptor.ApiInterceptor] : method name == >page404
[2021/08/14-02:16:19] [http-nio-80-exec-5] [INFO ] [com.hewie.blog.interceptor.ApiInterceptor] : method name == >page404
[2021/08/14-02:16:30] [http-nio-80-exec-1] [INFO ] [com.hewie.blog.interceptor.ApiInterceptor] : method name == >getCaptcha
[2021/08/14-02:16:30] [http-nio-80-exec-1] [INFO ] [com.hewie.blog.service.impl.UserServiceImpl] : captcha content == > 3
[2021/08/14-02:16:55] [http-nio-80-exec-7] [INFO ] [com.hewie.blog.interceptor.ApiInterceptor] : method name == >login
[2021/08/14-02:17:07] [http-nio-80-exec-10] [INFO ] [com.hewie.blog.interceptor.ApiInterceptor] : method name == >getCaptcha
[2021/08/14-02:17:07] [http-nio-80-exec-10] [INFO ] [com.hewie.blog.service.impl.UserServiceImpl] : captcha content == > -7
[2021/08/14-02:17:20] [http-nio-80-exec-6] [INFO ] [com.hewie.blog.interceptor.ApiInterceptor] : method name == >login
[2021/08/14-02:17:20] [http-nio-80-exec-6] [INFO ] [com.hewie.blog.utils.CookieUtils] : cookies is null
[2021/08/14-02:17:53] [http-nio-80-exec-4] [INFO ] [com.hewie.blog.interceptor.ApiInterceptor] : method name == >postComment
[2021/08/14-02:17:53] [http-nio-80-exec-4] [INFO ] [com.hewie.blog.interceptor.ApiInterceptor] : tokenKey == >m_6eee36f8adc5f4134586ca04a349c63f
[2021/08/14-02:22:35] [main] [INFO ] [com.hewie.blog.BlogApplication] : Starting BlogApplication on Hewie-pc with PID 9312 (E:\Code\HewieBlogSystem\target\classes started by 34954 in E:\Code\HewieBlogSystem)
[2021/08/14-02:22:35] [main] [INFO ] [com.hewie.blog.BlogApplication] : The following profiles are active: dev
[2021/08/14-02:25:36] [main] [INFO ] [com.hewie.blog.BlogApplication] : Starting BlogApplication on Hewie-pc with PID 15424 (E:\Code\HewieBlogSystem\target\classes started by 34954 in E:\Code\HewieBlogSystem)
[2021/08/14-02:25:36] [main] [INFO ] [com.hewie.blog.BlogApplication] : The following profiles are active: dev
[2021/08/14-02:25:46] [main] [INFO ] [com.hewie.blog.BlogApplication] : Started BlogApplication in 10.658 seconds (JVM running for 12.51)
[2021/08/14-02:26:25] [http-nio-80-exec-1] [INFO ] [com.hewie.blog.interceptor.ApiInterceptor] : method name == >listCommentsByArticleId
