[2021/09/10-00:22:40] [http-nio-2020-exec-8] [INFO ] [com.hewie.blog.utils.CookieUtils] : cookies is null
[2021/09/10-00:22:40] [http-nio-2020-exec-10] [INFO ] [com.hewie.blog.utils.CookieUtils] : cookies is null
[2021/09/10-00:22:41] [http-nio-2020-exec-3] [INFO ] [com.hewie.blog.service.impl.ImageServiceImpl] : name === >879933582980677632.jpeg
[2021/09/10-00:22:41] [http-nio-2020-exec-3] [INFO ] [com.hewie.blog.service.impl.ImageServiceImpl] : get image path ===>F:\Blog\images\2021_08_25\jpeg\879933582980677632.jpeg
[2021/09/10-00:22:41] [http-nio-2020-exec-2] [INFO ] [com.hewie.blog.service.impl.ImageServiceImpl] : name === >883507323098628096.png
[2021/09/10-00:22:41] [http-nio-2020-exec-2] [INFO ] [com.hewie.blog.service.impl.ImageServiceImpl] : get image path ===>F:\Blog\images\2021_09_04\png\883507323098628096.png
[2021/09/10-00:22:41] [http-nio-2020-exec-5] [INFO ] [com.hewie.blog.service.impl.ImageServiceImpl] : name === >879729794349006848.png
[2021/09/10-00:22:41] [http-nio-2020-exec-9] [INFO ] [com.hewie.blog.service.impl.ImageServiceImpl] : name === >878480260029480960.jpeg
[2021/09/10-00:22:41] [http-nio-2020-exec-9] [INFO ] [com.hewie.blog.service.impl.ImageServiceImpl] : get image path ===>F:\Blog\images\2021_08_21\jpeg\878480260029480960.jpeg
[2021/09/10-00:22:41] [http-nio-2020-exec-5] [INFO ] [com.hewie.blog.service.impl.ImageServiceImpl] : get image path ===>F:\Blog\images\2021_08_24\png\879729794349006848.png
[2021/09/10-00:22:41] [http-nio-2020-exec-1] [INFO ] [com.hewie.blog.service.impl.ImageServiceImpl] : name === >878480200776548352.jpeg
[2021/09/10-00:22:41] [http-nio-2020-exec-1] [INFO ] [com.hewie.blog.service.impl.ImageServiceImpl] : get image path ===>F:\Blog\images\2021_08_21\jpeg\878480200776548352.jpeg
[2021/09/10-00:22:41] [http-nio-2020-exec-4] [INFO ] [com.hewie.blog.service.impl.ImageServiceImpl] : name === >879730501022121984.jpeg
[2021/09/10-00:22:41] [http-nio-2020-exec-4] [INFO ] [com.hewie.blog.service.impl.ImageServiceImpl] : get image path ===>F:\Blog\images\2021_08_24\jpeg\879730501022121984.jpeg
[2021/09/10-00:22:41] [http-nio-2020-exec-8] [INFO ] [com.hewie.blog.service.impl.ImageServiceImpl] : name === >879723300375232512.jpeg
[2021/09/10-00:22:41] [http-nio-2020-exec-8] [INFO ] [com.hewie.blog.service.impl.ImageServiceImpl] : get image path ===>F:\Blog\images\2021_08_24\jpeg\879723300375232512.jpeg
[2021/09/10-00:22:41] [http-nio-2020-exec-10] [INFO ] [com.hewie.blog.service.impl.ImageServiceImpl] : name === >878690775171334144.jpeg
[2021/09/10-00:22:41] [http-nio-2020-exec-10] [INFO ] [com.hewie.blog.service.impl.ImageServiceImpl] : get image path ===>F:\Blog\images\2021_08_21\jpeg\878690775171334144.jpeg
[2021/09/10-00:22:42] [http-nio-2020-exec-7] [INFO ] [com.hewie.blog.service.impl.UserServiceImpl] : newTokenKey ==> m_26579971a74c397441236eafd6e675ed
[2021/09/10-00:22:42] [http-nio-2020-exec-5] [INFO ] [com.hewie.blog.service.impl.ImageServiceImpl] : name === >879729794349006848.png
[2021/09/10-00:22:42] [http-nio-2020-exec-5] [INFO ] [com.hewie.blog.service.impl.ImageServiceImpl] : get image path ===>F:\Blog\images\2021_08_24\png\879729794349006848.png
[2021/09/10-00:22:42] [http-nio-2020-exec-9] [INFO ] [com.hewie.blog.service.impl.ImageServiceImpl] : name === >870122291931906048.jpeg
[2021/09/10-00:22:42] [http-nio-2020-exec-9] [INFO ] [com.hewie.blog.service.impl.ImageServiceImpl] : get image path ===>F:\Blog\images\2021_07_29\jpeg\870122291931906048.jpeg
[2021/09/10-00:22:42] [http-nio-2020-exec-1] [INFO ] [com.hewie.blog.service.impl.ImageServiceImpl] : name === >882630054696189952.png
[2021/09/10-00:22:42] [http-nio-2020-exec-1] [INFO ] [com.hewie.blog.service.impl.ImageServiceImpl] : get image path ===>F:\Blog\images\2021_09_01\png\882630054696189952.png
[2021/09/10-00:22:43] [http-nio-2020-exec-8] [INFO ] [com.hewie.blog.service.impl.ImageServiceImpl] : name === >882397490396004352.png
[2021/09/10-00:22:43] [http-nio-2020-exec-8] [INFO ] [com.hewie.blog.service.impl.ImageServiceImpl] : get image path ===>F:\Blog\images\2021_08_31\png\882397490396004352.png
[2021/09/10-00:22:44] [http-nio-2020-exec-4] [INFO ] [com.hewie.blog.service.impl.ArticleServiceImpl] : targetLabel ==>aaa
[2021/09/10-00:22:45] [http-nio-2020-exec-7] [INFO ] [com.hewie.blog.service.impl.ImageServiceImpl] : name === >878477383605157888.jpeg
[2021/09/10-00:22:45] [http-nio-2020-exec-7] [INFO ] [com.hewie.blog.service.impl.ImageServiceImpl] : get image path ===>F:\Blog\images\2021_08_21\jpeg\878477383605157888.jpeg
[2021/09/10-00:22:45] [http-nio-2020-exec-3] [INFO ] [com.hewie.blog.service.impl.ImageServiceImpl] : name === >879729794349006848.png
[2021/09/10-00:22:45] [http-nio-2020-exec-3] [INFO ] [com.hewie.blog.service.impl.ImageServiceImpl] : get image path ===>F:\Blog\images\2021_08_24\png\879729794349006848.png
[2021/09/10-00:22:45] [http-nio-2020-exec-2] [INFO ] [com.hewie.blog.service.impl.ImageServiceImpl] : name === >878480200776548352.jpeg
[2021/09/10-00:22:45] [http-nio-2020-exec-2] [INFO ] [com.hewie.blog.service.impl.ImageServiceImpl] : get image path ===>F:\Blog\images\2021_08_21\jpeg\878480200776548352.jpeg
[2021/09/10-00:22:45] [http-nio-2020-exec-5] [INFO ] [com.hewie.blog.service.impl.ImageServiceImpl] : name === >883507323098628096.png
[2021/09/10-00:22:45] [http-nio-2020-exec-5] [INFO ] [com.hewie.blog.service.impl.ImageServiceImpl] : get image path ===>F:\Blog\images\2021_09_04\png\883507323098628096.png
[2021/09/10-00:22:45] [http-nio-2020-exec-9] [INFO ] [com.hewie.blog.service.impl.ImageServiceImpl] : name === >882630054696189952.png
[2021/09/10-00:22:45] [http-nio-2020-exec-9] [INFO ] [com.hewie.blog.service.impl.ImageServiceImpl] : get image path ===>F:\Blog\images\2021_09_01\png\882630054696189952.png
[2021/09/10-00:22:45] [http-nio-2020-exec-1] [INFO ] [com.hewie.blog.service.impl.ImageServiceImpl] : name === >878477383605157888.jpeg
[2021/09/10-00:22:45] [http-nio-2020-exec-1] [INFO ] [com.hewie.blog.service.impl.ImageServiceImpl] : get image path ===>F:\Blog\images\2021_08_21\jpeg\878477383605157888.jpeg
[2021/09/10-00:23:03] [http-nio-2020-exec-4] [INFO ] [com.hewie.blog.service.impl.ArticleServiceImpl] : targetLabel ==>test
[2021/09/10-00:23:03] [http-nio-2020-exec-7] [INFO ] [com.hewie.blog.service.impl.ImageServiceImpl] : name === >878477383605157888.jpeg
[2021/09/10-00:23:03] [http-nio-2020-exec-7] [INFO ] [com.hewie.blog.service.impl.ImageServiceImpl] : get image path ===>F:\Blog\images\2021_08_21\jpeg\878477383605157888.jpeg
[2021/09/10-00:23:04] [http-nio-2020-exec-3] [INFO ] [com.hewie.blog.service.impl.ImageServiceImpl] : name === >879729794349006848.png
[2021/09/10-00:23:04] [http-nio-2020-exec-3] [INFO ] [com.hewie.blog.service.impl.ImageServiceImpl] : get image path ===>F:\Blog\images\2021_08_24\png\879729794349006848.png
[2021/09/10-00:23:04] [http-nio-2020-exec-2] [INFO ] [com.hewie.blog.service.impl.ImageServiceImpl] : name === >878480200776548352.jpeg
[2021/09/10-00:23:04] [http-nio-2020-exec-2] [INFO ] [com.hewie.blog.service.impl.ImageServiceImpl] : get image path ===>F:\Blog\images\2021_08_21\jpeg\878480200776548352.jpeg
[2021/09/10-00:23:04] [http-nio-2020-exec-5] [INFO ] [com.hewie.blog.service.impl.ImageServiceImpl] : name === >883507323098628096.png
[2021/09/10-00:23:04] [http-nio-2020-exec-5] [INFO ] [com.hewie.blog.service.impl.ImageServiceImpl] : get image path ===>F:\Blog\images\2021_09_04\png\883507323098628096.png
[2021/09/10-00:23:04] [http-nio-2020-exec-9] [INFO ] [com.hewie.blog.service.impl.ImageServiceImpl] : name === >882630054696189952.png
[2021/09/10-00:23:04] [http-nio-2020-exec-9] [INFO ] [com.hewie.blog.service.impl.ImageServiceImpl] : get image path ===>F:\Blog\images\2021_09_01\png\882630054696189952.png
[2021/09/10-00:23:04] [http-nio-2020-exec-1] [INFO ] [com.hewie.blog.service.impl.ImageServiceImpl] : name === >878477383605157888.jpeg
[2021/09/10-00:23:04] [http-nio-2020-exec-1] [INFO ] [com.hewie.blog.service.impl.ImageServiceImpl] : get image path ===>F:\Blog\images\2021_08_21\jpeg\878477383605157888.jpeg
[2021/09/10-21:43:31] [http-nio-2020-exec-6] [INFO ] [com.hewie.blog.utils.CookieUtils] : cookies is null
[2021/09/10-21:43:31] [http-nio-2020-exec-7] [INFO ] [com.hewie.blog.utils.CookieUtils] : cookies is null
[2021/09/10-21:43:31] [http-nio-2020-exec-5] [INFO ] [com.hewie.blog.service.impl.ImageServiceImpl] : name === >879730501022121984.jpeg
[2021/09/10-21:43:31] [http-nio-2020-exec-5] [INFO ] [com.hewie.blog.service.impl.ImageServiceImpl] : get image path ===>F:\Blog\images\2021_08_24\jpeg\879730501022121984.jpeg
[2021/09/10-21:43:31] [http-nio-2020-exec-9] [INFO ] [com.hewie.blog.service.impl.ImageServiceImpl] : name === >879723300375232512.jpeg
[2021/09/10-21:43:31] [http-nio-2020-exec-9] [INFO ] [com.hewie.blog.service.impl.ImageServiceImpl] : get image path ===>F:\Blog\images\2021_08_24\jpeg\879723300375232512.jpeg
[2021/09/10-21:43:31] [http-nio-2020-exec-1] [INFO ] [com.hewie.blog.service.impl.ImageServiceImpl] : name === >878690775171334144.jpeg
[2021/09/10-21:43:31] [http-nio-2020-exec-1] [INFO ] [com.hewie.blog.service.impl.ImageServiceImpl] : get image path ===>F:\Blog\images\2021_08_21\jpeg\878690775171334144.jpeg
[2021/09/10-21:43:32] [http-nio-2020-exec-8] [INFO ] [com.hewie.blog.service.impl.ImageServiceImpl] : name === >878480200776548352.jpeg
[2021/09/10-21:43:32] [http-nio-2020-exec-8] [INFO ] [com.hewie.blog.service.impl.ImageServiceImpl] : get image path ===>F:\Blog\images\2021_08_21\jpeg\878480200776548352.jpeg
[2021/09/10-21:43:32] [http-nio-2020-exec-10] [INFO ] [com.hewie.blog.service.impl.ImageServiceImpl] : name === >878480260029480960.jpeg
[2021/09/10-21:43:32] [http-nio-2020-exec-10] [INFO ] [com.hewie.blog.service.impl.ImageServiceImpl] : get image path ===>F:\Blog\images\2021_08_21\jpeg\878480260029480960.jpeg
[2021/09/10-21:43:32] [http-nio-2020-exec-4] [INFO ] [com.hewie.blog.service.impl.ImageServiceImpl] : name === >882630054696189952.png
[2021/09/10-21:43:32] [http-nio-2020-exec-4] [INFO ] [com.hewie.blog.service.impl.ImageServiceImpl] : get image path ===>F:\Blog\images\2021_09_01\png\882630054696189952.png
[2021/09/10-21:43:32] [http-nio-2020-exec-6] [INFO ] [com.hewie.blog.service.impl.ImageServiceImpl] : name === >883507323098628096.png
[2021/09/10-21:43:32] [http-nio-2020-exec-6] [INFO ] [com.hewie.blog.service.impl.ImageServiceImpl] : get image path ===>F:\Blog\images\2021_09_04\png\883507323098628096.png
[2021/09/10-21:43:32] [http-nio-2020-exec-7] [INFO ] [com.hewie.blog.service.impl.ImageServiceImpl] : name === >879933582980677632.jpeg
[2021/09/10-21:43:32] [http-nio-2020-exec-7] [INFO ] [com.hewie.blog.service.impl.ImageServiceImpl] : get image path ===>F:\Blog\images\2021_08_25\jpeg\879933582980677632.jpeg
[2021/09/10-21:43:32] [http-nio-2020-exec-3] [INFO ] [com.hewie.blog.service.impl.ImageServiceImpl] : name === >879729794349006848.png
[2021/09/10-21:43:32] [http-nio-2020-exec-3] [INFO ] [com.hewie.blog.service.impl.ImageServiceImpl] : get image path ===>F:\Blog\images\2021_08_24\png\879729794349006848.png
[2021/09/10-21:43:32] [http-nio-2020-exec-2] [INFO ] [com.hewie.blog.service.impl.ImageServiceImpl] : name === >879730501022121984.jpeg
[2021/09/10-21:43:32] [http-nio-2020-exec-2] [INFO ] [com.hewie.blog.service.impl.ImageServiceImpl] : get image path ===>F:\Blog\images\2021_08_24\jpeg\879730501022121984.jpeg
[2021/09/10-21:43:32] [http-nio-2020-exec-1] [INFO ] [com.hewie.blog.service.impl.ImageServiceImpl] : name === >879723300375232512.jpeg
[2021/09/10-21:43:32] [http-nio-2020-exec-1] [INFO ] [com.hewie.blog.service.impl.ImageServiceImpl] : get image path ===>F:\Blog\images\2021_08_24\jpeg\879723300375232512.jpeg
[2021/09/10-21:43:32] [http-nio-2020-exec-9] [INFO ] [com.hewie.blog.service.impl.ImageServiceImpl] : name === >878690775171334144.jpeg
[2021/09/10-21:43:32] [http-nio-2020-exec-9] [INFO ] [com.hewie.blog.service.impl.ImageServiceImpl] : get image path ===>F:\Blog\images\2021_08_21\jpeg\878690775171334144.jpeg
[2021/09/10-21:43:32] [http-nio-2020-exec-5] [INFO ] [com.hewie.blog.service.impl.ImageServiceImpl] : name === >870122291931906048.jpeg
[2021/09/10-21:43:32] [http-nio-2020-exec-5] [INFO ] [com.hewie.blog.service.impl.ImageServiceImpl] : get image path ===>F:\Blog\images\2021_07_29\jpeg\870122291931906048.jpeg
[2021/09/10-21:43:32] [http-nio-2020-exec-4] [INFO ] [com.hewie.blog.service.impl.ImageServiceImpl] : name === >882397490396004352.png
[2021/09/10-21:43:32] [http-nio-2020-exec-4] [INFO ] [com.hewie.blog.service.impl.ImageServiceImpl] : get image path ===>F:\Blog\images\2021_08_31\png\882397490396004352.png
[2021/09/10-21:43:32] [http-nio-2020-exec-8] [INFO ] [com.hewie.blog.service.impl.ImageServiceImpl] : name === >878480260029480960.jpeg
[2021/09/10-21:43:32] [http-nio-2020-exec-8] [INFO ] [com.hewie.blog.service.impl.ImageServiceImpl] : get image path ===>F:\Blog\images\2021_08_21\jpeg\878480260029480960.jpeg
[2021/09/10-21:43:32] [http-nio-2020-exec-10] [INFO ] [com.hewie.blog.service.impl.ImageServiceImpl] : name === >870122291931906048.jpeg
[2021/09/10-21:43:32] [http-nio-2020-exec-10] [INFO ] [com.hewie.blog.service.impl.ImageServiceImpl] : get image path ===>F:\Blog\images\2021_07_29\jpeg\870122291931906048.jpeg
[2021/09/10-21:43:32] [http-nio-2020-exec-3] [INFO ] [com.hewie.blog.service.impl.ImageServiceImpl] : name === >878480200776548352.jpeg
[2021/09/10-21:43:32] [http-nio-2020-exec-3] [INFO ] [com.hewie.blog.service.impl.ImageServiceImpl] : get image path ===>F:\Blog\images\2021_08_21\jpeg\878480200776548352.jpeg
[2021/09/10-21:43:32] [http-nio-2020-exec-6] [INFO ] [com.hewie.blog.service.impl.ImageServiceImpl] : name === >879729794349006848.png
[2021/09/10-21:43:32] [http-nio-2020-exec-6] [INFO ] [com.hewie.blog.service.impl.ImageServiceImpl] : get image path ===>F:\Blog\images\2021_08_24\png\879729794349006848.png
[2021/09/10-21:43:32] [http-nio-2020-exec-7] [INFO ] [com.hewie.blog.service.impl.ImageServiceImpl] : name === >879933582980677632.jpeg
[2021/09/10-21:43:32] [http-nio-2020-exec-7] [INFO ] [com.hewie.blog.service.impl.ImageServiceImpl] : get image path ===>F:\Blog\images\2021_08_25\jpeg\879933582980677632.jpeg
[2021/09/10-21:43:32] [http-nio-2020-exec-2] [INFO ] [com.hewie.blog.service.impl.ImageServiceImpl] : name === >883507323098628096.png
[2021/09/10-21:43:32] [http-nio-2020-exec-2] [INFO ] [com.hewie.blog.service.impl.ImageServiceImpl] : get image path ===>F:\Blog\images\2021_09_04\png\883507323098628096.png
[2021/09/10-21:43:33] [http-nio-2020-exec-1] [INFO ] [com.hewie.blog.service.impl.ImageServiceImpl] : name === >882630054696189952.png
[2021/09/10-21:43:33] [http-nio-2020-exec-1] [INFO ] [com.hewie.blog.service.impl.ImageServiceImpl] : get image path ===>F:\Blog\images\2021_09_01\png\882630054696189952.png
[2021/09/10-21:43:33] [http-nio-2020-exec-9] [INFO ] [com.hewie.blog.service.impl.ImageServiceImpl] : name === >882397490396004352.png
[2021/09/10-21:43:33] [http-nio-2020-exec-9] [INFO ] [com.hewie.blog.service.impl.ImageServiceImpl] : get image path ===>F:\Blog\images\2021_08_31\png\882397490396004352.png
[2021/09/10-21:43:33] [http-nio-2020-exec-5] [INFO ] [com.hewie.blog.service.impl.UserServiceImpl] : newTokenKey ==> m_c07f96605b8f71f8f6ddac38e2e49731
[2021/09/10-21:43:34] [http-nio-2020-exec-6] [INFO ] [com.hewie.blog.service.impl.ImageServiceImpl] : name === >879729794349006848.png
[2021/09/10-21:43:34] [http-nio-2020-exec-6] [INFO ] [com.hewie.blog.service.impl.ImageServiceImpl] : get image path ===>F:\Blog\images\2021_08_24\png\879729794349006848.png
[2021/09/10-21:46:49] [http-nio-2020-exec-4] [INFO ] [com.hewie.blog.service.impl.ImageServiceImpl] : name === >883507323098628096.png
[2021/09/10-21:46:49] [http-nio-2020-exec-4] [INFO ] [com.hewie.blog.service.impl.ImageServiceImpl] : get image path ===>F:\Blog\images\2021_09_04\png\883507323098628096.png
[2021/09/10-21:46:49] [http-nio-2020-exec-5] [INFO ] [com.hewie.blog.service.impl.ImageServiceImpl] : name === >878480200776548352.jpeg
[2021/09/10-21:46:49] [http-nio-2020-exec-6] [INFO ] [com.hewie.blog.service.impl.ImageServiceImpl] : name === >882630054696189952.png
[2021/09/10-21:46:49] [http-nio-2020-exec-8] [INFO ] [com.hewie.blog.service.impl.ImageServiceImpl] : name === >879729794349006848.png
[2021/09/10-21:46:49] [http-nio-2020-exec-5] [INFO ] [com.hewie.blog.service.impl.ImageServiceImpl] : get image path ===>F:\Blog\images\2021_08_21\jpeg\878480200776548352.jpeg
[2021/09/10-21:46:49] [http-nio-2020-exec-8] [INFO ] [com.hewie.blog.service.impl.ImageServiceImpl] : get image path ===>F:\Blog\images\2021_08_24\png\879729794349006848.png
[2021/09/10-21:46:49] [http-nio-2020-exec-6] [INFO ] [com.hewie.blog.service.impl.ImageServiceImpl] : get image path ===>F:\Blog\images\2021_09_01\png\882630054696189952.png
[2021/09/10-21:46:50] [http-nio-2020-exec-2] [INFO ] [com.hewie.blog.service.impl.ImageServiceImpl] : name === >879723300375232512.jpeg
[2021/09/10-21:46:50] [http-nio-2020-exec-2] [INFO ] [com.hewie.blog.service.impl.ImageServiceImpl] : get image path ===>F:\Blog\images\2021_08_24\jpeg\879723300375232512.jpeg
[2021/09/10-21:46:50] [http-nio-2020-exec-7] [INFO ] [com.hewie.blog.service.impl.ImageServiceImpl] : name === >879730501022121984.jpeg
[2021/09/10-21:46:50] [http-nio-2020-exec-7] [INFO ] [com.hewie.blog.service.impl.ImageServiceImpl] : get image path ===>F:\Blog\images\2021_08_24\jpeg\879730501022121984.jpeg
[2021/09/10-21:46:50] [http-nio-2020-exec-9] [INFO ] [com.hewie.blog.service.impl.ImageServiceImpl] : name === >878690775171334144.jpeg
[2021/09/10-21:46:50] [http-nio-2020-exec-9] [INFO ] [com.hewie.blog.service.impl.ImageServiceImpl] : get image path ===>F:\Blog\images\2021_08_21\jpeg\878690775171334144.jpeg
[2021/09/10-21:46:50] [http-nio-2020-exec-4] [INFO ] [com.hewie.blog.service.impl.ImageServiceImpl] : name === >878480260029480960.jpeg
[2021/09/10-21:46:50] [http-nio-2020-exec-4] [INFO ] [com.hewie.blog.service.impl.ImageServiceImpl] : get image path ===>F:\Blog\images\2021_08_21\jpeg\878480260029480960.jpeg
[2021/09/10-21:46:50] [http-nio-2020-exec-6] [INFO ] [com.hewie.blog.service.impl.ImageServiceImpl] : name === >870122291931906048.jpeg
[2021/09/10-21:46:50] [http-nio-2020-exec-6] [INFO ] [com.hewie.blog.service.impl.ImageServiceImpl] : get image path ===>F:\Blog\images\2021_07_29\jpeg\870122291931906048.jpeg
[2021/09/10-21:46:50] [http-nio-2020-exec-8] [INFO ] [com.hewie.blog.service.impl.ImageServiceImpl] : name === >879933582980677632.jpeg
[2021/09/10-21:46:50] [http-nio-2020-exec-5] [INFO ] [com.hewie.blog.service.impl.ImageServiceImpl] : name === >882397490396004352.png
[2021/09/10-21:46:50] [http-nio-2020-exec-8] [INFO ] [com.hewie.blog.service.impl.ImageServiceImpl] : get image path ===>F:\Blog\images\2021_08_25\jpeg\879933582980677632.jpeg
[2021/09/10-21:46:50] [http-nio-2020-exec-5] [INFO ] [com.hewie.blog.service.impl.ImageServiceImpl] : get image path ===>F:\Blog\images\2021_08_31\png\882397490396004352.png
[2021/09/10-21:46:50] [http-nio-2020-exec-10] [INFO ] [com.hewie.blog.service.impl.ImageServiceImpl] : name === >879729794349006848.png
[2021/09/10-21:46:50] [http-nio-2020-exec-10] [INFO ] [com.hewie.blog.service.impl.ImageServiceImpl] : get image path ===>F:\Blog\images\2021_08_24\png\879729794349006848.png
[2021/09/10-21:46:51] [http-nio-2020-exec-2] [INFO ] [com.hewie.blog.utils.CookieUtils] : cookies is null
[2021/09/10-21:46:51] [http-nio-2020-exec-7] [INFO ] [com.hewie.blog.utils.CookieUtils] : cookies is null
[2021/09/10-21:46:51] [http-nio-2020-exec-1] [INFO ] [com.hewie.blog.service.impl.ImageServiceImpl] : name === >879730501022121984.jpeg
[2021/09/10-21:46:51] [http-nio-2020-exec-1] [INFO ] [com.hewie.blog.service.impl.ImageServiceImpl] : get image path ===>F:\Blog\images\2021_08_24\jpeg\879730501022121984.jpeg
[2021/09/10-21:46:51] [http-nio-2020-exec-6] [INFO ] [com.hewie.blog.service.impl.ImageServiceImpl] : name === >882630054696189952.png
[2021/09/10-21:46:51] [http-nio-2020-exec-6] [INFO ] [com.hewie.blog.service.impl.ImageServiceImpl] : get image path ===>F:\Blog\images\2021_09_01\png\882630054696189952.png
[2021/09/10-21:46:51] [http-nio-2020-exec-5] [INFO ] [com.hewie.blog.service.impl.ImageServiceImpl] : name === >883507323098628096.png
[2021/09/10-21:46:51] [http-nio-2020-exec-5] [INFO ] [com.hewie.blog.service.impl.ImageServiceImpl] : get image path ===>F:\Blog\images\2021_09_04\png\883507323098628096.png
[2021/09/10-21:46:51] [http-nio-2020-exec-8] [INFO ] [com.hewie.blog.service.impl.ImageServiceImpl] : name === >879933582980677632.jpeg
[2021/09/10-21:46:51] [http-nio-2020-exec-8] [INFO ] [com.hewie.blog.service.impl.ImageServiceImpl] : get image path ===>F:\Blog\images\2021_08_25\jpeg\879933582980677632.jpeg
[2021/09/10-21:46:51] [http-nio-2020-exec-10] [INFO ] [com.hewie.blog.service.impl.ImageServiceImpl] : name === >879723300375232512.jpeg
[2021/09/10-21:46:51] [http-nio-2020-exec-10] [INFO ] [com.hewie.blog.service.impl.ImageServiceImpl] : get image path ===>F:\Blog\images\2021_08_24\jpeg\879723300375232512.jpeg
[2021/09/10-21:46:51] [http-nio-2020-exec-3] [INFO ] [com.hewie.blog.service.impl.ImageServiceImpl] : name === >878690775171334144.jpeg
[2021/09/10-21:46:51] [http-nio-2020-exec-3] [INFO ] [com.hewie.blog.service.impl.ImageServiceImpl] : get image path ===>F:\Blog\images\2021_08_21\jpeg\878690775171334144.jpeg
[2021/09/10-21:46:51] [http-nio-2020-exec-2] [INFO ] [com.hewie.blog.service.impl.ImageServiceImpl] : name === >878480260029480960.jpeg
[2021/09/10-21:46:51] [http-nio-2020-exec-2] [INFO ] [com.hewie.blog.service.impl.ImageServiceImpl] : get image path ===>F:\Blog\images\2021_08_21\jpeg\878480260029480960.jpeg
[2021/09/10-21:46:52] [http-nio-2020-exec-7] [INFO ] [com.hewie.blog.service.impl.ImageServiceImpl] : name === >870122291931906048.jpeg
[2021/09/10-21:46:52] [http-nio-2020-exec-7] [INFO ] [com.hewie.blog.service.impl.ImageServiceImpl] : get image path ===>F:\Blog\images\2021_07_29\jpeg\870122291931906048.jpeg
[2021/09/10-21:46:52] [http-nio-2020-exec-4] [INFO ] [com.hewie.blog.service.impl.ImageServiceImpl] : name === >878480200776548352.jpeg
[2021/09/10-21:46:52] [http-nio-2020-exec-4] [INFO ] [com.hewie.blog.service.impl.ImageServiceImpl] : get image path ===>F:\Blog\images\2021_08_21\jpeg\878480200776548352.jpeg
[2021/09/10-21:46:52] [http-nio-2020-exec-9] [INFO ] [com.hewie.blog.service.impl.ImageServiceImpl] : name === >879729794349006848.png
[2021/09/10-21:46:52] [http-nio-2020-exec-9] [INFO ] [com.hewie.blog.service.impl.ImageServiceImpl] : get image path ===>F:\Blog\images\2021_08_24\png\879729794349006848.png
[2021/09/10-21:46:52] [http-nio-2020-exec-1] [INFO ] [com.hewie.blog.service.impl.ImageServiceImpl] : name === >882397490396004352.png
[2021/09/10-21:46:52] [http-nio-2020-exec-1] [INFO ] [com.hewie.blog.service.impl.ImageServiceImpl] : get image path ===>F:\Blog\images\2021_08_31\png\882397490396004352.png
[2021/09/10-21:46:53] [http-nio-2020-exec-3] [INFO ] [com.hewie.blog.service.impl.ImageServiceImpl] : name === >879729794349006848.png
[2021/09/10-21:46:53] [http-nio-2020-exec-3] [INFO ] [com.hewie.blog.service.impl.ImageServiceImpl] : get image path ===>F:\Blog\images\2021_08_24\png\879729794349006848.png
[2021/09/10-21:46:55] [http-nio-2020-exec-7] [INFO ] [com.hewie.blog.service.impl.UserServiceImpl] : captcha content == > 13
[2021/09/10-21:46:55] [http-nio-2020-exec-4] [INFO ] [com.hewie.blog.service.impl.UserServiceImpl] : captcha content == > -7
[2021/09/10-21:47:01] [http-nio-2020-exec-6] [INFO ] [com.hewie.blog.service.impl.UserServiceImpl] : captcha content == > cbwj4
