[2021/08/26-09:01:42] [http-nio-2020-exec-1] [INFO ] [com.hewie.blog.service.impl.UserServiceImpl] : newTokenKey ==> p_f95d84592f9aa9b744739962d66626ed
[2021/08/26-09:01:42] [http-nio-2020-exec-8] [INFO ] [com.hewie.blog.service.impl.UserServiceImpl] : newTokenKey ==> p_f95d84592f9aa9b744739962d66626ed
[2021/08/26-09:06:03] [http-nio-2020-exec-9] [INFO ] [com.hewie.blog.interceptor.ApiInterceptor] : tokenKey == >p_f95d84592f9aa9b744739962d66626ed
[2021/08/26-09:07:11] [http-nio-2020-exec-5] [INFO ] [com.hewie.blog.service.impl.ImageServiceImpl] : name === >879933601515307008.jpeg
[2021/08/26-09:07:11] [http-nio-2020-exec-5] [INFO ] [com.hewie.blog.service.impl.ImageServiceImpl] : get image path ===>F:\Blog\images\2021_08_25\jpeg\879933601515307008.jpeg
[2021/08/26-09:07:11] [http-nio-2020-exec-10] [INFO ] [com.hewie.blog.service.impl.ImageServiceImpl] : name === >879933582980677632.jpeg
[2021/08/26-09:07:11] [http-nio-2020-exec-10] [INFO ] [com.hewie.blog.service.impl.ImageServiceImpl] : get image path ===>F:\Blog\images\2021_08_25\jpeg\879933582980677632.jpeg
[2021/08/26-09:07:11] [http-nio-2020-exec-3] [INFO ] [com.hewie.blog.service.impl.ImageServiceImpl] : name === >879933480673214464.jpeg
[2021/08/26-09:07:11] [http-nio-2020-exec-9] [INFO ] [com.hewie.blog.service.impl.ImageServiceImpl] : name === >878480260029480960.jpeg
[2021/08/26-09:07:11] [http-nio-2020-exec-9] [INFO ] [com.hewie.blog.service.impl.ImageServiceImpl] : get image path ===>F:\Blog\images\2021_08_21\jpeg\878480260029480960.jpeg
[2021/08/26-09:07:11] [http-nio-2020-exec-3] [INFO ] [com.hewie.blog.service.impl.ImageServiceImpl] : get image path ===>F:\Blog\images\2021_08_25\jpeg\879933480673214464.jpeg
[2021/08/26-09:07:11] [http-nio-2020-exec-4] [INFO ] [com.hewie.blog.service.impl.ImageServiceImpl] : name === >879933452638486528.jpeg
[2021/08/26-09:07:11] [http-nio-2020-exec-4] [INFO ] [com.hewie.blog.service.impl.ImageServiceImpl] : get image path ===>F:\Blog\images\2021_08_25\jpeg\879933452638486528.jpeg
[2021/08/26-09:07:11] [http-nio-2020-exec-7] [INFO ] [com.hewie.blog.service.impl.ImageServiceImpl] : name === >878480760917458944.jpeg
[2021/08/26-09:07:11] [http-nio-2020-exec-7] [INFO ] [com.hewie.blog.service.impl.ImageServiceImpl] : get image path ===>F:\Blog\images\2021_08_21\jpeg\878480760917458944.jpeg
[2021/08/26-09:07:11] [http-nio-2020-exec-4] [INFO ] [com.hewie.blog.service.impl.ImageServiceImpl] : name === >878480200776548352.jpeg
[2021/08/26-09:07:11] [http-nio-2020-exec-4] [INFO ] [com.hewie.blog.service.impl.ImageServiceImpl] : get image path ===>F:\Blog\images\2021_08_21\jpeg\878480200776548352.jpeg
[2021/08/26-09:07:11] [http-nio-2020-exec-1] [INFO ] [com.hewie.blog.service.impl.ImageServiceImpl] : name === >878479066716438528.jpeg
[2021/08/26-09:07:11] [http-nio-2020-exec-1] [INFO ] [com.hewie.blog.service.impl.ImageServiceImpl] : get image path ===>F:\Blog\images\2021_08_21\jpeg\878479066716438528.jpeg
[2021/08/26-09:07:11] [http-nio-2020-exec-5] [INFO ] [com.hewie.blog.service.impl.ImageServiceImpl] : name === >879933480673214464.jpeg
[2021/08/26-09:07:11] [http-nio-2020-exec-5] [INFO ] [com.hewie.blog.service.impl.ImageServiceImpl] : get image path ===>F:\Blog\images\2021_08_25\jpeg\879933480673214464.jpeg
[2021/08/26-09:07:11] [http-nio-2020-exec-7] [INFO ] [com.hewie.blog.service.impl.ImageServiceImpl] : name === >879933452638486528.jpeg
[2021/08/26-09:07:11] [http-nio-2020-exec-7] [INFO ] [com.hewie.blog.service.impl.ImageServiceImpl] : get image path ===>F:\Blog\images\2021_08_25\jpeg\879933452638486528.jpeg
[2021/08/26-09:07:11] [http-nio-2020-exec-1] [INFO ] [com.hewie.blog.service.impl.ImageServiceImpl] : name === >879933601515307008.jpeg
[2021/08/26-09:07:11] [http-nio-2020-exec-8] [INFO ] [com.hewie.blog.service.impl.ImageServiceImpl] : name === >878477927509917696.jpeg
[2021/08/26-09:07:11] [http-nio-2020-exec-1] [INFO ] [com.hewie.blog.service.impl.ImageServiceImpl] : get image path ===>F:\Blog\images\2021_08_25\jpeg\879933601515307008.jpeg
[2021/08/26-09:07:11] [http-nio-2020-exec-8] [INFO ] [com.hewie.blog.service.impl.ImageServiceImpl] : get image path ===>F:\Blog\images\2021_08_21\jpeg\878477927509917696.jpeg
[2021/08/26-09:07:11] [http-nio-2020-exec-6] [INFO ] [com.hewie.blog.service.impl.ImageServiceImpl] : name === >878480760917458944.jpeg
[2021/08/26-09:07:11] [http-nio-2020-exec-6] [INFO ] [com.hewie.blog.service.impl.ImageServiceImpl] : get image path ===>F:\Blog\images\2021_08_21\jpeg\878480760917458944.jpeg
[2021/08/26-09:07:11] [http-nio-2020-exec-7] [INFO ] [com.hewie.blog.service.impl.ImageServiceImpl] : name === >878477383605157888.jpeg
[2021/08/26-09:07:11] [http-nio-2020-exec-7] [INFO ] [com.hewie.blog.service.impl.ImageServiceImpl] : get image path ===>F:\Blog\images\2021_08_21\jpeg\878477383605157888.jpeg
[2021/08/26-09:07:11] [http-nio-2020-exec-2] [INFO ] [com.hewie.blog.service.impl.ImageServiceImpl] : name === >878477120496467968.jpeg
[2021/08/26-09:07:11] [http-nio-2020-exec-1] [INFO ] [com.hewie.blog.service.impl.ImageServiceImpl] : name === >878477009376772096.jpeg
[2021/08/26-09:07:11] [http-nio-2020-exec-2] [INFO ] [com.hewie.blog.service.impl.ImageServiceImpl] : get image path ===>F:\Blog\images\2021_08_21\jpeg\878477120496467968.jpeg
[2021/08/26-09:07:11] [http-nio-2020-exec-1] [INFO ] [com.hewie.blog.service.impl.ImageServiceImpl] : get image path ===>F:\Blog\images\2021_08_21\jpeg\878477009376772096.jpeg
[2021/08/26-09:07:11] [http-nio-2020-exec-6] [INFO ] [com.hewie.blog.service.impl.ImageServiceImpl] : name === >878479066716438528.jpeg
[2021/08/26-09:07:11] [http-nio-2020-exec-6] [INFO ] [com.hewie.blog.service.impl.ImageServiceImpl] : get image path ===>F:\Blog\images\2021_08_21\jpeg\878479066716438528.jpeg
[2021/08/26-09:07:11] [http-nio-2020-exec-8] [INFO ] [com.hewie.blog.service.impl.ImageServiceImpl] : name === >878480260029480960.jpeg
[2021/08/26-09:07:11] [http-nio-2020-exec-8] [INFO ] [com.hewie.blog.service.impl.ImageServiceImpl] : get image path ===>F:\Blog\images\2021_08_21\jpeg\878480260029480960.jpeg
[2021/08/26-09:07:11] [http-nio-2020-exec-6] [INFO ] [com.hewie.blog.service.impl.ImageServiceImpl] : name === >879933582980677632.jpeg
[2021/08/26-09:07:11] [http-nio-2020-exec-6] [INFO ] [com.hewie.blog.service.impl.ImageServiceImpl] : get image path ===>F:\Blog\images\2021_08_25\jpeg\879933582980677632.jpeg
[2021/08/26-09:07:11] [http-nio-2020-exec-3] [INFO ] [com.hewie.blog.service.impl.ImageServiceImpl] : name === >878476826677084160.jpeg
[2021/08/26-09:07:11] [http-nio-2020-exec-3] [INFO ] [com.hewie.blog.service.impl.ImageServiceImpl] : get image path ===>F:\Blog\images\2021_08_21\jpeg\878476826677084160.jpeg
[2021/08/26-09:07:11] [http-nio-2020-exec-5] [INFO ] [com.hewie.blog.service.impl.ImageServiceImpl] : name === >878476185217007616.jpeg
[2021/08/26-09:07:11] [http-nio-2020-exec-5] [INFO ] [com.hewie.blog.service.impl.ImageServiceImpl] : get image path ===>F:\Blog\images\2021_08_21\jpeg\878476185217007616.jpeg
[2021/08/26-09:07:11] [http-nio-2020-exec-6] [INFO ] [com.hewie.blog.service.impl.ImageServiceImpl] : name === >878475841388937216.jpeg
[2021/08/26-09:07:11] [http-nio-2020-exec-6] [INFO ] [com.hewie.blog.service.impl.ImageServiceImpl] : get image path ===>F:\Blog\images\2021_08_21\jpeg\878475841388937216.jpeg
[2021/08/26-09:07:11] [http-nio-2020-exec-4] [INFO ] [com.hewie.blog.service.impl.ImageServiceImpl] : name === >878477383605157888.jpeg
[2021/08/26-09:07:11] [http-nio-2020-exec-4] [INFO ] [com.hewie.blog.service.impl.ImageServiceImpl] : get image path ===>F:\Blog\images\2021_08_21\jpeg\878477383605157888.jpeg
[2021/08/26-09:07:11] [http-nio-2020-exec-4] [INFO ] [com.hewie.blog.service.impl.ImageServiceImpl] : name === >878477927509917696.jpeg
[2021/08/26-09:07:11] [http-nio-2020-exec-4] [INFO ] [com.hewie.blog.service.impl.ImageServiceImpl] : get image path ===>F:\Blog\images\2021_08_21\jpeg\878477927509917696.jpeg
[2021/08/26-09:07:11] [http-nio-2020-exec-4] [INFO ] [com.hewie.blog.service.impl.ImageServiceImpl] : name === >878480200776548352.jpeg
[2021/08/26-09:07:11] [http-nio-2020-exec-4] [INFO ] [com.hewie.blog.service.impl.ImageServiceImpl] : get image path ===>F:\Blog\images\2021_08_21\jpeg\878480200776548352.jpeg
[2021/08/26-09:07:11] [http-nio-2020-exec-10] [INFO ] [com.hewie.blog.service.impl.ImageServiceImpl] : name === >878477009376772096.jpeg
[2021/08/26-09:07:11] [http-nio-2020-exec-10] [INFO ] [com.hewie.blog.service.impl.ImageServiceImpl] : get image path ===>F:\Blog\images\2021_08_21\jpeg\878477009376772096.jpeg
[2021/08/26-09:07:11] [http-nio-2020-exec-10] [INFO ] [com.hewie.blog.service.impl.ImageServiceImpl] : name === >878477120496467968.jpeg
[2021/08/26-09:07:11] [http-nio-2020-exec-10] [INFO ] [com.hewie.blog.service.impl.ImageServiceImpl] : get image path ===>F:\Blog\images\2021_08_21\jpeg\878477120496467968.jpeg
[2021/08/26-09:07:11] [http-nio-2020-exec-9] [INFO ] [com.hewie.blog.service.impl.ImageServiceImpl] : name === >878475841388937216.jpeg
[2021/08/26-09:07:11] [http-nio-2020-exec-9] [INFO ] [com.hewie.blog.service.impl.ImageServiceImpl] : get image path ===>F:\Blog\images\2021_08_21\jpeg\878475841388937216.jpeg
[2021/08/26-09:07:11] [http-nio-2020-exec-7] [INFO ] [com.hewie.blog.service.impl.ImageServiceImpl] : name === >878476826677084160.jpeg
[2021/08/26-09:07:11] [http-nio-2020-exec-8] [INFO ] [com.hewie.blog.service.impl.ImageServiceImpl] : name === >878476185217007616.jpeg
[2021/08/26-09:07:11] [http-nio-2020-exec-7] [INFO ] [com.hewie.blog.service.impl.ImageServiceImpl] : get image path ===>F:\Blog\images\2021_08_21\jpeg\878476826677084160.jpeg
[2021/08/26-09:07:11] [http-nio-2020-exec-8] [INFO ] [com.hewie.blog.service.impl.ImageServiceImpl] : get image path ===>F:\Blog\images\2021_08_21\jpeg\878476185217007616.jpeg
[2021/08/26-09:07:12] [http-nio-2020-exec-1] [INFO ] [com.hewie.blog.service.impl.ImageServiceImpl] : name === >879933582980677632.jpeg
[2021/08/26-09:07:12] [http-nio-2020-exec-1] [INFO ] [com.hewie.blog.service.impl.ImageServiceImpl] : get image path ===>F:\Blog\images\2021_08_25\jpeg\879933582980677632.jpeg
[2021/08/26-09:07:14] [http-nio-2020-exec-2] [INFO ] [com.hewie.blog.service.impl.ImageServiceImpl] : name === >879933582980677632.jpeg
[2021/08/26-09:07:14] [http-nio-2020-exec-2] [INFO ] [com.hewie.blog.service.impl.ImageServiceImpl] : get image path ===>F:\Blog\images\2021_08_25\jpeg\879933582980677632.jpeg
[2021/08/26-09:09:00] [http-nio-2020-exec-5] [INFO ] [com.hewie.blog.service.impl.ImageServiceImpl] : name === >879933601515307008.jpeg
[2021/08/26-09:09:00] [http-nio-2020-exec-5] [INFO ] [com.hewie.blog.service.impl.ImageServiceImpl] : get image path ===>F:\Blog\images\2021_08_25\jpeg\879933601515307008.jpeg
[2021/08/26-09:09:01] [http-nio-2020-exec-6] [INFO ] [com.hewie.blog.service.impl.ImageServiceImpl] : name === >879933582980677632.jpeg
[2021/08/26-09:09:01] [http-nio-2020-exec-7] [INFO ] [com.hewie.blog.service.impl.ImageServiceImpl] : name === >879933452638486528.jpeg
[2021/08/26-09:09:01] [http-nio-2020-exec-6] [INFO ] [com.hewie.blog.service.impl.ImageServiceImpl] : get image path ===>F:\Blog\images\2021_08_25\jpeg\879933582980677632.jpeg
[2021/08/26-09:09:01] [http-nio-2020-exec-9] [INFO ] [com.hewie.blog.service.impl.ImageServiceImpl] : name === >878480260029480960.jpeg
[2021/08/26-09:09:01] [http-nio-2020-exec-9] [INFO ] [com.hewie.blog.service.impl.ImageServiceImpl] : get image path ===>F:\Blog\images\2021_08_21\jpeg\878480260029480960.jpeg
[2021/08/26-09:09:01] [http-nio-2020-exec-7] [INFO ] [com.hewie.blog.service.impl.ImageServiceImpl] : get image path ===>F:\Blog\images\2021_08_25\jpeg\879933452638486528.jpeg
[2021/08/26-09:09:01] [http-nio-2020-exec-3] [INFO ] [com.hewie.blog.service.impl.ImageServiceImpl] : name === >878480760917458944.jpeg
[2021/08/26-09:09:01] [http-nio-2020-exec-3] [INFO ] [com.hewie.blog.service.impl.ImageServiceImpl] : get image path ===>F:\Blog\images\2021_08_21\jpeg\878480760917458944.jpeg
[2021/08/26-09:09:01] [http-nio-2020-exec-10] [INFO ] [com.hewie.blog.service.impl.ImageServiceImpl] : name === >879933480673214464.jpeg
[2021/08/26-09:09:01] [http-nio-2020-exec-10] [INFO ] [com.hewie.blog.service.impl.ImageServiceImpl] : get image path ===>F:\Blog\images\2021_08_25\jpeg\879933480673214464.jpeg
[2021/08/26-09:09:01] [http-nio-2020-exec-5] [INFO ] [com.hewie.blog.service.impl.ImageServiceImpl] : name === >878480200776548352.jpeg
[2021/08/26-09:09:01] [http-nio-2020-exec-5] [INFO ] [com.hewie.blog.service.impl.ImageServiceImpl] : get image path ===>F:\Blog\images\2021_08_21\jpeg\878480200776548352.jpeg
[2021/08/26-09:09:01] [http-nio-2020-exec-7] [INFO ] [com.hewie.blog.service.impl.ImageServiceImpl] : name === >879933601515307008.jpeg
[2021/08/26-09:09:01] [http-nio-2020-exec-7] [INFO ] [com.hewie.blog.service.impl.ImageServiceImpl] : get image path ===>F:\Blog\images\2021_08_25\jpeg\879933601515307008.jpeg
[2021/08/26-09:09:01] [http-nio-2020-exec-8] [INFO ] [com.hewie.blog.service.impl.ImageServiceImpl] : name === >878479066716438528.jpeg
[2021/08/26-09:09:01] [http-nio-2020-exec-8] [INFO ] [com.hewie.blog.service.impl.ImageServiceImpl] : get image path ===>F:\Blog\images\2021_08_21\jpeg\878479066716438528.jpeg
[2021/08/26-09:09:01] [http-nio-2020-exec-1] [INFO ] [com.hewie.blog.service.impl.ImageServiceImpl] : name === >878477927509917696.jpeg
[2021/08/26-09:09:01] [http-nio-2020-exec-1] [INFO ] [com.hewie.blog.service.impl.ImageServiceImpl] : get image path ===>F:\Blog\images\2021_08_21\jpeg\878477927509917696.jpeg
[2021/08/26-09:09:01] [http-nio-2020-exec-2] [INFO ] [com.hewie.blog.service.impl.ImageServiceImpl] : name === >878477383605157888.jpeg
[2021/08/26-09:09:01] [http-nio-2020-exec-2] [INFO ] [com.hewie.blog.service.impl.ImageServiceImpl] : get image path ===>F:\Blog\images\2021_08_21\jpeg\878477383605157888.jpeg
[2021/08/26-09:09:01] [http-nio-2020-exec-4] [INFO ] [com.hewie.blog.service.impl.ImageServiceImpl] : name === >878477120496467968.jpeg
[2021/08/26-09:09:01] [http-nio-2020-exec-4] [INFO ] [com.hewie.blog.service.impl.ImageServiceImpl] : get image path ===>F:\Blog\images\2021_08_21\jpeg\878477120496467968.jpeg
[2021/08/26-09:09:01] [http-nio-2020-exec-6] [INFO ] [com.hewie.blog.service.impl.ImageServiceImpl] : name === >878476826677084160.jpeg
[2021/08/26-09:09:01] [http-nio-2020-exec-6] [INFO ] [com.hewie.blog.service.impl.ImageServiceImpl] : get image path ===>F:\Blog\images\2021_08_21\jpeg\878476826677084160.jpeg
[2021/08/26-09:09:01] [http-nio-2020-exec-9] [INFO ] [com.hewie.blog.service.impl.ImageServiceImpl] : name === >878476185217007616.jpeg
[2021/08/26-09:09:01] [http-nio-2020-exec-9] [INFO ] [com.hewie.blog.service.impl.ImageServiceImpl] : get image path ===>F:\Blog\images\2021_08_21\jpeg\878476185217007616.jpeg
[2021/08/26-09:09:01] [http-nio-2020-exec-8] [INFO ] [com.hewie.blog.service.impl.ImageServiceImpl] : name === >878480260029480960.jpeg
[2021/08/26-09:09:01] [http-nio-2020-exec-10] [INFO ] [com.hewie.blog.service.impl.ImageServiceImpl] : name === >878475841388937216.jpeg
[2021/08/26-09:09:01] [http-nio-2020-exec-3] [INFO ] [com.hewie.blog.service.impl.ImageServiceImpl] : name === >878477009376772096.jpeg
[2021/08/26-09:09:01] [http-nio-2020-exec-3] [INFO ] [com.hewie.blog.service.impl.ImageServiceImpl] : get image path ===>F:\Blog\images\2021_08_21\jpeg\878477009376772096.jpeg
[2021/08/26-09:09:01] [http-nio-2020-exec-8] [INFO ] [com.hewie.blog.service.impl.ImageServiceImpl] : get image path ===>F:\Blog\images\2021_08_21\jpeg\878480260029480960.jpeg
[2021/08/26-09:09:01] [http-nio-2020-exec-10] [INFO ] [com.hewie.blog.service.impl.ImageServiceImpl] : get image path ===>F:\Blog\images\2021_08_21\jpeg\878475841388937216.jpeg
[2021/08/26-09:09:01] [http-nio-2020-exec-7] [INFO ] [com.hewie.blog.service.impl.ImageServiceImpl] : name === >879933452638486528.jpeg
[2021/08/26-09:09:01] [http-nio-2020-exec-7] [INFO ] [com.hewie.blog.service.impl.ImageServiceImpl] : get image path ===>F:\Blog\images\2021_08_25\jpeg\879933452638486528.jpeg
[2021/08/26-09:09:01] [http-nio-2020-exec-5] [INFO ] [com.hewie.blog.service.impl.ImageServiceImpl] : name === >879933582980677632.jpeg
[2021/08/26-09:09:01] [http-nio-2020-exec-5] [INFO ] [com.hewie.blog.service.impl.ImageServiceImpl] : get image path ===>F:\Blog\images\2021_08_25\jpeg\879933582980677632.jpeg
[2021/08/26-09:09:01] [http-nio-2020-exec-9] [INFO ] [com.hewie.blog.service.impl.ImageServiceImpl] : name === >878480760917458944.jpeg
[2021/08/26-09:09:01] [http-nio-2020-exec-9] [INFO ] [com.hewie.blog.service.impl.ImageServiceImpl] : get image path ===>F:\Blog\images\2021_08_21\jpeg\878480760917458944.jpeg
[2021/08/26-09:09:01] [http-nio-2020-exec-2] [INFO ] [com.hewie.blog.service.impl.ImageServiceImpl] : name === >879933480673214464.jpeg
[2021/08/26-09:09:01] [http-nio-2020-exec-2] [INFO ] [com.hewie.blog.service.impl.ImageServiceImpl] : get image path ===>F:\Blog\images\2021_08_25\jpeg\879933480673214464.jpeg
[2021/08/26-09:09:01] [http-nio-2020-exec-1] [INFO ] [com.hewie.blog.service.impl.ImageServiceImpl] : name === >878477927509917696.jpeg
[2021/08/26-09:09:01] [http-nio-2020-exec-1] [INFO ] [com.hewie.blog.service.impl.ImageServiceImpl] : get image path ===>F:\Blog\images\2021_08_21\jpeg\878477927509917696.jpeg
[2021/08/26-09:09:01] [http-nio-2020-exec-4] [INFO ] [com.hewie.blog.service.impl.ImageServiceImpl] : name === >878480200776548352.jpeg
[2021/08/26-09:09:01] [http-nio-2020-exec-4] [INFO ] [com.hewie.blog.service.impl.ImageServiceImpl] : get image path ===>F:\Blog\images\2021_08_21\jpeg\878480200776548352.jpeg
[2021/08/26-09:09:01] [http-nio-2020-exec-8] [INFO ] [com.hewie.blog.service.impl.ImageServiceImpl] : name === >878477383605157888.jpeg
[2021/08/26-09:09:01] [http-nio-2020-exec-6] [INFO ] [com.hewie.blog.service.impl.ImageServiceImpl] : name === >878479066716438528.jpeg
[2021/08/26-09:09:01] [http-nio-2020-exec-8] [INFO ] [com.hewie.blog.service.impl.ImageServiceImpl] : get image path ===>F:\Blog\images\2021_08_21\jpeg\878477383605157888.jpeg
[2021/08/26-09:09:01] [http-nio-2020-exec-6] [INFO ] [com.hewie.blog.service.impl.ImageServiceImpl] : get image path ===>F:\Blog\images\2021_08_21\jpeg\878479066716438528.jpeg
[2021/08/26-09:09:01] [http-nio-2020-exec-4] [INFO ] [com.hewie.blog.service.impl.ImageServiceImpl] : name === >878476826677084160.jpeg
[2021/08/26-09:09:01] [http-nio-2020-exec-4] [INFO ] [com.hewie.blog.service.impl.ImageServiceImpl] : get image path ===>F:\Blog\images\2021_08_21\jpeg\878476826677084160.jpeg
[2021/08/26-09:09:01] [http-nio-2020-exec-8] [INFO ] [com.hewie.blog.service.impl.ImageServiceImpl] : name === >878477120496467968.jpeg
[2021/08/26-09:09:01] [http-nio-2020-exec-6] [INFO ] [com.hewie.blog.service.impl.ImageServiceImpl] : name === >878476185217007616.jpeg
[2021/08/26-09:09:01] [http-nio-2020-exec-8] [INFO ] [com.hewie.blog.service.impl.ImageServiceImpl] : get image path ===>F:\Blog\images\2021_08_21\jpeg\878477120496467968.jpeg
[2021/08/26-09:09:01] [http-nio-2020-exec-6] [INFO ] [com.hewie.blog.service.impl.ImageServiceImpl] : get image path ===>F:\Blog\images\2021_08_21\jpeg\878476185217007616.jpeg
[2021/08/26-09:09:01] [http-nio-2020-exec-7] [INFO ] [com.hewie.blog.service.impl.ImageServiceImpl] : name === >878475841388937216.jpeg
[2021/08/26-09:09:01] [http-nio-2020-exec-7] [INFO ] [com.hewie.blog.service.impl.ImageServiceImpl] : get image path ===>F:\Blog\images\2021_08_21\jpeg\878475841388937216.jpeg
[2021/08/26-09:09:01] [http-nio-2020-exec-7] [INFO ] [com.hewie.blog.service.impl.ImageServiceImpl] : name === >878477009376772096.jpeg
[2021/08/26-09:09:01] [http-nio-2020-exec-7] [INFO ] [com.hewie.blog.service.impl.ImageServiceImpl] : get image path ===>F:\Blog\images\2021_08_21\jpeg\878477009376772096.jpeg
[2021/08/26-09:09:03] [http-nio-2020-exec-10] [INFO ] [com.hewie.blog.service.impl.ImageServiceImpl] : name === >879933582980677632.jpeg
[2021/08/26-09:09:03] [http-nio-2020-exec-10] [INFO ] [com.hewie.blog.service.impl.ImageServiceImpl] : get image path ===>F:\Blog\images\2021_08_25\jpeg\879933582980677632.jpeg
[2021/08/26-09:09:04] [http-nio-2020-exec-3] [INFO ] [com.hewie.blog.service.impl.ImageServiceImpl] : name === >879933582980677632.jpeg
[2021/08/26-09:09:04] [http-nio-2020-exec-3] [INFO ] [com.hewie.blog.service.impl.ImageServiceImpl] : get image path ===>F:\Blog\images\2021_08_25\jpeg\879933582980677632.jpeg
[2021/08/26-09:13:46] [http-nio-2020-exec-4] [INFO ] [com.hewie.blog.service.impl.ImageServiceImpl] : name === >879933582980677632.jpeg
[2021/08/26-09:13:46] [http-nio-2020-exec-4] [INFO ] [com.hewie.blog.service.impl.ImageServiceImpl] : get image path ===>F:\Blog\images\2021_08_25\jpeg\879933582980677632.jpeg
[2021/08/26-09:13:54] [http-nio-2020-exec-7] [INFO ] [com.hewie.blog.service.impl.ImageServiceImpl] : name === >879933582980677632.jpeg
[2021/08/26-09:13:54] [http-nio-2020-exec-7] [INFO ] [com.hewie.blog.service.impl.ImageServiceImpl] : get image path ===>F:\Blog\images\2021_08_25\jpeg\879933582980677632.jpeg
[2021/08/26-09:13:57] [http-nio-2020-exec-10] [INFO ] [com.hewie.blog.service.impl.ImageServiceImpl] : name === >879933582980677632.jpeg
[2021/08/26-09:13:57] [http-nio-2020-exec-10] [INFO ] [com.hewie.blog.service.impl.ImageServiceImpl] : get image path ===>F:\Blog\images\2021_08_25\jpeg\879933582980677632.jpeg
[2021/08/26-09:13:59] [http-nio-2020-exec-3] [INFO ] [com.hewie.blog.service.impl.ImageServiceImpl] : name === >879933582980677632.jpeg
[2021/08/26-09:13:59] [http-nio-2020-exec-3] [INFO ] [com.hewie.blog.service.impl.ImageServiceImpl] : get image path ===>F:\Blog\images\2021_08_25\jpeg\879933582980677632.jpeg
[2021/08/26-14:36:02] [http-nio-2020-exec-4] [INFO ] [com.hewie.blog.service.impl.UserServiceImpl] : newTokenKey ==> p_8ac1e3217927cea4b7856ab4470dbb80
[2021/08/26-15:48:35] [main] [INFO ] [com.hewie.blog.BlogApplication] : Starting BlogApplication on Hewie-pc with PID 17444 (E:\Code\HewieBlogSystem\target\classes started by 34954 in E:\Code\HewieBlogSystem)
[2021/08/26-15:48:35] [main] [INFO ] [com.hewie.blog.BlogApplication] : The following profiles are active: dev
[2021/08/26-15:48:42] [main] [INFO ] [com.hewie.blog.BlogApplication] : Started BlogApplication in 7.409 seconds (JVM running for 8.659)
[2021/08/26-16:09:47] [http-nio-2020-exec-2] [INFO ] [com.hewie.blog.service.impl.ImageServiceImpl] : name === >878480200776548352.jpeg
[2021/08/26-16:09:47] [http-nio-2020-exec-1] [INFO ] [com.hewie.blog.service.impl.ImageServiceImpl] : name === >878477383605157888.jpeg
[2021/08/26-16:09:47] [http-nio-2020-exec-2] [INFO ] [com.hewie.blog.service.impl.ImageServiceImpl] : get image path ===>F:\Blog\images\2021_08_21\jpeg\878480200776548352.jpeg
[2021/08/26-16:09:47] [http-nio-2020-exec-1] [INFO ] [com.hewie.blog.service.impl.ImageServiceImpl] : get image path ===>F:\Blog\images\2021_08_21\jpeg\878477383605157888.jpeg
[2021/08/26-16:09:47] [http-nio-2020-exec-3] [INFO ] [com.hewie.blog.service.impl.ImageServiceImpl] : name === >878480200776548352.jpeg
[2021/08/26-16:09:47] [http-nio-2020-exec-3] [INFO ] [com.hewie.blog.service.impl.ImageServiceImpl] : get image path ===>F:\Blog\images\2021_08_21\jpeg\878480200776548352.jpeg
[2021/08/26-16:10:13] [http-nio-2020-exec-9] [INFO ] [com.hewie.blog.service.impl.ImageServiceImpl] : name === >878480260029480960.jpeg
[2021/08/26-16:10:13] [http-nio-2020-exec-9] [INFO ] [com.hewie.blog.service.impl.ImageServiceImpl] : get image path ===>F:\Blog\images\2021_08_21\jpeg\878480260029480960.jpeg
[2021/08/26-16:10:13] [http-nio-2020-exec-10] [INFO ] [com.hewie.blog.service.impl.ImageServiceImpl] : name === >878480260029480960.jpeg
[2021/08/26-16:10:13] [http-nio-2020-exec-10] [INFO ] [com.hewie.blog.service.impl.ImageServiceImpl] : get image path ===>F:\Blog\images\2021_08_21\jpeg\878480260029480960.jpeg
[2021/08/26-16:14:13] [http-nio-2020-exec-4] [INFO ] [com.hewie.blog.service.impl.ImageServiceImpl] : name === >878480200776548352.jpeg
[2021/08/26-16:14:13] [http-nio-2020-exec-6] [INFO ] [com.hewie.blog.service.impl.ImageServiceImpl] : name === >878477383605157888.jpeg
[2021/08/26-16:14:13] [http-nio-2020-exec-4] [INFO ] [com.hewie.blog.service.impl.ImageServiceImpl] : get image path ===>F:\Blog\images\2021_08_21\jpeg\878480200776548352.jpeg
[2021/08/26-16:14:13] [http-nio-2020-exec-6] [INFO ] [com.hewie.blog.service.impl.ImageServiceImpl] : get image path ===>F:\Blog\images\2021_08_21\jpeg\878477383605157888.jpeg
[2021/08/26-16:14:13] [http-nio-2020-exec-5] [INFO ] [com.hewie.blog.service.impl.ImageServiceImpl] : name === >878480200776548352.jpeg
[2021/08/26-16:14:13] [http-nio-2020-exec-5] [INFO ] [com.hewie.blog.service.impl.ImageServiceImpl] : get image path ===>F:\Blog\images\2021_08_21\jpeg\878480200776548352.jpeg
[2021/08/26-16:14:18] [http-nio-2020-exec-8] [INFO ] [com.hewie.blog.interceptor.ApiInterceptor] : tokenKey == >p_8ac1e3217927cea4b7856ab4470dbb80
[2021/08/26-23:35:20] [http-nio-2020-exec-4] [INFO ] [com.hewie.blog.service.impl.UserServiceImpl] : newTokenKey ==> p_cb67b4d2c375623906db43d9a7cb117d
[2021/08/26-23:36:25] [main] [INFO ] [com.hewie.blog.BlogApplication] : Starting BlogApplication on Hewie-pc with PID 2556 (E:\Code\HewieBlogSystem\target\classes started by 34954 in E:\Code\HewieBlogSystem)
[2021/08/26-23:36:25] [main] [INFO ] [com.hewie.blog.BlogApplication] : The following profiles are active: dev
[2021/08/26-23:36:32] [main] [INFO ] [com.hewie.blog.BlogApplication] : Started BlogApplication in 6.704 seconds (JVM running for 7.783)
[2021/08/26-23:43:30] [main] [INFO ] [com.hewie.blog.BlogApplication] : Starting BlogApplication on Hewie-pc with PID 6444 (E:\Code\HewieBlogSystem\target\classes started by 34954 in E:\Code\HewieBlogSystem)
[2021/08/26-23:43:30] [main] [INFO ] [com.hewie.blog.BlogApplication] : The following profiles are active: dev
[2021/08/26-23:43:37] [main] [INFO ] [com.hewie.blog.BlogApplication] : Started BlogApplication in 6.889 seconds (JVM running for 7.964)
