[2021/09/28-00:00:29] [main] [INFO ] [com.hewie.blog.BlogApplication] : Starting BlogApplication on Hewie-pc with PID 16524 (E:\Code\HewieBlogSystem\target\classes started by 34954 in E:\Code\HewieBlogSystem)
[2021/09/28-00:00:29] [main] [INFO ] [com.hewie.blog.BlogApplication] : The following profiles are active: dev
[2021/09/28-00:00:37] [main] [INFO ] [com.hewie.blog.BlogApplication] : Started BlogApplication in 7.935 seconds (JVM running for 9.329)
[2021/09/28-13:39:22] [main] [INFO ] [com.hewie.blog.BlogApplication] : Starting BlogApplication on Hewie-pc with PID 12400 (E:\Code\HewieBlogSystem\target\classes started by 34954 in E:\Code\HewieBlogSystem)
[2021/09/28-13:39:22] [main] [INFO ] [com.hewie.blog.BlogApplication] : The following profiles are active: dev
[2021/09/28-13:39:32] [main] [INFO ] [com.hewie.blog.BlogApplication] : Started BlogApplication in 9.725 seconds (JVM running for 11.48)
[2021/09/28-22:17:27] [main] [INFO ] [com.hewie.blog.BlogApplication] : Starting BlogApplication on Hewie-pc with PID 1536 (E:\Code\HewieBlogSystem\target\classes started by 34954 in E:\Code\HewieBlogSystem)
[2021/09/28-22:17:27] [main] [INFO ] [com.hewie.blog.BlogApplication] : The following profiles are active: dev
[2021/09/28-22:17:36] [main] [INFO ] [com.hewie.blog.BlogApplication] : Started BlogApplication in 9.57 seconds (JVM running for 11.513)
[2021/09/28-22:22:20] [main] [INFO ] [com.hewie.blog.BlogApplication] : Starting BlogApplication on Hewie-pc with PID 29316 (E:\Code\HewieBlogSystem\target\classes started by 34954 in E:\Code\HewieBlogSystem)
[2021/09/28-22:22:20] [main] [INFO ] [com.hewie.blog.BlogApplication] : The following profiles are active: dev
[2021/09/28-22:22:29] [main] [INFO ] [com.hewie.blog.BlogApplication] : Started BlogApplication in 9.398 seconds (JVM running for 11.39)
[2021/09/28-22:48:41] [main] [INFO ] [com.hewie.blog.BlogApplication] : Starting BlogApplication on Hewie-pc with PID 33488 (E:\Code\HewieBlogSystem\target\classes started by 34954 in E:\Code\HewieBlogSystem)
[2021/09/28-22:48:41] [main] [INFO ] [com.hewie.blog.BlogApplication] : The following profiles are active: dev
[2021/09/28-22:48:51] [main] [INFO ] [com.hewie.blog.BlogApplication] : Started BlogApplication in 9.815 seconds (JVM running for 11.502)
[2021/09/28-23:43:33] [http-nio-2020-exec-2] [INFO ] [com.hewie.blog.utils.CookieUtils] : cookies is null
[2021/09/28-23:43:33] [http-nio-2020-exec-3] [INFO ] [com.hewie.blog.utils.CookieUtils] : cookies is null
[2021/09/28-23:43:36] [http-nio-2020-exec-7] [INFO ] [com.hewie.blog.service.impl.ImageServiceImpl] : name === >878480200776548352.jpeg
[2021/09/28-23:43:36] [http-nio-2020-exec-7] [INFO ] [com.hewie.blog.service.impl.ImageServiceImpl] : get image path ===>F:\Blog\images\2021_08_21\jpeg\878480200776548352.jpeg
[2021/09/28-23:43:36] [http-nio-2020-exec-6] [INFO ] [com.hewie.blog.service.impl.ImageServiceImpl] : name === >878480260029480960.jpeg
[2021/09/28-23:43:36] [http-nio-2020-exec-6] [INFO ] [com.hewie.blog.service.impl.ImageServiceImpl] : get image path ===>F:\Blog\images\2021_08_21\jpeg\878480260029480960.jpeg
[2021/09/28-23:43:36] [http-nio-2020-exec-8] [INFO ] [com.hewie.blog.service.impl.ImageServiceImpl] : name === >879933582980677632.jpeg
[2021/09/28-23:43:36] [http-nio-2020-exec-8] [INFO ] [com.hewie.blog.service.impl.ImageServiceImpl] : get image path ===>F:\Blog\images\2021_08_25\jpeg\879933582980677632.jpeg
[2021/09/28-23:43:37] [http-nio-2020-exec-9] [INFO ] [com.hewie.blog.service.impl.ImageServiceImpl] : name === >883507323098628096.png
[2021/09/28-23:43:37] [http-nio-2020-exec-9] [INFO ] [com.hewie.blog.service.impl.ImageServiceImpl] : get image path ===>F:\Blog\images\2021_09_04\png\883507323098628096.png
[2021/09/28-23:43:37] [http-nio-2020-exec-10] [INFO ] [com.hewie.blog.service.impl.ImageServiceImpl] : name === >886281501149233152.png
[2021/09/28-23:43:37] [http-nio-2020-exec-10] [INFO ] [com.hewie.blog.service.impl.ImageServiceImpl] : get image path ===>F:\Blog\images\2021_09_11\png\886281501149233152.png
[2021/09/28-23:43:37] [http-nio-2020-exec-1] [INFO ] [com.hewie.blog.service.impl.ImageServiceImpl] : name === >879730501022121984.jpeg
[2021/09/28-23:43:37] [http-nio-2020-exec-1] [INFO ] [com.hewie.blog.service.impl.ImageServiceImpl] : get image path ===>F:\Blog\images\2021_08_24\jpeg\879730501022121984.jpeg
[2021/09/28-23:43:38] [http-nio-2020-exec-4] [INFO ] [com.hewie.blog.service.impl.ImageServiceImpl] : name === >879723300375232512.jpeg
[2021/09/28-23:43:38] [http-nio-2020-exec-4] [INFO ] [com.hewie.blog.service.impl.ImageServiceImpl] : get image path ===>F:\Blog\images\2021_08_24\jpeg\879723300375232512.jpeg
[2021/09/28-23:43:38] [http-nio-2020-exec-5] [INFO ] [com.hewie.blog.service.impl.ImageServiceImpl] : name === >878690775171334144.jpeg
[2021/09/28-23:43:38] [http-nio-2020-exec-5] [INFO ] [com.hewie.blog.service.impl.ImageServiceImpl] : get image path ===>F:\Blog\images\2021_08_21\jpeg\878690775171334144.jpeg
[2021/09/28-23:43:38] [http-nio-2020-exec-6] [INFO ] [com.hewie.blog.service.impl.ImageServiceImpl] : name === >870122291931906048.jpeg
[2021/09/28-23:43:38] [http-nio-2020-exec-6] [INFO ] [com.hewie.blog.service.impl.ImageServiceImpl] : get image path ===>F:\Blog\images\2021_07_29\jpeg\870122291931906048.jpeg
[2021/09/28-23:43:38] [http-nio-2020-exec-8] [INFO ] [com.hewie.blog.service.impl.ImageServiceImpl] : name === >886782238346182656.jpeg
[2021/09/28-23:43:38] [http-nio-2020-exec-8] [INFO ] [com.hewie.blog.service.impl.ImageServiceImpl] : get image path ===>F:\Blog\images\2021_09_13\jpeg\886782238346182656.jpeg
[2021/09/28-23:43:38] [http-nio-2020-exec-9] [INFO ] [com.hewie.blog.service.impl.ImageServiceImpl] : name === >882630054696189952.png
[2021/09/28-23:43:38] [http-nio-2020-exec-9] [INFO ] [com.hewie.blog.service.impl.ImageServiceImpl] : get image path ===>F:\Blog\images\2021_09_01\png\882630054696189952.png
[2021/09/28-23:43:38] [http-nio-2020-exec-10] [INFO ] [com.hewie.blog.service.impl.ImageServiceImpl] : name === >879729794349006848.png
[2021/09/28-23:43:38] [http-nio-2020-exec-10] [INFO ] [com.hewie.blog.service.impl.ImageServiceImpl] : get image path ===>F:\Blog\images\2021_08_24\png\879729794349006848.png
[2021/09/28-23:43:39] [http-nio-2020-exec-3] [INFO ] [com.hewie.blog.service.impl.UserServiceImpl] : newTokenKey ==> m_7aa8008997ca6d3a0ff5fb5e3ddab1ee
[2021/09/28-23:43:39] [http-nio-2020-exec-1] [INFO ] [com.hewie.blog.service.impl.ImageServiceImpl] : name === >882397490396004352.png
[2021/09/28-23:43:39] [http-nio-2020-exec-1] [INFO ] [com.hewie.blog.service.impl.ImageServiceImpl] : get image path ===>F:\Blog\images\2021_08_31\png\882397490396004352.png
[2021/09/28-23:43:39] [http-nio-2020-exec-5] [INFO ] [com.hewie.blog.service.impl.ImageServiceImpl] : name === >886281501149233152.png
[2021/09/28-23:43:39] [http-nio-2020-exec-5] [INFO ] [com.hewie.blog.service.impl.ImageServiceImpl] : get image path ===>F:\Blog\images\2021_09_11\png\886281501149233152.png
[2021/09/28-23:43:45] [http-nio-2020-exec-6] [INFO ] [com.hewie.blog.service.impl.ArticleServiceImpl] : targetLabel ==>test
[2021/09/28-23:43:45] [http-nio-2020-exec-9] [INFO ] [com.hewie.blog.service.impl.ImageServiceImpl] : name === >886281501149233152.png
[2021/09/28-23:43:45] [http-nio-2020-exec-9] [INFO ] [com.hewie.blog.service.impl.ImageServiceImpl] : get image path ===>F:\Blog\images\2021_09_11\png\886281501149233152.png
[2021/09/28-23:43:45] [http-nio-2020-exec-10] [INFO ] [com.hewie.blog.service.impl.ImageServiceImpl] : name === >878477383605157888.jpeg
[2021/09/28-23:43:45] [http-nio-2020-exec-10] [INFO ] [com.hewie.blog.service.impl.ImageServiceImpl] : get image path ===>F:\Blog\images\2021_08_21\jpeg\878477383605157888.jpeg
[2021/09/28-23:43:45] [http-nio-2020-exec-3] [INFO ] [com.hewie.blog.service.impl.ImageServiceImpl] : name === >879729794349006848.png
[2021/09/28-23:43:45] [http-nio-2020-exec-3] [INFO ] [com.hewie.blog.service.impl.ImageServiceImpl] : get image path ===>F:\Blog\images\2021_08_24\png\879729794349006848.png
[2021/09/28-23:43:45] [http-nio-2020-exec-1] [INFO ] [com.hewie.blog.service.impl.ImageServiceImpl] : name === >878480200776548352.jpeg
[2021/09/28-23:43:45] [http-nio-2020-exec-1] [INFO ] [com.hewie.blog.service.impl.ImageServiceImpl] : get image path ===>F:\Blog\images\2021_08_21\jpeg\878480200776548352.jpeg
[2021/09/28-23:43:46] [http-nio-2020-exec-2] [INFO ] [com.hewie.blog.service.impl.ImageServiceImpl] : name === >883507323098628096.png
[2021/09/28-23:43:46] [http-nio-2020-exec-2] [INFO ] [com.hewie.blog.service.impl.ImageServiceImpl] : get image path ===>F:\Blog\images\2021_09_04\png\883507323098628096.png
[2021/09/28-23:43:46] [http-nio-2020-exec-4] [INFO ] [com.hewie.blog.service.impl.ImageServiceImpl] : name === >886782238346182656.jpeg
[2021/09/28-23:43:46] [http-nio-2020-exec-4] [INFO ] [com.hewie.blog.service.impl.ImageServiceImpl] : get image path ===>F:\Blog\images\2021_09_13\jpeg\886782238346182656.jpeg
[2021/09/28-23:43:46] [http-nio-2020-exec-6] [INFO ] [com.hewie.blog.service.impl.ImageServiceImpl] : name === >882630054696189952.png
[2021/09/28-23:43:46] [http-nio-2020-exec-6] [INFO ] [com.hewie.blog.service.impl.ImageServiceImpl] : get image path ===>F:\Blog\images\2021_09_01\png\882630054696189952.png
[2021/09/28-23:43:47] [http-nio-2020-exec-8] [INFO ] [com.hewie.blog.service.impl.ImageServiceImpl] : name === >878477383605157888.jpeg
[2021/09/28-23:43:47] [http-nio-2020-exec-8] [INFO ] [com.hewie.blog.service.impl.ImageServiceImpl] : get image path ===>F:\Blog\images\2021_08_21\jpeg\878477383605157888.jpeg
[2021/09/28-23:43:47] [http-nio-2020-exec-9] [INFO ] [com.hewie.blog.service.impl.ImageServiceImpl] : name === >886281501149233152.png
[2021/09/28-23:43:47] [http-nio-2020-exec-9] [INFO ] [com.hewie.blog.service.impl.ImageServiceImpl] : get image path ===>F:\Blog\images\2021_09_11\png\886281501149233152.png
[2021/09/28-23:43:47] [http-nio-2020-exec-3] [INFO ] [com.hewie.blog.service.impl.ImageServiceImpl] : name === >882397490396004352.png
[2021/09/28-23:43:47] [http-nio-2020-exec-3] [INFO ] [com.hewie.blog.service.impl.ImageServiceImpl] : get image path ===>F:\Blog\images\2021_08_31\png\882397490396004352.png
[2021/09/28-23:43:47] [http-nio-2020-exec-10] [INFO ] [com.hewie.blog.service.impl.ImageServiceImpl] : name === >878480260029480960.jpeg
[2021/09/28-23:43:47] [http-nio-2020-exec-10] [INFO ] [com.hewie.blog.service.impl.ImageServiceImpl] : get image path ===>F:\Blog\images\2021_08_21\jpeg\878480260029480960.jpeg
[2021/09/28-23:43:47] [http-nio-2020-exec-1] [INFO ] [com.hewie.blog.service.impl.ImageServiceImpl] : name === >879729794349006848.png
[2021/09/28-23:43:47] [http-nio-2020-exec-1] [INFO ] [com.hewie.blog.service.impl.ImageServiceImpl] : get image path ===>F:\Blog\images\2021_08_24\png\879729794349006848.png
[2021/09/28-23:44:01] [http-nio-2020-exec-5] [INFO ] [com.hewie.blog.interceptor.ApiInterceptor] : tokenKey == >m_7aa8008997ca6d3a0ff5fb5e3ddab1ee
[2021/09/28-23:45:54] [http-nio-2020-exec-3] [INFO ] [com.hewie.blog.utils.CookieUtils] : cookies is null
[2021/09/28-23:45:54] [http-nio-2020-exec-10] [INFO ] [com.hewie.blog.utils.CookieUtils] : cookies is null
[2021/09/28-23:45:54] [http-nio-2020-exec-1] [INFO ] [com.hewie.blog.service.impl.ArticleServiceImpl] : targetLabel ==>test
[2021/09/28-23:45:55] [http-nio-2020-exec-6] [INFO ] [com.hewie.blog.service.impl.ImageServiceImpl] : name === >878480260029480960.jpeg
[2021/09/28-23:45:55] [http-nio-2020-exec-6] [INFO ] [com.hewie.blog.service.impl.ImageServiceImpl] : get image path ===>F:\Blog\images\2021_08_21\jpeg\878480260029480960.jpeg
[2021/09/28-23:45:55] [http-nio-2020-exec-8] [INFO ] [com.hewie.blog.service.impl.ImageServiceImpl] : name === >879933582980677632.jpeg
[2021/09/28-23:45:55] [http-nio-2020-exec-8] [INFO ] [com.hewie.blog.service.impl.ImageServiceImpl] : get image path ===>F:\Blog\images\2021_08_25\jpeg\879933582980677632.jpeg
[2021/09/28-23:45:55] [http-nio-2020-exec-7] [INFO ] [com.hewie.blog.service.impl.ImageServiceImpl] : name === >878480200776548352.jpeg
[2021/09/28-23:45:55] [http-nio-2020-exec-7] [INFO ] [com.hewie.blog.service.impl.ImageServiceImpl] : get image path ===>F:\Blog\images\2021_08_21\jpeg\878480200776548352.jpeg
[2021/09/28-23:45:55] [http-nio-2020-exec-9] [INFO ] [com.hewie.blog.service.impl.ImageServiceImpl] : name === >886281501149233152.png
[2021/09/28-23:45:55] [http-nio-2020-exec-9] [INFO ] [com.hewie.blog.service.impl.ImageServiceImpl] : get image path ===>F:\Blog\images\2021_09_11\png\886281501149233152.png
[2021/09/28-23:45:55] [http-nio-2020-exec-3] [INFO ] [com.hewie.blog.service.impl.ImageServiceImpl] : name === >883507323098628096.png
[2021/09/28-23:45:55] [http-nio-2020-exec-3] [INFO ] [com.hewie.blog.service.impl.ImageServiceImpl] : get image path ===>F:\Blog\images\2021_09_04\png\883507323098628096.png
[2021/09/28-23:45:55] [http-nio-2020-exec-2] [INFO ] [com.hewie.blog.service.impl.ImageServiceImpl] : name === >879730501022121984.jpeg
[2021/09/28-23:45:55] [http-nio-2020-exec-2] [INFO ] [com.hewie.blog.service.impl.ImageServiceImpl] : get image path ===>F:\Blog\images\2021_08_24\jpeg\879730501022121984.jpeg
[2021/09/28-23:45:56] [http-nio-2020-exec-4] [INFO ] [com.hewie.blog.service.impl.ImageServiceImpl] : name === >878477383605157888.jpeg
[2021/09/28-23:45:56] [http-nio-2020-exec-4] [INFO ] [com.hewie.blog.service.impl.ImageServiceImpl] : get image path ===>F:\Blog\images\2021_08_21\jpeg\878477383605157888.jpeg
[2021/09/28-23:45:56] [http-nio-2020-exec-10] [INFO ] [com.hewie.blog.service.impl.ImageServiceImpl] : name === >886281501149233152.png
[2021/09/28-23:45:56] [http-nio-2020-exec-10] [INFO ] [com.hewie.blog.service.impl.ImageServiceImpl] : get image path ===>F:\Blog\images\2021_09_11\png\886281501149233152.png
[2021/09/28-23:45:56] [http-nio-2020-exec-1] [INFO ] [com.hewie.blog.service.impl.ImageServiceImpl] : name === >879723300375232512.jpeg
[2021/09/28-23:45:56] [http-nio-2020-exec-1] [INFO ] [com.hewie.blog.service.impl.ImageServiceImpl] : get image path ===>F:\Blog\images\2021_08_24\jpeg\879723300375232512.jpeg
[2021/09/28-23:45:56] [http-nio-2020-exec-5] [INFO ] [com.hewie.blog.service.impl.ImageServiceImpl] : name === >878480200776548352.jpeg
[2021/09/28-23:45:56] [http-nio-2020-exec-5] [INFO ] [com.hewie.blog.service.impl.ImageServiceImpl] : get image path ===>F:\Blog\images\2021_08_21\jpeg\878480200776548352.jpeg
[2021/09/28-23:45:56] [http-nio-2020-exec-7] [INFO ] [com.hewie.blog.service.impl.ImageServiceImpl] : name === >886782238346182656.jpeg
[2021/09/28-23:45:56] [http-nio-2020-exec-7] [INFO ] [com.hewie.blog.service.impl.ImageServiceImpl] : get image path ===>F:\Blog\images\2021_09_13\jpeg\886782238346182656.jpeg
[2021/09/28-23:45:56] [http-nio-2020-exec-6] [INFO ] [com.hewie.blog.service.impl.ImageServiceImpl] : name === >883507323098628096.png
[2021/09/28-23:45:56] [http-nio-2020-exec-6] [INFO ] [com.hewie.blog.service.impl.ImageServiceImpl] : get image path ===>F:\Blog\images\2021_09_04\png\883507323098628096.png
[2021/09/28-23:45:57] [http-nio-2020-exec-4] [INFO ] [com.hewie.blog.service.impl.ImageServiceImpl] : name === >878690775171334144.jpeg
[2021/09/28-23:45:57] [http-nio-2020-exec-4] [INFO ] [com.hewie.blog.service.impl.ImageServiceImpl] : get image path ===>F:\Blog\images\2021_08_21\jpeg\878690775171334144.jpeg
[2021/09/28-23:45:57] [http-nio-2020-exec-1] [INFO ] [com.hewie.blog.service.impl.ImageServiceImpl] : name === >870122291931906048.jpeg
[2021/09/28-23:45:57] [http-nio-2020-exec-1] [INFO ] [com.hewie.blog.service.impl.ImageServiceImpl] : get image path ===>F:\Blog\images\2021_07_29\jpeg\870122291931906048.jpeg
[2021/09/28-23:45:57] [http-nio-2020-exec-5] [INFO ] [com.hewie.blog.service.impl.ImageServiceImpl] : name === >886281501149233152.png
[2021/09/28-23:45:57] [http-nio-2020-exec-5] [INFO ] [com.hewie.blog.service.impl.ImageServiceImpl] : get image path ===>F:\Blog\images\2021_09_11\png\886281501149233152.png
[2021/09/28-23:45:58] [http-nio-2020-exec-6] [INFO ] [com.hewie.blog.service.impl.ImageServiceImpl] : name === >882630054696189952.png
[2021/09/28-23:45:58] [http-nio-2020-exec-6] [INFO ] [com.hewie.blog.service.impl.ImageServiceImpl] : get image path ===>F:\Blog\images\2021_09_01\png\882630054696189952.png
[2021/09/28-23:45:58] [http-nio-2020-exec-9] [INFO ] [com.hewie.blog.service.impl.ImageServiceImpl] : name === >882397490396004352.png
[2021/09/28-23:45:58] [http-nio-2020-exec-9] [INFO ] [com.hewie.blog.service.impl.ImageServiceImpl] : get image path ===>F:\Blog\images\2021_08_31\png\882397490396004352.png
[2021/09/28-23:45:58] [http-nio-2020-exec-8] [INFO ] [com.hewie.blog.service.impl.ImageServiceImpl] : name === >878477383605157888.jpeg
[2021/09/28-23:45:58] [http-nio-2020-exec-8] [INFO ] [com.hewie.blog.service.impl.ImageServiceImpl] : get image path ===>F:\Blog\images\2021_08_21\jpeg\878477383605157888.jpeg
[2021/09/28-23:45:58] [http-nio-2020-exec-2] [INFO ] [com.hewie.blog.service.impl.ImageServiceImpl] : name === >886782238346182656.jpeg
[2021/09/28-23:45:58] [http-nio-2020-exec-2] [INFO ] [com.hewie.blog.service.impl.ImageServiceImpl] : get image path ===>F:\Blog\images\2021_09_13\jpeg\886782238346182656.jpeg
[2021/09/28-23:45:58] [http-nio-2020-exec-3] [INFO ] [com.hewie.blog.service.impl.ImageServiceImpl] : name === >878480260029480960.jpeg
[2021/09/28-23:45:58] [http-nio-2020-exec-3] [INFO ] [com.hewie.blog.service.impl.ImageServiceImpl] : get image path ===>F:\Blog\images\2021_08_21\jpeg\878480260029480960.jpeg
[2021/09/28-23:45:58] [http-nio-2020-exec-4] [INFO ] [com.hewie.blog.service.impl.ImageServiceImpl] : name === >879729794349006848.png
[2021/09/28-23:45:58] [http-nio-2020-exec-4] [INFO ] [com.hewie.blog.service.impl.ImageServiceImpl] : get image path ===>F:\Blog\images\2021_08_24\png\879729794349006848.png
[2021/09/28-23:45:58] [http-nio-2020-exec-10] [INFO ] [com.hewie.blog.service.impl.ImageServiceImpl] : name === >882630054696189952.png
[2021/09/28-23:45:58] [http-nio-2020-exec-10] [INFO ] [com.hewie.blog.service.impl.ImageServiceImpl] : get image path ===>F:\Blog\images\2021_09_01\png\882630054696189952.png
[2021/09/28-23:45:59] [http-nio-2020-exec-1] [INFO ] [com.hewie.blog.service.impl.ImageServiceImpl] : name === >886281501149233152.png
[2021/09/28-23:45:59] [http-nio-2020-exec-1] [INFO ] [com.hewie.blog.service.impl.ImageServiceImpl] : get image path ===>F:\Blog\images\2021_09_11\png\886281501149233152.png
[2021/09/28-23:45:59] [http-nio-2020-exec-5] [INFO ] [com.hewie.blog.service.impl.ImageServiceImpl] : name === >882397490396004352.png
[2021/09/28-23:45:59] [http-nio-2020-exec-5] [INFO ] [com.hewie.blog.service.impl.ImageServiceImpl] : get image path ===>F:\Blog\images\2021_08_31\png\882397490396004352.png
[2021/09/28-23:49:57] [http-nio-2020-exec-4] [INFO ] [com.hewie.blog.service.impl.ArticleServiceImpl] : targetLabel ==>ddd
[2021/09/28-23:49:57] [http-nio-2020-exec-1] [INFO ] [com.hewie.blog.service.impl.ImageServiceImpl] : name === >878477383605157888.jpeg
[2021/09/28-23:49:57] [http-nio-2020-exec-1] [INFO ] [com.hewie.blog.service.impl.ImageServiceImpl] : get image path ===>F:\Blog\images\2021_08_21\jpeg\878477383605157888.jpeg
[2021/09/28-23:49:57] [http-nio-2020-exec-5] [INFO ] [com.hewie.blog.service.impl.ImageServiceImpl] : name === >886281501149233152.png
[2021/09/28-23:49:57] [http-nio-2020-exec-5] [INFO ] [com.hewie.blog.service.impl.ImageServiceImpl] : get image path ===>F:\Blog\images\2021_09_11\png\886281501149233152.png
[2021/09/28-23:49:57] [http-nio-2020-exec-7] [INFO ] [com.hewie.blog.service.impl.ImageServiceImpl] : name === >878480200776548352.jpeg
[2021/09/28-23:49:57] [http-nio-2020-exec-7] [INFO ] [com.hewie.blog.service.impl.ImageServiceImpl] : get image path ===>F:\Blog\images\2021_08_21\jpeg\878480200776548352.jpeg
[2021/09/28-23:49:57] [http-nio-2020-exec-6] [INFO ] [com.hewie.blog.service.impl.ImageServiceImpl] : name === >883507323098628096.png
[2021/09/28-23:49:57] [http-nio-2020-exec-6] [INFO ] [com.hewie.blog.service.impl.ImageServiceImpl] : get image path ===>F:\Blog\images\2021_09_04\png\883507323098628096.png
[2021/09/28-23:49:57] [http-nio-2020-exec-9] [INFO ] [com.hewie.blog.service.impl.ImageServiceImpl] : name === >886782238346182656.jpeg
[2021/09/28-23:49:57] [http-nio-2020-exec-9] [INFO ] [com.hewie.blog.service.impl.ImageServiceImpl] : get image path ===>F:\Blog\images\2021_09_13\jpeg\886782238346182656.jpeg
[2021/09/28-23:49:57] [http-nio-2020-exec-8] [INFO ] [com.hewie.blog.service.impl.ImageServiceImpl] : name === >882630054696189952.png
[2021/09/28-23:49:57] [http-nio-2020-exec-8] [INFO ] [com.hewie.blog.service.impl.ImageServiceImpl] : get image path ===>F:\Blog\images\2021_09_01\png\882630054696189952.png
[2021/09/28-23:49:57] [http-nio-2020-exec-2] [INFO ] [com.hewie.blog.service.impl.ImageServiceImpl] : name === >882397490396004352.png
[2021/09/28-23:49:57] [http-nio-2020-exec-2] [INFO ] [com.hewie.blog.service.impl.ImageServiceImpl] : get image path ===>F:\Blog\images\2021_08_31\png\882397490396004352.png
[2021/09/28-23:49:58] [http-nio-2020-exec-3] [INFO ] [com.hewie.blog.service.impl.ImageServiceImpl] : name === >878480260029480960.jpeg
[2021/09/28-23:49:58] [http-nio-2020-exec-3] [INFO ] [com.hewie.blog.service.impl.ImageServiceImpl] : get image path ===>F:\Blog\images\2021_08_21\jpeg\878480260029480960.jpeg
[2021/09/28-23:49:58] [http-nio-2020-exec-4] [INFO ] [com.hewie.blog.service.impl.ImageServiceImpl] : name === >879933582980677632.jpeg
[2021/09/28-23:49:58] [http-nio-2020-exec-4] [INFO ] [com.hewie.blog.service.impl.ImageServiceImpl] : get image path ===>F:\Blog\images\2021_08_25\jpeg\879933582980677632.jpeg
[2021/09/28-23:49:58] [http-nio-2020-exec-10] [INFO ] [com.hewie.blog.service.impl.ImageServiceImpl] : name === >878477383605157888.jpeg
[2021/09/28-23:49:58] [http-nio-2020-exec-10] [INFO ] [com.hewie.blog.service.impl.ImageServiceImpl] : get image path ===>F:\Blog\images\2021_08_21\jpeg\878477383605157888.jpeg
[2021/09/28-23:49:58] [http-nio-2020-exec-1] [INFO ] [com.hewie.blog.service.impl.ImageServiceImpl] : name === >886281501149233152.png
[2021/09/28-23:49:58] [http-nio-2020-exec-1] [INFO ] [com.hewie.blog.service.impl.ImageServiceImpl] : get image path ===>F:\Blog\images\2021_09_11\png\886281501149233152.png
[2021/09/28-23:49:59] [http-nio-2020-exec-6] [INFO ] [com.hewie.blog.service.impl.ImageServiceImpl] : name === >886281501149233152.png
[2021/09/28-23:49:59] [http-nio-2020-exec-6] [INFO ] [com.hewie.blog.service.impl.ImageServiceImpl] : get image path ===>F:\Blog\images\2021_09_11\png\886281501149233152.png
[2021/09/28-23:52:22] [http-nio-2020-exec-10] [INFO ] [com.hewie.blog.service.impl.ArticleServiceImpl] : targetLabel ==>test
[2021/09/28-23:52:22] [http-nio-2020-exec-5] [INFO ] [com.hewie.blog.service.impl.ImageServiceImpl] : name === >878477383605157888.jpeg
[2021/09/28-23:52:22] [http-nio-2020-exec-5] [INFO ] [com.hewie.blog.service.impl.ImageServiceImpl] : get image path ===>F:\Blog\images\2021_08_21\jpeg\878477383605157888.jpeg
[2021/09/28-23:52:22] [http-nio-2020-exec-7] [INFO ] [com.hewie.blog.service.impl.ImageServiceImpl] : name === >886281501149233152.png
[2021/09/28-23:52:22] [http-nio-2020-exec-7] [INFO ] [com.hewie.blog.service.impl.ImageServiceImpl] : get image path ===>F:\Blog\images\2021_09_11\png\886281501149233152.png
[2021/09/28-23:52:22] [http-nio-2020-exec-6] [INFO ] [com.hewie.blog.service.impl.ImageServiceImpl] : name === >878480200776548352.jpeg
[2021/09/28-23:52:22] [http-nio-2020-exec-6] [INFO ] [com.hewie.blog.service.impl.ImageServiceImpl] : get image path ===>F:\Blog\images\2021_08_21\jpeg\878480200776548352.jpeg
[2021/09/28-23:52:22] [http-nio-2020-exec-9] [INFO ] [com.hewie.blog.service.impl.ImageServiceImpl] : name === >883507323098628096.png
[2021/09/28-23:52:22] [http-nio-2020-exec-9] [INFO ] [com.hewie.blog.service.impl.ImageServiceImpl] : get image path ===>F:\Blog\images\2021_09_04\png\883507323098628096.png
[2021/09/28-23:52:23] [http-nio-2020-exec-8] [INFO ] [com.hewie.blog.service.impl.ImageServiceImpl] : name === >886782238346182656.jpeg
[2021/09/28-23:52:23] [http-nio-2020-exec-8] [INFO ] [com.hewie.blog.service.impl.ImageServiceImpl] : get image path ===>F:\Blog\images\2021_09_13\jpeg\886782238346182656.jpeg
[2021/09/28-23:52:23] [http-nio-2020-exec-2] [INFO ] [com.hewie.blog.service.impl.ImageServiceImpl] : name === >882630054696189952.png
[2021/09/28-23:52:23] [http-nio-2020-exec-2] [INFO ] [com.hewie.blog.service.impl.ImageServiceImpl] : get image path ===>F:\Blog\images\2021_09_01\png\882630054696189952.png
[2021/09/28-23:52:23] [http-nio-2020-exec-3] [INFO ] [com.hewie.blog.service.impl.ImageServiceImpl] : name === >882397490396004352.png
[2021/09/28-23:52:23] [http-nio-2020-exec-3] [INFO ] [com.hewie.blog.service.impl.ImageServiceImpl] : get image path ===>F:\Blog\images\2021_08_31\png\882397490396004352.png
[2021/09/28-23:52:23] [http-nio-2020-exec-4] [INFO ] [com.hewie.blog.service.impl.ImageServiceImpl] : name === >878480260029480960.jpeg
[2021/09/28-23:52:23] [http-nio-2020-exec-4] [INFO ] [com.hewie.blog.service.impl.ImageServiceImpl] : get image path ===>F:\Blog\images\2021_08_21\jpeg\878480260029480960.jpeg
[2021/09/28-23:52:24] [http-nio-2020-exec-10] [INFO ] [com.hewie.blog.service.impl.ImageServiceImpl] : name === >878477383605157888.jpeg
[2021/09/28-23:52:24] [http-nio-2020-exec-10] [INFO ] [com.hewie.blog.service.impl.ImageServiceImpl] : get image path ===>F:\Blog\images\2021_08_21\jpeg\878477383605157888.jpeg
[2021/09/28-23:52:24] [http-nio-2020-exec-1] [INFO ] [com.hewie.blog.service.impl.ImageServiceImpl] : name === >886281501149233152.png
[2021/09/28-23:52:24] [http-nio-2020-exec-1] [INFO ] [com.hewie.blog.service.impl.ImageServiceImpl] : get image path ===>F:\Blog\images\2021_09_11\png\886281501149233152.png
[2021/09/28-23:52:25] [http-nio-2020-exec-6] [INFO ] [com.hewie.blog.service.impl.ImageServiceImpl] : name === >886281501149233152.png
[2021/09/28-23:52:25] [http-nio-2020-exec-6] [INFO ] [com.hewie.blog.service.impl.ImageServiceImpl] : get image path ===>F:\Blog\images\2021_09_11\png\886281501149233152.png
[2021/09/28-23:53:18] [http-nio-2020-exec-2] [INFO ] [com.hewie.blog.service.impl.ArticleServiceImpl] : targetLabel ==>ddd
[2021/09/28-23:53:18] [http-nio-2020-exec-4] [INFO ] [com.hewie.blog.service.impl.ImageServiceImpl] : name === >878477383605157888.jpeg
[2021/09/28-23:53:18] [http-nio-2020-exec-4] [INFO ] [com.hewie.blog.service.impl.ImageServiceImpl] : get image path ===>F:\Blog\images\2021_08_21\jpeg\878477383605157888.jpeg
[2021/09/28-23:53:19] [http-nio-2020-exec-10] [INFO ] [com.hewie.blog.service.impl.ImageServiceImpl] : name === >886281501149233152.png
[2021/09/28-23:53:19] [http-nio-2020-exec-1] [INFO ] [com.hewie.blog.service.impl.ImageServiceImpl] : name === >883507323098628096.png
[2021/09/28-23:53:19] [http-nio-2020-exec-10] [INFO ] [com.hewie.blog.service.impl.ImageServiceImpl] : get image path ===>F:\Blog\images\2021_09_11\png\886281501149233152.png
[2021/09/28-23:53:19] [http-nio-2020-exec-1] [INFO ] [com.hewie.blog.service.impl.ImageServiceImpl] : get image path ===>F:\Blog\images\2021_09_04\png\883507323098628096.png
[2021/09/28-23:53:19] [http-nio-2020-exec-5] [INFO ] [com.hewie.blog.service.impl.ImageServiceImpl] : name === >878480200776548352.jpeg
[2021/09/28-23:53:19] [http-nio-2020-exec-5] [INFO ] [com.hewie.blog.service.impl.ImageServiceImpl] : get image path ===>F:\Blog\images\2021_08_21\jpeg\878480200776548352.jpeg
[2021/09/28-23:53:19] [http-nio-2020-exec-7] [INFO ] [com.hewie.blog.service.impl.ImageServiceImpl] : name === >886782238346182656.jpeg
[2021/09/28-23:53:19] [http-nio-2020-exec-7] [INFO ] [com.hewie.blog.service.impl.ImageServiceImpl] : get image path ===>F:\Blog\images\2021_09_13\jpeg\886782238346182656.jpeg
[2021/09/28-23:53:19] [http-nio-2020-exec-6] [INFO ] [com.hewie.blog.service.impl.ImageServiceImpl] : name === >882630054696189952.png
[2021/09/28-23:53:19] [http-nio-2020-exec-6] [INFO ] [com.hewie.blog.service.impl.ImageServiceImpl] : get image path ===>F:\Blog\images\2021_09_01\png\882630054696189952.png
[2021/09/28-23:53:19] [http-nio-2020-exec-9] [INFO ] [com.hewie.blog.service.impl.ImageServiceImpl] : name === >882397490396004352.png
[2021/09/28-23:53:19] [http-nio-2020-exec-9] [INFO ] [com.hewie.blog.service.impl.ImageServiceImpl] : get image path ===>F:\Blog\images\2021_08_31\png\882397490396004352.png
[2021/09/28-23:53:19] [http-nio-2020-exec-8] [INFO ] [com.hewie.blog.service.impl.ImageServiceImpl] : name === >878480260029480960.jpeg
[2021/09/28-23:53:19] [http-nio-2020-exec-8] [INFO ] [com.hewie.blog.service.impl.ImageServiceImpl] : get image path ===>F:\Blog\images\2021_08_21\jpeg\878480260029480960.jpeg
[2021/09/28-23:53:19] [http-nio-2020-exec-2] [INFO ] [com.hewie.blog.service.impl.ImageServiceImpl] : name === >879933582980677632.jpeg
[2021/09/28-23:53:19] [http-nio-2020-exec-2] [INFO ] [com.hewie.blog.service.impl.ImageServiceImpl] : get image path ===>F:\Blog\images\2021_08_25\jpeg\879933582980677632.jpeg
[2021/09/28-23:53:20] [http-nio-2020-exec-4] [INFO ] [com.hewie.blog.service.impl.ImageServiceImpl] : name === >878477383605157888.jpeg
[2021/09/28-23:53:20] [http-nio-2020-exec-4] [INFO ] [com.hewie.blog.service.impl.ImageServiceImpl] : get image path ===>F:\Blog\images\2021_08_21\jpeg\878477383605157888.jpeg
[2021/09/28-23:53:21] [http-nio-2020-exec-5] [INFO ] [com.hewie.blog.service.impl.ImageServiceImpl] : name === >886281501149233152.png
[2021/09/28-23:53:21] [http-nio-2020-exec-5] [INFO ] [com.hewie.blog.service.impl.ImageServiceImpl] : get image path ===>F:\Blog\images\2021_09_11\png\886281501149233152.png
[2021/09/28-23:53:59] [http-nio-2020-exec-9] [INFO ] [com.hewie.blog.service.impl.ArticleServiceImpl] : targetLabel ==>aaa
[2021/09/28-23:53:59] [http-nio-2020-exec-2] [INFO ] [com.hewie.blog.service.impl.ImageServiceImpl] : name === >878477383605157888.jpeg
[2021/09/28-23:53:59] [http-nio-2020-exec-2] [INFO ] [com.hewie.blog.service.impl.ImageServiceImpl] : get image path ===>F:\Blog\images\2021_08_21\jpeg\878477383605157888.jpeg
[2021/09/28-23:54:00] [http-nio-2020-exec-3] [INFO ] [com.hewie.blog.service.impl.ImageServiceImpl] : name === >878480200776548352.jpeg
[2021/09/28-23:54:00] [http-nio-2020-exec-3] [INFO ] [com.hewie.blog.service.impl.ImageServiceImpl] : get image path ===>F:\Blog\images\2021_08_21\jpeg\878480200776548352.jpeg
[2021/09/28-23:54:00] [http-nio-2020-exec-1] [INFO ] [com.hewie.blog.service.impl.ImageServiceImpl] : name === >886281501149233152.png
[2021/09/28-23:54:00] [http-nio-2020-exec-1] [INFO ] [com.hewie.blog.service.impl.ImageServiceImpl] : get image path ===>F:\Blog\images\2021_09_11\png\886281501149233152.png
[2021/09/28-23:54:00] [http-nio-2020-exec-4] [INFO ] [com.hewie.blog.service.impl.ImageServiceImpl] : name === >883507323098628096.png
[2021/09/28-23:54:00] [http-nio-2020-exec-4] [INFO ] [com.hewie.blog.service.impl.ImageServiceImpl] : get image path ===>F:\Blog\images\2021_09_04\png\883507323098628096.png
[2021/09/28-23:54:00] [http-nio-2020-exec-10] [INFO ] [com.hewie.blog.service.impl.ImageServiceImpl] : name === >886782238346182656.jpeg
[2021/09/28-23:54:00] [http-nio-2020-exec-10] [INFO ] [com.hewie.blog.service.impl.ImageServiceImpl] : get image path ===>F:\Blog\images\2021_09_13\jpeg\886782238346182656.jpeg
[2021/09/28-23:54:00] [http-nio-2020-exec-5] [INFO ] [com.hewie.blog.service.impl.ImageServiceImpl] : name === >882630054696189952.png
[2021/09/28-23:54:00] [http-nio-2020-exec-5] [INFO ] [com.hewie.blog.service.impl.ImageServiceImpl] : get image path ===>F:\Blog\images\2021_09_01\png\882630054696189952.png
[2021/09/28-23:54:00] [http-nio-2020-exec-7] [INFO ] [com.hewie.blog.service.impl.ImageServiceImpl] : name === >882397490396004352.png
[2021/09/28-23:54:00] [http-nio-2020-exec-7] [INFO ] [com.hewie.blog.service.impl.ImageServiceImpl] : get image path ===>F:\Blog\images\2021_08_31\png\882397490396004352.png
[2021/09/28-23:54:00] [http-nio-2020-exec-6] [INFO ] [com.hewie.blog.service.impl.ImageServiceImpl] : name === >878480260029480960.jpeg
[2021/09/28-23:54:00] [http-nio-2020-exec-6] [INFO ] [com.hewie.blog.service.impl.ImageServiceImpl] : get image path ===>F:\Blog\images\2021_08_21\jpeg\878480260029480960.jpeg
[2021/09/28-23:54:00] [http-nio-2020-exec-9] [INFO ] [com.hewie.blog.service.impl.ImageServiceImpl] : name === >879933582980677632.jpeg
[2021/09/28-23:54:00] [http-nio-2020-exec-9] [INFO ] [com.hewie.blog.service.impl.ImageServiceImpl] : get image path ===>F:\Blog\images\2021_08_25\jpeg\879933582980677632.jpeg
[2021/09/28-23:54:01] [http-nio-2020-exec-8] [INFO ] [com.hewie.blog.service.impl.ImageServiceImpl] : name === >878477383605157888.jpeg
[2021/09/28-23:54:01] [http-nio-2020-exec-8] [INFO ] [com.hewie.blog.service.impl.ImageServiceImpl] : get image path ===>F:\Blog\images\2021_08_21\jpeg\878477383605157888.jpeg
[2021/09/28-23:54:02] [http-nio-2020-exec-3] [INFO ] [com.hewie.blog.service.impl.ImageServiceImpl] : name === >886281501149233152.png
[2021/09/28-23:54:02] [http-nio-2020-exec-3] [INFO ] [com.hewie.blog.service.impl.ImageServiceImpl] : get image path ===>F:\Blog\images\2021_09_11\png\886281501149233152.png
[2021/09/28-23:54:43] [http-nio-2020-exec-5] [INFO ] [com.hewie.blog.service.impl.ArticleServiceImpl] : targetLabel ==>aaa
[2021/09/28-23:54:43] [http-nio-2020-exec-6] [INFO ] [com.hewie.blog.service.impl.ImageServiceImpl] : name === >878477383605157888.jpeg
[2021/09/28-23:54:43] [http-nio-2020-exec-6] [INFO ] [com.hewie.blog.service.impl.ImageServiceImpl] : get image path ===>F:\Blog\images\2021_08_21\jpeg\878477383605157888.jpeg
[2021/09/28-23:54:43] [http-nio-2020-exec-9] [INFO ] [com.hewie.blog.service.impl.ImageServiceImpl] : name === >886281501149233152.png
[2021/09/28-23:54:43] [http-nio-2020-exec-9] [INFO ] [com.hewie.blog.service.impl.ImageServiceImpl] : get image path ===>F:\Blog\images\2021_09_11\png\886281501149233152.png
[2021/09/28-23:54:43] [http-nio-2020-exec-8] [INFO ] [com.hewie.blog.service.impl.ImageServiceImpl] : name === >878480200776548352.jpeg
[2021/09/28-23:54:43] [http-nio-2020-exec-8] [INFO ] [com.hewie.blog.service.impl.ImageServiceImpl] : get image path ===>F:\Blog\images\2021_08_21\jpeg\878480200776548352.jpeg
[2021/09/28-23:54:43] [http-nio-2020-exec-2] [INFO ] [com.hewie.blog.service.impl.ImageServiceImpl] : name === >883507323098628096.png
[2021/09/28-23:54:43] [http-nio-2020-exec-1] [INFO ] [com.hewie.blog.service.impl.ImageServiceImpl] : name === >886782238346182656.jpeg
[2021/09/28-23:54:43] [http-nio-2020-exec-2] [INFO ] [com.hewie.blog.service.impl.ImageServiceImpl] : get image path ===>F:\Blog\images\2021_09_04\png\883507323098628096.png
[2021/09/28-23:54:43] [http-nio-2020-exec-1] [INFO ] [com.hewie.blog.service.impl.ImageServiceImpl] : get image path ===>F:\Blog\images\2021_09_13\jpeg\886782238346182656.jpeg
[2021/09/28-23:54:43] [http-nio-2020-exec-3] [INFO ] [com.hewie.blog.service.impl.ImageServiceImpl] : name === >882630054696189952.png
[2021/09/28-23:54:43] [http-nio-2020-exec-3] [INFO ] [com.hewie.blog.service.impl.ImageServiceImpl] : get image path ===>F:\Blog\images\2021_09_01\png\882630054696189952.png
[2021/09/28-23:54:43] [http-nio-2020-exec-4] [INFO ] [com.hewie.blog.service.impl.ImageServiceImpl] : name === >882397490396004352.png
[2021/09/28-23:54:43] [http-nio-2020-exec-4] [INFO ] [com.hewie.blog.service.impl.ImageServiceImpl] : get image path ===>F:\Blog\images\2021_08_31\png\882397490396004352.png
[2021/09/28-23:54:43] [http-nio-2020-exec-10] [INFO ] [com.hewie.blog.service.impl.ImageServiceImpl] : name === >878480260029480960.jpeg
[2021/09/28-23:54:43] [http-nio-2020-exec-5] [INFO ] [com.hewie.blog.service.impl.ImageServiceImpl] : name === >879933582980677632.jpeg
[2021/09/28-23:54:43] [http-nio-2020-exec-10] [INFO ] [com.hewie.blog.service.impl.ImageServiceImpl] : get image path ===>F:\Blog\images\2021_08_21\jpeg\878480260029480960.jpeg
[2021/09/28-23:54:43] [http-nio-2020-exec-5] [INFO ] [com.hewie.blog.service.impl.ImageServiceImpl] : get image path ===>F:\Blog\images\2021_08_25\jpeg\879933582980677632.jpeg
[2021/09/28-23:54:44] [http-nio-2020-exec-7] [INFO ] [com.hewie.blog.service.impl.ImageServiceImpl] : name === >878477383605157888.jpeg
[2021/09/28-23:54:44] [http-nio-2020-exec-7] [INFO ] [com.hewie.blog.service.impl.ImageServiceImpl] : get image path ===>F:\Blog\images\2021_08_21\jpeg\878477383605157888.jpeg
[2021/09/28-23:54:45] [http-nio-2020-exec-8] [INFO ] [com.hewie.blog.service.impl.ImageServiceImpl] : name === >886281501149233152.png
[2021/09/28-23:54:45] [http-nio-2020-exec-8] [INFO ] [com.hewie.blog.service.impl.ImageServiceImpl] : get image path ===>F:\Blog\images\2021_09_11\png\886281501149233152.png
[2021/09/28-23:55:35] [http-nio-2020-exec-2] [INFO ] [com.hewie.blog.service.impl.ArticleServiceImpl] : targetLabel ==>ddd
[2021/09/28-23:55:35] [http-nio-2020-exec-4] [INFO ] [com.hewie.blog.service.impl.ImageServiceImpl] : name === >878477383605157888.jpeg
[2021/09/28-23:55:35] [http-nio-2020-exec-4] [INFO ] [com.hewie.blog.service.impl.ImageServiceImpl] : get image path ===>F:\Blog\images\2021_08_21\jpeg\878477383605157888.jpeg
[2021/09/28-23:55:35] [http-nio-2020-exec-10] [INFO ] [com.hewie.blog.service.impl.ImageServiceImpl] : name === >886281501149233152.png
[2021/09/28-23:55:35] [http-nio-2020-exec-10] [INFO ] [com.hewie.blog.service.impl.ImageServiceImpl] : get image path ===>F:\Blog\images\2021_09_11\png\886281501149233152.png
[2021/09/28-23:55:35] [http-nio-2020-exec-5] [INFO ] [com.hewie.blog.service.impl.ImageServiceImpl] : name === >878480200776548352.jpeg
[2021/09/28-23:55:35] [http-nio-2020-exec-5] [INFO ] [com.hewie.blog.service.impl.ImageServiceImpl] : get image path ===>F:\Blog\images\2021_08_21\jpeg\878480200776548352.jpeg
[2021/09/28-23:55:35] [http-nio-2020-exec-7] [INFO ] [com.hewie.blog.service.impl.ImageServiceImpl] : name === >883507323098628096.png
[2021/09/28-23:55:35] [http-nio-2020-exec-7] [INFO ] [com.hewie.blog.service.impl.ImageServiceImpl] : get image path ===>F:\Blog\images\2021_09_04\png\883507323098628096.png
[2021/09/28-23:55:35] [http-nio-2020-exec-6] [INFO ] [com.hewie.blog.service.impl.ImageServiceImpl] : name === >886782238346182656.jpeg
[2021/09/28-23:55:35] [http-nio-2020-exec-6] [INFO ] [com.hewie.blog.service.impl.ImageServiceImpl] : get image path ===>F:\Blog\images\2021_09_13\jpeg\886782238346182656.jpeg
[2021/09/28-23:55:35] [http-nio-2020-exec-9] [INFO ] [com.hewie.blog.service.impl.ImageServiceImpl] : name === >882630054696189952.png
[2021/09/28-23:55:35] [http-nio-2020-exec-9] [INFO ] [com.hewie.blog.service.impl.ImageServiceImpl] : get image path ===>F:\Blog\images\2021_09_01\png\882630054696189952.png
[2021/09/28-23:55:35] [http-nio-2020-exec-8] [INFO ] [com.hewie.blog.service.impl.ImageServiceImpl] : name === >882397490396004352.png
[2021/09/28-23:55:35] [http-nio-2020-exec-8] [INFO ] [com.hewie.blog.service.impl.ImageServiceImpl] : get image path ===>F:\Blog\images\2021_08_31\png\882397490396004352.png
[2021/09/28-23:55:35] [http-nio-2020-exec-1] [INFO ] [com.hewie.blog.service.impl.ImageServiceImpl] : name === >878480260029480960.jpeg
[2021/09/28-23:55:35] [http-nio-2020-exec-2] [INFO ] [com.hewie.blog.service.impl.ImageServiceImpl] : name === >879933582980677632.jpeg
[2021/09/28-23:55:35] [http-nio-2020-exec-1] [INFO ] [com.hewie.blog.service.impl.ImageServiceImpl] : get image path ===>F:\Blog\images\2021_08_21\jpeg\878480260029480960.jpeg
[2021/09/28-23:55:35] [http-nio-2020-exec-2] [INFO ] [com.hewie.blog.service.impl.ImageServiceImpl] : get image path ===>F:\Blog\images\2021_08_25\jpeg\879933582980677632.jpeg
[2021/09/28-23:55:36] [http-nio-2020-exec-3] [INFO ] [com.hewie.blog.service.impl.ImageServiceImpl] : name === >878477383605157888.jpeg
[2021/09/28-23:55:36] [http-nio-2020-exec-3] [INFO ] [com.hewie.blog.service.impl.ImageServiceImpl] : get image path ===>F:\Blog\images\2021_08_21\jpeg\878477383605157888.jpeg
[2021/09/28-23:55:37] [http-nio-2020-exec-5] [INFO ] [com.hewie.blog.service.impl.ImageServiceImpl] : name === >886281501149233152.png
[2021/09/28-23:55:37] [http-nio-2020-exec-5] [INFO ] [com.hewie.blog.service.impl.ImageServiceImpl] : get image path ===>F:\Blog\images\2021_09_11\png\886281501149233152.png
[2021/09/28-23:56:15] [http-nio-2020-exec-7] [INFO ] [com.hewie.blog.service.impl.ArticleServiceImpl] : targetLabel ==>aaa
[2021/09/28-23:56:31] [http-nio-2020-exec-1] [INFO ] [com.hewie.blog.service.impl.ArticleServiceImpl] : targetLabel ==>ddd
[2021/09/28-23:56:33] [http-nio-2020-exec-4] [INFO ] [com.hewie.blog.service.impl.ArticleServiceImpl] : targetLabel ==>aaa
[2021/09/28-23:56:34] [http-nio-2020-exec-5] [INFO ] [com.hewie.blog.service.impl.ImageServiceImpl] : name === >878477383605157888.jpeg
[2021/09/28-23:56:34] [http-nio-2020-exec-5] [INFO ] [com.hewie.blog.service.impl.ImageServiceImpl] : get image path ===>F:\Blog\images\2021_08_21\jpeg\878477383605157888.jpeg
[2021/09/28-23:56:34] [http-nio-2020-exec-6] [INFO ] [com.hewie.blog.service.impl.ImageServiceImpl] : name === >886281501149233152.png
[2021/09/28-23:56:34] [http-nio-2020-exec-6] [INFO ] [com.hewie.blog.service.impl.ImageServiceImpl] : get image path ===>F:\Blog\images\2021_09_11\png\886281501149233152.png
[2021/09/28-23:56:34] [http-nio-2020-exec-7] [INFO ] [com.hewie.blog.service.impl.ImageServiceImpl] : name === >878480200776548352.jpeg
[2021/09/28-23:56:34] [http-nio-2020-exec-7] [INFO ] [com.hewie.blog.service.impl.ImageServiceImpl] : get image path ===>F:\Blog\images\2021_08_21\jpeg\878480200776548352.jpeg
[2021/09/28-23:56:34] [http-nio-2020-exec-8] [INFO ] [com.hewie.blog.service.impl.ImageServiceImpl] : name === >886782238346182656.jpeg
[2021/09/28-23:56:34] [http-nio-2020-exec-8] [INFO ] [com.hewie.blog.service.impl.ImageServiceImpl] : get image path ===>F:\Blog\images\2021_09_13\jpeg\886782238346182656.jpeg
[2021/09/28-23:56:34] [http-nio-2020-exec-9] [INFO ] [com.hewie.blog.service.impl.ImageServiceImpl] : name === >883507323098628096.png
[2021/09/28-23:56:34] [http-nio-2020-exec-9] [INFO ] [com.hewie.blog.service.impl.ImageServiceImpl] : get image path ===>F:\Blog\images\2021_09_04\png\883507323098628096.png
[2021/09/28-23:56:34] [http-nio-2020-exec-1] [INFO ] [com.hewie.blog.service.impl.ImageServiceImpl] : name === >882630054696189952.png
[2021/09/28-23:56:34] [http-nio-2020-exec-1] [INFO ] [com.hewie.blog.service.impl.ImageServiceImpl] : get image path ===>F:\Blog\images\2021_09_01\png\882630054696189952.png
[2021/09/28-23:56:34] [http-nio-2020-exec-2] [INFO ] [com.hewie.blog.service.impl.ImageServiceImpl] : name === >882397490396004352.png
[2021/09/28-23:56:34] [http-nio-2020-exec-2] [INFO ] [com.hewie.blog.service.impl.ImageServiceImpl] : get image path ===>F:\Blog\images\2021_08_31\png\882397490396004352.png
[2021/09/28-23:56:34] [http-nio-2020-exec-3] [INFO ] [com.hewie.blog.service.impl.ImageServiceImpl] : name === >878480260029480960.jpeg
[2021/09/28-23:56:34] [http-nio-2020-exec-3] [INFO ] [com.hewie.blog.service.impl.ImageServiceImpl] : get image path ===>F:\Blog\images\2021_08_21\jpeg\878480260029480960.jpeg
[2021/09/28-23:56:34] [http-nio-2020-exec-4] [INFO ] [com.hewie.blog.service.impl.ImageServiceImpl] : name === >879933582980677632.jpeg
[2021/09/28-23:56:34] [http-nio-2020-exec-4] [INFO ] [com.hewie.blog.service.impl.ImageServiceImpl] : get image path ===>F:\Blog\images\2021_08_25\jpeg\879933582980677632.jpeg
[2021/09/28-23:56:35] [http-nio-2020-exec-10] [INFO ] [com.hewie.blog.service.impl.ImageServiceImpl] : name === >878477383605157888.jpeg
[2021/09/28-23:56:35] [http-nio-2020-exec-10] [INFO ] [com.hewie.blog.service.impl.ImageServiceImpl] : get image path ===>F:\Blog\images\2021_08_21\jpeg\878477383605157888.jpeg
[2021/09/28-23:56:36] [http-nio-2020-exec-7] [INFO ] [com.hewie.blog.service.impl.ImageServiceImpl] : name === >886281501149233152.png
[2021/09/28-23:56:36] [http-nio-2020-exec-7] [INFO ] [com.hewie.blog.service.impl.ImageServiceImpl] : get image path ===>F:\Blog\images\2021_09_11\png\886281501149233152.png
[2021/09/28-23:59:11] [http-nio-2020-exec-1] [INFO ] [com.hewie.blog.service.impl.ArticleServiceImpl] : targetLabel ==>ddd
[2021/09/28-23:59:11] [http-nio-2020-exec-3] [INFO ] [com.hewie.blog.service.impl.ImageServiceImpl] : name === >878477383605157888.jpeg
[2021/09/28-23:59:11] [http-nio-2020-exec-3] [INFO ] [com.hewie.blog.service.impl.ImageServiceImpl] : get image path ===>F:\Blog\images\2021_08_21\jpeg\878477383605157888.jpeg
[2021/09/28-23:59:12] [http-nio-2020-exec-4] [INFO ] [com.hewie.blog.service.impl.ImageServiceImpl] : name === >886281501149233152.png
[2021/09/28-23:59:12] [http-nio-2020-exec-4] [INFO ] [com.hewie.blog.service.impl.ImageServiceImpl] : get image path ===>F:\Blog\images\2021_09_11\png\886281501149233152.png
[2021/09/28-23:59:12] [http-nio-2020-exec-10] [INFO ] [com.hewie.blog.service.impl.ImageServiceImpl] : name === >878480200776548352.jpeg
[2021/09/28-23:59:12] [http-nio-2020-exec-10] [INFO ] [com.hewie.blog.service.impl.ImageServiceImpl] : get image path ===>F:\Blog\images\2021_08_21\jpeg\878480200776548352.jpeg
[2021/09/28-23:59:12] [http-nio-2020-exec-5] [INFO ] [com.hewie.blog.service.impl.ImageServiceImpl] : name === >883507323098628096.png
[2021/09/28-23:59:12] [http-nio-2020-exec-5] [INFO ] [com.hewie.blog.service.impl.ImageServiceImpl] : get image path ===>F:\Blog\images\2021_09_04\png\883507323098628096.png
[2021/09/28-23:59:12] [http-nio-2020-exec-6] [INFO ] [com.hewie.blog.service.impl.ImageServiceImpl] : name === >886782238346182656.jpeg
[2021/09/28-23:59:12] [http-nio-2020-exec-6] [INFO ] [com.hewie.blog.service.impl.ImageServiceImpl] : get image path ===>F:\Blog\images\2021_09_13\jpeg\886782238346182656.jpeg
[2021/09/28-23:59:12] [http-nio-2020-exec-7] [INFO ] [com.hewie.blog.service.impl.ImageServiceImpl] : name === >882630054696189952.png
[2021/09/28-23:59:12] [http-nio-2020-exec-7] [INFO ] [com.hewie.blog.service.impl.ImageServiceImpl] : get image path ===>F:\Blog\images\2021_09_01\png\882630054696189952.png
[2021/09/28-23:59:12] [http-nio-2020-exec-8] [INFO ] [com.hewie.blog.service.impl.ImageServiceImpl] : name === >882397490396004352.png
[2021/09/28-23:59:12] [http-nio-2020-exec-8] [INFO ] [com.hewie.blog.service.impl.ImageServiceImpl] : get image path ===>F:\Blog\images\2021_08_31\png\882397490396004352.png
[2021/09/28-23:59:12] [http-nio-2020-exec-9] [INFO ] [com.hewie.blog.service.impl.ImageServiceImpl] : name === >878480260029480960.jpeg
[2021/09/28-23:59:12] [http-nio-2020-exec-9] [INFO ] [com.hewie.blog.service.impl.ImageServiceImpl] : get image path ===>F:\Blog\images\2021_08_21\jpeg\878480260029480960.jpeg
[2021/09/28-23:59:12] [http-nio-2020-exec-1] [INFO ] [com.hewie.blog.service.impl.ImageServiceImpl] : name === >879933582980677632.jpeg
[2021/09/28-23:59:12] [http-nio-2020-exec-1] [INFO ] [com.hewie.blog.service.impl.ImageServiceImpl] : get image path ===>F:\Blog\images\2021_08_25\jpeg\879933582980677632.jpeg
[2021/09/28-23:59:13] [http-nio-2020-exec-2] [INFO ] [com.hewie.blog.service.impl.ImageServiceImpl] : name === >878477383605157888.jpeg
[2021/09/28-23:59:13] [http-nio-2020-exec-2] [INFO ] [com.hewie.blog.service.impl.ImageServiceImpl] : get image path ===>F:\Blog\images\2021_08_21\jpeg\878477383605157888.jpeg
[2021/09/28-23:59:14] [http-nio-2020-exec-5] [INFO ] [com.hewie.blog.service.impl.ImageServiceImpl] : name === >886281501149233152.png
[2021/09/28-23:59:14] [http-nio-2020-exec-5] [INFO ] [com.hewie.blog.service.impl.ImageServiceImpl] : get image path ===>F:\Blog\images\2021_09_11\png\886281501149233152.png
