[2021/08/30-12:52:57] [http-nio-2020-exec-10] [INFO ] [com.hewie.blog.service.impl.ImageServiceImpl] : name === >879729794349006848.png
[2021/08/30-12:52:57] [http-nio-2020-exec-10] [INFO ] [com.hewie.blog.service.impl.ImageServiceImpl] : get image path ===>F:\Blog\images\2021_08_24\png\879729794349006848.png
[2021/08/30-12:58:45] [main] [INFO ] [com.hewie.blog.BlogApplication] : Starting BlogApplication on Hewie-pc with PID 13344 (E:\Code\HewieBlogSystem\target\classes started by 34954 in E:\Code\HewieBlogSystem)
[2021/08/30-12:58:45] [main] [INFO ] [com.hewie.blog.BlogApplication] : The following profiles are active: dev
[2021/08/30-12:58:55] [main] [INFO ] [com.hewie.blog.BlogApplication] : Started BlogApplication in 10.485 seconds (JVM running for 12.151)
[2021/08/30-13:09:13] [http-nio-2020-exec-6] [INFO ] [com.hewie.blog.service.impl.ImageServiceImpl] : name === >879729794349006848.png
[2021/08/30-13:09:13] [http-nio-2020-exec-6] [INFO ] [com.hewie.blog.service.impl.ImageServiceImpl] : get image path ===>F:\Blog\images\2021_08_24\png\879729794349006848.png
[2021/08/30-13:09:21] [http-nio-2020-exec-9] [INFO ] [com.hewie.blog.service.impl.ImageServiceImpl] : name === >879729794349006848.png
[2021/08/30-13:09:21] [http-nio-2020-exec-9] [INFO ] [com.hewie.blog.service.impl.ImageServiceImpl] : get image path ===>F:\Blog\images\2021_08_24\png\879729794349006848.png
[2021/08/30-13:10:27] [http-nio-2020-exec-3] [INFO ] [com.hewie.blog.service.impl.ImageServiceImpl] : name === >879729794349006848.png
[2021/08/30-13:10:27] [http-nio-2020-exec-3] [INFO ] [com.hewie.blog.service.impl.ImageServiceImpl] : get image path ===>F:\Blog\images\2021_08_24\png\879729794349006848.png
[2021/08/30-13:10:56] [http-nio-2020-exec-5] [INFO ] [com.hewie.blog.service.impl.ImageServiceImpl] : name === >879729794349006848.png
[2021/08/30-13:10:56] [http-nio-2020-exec-5] [INFO ] [com.hewie.blog.service.impl.ImageServiceImpl] : get image path ===>F:\Blog\images\2021_08_24\png\879729794349006848.png
[2021/08/30-13:17:45] [http-nio-2020-exec-8] [INFO ] [com.hewie.blog.service.impl.ImageServiceImpl] : name === >879729794349006848.png
[2021/08/30-13:17:45] [http-nio-2020-exec-8] [INFO ] [com.hewie.blog.service.impl.ImageServiceImpl] : get image path ===>F:\Blog\images\2021_08_24\png\879729794349006848.png
[2021/08/30-13:19:26] [http-nio-2020-exec-1] [INFO ] [com.hewie.blog.service.impl.ImageServiceImpl] : name === >879729794349006848.png
[2021/08/30-13:19:26] [http-nio-2020-exec-1] [INFO ] [com.hewie.blog.service.impl.ImageServiceImpl] : get image path ===>F:\Blog\images\2021_08_24\png\879729794349006848.png
[2021/08/30-13:19:54] [http-nio-2020-exec-4] [INFO ] [com.hewie.blog.service.impl.ImageServiceImpl] : name === >879729794349006848.png
[2021/08/30-13:19:54] [http-nio-2020-exec-4] [INFO ] [com.hewie.blog.service.impl.ImageServiceImpl] : get image path ===>F:\Blog\images\2021_08_24\png\879729794349006848.png
[2021/08/30-13:20:43] [http-nio-2020-exec-7] [INFO ] [com.hewie.blog.service.impl.ImageServiceImpl] : name === >879729794349006848.png
[2021/08/30-13:20:43] [http-nio-2020-exec-7] [INFO ] [com.hewie.blog.service.impl.ImageServiceImpl] : get image path ===>F:\Blog\images\2021_08_24\png\879729794349006848.png
[2021/08/30-13:20:46] [http-nio-2020-exec-9] [INFO ] [com.hewie.blog.service.impl.ImageServiceImpl] : name === >879729794349006848.png
[2021/08/30-13:20:46] [http-nio-2020-exec-9] [INFO ] [com.hewie.blog.service.impl.ImageServiceImpl] : get image path ===>F:\Blog\images\2021_08_24\png\879729794349006848.png
[2021/08/30-13:22:35] [http-nio-2020-exec-3] [INFO ] [com.hewie.blog.service.impl.ImageServiceImpl] : name === >879729794349006848.png
[2021/08/30-13:22:35] [http-nio-2020-exec-3] [INFO ] [com.hewie.blog.service.impl.ImageServiceImpl] : get image path ===>F:\Blog\images\2021_08_24\png\879729794349006848.png
[2021/08/30-13:23:47] [http-nio-2020-exec-5] [INFO ] [com.hewie.blog.service.impl.ImageServiceImpl] : name === >879729794349006848.png
[2021/08/30-13:23:47] [http-nio-2020-exec-5] [INFO ] [com.hewie.blog.service.impl.ImageServiceImpl] : get image path ===>F:\Blog\images\2021_08_24\png\879729794349006848.png
[2021/08/30-13:23:57] [http-nio-2020-exec-8] [INFO ] [com.hewie.blog.service.impl.ImageServiceImpl] : name === >879729794349006848.png
[2021/08/30-13:23:57] [http-nio-2020-exec-8] [INFO ] [com.hewie.blog.service.impl.ImageServiceImpl] : get image path ===>F:\Blog\images\2021_08_24\png\879729794349006848.png
[2021/08/30-13:24:27] [http-nio-2020-exec-1] [INFO ] [com.hewie.blog.service.impl.ImageServiceImpl] : name === >879729794349006848.png
[2021/08/30-13:24:27] [http-nio-2020-exec-1] [INFO ] [com.hewie.blog.service.impl.ImageServiceImpl] : get image path ===>F:\Blog\images\2021_08_24\png\879729794349006848.png
[2021/08/30-13:24:39] [http-nio-2020-exec-4] [INFO ] [com.hewie.blog.service.impl.ImageServiceImpl] : name === >879729794349006848.png
[2021/08/30-13:24:39] [http-nio-2020-exec-4] [INFO ] [com.hewie.blog.service.impl.ImageServiceImpl] : get image path ===>F:\Blog\images\2021_08_24\png\879729794349006848.png
[2021/08/30-13:25:00] [http-nio-2020-exec-7] [INFO ] [com.hewie.blog.service.impl.ImageServiceImpl] : name === >879729794349006848.png
[2021/08/30-13:25:00] [http-nio-2020-exec-7] [INFO ] [com.hewie.blog.service.impl.ImageServiceImpl] : get image path ===>F:\Blog\images\2021_08_24\png\879729794349006848.png
[2021/08/30-13:35:51] [http-nio-2020-exec-10] [INFO ] [com.hewie.blog.service.impl.ImageServiceImpl] : name === >879729794349006848.png
[2021/08/30-13:35:51] [http-nio-2020-exec-10] [INFO ] [com.hewie.blog.service.impl.ImageServiceImpl] : get image path ===>F:\Blog\images\2021_08_24\png\879729794349006848.png
[2021/08/30-13:40:09] [http-nio-2020-exec-2] [INFO ] [com.hewie.blog.service.impl.ImageServiceImpl] : name === >879729794349006848.png
[2021/08/30-13:40:09] [http-nio-2020-exec-2] [INFO ] [com.hewie.blog.service.impl.ImageServiceImpl] : get image path ===>F:\Blog\images\2021_08_24\png\879729794349006848.png
[2021/08/30-13:44:15] [http-nio-2020-exec-6] [INFO ] [com.hewie.blog.service.impl.ImageServiceImpl] : name === >879729794349006848.png
[2021/08/30-13:44:15] [http-nio-2020-exec-6] [INFO ] [com.hewie.blog.service.impl.ImageServiceImpl] : get image path ===>F:\Blog\images\2021_08_24\png\879729794349006848.png
[2021/08/30-13:45:12] [http-nio-2020-exec-8] [INFO ] [com.hewie.blog.service.impl.ImageServiceImpl] : name === >879729794349006848.png
[2021/08/30-13:45:12] [http-nio-2020-exec-8] [INFO ] [com.hewie.blog.service.impl.ImageServiceImpl] : get image path ===>F:\Blog\images\2021_08_24\png\879729794349006848.png
[2021/08/30-13:45:55] [http-nio-2020-exec-3] [INFO ] [com.hewie.blog.service.impl.ImageServiceImpl] : name === >879729794349006848.png
[2021/08/30-13:45:55] [http-nio-2020-exec-3] [INFO ] [com.hewie.blog.service.impl.ImageServiceImpl] : get image path ===>F:\Blog\images\2021_08_24\png\879729794349006848.png
[2021/08/30-13:46:19] [http-nio-2020-exec-4] [INFO ] [com.hewie.blog.service.impl.ImageServiceImpl] : name === >879729794349006848.png
[2021/08/30-13:46:19] [http-nio-2020-exec-4] [INFO ] [com.hewie.blog.service.impl.ImageServiceImpl] : get image path ===>F:\Blog\images\2021_08_24\png\879729794349006848.png
[2021/08/30-13:46:22] [http-nio-2020-exec-6] [INFO ] [com.hewie.blog.service.impl.ImageServiceImpl] : name === >879729794349006848.png
[2021/08/30-13:46:22] [http-nio-2020-exec-6] [INFO ] [com.hewie.blog.service.impl.ImageServiceImpl] : get image path ===>F:\Blog\images\2021_08_24\png\879729794349006848.png
[2021/08/30-13:46:57] [http-nio-2020-exec-8] [INFO ] [com.hewie.blog.service.impl.ImageServiceImpl] : name === >879729794349006848.png
[2021/08/30-13:46:57] [http-nio-2020-exec-8] [INFO ] [com.hewie.blog.service.impl.ImageServiceImpl] : get image path ===>F:\Blog\images\2021_08_24\png\879729794349006848.png
[2021/08/30-13:46:59] [http-nio-2020-exec-10] [INFO ] [com.hewie.blog.service.impl.ImageServiceImpl] : name === >879729794349006848.png
[2021/08/30-13:46:59] [http-nio-2020-exec-10] [INFO ] [com.hewie.blog.service.impl.ImageServiceImpl] : get image path ===>F:\Blog\images\2021_08_24\png\879729794349006848.png
[2021/08/30-13:48:25] [http-nio-2020-exec-2] [INFO ] [com.hewie.blog.service.impl.ImageServiceImpl] : name === >879729794349006848.png
[2021/08/30-13:48:25] [http-nio-2020-exec-2] [INFO ] [com.hewie.blog.service.impl.ImageServiceImpl] : get image path ===>F:\Blog\images\2021_08_24\png\879729794349006848.png
[2021/08/30-13:49:27] [http-nio-2020-exec-6] [INFO ] [com.hewie.blog.service.impl.ImageServiceImpl] : name === >879729794349006848.png
[2021/08/30-13:49:27] [http-nio-2020-exec-6] [INFO ] [com.hewie.blog.service.impl.ImageServiceImpl] : get image path ===>F:\Blog\images\2021_08_24\png\879729794349006848.png
[2021/08/30-18:03:56] [http-nio-2020-exec-2] [INFO ] [com.hewie.blog.service.impl.ImageServiceImpl] : name === >879729794349006848.png
[2021/08/30-18:03:56] [http-nio-2020-exec-2] [INFO ] [com.hewie.blog.service.impl.ImageServiceImpl] : get image path ===>F:\Blog\images\2021_08_24\png\879729794349006848.png
[2021/08/30-18:04:00] [http-nio-2020-exec-6] [INFO ] [com.hewie.blog.service.impl.ImageServiceImpl] : name === >879729794349006848.png
[2021/08/30-18:04:00] [http-nio-2020-exec-6] [INFO ] [com.hewie.blog.service.impl.ImageServiceImpl] : get image path ===>F:\Blog\images\2021_08_24\png\879729794349006848.png
[2021/08/30-18:06:29] [http-nio-2020-exec-1] [INFO ] [com.hewie.blog.service.impl.ImageServiceImpl] : name === >879729794349006848.png
[2021/08/30-18:06:29] [http-nio-2020-exec-1] [INFO ] [com.hewie.blog.service.impl.ImageServiceImpl] : get image path ===>F:\Blog\images\2021_08_24\png\879729794349006848.png
[2021/08/30-18:06:54] [http-nio-2020-exec-2] [INFO ] [com.hewie.blog.service.impl.UserServiceImpl] : newTokenKey ==> p_772f5d4bea34c60d93b74625f70e07df
[2021/08/30-18:33:15] [http-nio-2020-exec-3] [INFO ] [com.hewie.blog.service.impl.ImageServiceImpl] : name === >879729794349006848.png
[2021/08/30-18:33:15] [http-nio-2020-exec-3] [INFO ] [com.hewie.blog.service.impl.ImageServiceImpl] : get image path ===>F:\Blog\images\2021_08_24\png\879729794349006848.png
[2021/08/30-18:33:18] [http-nio-2020-exec-8] [INFO ] [com.hewie.blog.service.impl.ImageServiceImpl] : name === >879729794349006848.png
[2021/08/30-18:33:18] [http-nio-2020-exec-8] [INFO ] [com.hewie.blog.service.impl.ImageServiceImpl] : get image path ===>F:\Blog\images\2021_08_24\png\879729794349006848.png
[2021/08/30-18:33:26] [http-nio-2020-exec-1] [INFO ] [com.hewie.blog.utils.CookieUtils] : cookies is null
[2021/08/30-18:33:27] [http-nio-2020-exec-4] [INFO ] [com.hewie.blog.service.impl.ImageServiceImpl] : name === >879729794349006848.png
[2021/08/30-18:33:27] [http-nio-2020-exec-4] [INFO ] [com.hewie.blog.service.impl.ImageServiceImpl] : get image path ===>F:\Blog\images\2021_08_24\png\879729794349006848.png
[2021/08/30-18:39:59] [http-nio-2020-exec-8] [INFO ] [com.hewie.blog.utils.CookieUtils] : cookies is null
[2021/08/30-18:39:59] [http-nio-2020-exec-1] [INFO ] [com.hewie.blog.utils.CookieUtils] : cookies is null
[2021/08/30-18:39:59] [http-nio-2020-exec-4] [INFO ] [com.hewie.blog.utils.CookieUtils] : cookies is null
[2021/08/30-18:39:59] [http-nio-2020-exec-2] [INFO ] [com.hewie.blog.utils.CookieUtils] : cookies is null
[2021/08/30-18:39:59] [http-nio-2020-exec-5] [INFO ] [com.hewie.blog.service.impl.ImageServiceImpl] : name === >879729794349006848.png
[2021/08/30-18:39:59] [http-nio-2020-exec-5] [INFO ] [com.hewie.blog.service.impl.ImageServiceImpl] : get image path ===>F:\Blog\images\2021_08_24\png\879729794349006848.png
[2021/08/30-18:45:22] [http-nio-2020-exec-8] [INFO ] [com.hewie.blog.utils.CookieUtils] : cookies is null
[2021/08/30-18:45:22] [http-nio-2020-exec-6] [INFO ] [com.hewie.blog.utils.CookieUtils] : cookies is null
[2021/08/30-18:45:34] [http-nio-2020-exec-4] [INFO ] [com.hewie.blog.service.impl.ImageServiceImpl] : name === >879729794349006848.png
[2021/08/30-18:45:34] [http-nio-2020-exec-4] [INFO ] [com.hewie.blog.service.impl.ImageServiceImpl] : get image path ===>F:\Blog\images\2021_08_24\png\879729794349006848.png
[2021/08/30-18:45:34] [http-nio-2020-exec-1] [INFO ] [com.hewie.blog.service.impl.ImageServiceImpl] : name === >879730501022121984.jpeg
[2021/08/30-18:45:34] [http-nio-2020-exec-1] [INFO ] [com.hewie.blog.service.impl.ImageServiceImpl] : get image path ===>F:\Blog\images\2021_08_24\jpeg\879730501022121984.jpeg
[2021/08/30-18:45:34] [http-nio-2020-exec-2] [INFO ] [com.hewie.blog.service.impl.ImageServiceImpl] : name === >879723300375232512.jpeg
[2021/08/30-18:45:34] [http-nio-2020-exec-2] [INFO ] [com.hewie.blog.service.impl.ImageServiceImpl] : get image path ===>F:\Blog\images\2021_08_24\jpeg\879723300375232512.jpeg
[2021/08/30-18:45:34] [http-nio-2020-exec-2] [INFO ] [com.hewie.blog.service.impl.ImageServiceImpl] : name === >878690775171334144.jpeg
[2021/08/30-18:45:34] [http-nio-2020-exec-2] [INFO ] [com.hewie.blog.service.impl.ImageServiceImpl] : get image path ===>F:\Blog\images\2021_08_21\jpeg\878690775171334144.jpeg
[2021/08/30-18:45:34] [http-nio-2020-exec-5] [INFO ] [com.hewie.blog.service.impl.ImageServiceImpl] : name === >878480260029480960.jpeg
[2021/08/30-18:45:34] [http-nio-2020-exec-5] [INFO ] [com.hewie.blog.service.impl.ImageServiceImpl] : get image path ===>F:\Blog\images\2021_08_21\jpeg\878480260029480960.jpeg
[2021/08/30-18:45:34] [http-nio-2020-exec-9] [INFO ] [com.hewie.blog.service.impl.ImageServiceImpl] : name === >870122291931906048.jpeg
[2021/08/30-18:45:34] [http-nio-2020-exec-9] [INFO ] [com.hewie.blog.service.impl.ImageServiceImpl] : get image path ===>F:\Blog\images\2021_07_29\jpeg\870122291931906048.jpeg
[2021/08/30-18:45:34] [http-nio-2020-exec-10] [INFO ] [com.hewie.blog.service.impl.ImageServiceImpl] : name === >879723300375232512.jpeg
[2021/08/30-18:45:34] [http-nio-2020-exec-10] [INFO ] [com.hewie.blog.service.impl.ImageServiceImpl] : get image path ===>F:\Blog\images\2021_08_24\jpeg\879723300375232512.jpeg
[2021/08/30-18:45:34] [http-nio-2020-exec-7] [INFO ] [com.hewie.blog.service.impl.ImageServiceImpl] : name === >879730501022121984.jpeg
[2021/08/30-18:45:34] [http-nio-2020-exec-7] [INFO ] [com.hewie.blog.service.impl.ImageServiceImpl] : get image path ===>F:\Blog\images\2021_08_24\jpeg\879730501022121984.jpeg
[2021/08/30-18:45:34] [http-nio-2020-exec-3] [INFO ] [com.hewie.blog.service.impl.ImageServiceImpl] : name === >878480260029480960.jpeg
[2021/08/30-18:45:34] [http-nio-2020-exec-3] [INFO ] [com.hewie.blog.service.impl.ImageServiceImpl] : get image path ===>F:\Blog\images\2021_08_21\jpeg\878480260029480960.jpeg
[2021/08/30-18:45:34] [http-nio-2020-exec-8] [INFO ] [com.hewie.blog.service.impl.ImageServiceImpl] : name === >878690775171334144.jpeg
[2021/08/30-18:45:34] [http-nio-2020-exec-8] [INFO ] [com.hewie.blog.service.impl.ImageServiceImpl] : get image path ===>F:\Blog\images\2021_08_21\jpeg\878690775171334144.jpeg
[2021/08/30-18:45:34] [http-nio-2020-exec-6] [INFO ] [com.hewie.blog.service.impl.ImageServiceImpl] : name === >870122291931906048.jpeg
[2021/08/30-18:45:34] [http-nio-2020-exec-6] [INFO ] [com.hewie.blog.service.impl.ImageServiceImpl] : get image path ===>F:\Blog\images\2021_07_29\jpeg\870122291931906048.jpeg
[2021/08/30-18:47:23] [http-nio-2020-exec-3] [INFO ] [com.hewie.blog.utils.CookieUtils] : cookies is null
[2021/08/30-18:47:23] [http-nio-2020-exec-9] [INFO ] [com.hewie.blog.utils.CookieUtils] : cookies is null
[2021/08/30-18:47:23] [http-nio-2020-exec-8] [INFO ] [com.hewie.blog.service.impl.ImageServiceImpl] : name === >879729794349006848.png
[2021/08/30-18:47:23] [http-nio-2020-exec-8] [INFO ] [com.hewie.blog.service.impl.ImageServiceImpl] : get image path ===>F:\Blog\images\2021_08_24\png\879729794349006848.png
[2021/08/30-18:47:24] [http-nio-2020-exec-6] [INFO ] [com.hewie.blog.service.impl.ImageServiceImpl] : name === >879730501022121984.jpeg
[2021/08/30-18:47:24] [http-nio-2020-exec-6] [INFO ] [com.hewie.blog.service.impl.ImageServiceImpl] : get image path ===>F:\Blog\images\2021_08_24\jpeg\879730501022121984.jpeg
[2021/08/30-18:47:24] [http-nio-2020-exec-1] [INFO ] [com.hewie.blog.service.impl.ImageServiceImpl] : name === >879723300375232512.jpeg
[2021/08/30-18:47:24] [http-nio-2020-exec-1] [INFO ] [com.hewie.blog.service.impl.ImageServiceImpl] : get image path ===>F:\Blog\images\2021_08_24\jpeg\879723300375232512.jpeg
[2021/08/30-18:47:24] [http-nio-2020-exec-5] [INFO ] [com.hewie.blog.service.impl.ImageServiceImpl] : name === >878480260029480960.jpeg
[2021/08/30-18:47:24] [http-nio-2020-exec-5] [INFO ] [com.hewie.blog.service.impl.ImageServiceImpl] : get image path ===>F:\Blog\images\2021_08_21\jpeg\878480260029480960.jpeg
[2021/08/30-18:47:24] [http-nio-2020-exec-4] [INFO ] [com.hewie.blog.service.impl.ImageServiceImpl] : name === >878690775171334144.jpeg
[2021/08/30-18:47:24] [http-nio-2020-exec-4] [INFO ] [com.hewie.blog.service.impl.ImageServiceImpl] : get image path ===>F:\Blog\images\2021_08_21\jpeg\878690775171334144.jpeg
[2021/08/30-18:47:25] [http-nio-2020-exec-2] [INFO ] [com.hewie.blog.service.impl.ImageServiceImpl] : name === >879730501022121984.jpeg
[2021/08/30-18:47:25] [http-nio-2020-exec-2] [INFO ] [com.hewie.blog.service.impl.ImageServiceImpl] : get image path ===>F:\Blog\images\2021_08_24\jpeg\879730501022121984.jpeg
[2021/08/30-18:47:25] [http-nio-2020-exec-10] [INFO ] [com.hewie.blog.service.impl.ImageServiceImpl] : name === >870122291931906048.jpeg
[2021/08/30-18:47:25] [http-nio-2020-exec-10] [INFO ] [com.hewie.blog.service.impl.ImageServiceImpl] : get image path ===>F:\Blog\images\2021_07_29\jpeg\870122291931906048.jpeg
[2021/08/30-18:47:25] [http-nio-2020-exec-7] [INFO ] [com.hewie.blog.service.impl.ImageServiceImpl] : name === >879723300375232512.jpeg
[2021/08/30-18:47:25] [http-nio-2020-exec-7] [INFO ] [com.hewie.blog.service.impl.ImageServiceImpl] : get image path ===>F:\Blog\images\2021_08_24\jpeg\879723300375232512.jpeg
[2021/08/30-18:47:25] [http-nio-2020-exec-3] [INFO ] [com.hewie.blog.service.impl.ImageServiceImpl] : name === >878480260029480960.jpeg
[2021/08/30-18:47:25] [http-nio-2020-exec-3] [INFO ] [com.hewie.blog.service.impl.ImageServiceImpl] : get image path ===>F:\Blog\images\2021_08_21\jpeg\878480260029480960.jpeg
[2021/08/30-18:47:25] [http-nio-2020-exec-3] [INFO ] [com.hewie.blog.service.impl.ImageServiceImpl] : name === >878690775171334144.jpeg
[2021/08/30-18:47:25] [http-nio-2020-exec-3] [INFO ] [com.hewie.blog.service.impl.ImageServiceImpl] : get image path ===>F:\Blog\images\2021_08_21\jpeg\878690775171334144.jpeg
[2021/08/30-18:47:25] [http-nio-2020-exec-9] [INFO ] [com.hewie.blog.service.impl.ImageServiceImpl] : name === >870122291931906048.jpeg
[2021/08/30-18:47:25] [http-nio-2020-exec-9] [INFO ] [com.hewie.blog.service.impl.ImageServiceImpl] : get image path ===>F:\Blog\images\2021_07_29\jpeg\870122291931906048.jpeg
[2021/08/30-18:48:13] [http-nio-2020-exec-8] [INFO ] [com.hewie.blog.service.impl.ImageServiceImpl] : name === >879730501022121984.jpeg
[2021/08/30-18:48:13] [http-nio-2020-exec-8] [INFO ] [com.hewie.blog.service.impl.ImageServiceImpl] : get image path ===>F:\Blog\images\2021_08_24\jpeg\879730501022121984.jpeg
[2021/08/30-18:48:13] [http-nio-2020-exec-1] [INFO ] [com.hewie.blog.service.impl.ImageServiceImpl] : name === >878690775171334144.jpeg
[2021/08/30-18:48:13] [http-nio-2020-exec-1] [INFO ] [com.hewie.blog.service.impl.ImageServiceImpl] : get image path ===>F:\Blog\images\2021_08_21\jpeg\878690775171334144.jpeg
[2021/08/30-18:48:13] [http-nio-2020-exec-6] [INFO ] [com.hewie.blog.service.impl.ImageServiceImpl] : name === >879723300375232512.jpeg
[2021/08/30-18:48:13] [http-nio-2020-exec-6] [INFO ] [com.hewie.blog.service.impl.ImageServiceImpl] : get image path ===>F:\Blog\images\2021_08_24\jpeg\879723300375232512.jpeg
[2021/08/30-18:48:13] [http-nio-2020-exec-4] [INFO ] [com.hewie.blog.service.impl.ImageServiceImpl] : name === >879723300375232512.jpeg
[2021/08/30-18:48:13] [http-nio-2020-exec-4] [INFO ] [com.hewie.blog.service.impl.ImageServiceImpl] : get image path ===>F:\Blog\images\2021_08_24\jpeg\879723300375232512.jpeg
[2021/08/30-18:48:13] [http-nio-2020-exec-5] [INFO ] [com.hewie.blog.service.impl.ImageServiceImpl] : name === >878480260029480960.jpeg
[2021/08/30-18:48:13] [http-nio-2020-exec-5] [INFO ] [com.hewie.blog.service.impl.ImageServiceImpl] : get image path ===>F:\Blog\images\2021_08_21\jpeg\878480260029480960.jpeg
[2021/08/30-18:48:13] [http-nio-2020-exec-10] [INFO ] [com.hewie.blog.service.impl.ImageServiceImpl] : name === >870122291931906048.jpeg
[2021/08/30-18:48:13] [http-nio-2020-exec-10] [INFO ] [com.hewie.blog.service.impl.ImageServiceImpl] : get image path ===>F:\Blog\images\2021_07_29\jpeg\870122291931906048.jpeg
[2021/08/30-18:48:13] [http-nio-2020-exec-2] [INFO ] [com.hewie.blog.service.impl.ImageServiceImpl] : name === >879730501022121984.jpeg
[2021/08/30-18:48:13] [http-nio-2020-exec-2] [INFO ] [com.hewie.blog.service.impl.ImageServiceImpl] : get image path ===>F:\Blog\images\2021_08_24\jpeg\879730501022121984.jpeg
[2021/08/30-18:48:13] [http-nio-2020-exec-3] [INFO ] [com.hewie.blog.service.impl.ImageServiceImpl] : name === >878480260029480960.jpeg
[2021/08/30-18:48:13] [http-nio-2020-exec-3] [INFO ] [com.hewie.blog.service.impl.ImageServiceImpl] : get image path ===>F:\Blog\images\2021_08_21\jpeg\878480260029480960.jpeg
[2021/08/30-18:48:13] [http-nio-2020-exec-7] [INFO ] [com.hewie.blog.service.impl.ImageServiceImpl] : name === >878690775171334144.jpeg
[2021/08/30-18:48:13] [http-nio-2020-exec-7] [INFO ] [com.hewie.blog.service.impl.ImageServiceImpl] : get image path ===>F:\Blog\images\2021_08_21\jpeg\878690775171334144.jpeg
[2021/08/30-18:48:13] [http-nio-2020-exec-9] [INFO ] [com.hewie.blog.service.impl.ImageServiceImpl] : name === >870122291931906048.jpeg
[2021/08/30-18:48:13] [http-nio-2020-exec-9] [INFO ] [com.hewie.blog.service.impl.ImageServiceImpl] : get image path ===>F:\Blog\images\2021_07_29\jpeg\870122291931906048.jpeg
[2021/08/30-18:48:17] [http-nio-2020-exec-8] [INFO ] [com.hewie.blog.utils.CookieUtils] : cookies is null
[2021/08/30-18:48:17] [http-nio-2020-exec-6] [INFO ] [com.hewie.blog.utils.CookieUtils] : cookies is null
[2021/08/30-18:48:18] [http-nio-2020-exec-4] [INFO ] [com.hewie.blog.service.impl.ImageServiceImpl] : name === >879729794349006848.png
[2021/08/30-18:48:18] [http-nio-2020-exec-4] [INFO ] [com.hewie.blog.service.impl.ImageServiceImpl] : get image path ===>F:\Blog\images\2021_08_24\png\879729794349006848.png
[2021/08/30-18:48:19] [http-nio-2020-exec-5] [INFO ] [com.hewie.blog.service.impl.ImageServiceImpl] : name === >879730501022121984.jpeg
[2021/08/30-18:48:19] [http-nio-2020-exec-5] [INFO ] [com.hewie.blog.service.impl.ImageServiceImpl] : get image path ===>F:\Blog\images\2021_08_24\jpeg\879730501022121984.jpeg
[2021/08/30-18:48:19] [http-nio-2020-exec-7] [INFO ] [com.hewie.blog.service.impl.ImageServiceImpl] : name === >870122291931906048.jpeg
[2021/08/30-18:48:19] [http-nio-2020-exec-7] [INFO ] [com.hewie.blog.service.impl.ImageServiceImpl] : get image path ===>F:\Blog\images\2021_07_29\jpeg\870122291931906048.jpeg
[2021/08/30-18:48:19] [http-nio-2020-exec-10] [INFO ] [com.hewie.blog.service.impl.ImageServiceImpl] : name === >879723300375232512.jpeg
[2021/08/30-18:48:19] [http-nio-2020-exec-10] [INFO ] [com.hewie.blog.service.impl.ImageServiceImpl] : get image path ===>F:\Blog\images\2021_08_24\jpeg\879723300375232512.jpeg
[2021/08/30-18:48:19] [http-nio-2020-exec-3] [INFO ] [com.hewie.blog.service.impl.ImageServiceImpl] : name === >878480260029480960.jpeg
[2021/08/30-18:48:19] [http-nio-2020-exec-3] [INFO ] [com.hewie.blog.service.impl.ImageServiceImpl] : get image path ===>F:\Blog\images\2021_08_21\jpeg\878480260029480960.jpeg
[2021/08/30-18:48:19] [http-nio-2020-exec-2] [INFO ] [com.hewie.blog.service.impl.ImageServiceImpl] : name === >878690775171334144.jpeg
[2021/08/30-18:48:19] [http-nio-2020-exec-2] [INFO ] [com.hewie.blog.service.impl.ImageServiceImpl] : get image path ===>F:\Blog\images\2021_08_21\jpeg\878690775171334144.jpeg
[2021/08/30-18:48:19] [http-nio-2020-exec-9] [INFO ] [com.hewie.blog.service.impl.ImageServiceImpl] : name === >879723300375232512.jpeg
[2021/08/30-18:48:19] [http-nio-2020-exec-9] [INFO ] [com.hewie.blog.service.impl.ImageServiceImpl] : get image path ===>F:\Blog\images\2021_08_24\jpeg\879723300375232512.jpeg
[2021/08/30-18:48:19] [http-nio-2020-exec-1] [INFO ] [com.hewie.blog.service.impl.ImageServiceImpl] : name === >878480260029480960.jpeg
[2021/08/30-18:48:19] [http-nio-2020-exec-1] [INFO ] [com.hewie.blog.service.impl.ImageServiceImpl] : get image path ===>F:\Blog\images\2021_08_21\jpeg\878480260029480960.jpeg
[2021/08/30-18:48:19] [http-nio-2020-exec-8] [INFO ] [com.hewie.blog.service.impl.ImageServiceImpl] : name === >879730501022121984.jpeg
[2021/08/30-18:48:19] [http-nio-2020-exec-8] [INFO ] [com.hewie.blog.service.impl.ImageServiceImpl] : get image path ===>F:\Blog\images\2021_08_24\jpeg\879730501022121984.jpeg
[2021/08/30-18:48:19] [http-nio-2020-exec-6] [INFO ] [com.hewie.blog.service.impl.ImageServiceImpl] : name === >878690775171334144.jpeg
[2021/08/30-18:48:19] [http-nio-2020-exec-8] [INFO ] [com.hewie.blog.service.impl.ImageServiceImpl] : name === >870122291931906048.jpeg
[2021/08/30-18:48:19] [http-nio-2020-exec-6] [INFO ] [com.hewie.blog.service.impl.ImageServiceImpl] : get image path ===>F:\Blog\images\2021_08_21\jpeg\878690775171334144.jpeg
[2021/08/30-18:48:19] [http-nio-2020-exec-8] [INFO ] [com.hewie.blog.service.impl.ImageServiceImpl] : get image path ===>F:\Blog\images\2021_07_29\jpeg\870122291931906048.jpeg
[2021/08/30-18:48:49] [http-nio-2020-exec-5] [INFO ] [com.hewie.blog.service.impl.ImageServiceImpl] : name === >879723300375232512.jpeg
[2021/08/30-18:48:49] [http-nio-2020-exec-5] [INFO ] [com.hewie.blog.service.impl.ImageServiceImpl] : get image path ===>F:\Blog\images\2021_08_24\jpeg\879723300375232512.jpeg
[2021/08/30-18:48:49] [http-nio-2020-exec-10] [INFO ] [com.hewie.blog.service.impl.ImageServiceImpl] : name === >878480260029480960.jpeg
[2021/08/30-18:48:49] [http-nio-2020-exec-10] [INFO ] [com.hewie.blog.service.impl.ImageServiceImpl] : get image path ===>F:\Blog\images\2021_08_21\jpeg\878480260029480960.jpeg
[2021/08/30-18:48:49] [http-nio-2020-exec-3] [INFO ] [com.hewie.blog.service.impl.ImageServiceImpl] : name === >870122291931906048.jpeg
[2021/08/30-18:48:49] [http-nio-2020-exec-3] [INFO ] [com.hewie.blog.service.impl.ImageServiceImpl] : get image path ===>F:\Blog\images\2021_07_29\jpeg\870122291931906048.jpeg
[2021/08/30-18:48:49] [http-nio-2020-exec-7] [INFO ] [com.hewie.blog.service.impl.ImageServiceImpl] : name === >878690775171334144.jpeg
[2021/08/30-18:48:49] [http-nio-2020-exec-7] [INFO ] [com.hewie.blog.service.impl.ImageServiceImpl] : get image path ===>F:\Blog\images\2021_08_21\jpeg\878690775171334144.jpeg
[2021/08/30-18:48:49] [http-nio-2020-exec-4] [INFO ] [com.hewie.blog.service.impl.ImageServiceImpl] : name === >879730501022121984.jpeg
[2021/08/30-18:48:49] [http-nio-2020-exec-4] [INFO ] [com.hewie.blog.service.impl.ImageServiceImpl] : get image path ===>F:\Blog\images\2021_08_24\jpeg\879730501022121984.jpeg
[2021/08/30-18:48:54] [http-nio-2020-exec-9] [INFO ] [com.hewie.blog.service.impl.ImageServiceImpl] : name === >879723300375232512.jpeg
[2021/08/30-18:48:54] [http-nio-2020-exec-2] [INFO ] [com.hewie.blog.service.impl.ImageServiceImpl] : name === >879730501022121984.jpeg
[2021/08/30-18:48:54] [http-nio-2020-exec-9] [INFO ] [com.hewie.blog.service.impl.ImageServiceImpl] : get image path ===>F:\Blog\images\2021_08_24\jpeg\879723300375232512.jpeg
[2021/08/30-18:48:54] [http-nio-2020-exec-2] [INFO ] [com.hewie.blog.service.impl.ImageServiceImpl] : get image path ===>F:\Blog\images\2021_08_24\jpeg\879730501022121984.jpeg
[2021/08/30-18:48:54] [http-nio-2020-exec-6] [INFO ] [com.hewie.blog.service.impl.ImageServiceImpl] : name === >870122291931906048.jpeg
[2021/08/30-18:48:54] [http-nio-2020-exec-6] [INFO ] [com.hewie.blog.service.impl.ImageServiceImpl] : get image path ===>F:\Blog\images\2021_07_29\jpeg\870122291931906048.jpeg
[2021/08/30-18:48:54] [http-nio-2020-exec-1] [INFO ] [com.hewie.blog.service.impl.ImageServiceImpl] : name === >878690775171334144.jpeg
[2021/08/30-18:48:54] [http-nio-2020-exec-1] [INFO ] [com.hewie.blog.service.impl.ImageServiceImpl] : get image path ===>F:\Blog\images\2021_08_21\jpeg\878690775171334144.jpeg
[2021/08/30-18:48:54] [http-nio-2020-exec-8] [INFO ] [com.hewie.blog.service.impl.ImageServiceImpl] : name === >878480260029480960.jpeg
[2021/08/30-18:48:54] [http-nio-2020-exec-8] [INFO ] [com.hewie.blog.service.impl.ImageServiceImpl] : get image path ===>F:\Blog\images\2021_08_21\jpeg\878480260029480960.jpeg
[2021/08/30-18:49:36] [http-nio-2020-exec-7] [INFO ] [com.hewie.blog.utils.CookieUtils] : cookies is null
[2021/08/30-18:49:36] [http-nio-2020-exec-4] [INFO ] [com.hewie.blog.utils.CookieUtils] : cookies is null
[2021/08/30-18:49:37] [http-nio-2020-exec-6] [INFO ] [com.hewie.blog.service.impl.ImageServiceImpl] : name === >878690775171334144.jpeg
[2021/08/30-18:49:37] [http-nio-2020-exec-9] [INFO ] [com.hewie.blog.service.impl.ImageServiceImpl] : name === >879730501022121984.jpeg
[2021/08/30-18:49:37] [http-nio-2020-exec-6] [INFO ] [com.hewie.blog.service.impl.ImageServiceImpl] : get image path ===>F:\Blog\images\2021_08_21\jpeg\878690775171334144.jpeg
[2021/08/30-18:49:37] [http-nio-2020-exec-9] [INFO ] [com.hewie.blog.service.impl.ImageServiceImpl] : get image path ===>F:\Blog\images\2021_08_24\jpeg\879730501022121984.jpeg
[2021/08/30-18:49:37] [http-nio-2020-exec-1] [INFO ] [com.hewie.blog.service.impl.ImageServiceImpl] : name === >878480260029480960.jpeg
[2021/08/30-18:49:37] [http-nio-2020-exec-1] [INFO ] [com.hewie.blog.service.impl.ImageServiceImpl] : get image path ===>F:\Blog\images\2021_08_21\jpeg\878480260029480960.jpeg
[2021/08/30-18:49:37] [http-nio-2020-exec-2] [INFO ] [com.hewie.blog.service.impl.ImageServiceImpl] : name === >879723300375232512.jpeg
[2021/08/30-18:49:37] [http-nio-2020-exec-2] [INFO ] [com.hewie.blog.service.impl.ImageServiceImpl] : get image path ===>F:\Blog\images\2021_08_24\jpeg\879723300375232512.jpeg
[2021/08/30-18:49:37] [http-nio-2020-exec-5] [INFO ] [com.hewie.blog.service.impl.ImageServiceImpl] : name === >879729794349006848.png
[2021/08/30-18:49:37] [http-nio-2020-exec-5] [INFO ] [com.hewie.blog.service.impl.ImageServiceImpl] : get image path ===>F:\Blog\images\2021_08_24\png\879729794349006848.png
[2021/08/30-18:49:37] [http-nio-2020-exec-8] [INFO ] [com.hewie.blog.service.impl.ImageServiceImpl] : name === >870122291931906048.jpeg
[2021/08/30-18:49:37] [http-nio-2020-exec-8] [INFO ] [com.hewie.blog.service.impl.ImageServiceImpl] : get image path ===>F:\Blog\images\2021_07_29\jpeg\870122291931906048.jpeg
[2021/08/30-18:50:18] [http-nio-2020-exec-3] [INFO ] [com.hewie.blog.utils.CookieUtils] : cookies is null
[2021/08/30-18:50:18] [http-nio-2020-exec-7] [INFO ] [com.hewie.blog.utils.CookieUtils] : cookies is null
[2021/08/30-18:50:18] [http-nio-2020-exec-1] [INFO ] [com.hewie.blog.service.impl.ImageServiceImpl] : name === >879723300375232512.jpeg
[2021/08/30-18:50:18] [http-nio-2020-exec-1] [INFO ] [com.hewie.blog.service.impl.ImageServiceImpl] : get image path ===>F:\Blog\images\2021_08_24\jpeg\879723300375232512.jpeg
[2021/08/30-18:50:18] [http-nio-2020-exec-4] [INFO ] [com.hewie.blog.service.impl.ImageServiceImpl] : name === >879730501022121984.jpeg
[2021/08/30-18:50:18] [http-nio-2020-exec-4] [INFO ] [com.hewie.blog.service.impl.ImageServiceImpl] : get image path ===>F:\Blog\images\2021_08_24\jpeg\879730501022121984.jpeg
[2021/08/30-18:50:18] [http-nio-2020-exec-9] [INFO ] [com.hewie.blog.service.impl.ImageServiceImpl] : name === >879729794349006848.png
[2021/08/30-18:50:18] [http-nio-2020-exec-5] [INFO ] [com.hewie.blog.service.impl.ImageServiceImpl] : name === >878480260029480960.jpeg
[2021/08/30-18:50:18] [http-nio-2020-exec-9] [INFO ] [com.hewie.blog.service.impl.ImageServiceImpl] : get image path ===>F:\Blog\images\2021_08_24\png\879729794349006848.png
[2021/08/30-18:50:18] [http-nio-2020-exec-8] [INFO ] [com.hewie.blog.service.impl.ImageServiceImpl] : name === >870122291931906048.jpeg
[2021/08/30-18:50:18] [http-nio-2020-exec-2] [INFO ] [com.hewie.blog.service.impl.ImageServiceImpl] : name === >878690775171334144.jpeg
[2021/08/30-18:50:18] [http-nio-2020-exec-5] [INFO ] [com.hewie.blog.service.impl.ImageServiceImpl] : get image path ===>F:\Blog\images\2021_08_21\jpeg\878480260029480960.jpeg
[2021/08/30-18:50:18] [http-nio-2020-exec-2] [INFO ] [com.hewie.blog.service.impl.ImageServiceImpl] : get image path ===>F:\Blog\images\2021_08_21\jpeg\878690775171334144.jpeg
[2021/08/30-18:50:18] [http-nio-2020-exec-8] [INFO ] [com.hewie.blog.service.impl.ImageServiceImpl] : get image path ===>F:\Blog\images\2021_07_29\jpeg\870122291931906048.jpeg
[2021/08/30-19:29:39] [http-nio-2020-exec-5] [INFO ] [com.hewie.blog.utils.CookieUtils] : cookies is null
[2021/08/30-19:29:39] [http-nio-2020-exec-8] [INFO ] [com.hewie.blog.utils.CookieUtils] : cookies is null
[2021/08/30-19:29:39] [http-nio-2020-exec-2] [INFO ] [com.hewie.blog.service.impl.ImageServiceImpl] : name === >879729794349006848.png
[2021/08/30-19:29:39] [http-nio-2020-exec-2] [INFO ] [com.hewie.blog.service.impl.ImageServiceImpl] : get image path ===>F:\Blog\images\2021_08_24\png\879729794349006848.png
[2021/08/30-19:29:40] [http-nio-2020-exec-6] [INFO ] [com.hewie.blog.service.impl.ImageServiceImpl] : name === >879730501022121984.jpeg
[2021/08/30-19:29:40] [http-nio-2020-exec-6] [INFO ] [com.hewie.blog.service.impl.ImageServiceImpl] : get image path ===>F:\Blog\images\2021_08_24\jpeg\879730501022121984.jpeg
[2021/08/30-19:29:40] [http-nio-2020-exec-10] [INFO ] [com.hewie.blog.service.impl.ImageServiceImpl] : name === >879723300375232512.jpeg
[2021/08/30-19:29:40] [http-nio-2020-exec-10] [INFO ] [com.hewie.blog.service.impl.ImageServiceImpl] : get image path ===>F:\Blog\images\2021_08_24\jpeg\879723300375232512.jpeg
[2021/08/30-19:29:40] [http-nio-2020-exec-4] [INFO ] [com.hewie.blog.service.impl.ImageServiceImpl] : name === >878480260029480960.jpeg
[2021/08/30-19:29:40] [http-nio-2020-exec-7] [INFO ] [com.hewie.blog.service.impl.ImageServiceImpl] : name === >870122291931906048.jpeg
[2021/08/30-19:29:40] [http-nio-2020-exec-4] [INFO ] [com.hewie.blog.service.impl.ImageServiceImpl] : get image path ===>F:\Blog\images\2021_08_21\jpeg\878480260029480960.jpeg
[2021/08/30-19:29:40] [http-nio-2020-exec-7] [INFO ] [com.hewie.blog.service.impl.ImageServiceImpl] : get image path ===>F:\Blog\images\2021_07_29\jpeg\870122291931906048.jpeg
[2021/08/30-19:29:40] [http-nio-2020-exec-3] [INFO ] [com.hewie.blog.service.impl.ImageServiceImpl] : name === >878690775171334144.jpeg
[2021/08/30-19:29:40] [http-nio-2020-exec-3] [INFO ] [com.hewie.blog.service.impl.ImageServiceImpl] : get image path ===>F:\Blog\images\2021_08_21\jpeg\878690775171334144.jpeg
[2021/08/30-19:31:32] [http-nio-2020-exec-6] [INFO ] [com.hewie.blog.utils.CookieUtils] : cookies is null
[2021/08/30-19:31:32] [http-nio-2020-exec-4] [INFO ] [com.hewie.blog.utils.CookieUtils] : cookies is null
[2021/08/30-19:31:32] [http-nio-2020-exec-7] [INFO ] [com.hewie.blog.service.impl.ImageServiceImpl] : name === >879730501022121984.jpeg
[2021/08/30-19:31:32] [http-nio-2020-exec-7] [INFO ] [com.hewie.blog.service.impl.ImageServiceImpl] : get image path ===>F:\Blog\images\2021_08_24\jpeg\879730501022121984.jpeg
[2021/08/30-19:31:32] [http-nio-2020-exec-9] [INFO ] [com.hewie.blog.service.impl.ImageServiceImpl] : name === >878690775171334144.jpeg
[2021/08/30-19:31:32] [http-nio-2020-exec-8] [INFO ] [com.hewie.blog.service.impl.ImageServiceImpl] : name === >870122291931906048.jpeg
[2021/08/30-19:31:32] [http-nio-2020-exec-8] [INFO ] [com.hewie.blog.service.impl.ImageServiceImpl] : get image path ===>F:\Blog\images\2021_07_29\jpeg\870122291931906048.jpeg
[2021/08/30-19:31:32] [http-nio-2020-exec-9] [INFO ] [com.hewie.blog.service.impl.ImageServiceImpl] : get image path ===>F:\Blog\images\2021_08_21\jpeg\878690775171334144.jpeg
[2021/08/30-19:31:32] [http-nio-2020-exec-5] [INFO ] [com.hewie.blog.service.impl.ImageServiceImpl] : name === >879729794349006848.png
[2021/08/30-19:31:32] [http-nio-2020-exec-5] [INFO ] [com.hewie.blog.service.impl.ImageServiceImpl] : get image path ===>F:\Blog\images\2021_08_24\png\879729794349006848.png
[2021/08/30-19:31:32] [http-nio-2020-exec-3] [INFO ] [com.hewie.blog.service.impl.ImageServiceImpl] : name === >879723300375232512.jpeg
[2021/08/30-19:31:32] [http-nio-2020-exec-3] [INFO ] [com.hewie.blog.service.impl.ImageServiceImpl] : get image path ===>F:\Blog\images\2021_08_24\jpeg\879723300375232512.jpeg
[2021/08/30-19:31:32] [http-nio-2020-exec-1] [INFO ] [com.hewie.blog.service.impl.ImageServiceImpl] : name === >878480260029480960.jpeg
[2021/08/30-19:31:32] [http-nio-2020-exec-1] [INFO ] [com.hewie.blog.service.impl.ImageServiceImpl] : get image path ===>F:\Blog\images\2021_08_21\jpeg\878480260029480960.jpeg
[2021/08/30-19:32:52] [http-nio-2020-exec-9] [INFO ] [com.hewie.blog.utils.CookieUtils] : cookies is null
[2021/08/30-19:32:52] [http-nio-2020-exec-3] [INFO ] [com.hewie.blog.utils.CookieUtils] : cookies is null
[2021/08/30-19:32:52] [http-nio-2020-exec-2] [INFO ] [com.hewie.blog.service.impl.ImageServiceImpl] : name === >879723300375232512.jpeg
[2021/08/30-19:32:52] [http-nio-2020-exec-2] [INFO ] [com.hewie.blog.service.impl.ImageServiceImpl] : get image path ===>F:\Blog\images\2021_08_24\jpeg\879723300375232512.jpeg
[2021/08/30-19:32:52] [http-nio-2020-exec-7] [INFO ] [com.hewie.blog.service.impl.ImageServiceImpl] : name === >870122291931906048.jpeg
[2021/08/30-19:32:52] [http-nio-2020-exec-10] [INFO ] [com.hewie.blog.service.impl.ImageServiceImpl] : name === >878690775171334144.jpeg
[2021/08/30-19:32:52] [http-nio-2020-exec-1] [INFO ] [com.hewie.blog.service.impl.ImageServiceImpl] : name === >879730501022121984.jpeg
[2021/08/30-19:32:52] [http-nio-2020-exec-8] [INFO ] [com.hewie.blog.service.impl.ImageServiceImpl] : name === >879729794349006848.png
[2021/08/30-19:32:52] [http-nio-2020-exec-1] [INFO ] [com.hewie.blog.service.impl.ImageServiceImpl] : get image path ===>F:\Blog\images\2021_08_24\jpeg\879730501022121984.jpeg
[2021/08/30-19:32:52] [http-nio-2020-exec-7] [INFO ] [com.hewie.blog.service.impl.ImageServiceImpl] : get image path ===>F:\Blog\images\2021_07_29\jpeg\870122291931906048.jpeg
[2021/08/30-19:32:52] [http-nio-2020-exec-10] [INFO ] [com.hewie.blog.service.impl.ImageServiceImpl] : get image path ===>F:\Blog\images\2021_08_21\jpeg\878690775171334144.jpeg
[2021/08/30-19:32:52] [http-nio-2020-exec-8] [INFO ] [com.hewie.blog.service.impl.ImageServiceImpl] : get image path ===>F:\Blog\images\2021_08_24\png\879729794349006848.png
[2021/08/30-19:32:52] [http-nio-2020-exec-6] [INFO ] [com.hewie.blog.service.impl.ImageServiceImpl] : name === >878480260029480960.jpeg
[2021/08/30-19:32:52] [http-nio-2020-exec-6] [INFO ] [com.hewie.blog.service.impl.ImageServiceImpl] : get image path ===>F:\Blog\images\2021_08_21\jpeg\878480260029480960.jpeg
[2021/08/30-19:33:07] [http-nio-2020-exec-5] [INFO ] [com.hewie.blog.utils.CookieUtils] : cookies is null
[2021/08/30-19:33:07] [http-nio-2020-exec-9] [INFO ] [com.hewie.blog.utils.CookieUtils] : cookies is null
[2021/08/30-19:33:07] [http-nio-2020-exec-6] [INFO ] [com.hewie.blog.service.impl.ImageServiceImpl] : name === >870122291931906048.jpeg
[2021/08/30-19:33:07] [http-nio-2020-exec-6] [INFO ] [com.hewie.blog.service.impl.ImageServiceImpl] : get image path ===>F:\Blog\images\2021_07_29\jpeg\870122291931906048.jpeg
[2021/08/30-19:33:07] [http-nio-2020-exec-3] [INFO ] [com.hewie.blog.service.impl.ImageServiceImpl] : name === >879730501022121984.jpeg
[2021/08/30-19:33:07] [http-nio-2020-exec-3] [INFO ] [com.hewie.blog.service.impl.ImageServiceImpl] : get image path ===>F:\Blog\images\2021_08_24\jpeg\879730501022121984.jpeg
[2021/08/30-19:33:07] [http-nio-2020-exec-8] [INFO ] [com.hewie.blog.service.impl.ImageServiceImpl] : name === >878480260029480960.jpeg
[2021/08/30-19:33:07] [http-nio-2020-exec-8] [INFO ] [com.hewie.blog.service.impl.ImageServiceImpl] : get image path ===>F:\Blog\images\2021_08_21\jpeg\878480260029480960.jpeg
[2021/08/30-19:33:07] [http-nio-2020-exec-1] [INFO ] [com.hewie.blog.service.impl.ImageServiceImpl] : name === >878690775171334144.jpeg
[2021/08/30-19:33:07] [http-nio-2020-exec-1] [INFO ] [com.hewie.blog.service.impl.ImageServiceImpl] : get image path ===>F:\Blog\images\2021_08_21\jpeg\878690775171334144.jpeg
[2021/08/30-19:33:07] [http-nio-2020-exec-10] [INFO ] [com.hewie.blog.service.impl.ImageServiceImpl] : name === >879729794349006848.png
[2021/08/30-19:33:07] [http-nio-2020-exec-10] [INFO ] [com.hewie.blog.service.impl.ImageServiceImpl] : get image path ===>F:\Blog\images\2021_08_24\png\879729794349006848.png
[2021/08/30-19:33:08] [http-nio-2020-exec-2] [INFO ] [com.hewie.blog.service.impl.ImageServiceImpl] : name === >879723300375232512.jpeg
[2021/08/30-19:33:08] [http-nio-2020-exec-2] [INFO ] [com.hewie.blog.service.impl.ImageServiceImpl] : get image path ===>F:\Blog\images\2021_08_24\jpeg\879723300375232512.jpeg
[2021/08/30-19:33:15] [http-nio-2020-exec-4] [INFO ] [com.hewie.blog.utils.CookieUtils] : cookies is null
[2021/08/30-19:33:15] [http-nio-2020-exec-5] [INFO ] [com.hewie.blog.utils.CookieUtils] : cookies is null
[2021/08/30-19:33:15] [http-nio-2020-exec-3] [INFO ] [com.hewie.blog.service.impl.ImageServiceImpl] : name === >879723300375232512.jpeg
[2021/08/30-19:33:15] [http-nio-2020-exec-6] [INFO ] [com.hewie.blog.service.impl.ImageServiceImpl] : name === >878690775171334144.jpeg
[2021/08/30-19:33:15] [http-nio-2020-exec-3] [INFO ] [com.hewie.blog.service.impl.ImageServiceImpl] : get image path ===>F:\Blog\images\2021_08_24\jpeg\879723300375232512.jpeg
[2021/08/30-19:33:15] [http-nio-2020-exec-6] [INFO ] [com.hewie.blog.service.impl.ImageServiceImpl] : get image path ===>F:\Blog\images\2021_08_21\jpeg\878690775171334144.jpeg
[2021/08/30-19:33:15] [http-nio-2020-exec-8] [INFO ] [com.hewie.blog.service.impl.ImageServiceImpl] : name === >879729794349006848.png
[2021/08/30-19:33:15] [http-nio-2020-exec-9] [INFO ] [com.hewie.blog.service.impl.ImageServiceImpl] : name === >879730501022121984.jpeg
[2021/08/30-19:33:15] [http-nio-2020-exec-8] [INFO ] [com.hewie.blog.service.impl.ImageServiceImpl] : get image path ===>F:\Blog\images\2021_08_24\png\879729794349006848.png
[2021/08/30-19:33:15] [http-nio-2020-exec-9] [INFO ] [com.hewie.blog.service.impl.ImageServiceImpl] : get image path ===>F:\Blog\images\2021_08_24\jpeg\879730501022121984.jpeg
[2021/08/30-19:33:15] [http-nio-2020-exec-1] [INFO ] [com.hewie.blog.service.impl.ImageServiceImpl] : name === >878480260029480960.jpeg
[2021/08/30-19:33:15] [http-nio-2020-exec-1] [INFO ] [com.hewie.blog.service.impl.ImageServiceImpl] : get image path ===>F:\Blog\images\2021_08_21\jpeg\878480260029480960.jpeg
[2021/08/30-19:33:15] [http-nio-2020-exec-10] [INFO ] [com.hewie.blog.service.impl.ImageServiceImpl] : name === >870122291931906048.jpeg
[2021/08/30-19:33:15] [http-nio-2020-exec-10] [INFO ] [com.hewie.blog.service.impl.ImageServiceImpl] : get image path ===>F:\Blog\images\2021_07_29\jpeg\870122291931906048.jpeg
[2021/08/30-19:34:26] [http-nio-2020-exec-9] [INFO ] [com.hewie.blog.utils.CookieUtils] : cookies is null
[2021/08/30-19:34:26] [http-nio-2020-exec-1] [INFO ] [com.hewie.blog.utils.CookieUtils] : cookies is null
[2021/08/30-19:34:26] [http-nio-2020-exec-4] [INFO ] [com.hewie.blog.service.impl.ImageServiceImpl] : name === >879729794349006848.png
[2021/08/30-19:34:26] [http-nio-2020-exec-2] [INFO ] [com.hewie.blog.service.impl.ImageServiceImpl] : name === >878690775171334144.jpeg
[2021/08/30-19:34:26] [http-nio-2020-exec-2] [INFO ] [com.hewie.blog.service.impl.ImageServiceImpl] : get image path ===>F:\Blog\images\2021_08_21\jpeg\878690775171334144.jpeg
[2021/08/30-19:34:26] [http-nio-2020-exec-3] [INFO ] [com.hewie.blog.service.impl.ImageServiceImpl] : name === >879723300375232512.jpeg
[2021/08/30-19:34:26] [http-nio-2020-exec-3] [INFO ] [com.hewie.blog.service.impl.ImageServiceImpl] : get image path ===>F:\Blog\images\2021_08_24\jpeg\879723300375232512.jpeg
[2021/08/30-19:34:26] [http-nio-2020-exec-4] [INFO ] [com.hewie.blog.service.impl.ImageServiceImpl] : get image path ===>F:\Blog\images\2021_08_24\png\879729794349006848.png
[2021/08/30-19:34:26] [http-nio-2020-exec-5] [INFO ] [com.hewie.blog.service.impl.ImageServiceImpl] : name === >870122291931906048.jpeg
[2021/08/30-19:34:26] [http-nio-2020-exec-5] [INFO ] [com.hewie.blog.service.impl.ImageServiceImpl] : get image path ===>F:\Blog\images\2021_07_29\jpeg\870122291931906048.jpeg
[2021/08/30-19:34:26] [http-nio-2020-exec-7] [INFO ] [com.hewie.blog.service.impl.ImageServiceImpl] : name === >878480260029480960.jpeg
[2021/08/30-19:34:26] [http-nio-2020-exec-7] [INFO ] [com.hewie.blog.service.impl.ImageServiceImpl] : get image path ===>F:\Blog\images\2021_08_21\jpeg\878480260029480960.jpeg
[2021/08/30-19:34:26] [http-nio-2020-exec-10] [INFO ] [com.hewie.blog.service.impl.ImageServiceImpl] : name === >879730501022121984.jpeg
[2021/08/30-19:34:26] [http-nio-2020-exec-10] [INFO ] [com.hewie.blog.service.impl.ImageServiceImpl] : get image path ===>F:\Blog\images\2021_08_24\jpeg\879730501022121984.jpeg
[2021/08/30-23:47:43] [http-nio-2020-exec-5] [INFO ] [com.hewie.blog.utils.CookieUtils] : cookies is null
[2021/08/30-23:47:43] [http-nio-2020-exec-7] [INFO ] [com.hewie.blog.utils.CookieUtils] : cookies is null
[2021/08/30-23:47:43] [http-nio-2020-exec-9] [INFO ] [com.hewie.blog.service.impl.ImageServiceImpl] : name === >878480260029480960.jpeg
[2021/08/30-23:47:43] [http-nio-2020-exec-8] [INFO ] [com.hewie.blog.service.impl.ImageServiceImpl] : name === >878690775171334144.jpeg
[2021/08/30-23:47:43] [http-nio-2020-exec-9] [INFO ] [com.hewie.blog.service.impl.ImageServiceImpl] : get image path ===>F:\Blog\images\2021_08_21\jpeg\878480260029480960.jpeg
[2021/08/30-23:47:43] [http-nio-2020-exec-8] [INFO ] [com.hewie.blog.service.impl.ImageServiceImpl] : get image path ===>F:\Blog\images\2021_08_21\jpeg\878690775171334144.jpeg
[2021/08/30-23:47:43] [http-nio-2020-exec-1] [INFO ] [com.hewie.blog.service.impl.ImageServiceImpl] : name === >870122291931906048.jpeg
[2021/08/30-23:47:43] [http-nio-2020-exec-1] [INFO ] [com.hewie.blog.service.impl.ImageServiceImpl] : get image path ===>F:\Blog\images\2021_07_29\jpeg\870122291931906048.jpeg
[2021/08/30-23:47:43] [http-nio-2020-exec-6] [INFO ] [com.hewie.blog.service.impl.ImageServiceImpl] : name === >879723300375232512.jpeg
[2021/08/30-23:47:43] [http-nio-2020-exec-6] [INFO ] [com.hewie.blog.service.impl.ImageServiceImpl] : get image path ===>F:\Blog\images\2021_08_24\jpeg\879723300375232512.jpeg
[2021/08/30-23:47:43] [http-nio-2020-exec-4] [INFO ] [com.hewie.blog.service.impl.ImageServiceImpl] : name === >879729794349006848.png
[2021/08/30-23:47:43] [http-nio-2020-exec-4] [INFO ] [com.hewie.blog.service.impl.ImageServiceImpl] : get image path ===>F:\Blog\images\2021_08_24\png\879729794349006848.png
[2021/08/30-23:47:43] [http-nio-2020-exec-10] [INFO ] [com.hewie.blog.service.impl.ImageServiceImpl] : name === >879730501022121984.jpeg
[2021/08/30-23:47:43] [http-nio-2020-exec-10] [INFO ] [com.hewie.blog.service.impl.ImageServiceImpl] : get image path ===>F:\Blog\images\2021_08_24\jpeg\879730501022121984.jpeg
[2021/08/30-23:49:35] [http-nio-2020-exec-9] [INFO ] [com.hewie.blog.service.impl.ImageServiceImpl] : name === >879730501022121984.jpeg
[2021/08/30-23:49:35] [http-nio-2020-exec-9] [INFO ] [com.hewie.blog.service.impl.ImageServiceImpl] : get image path ===>F:\Blog\images\2021_08_24\jpeg\879730501022121984.jpeg
[2021/08/30-23:49:35] [http-nio-2020-exec-6] [INFO ] [com.hewie.blog.service.impl.ImageServiceImpl] : name === >879723300375232512.jpeg
[2021/08/30-23:49:35] [http-nio-2020-exec-6] [INFO ] [com.hewie.blog.service.impl.ImageServiceImpl] : get image path ===>F:\Blog\images\2021_08_24\jpeg\879723300375232512.jpeg
[2021/08/30-23:49:35] [http-nio-2020-exec-8] [INFO ] [com.hewie.blog.service.impl.ImageServiceImpl] : name === >878690775171334144.jpeg
[2021/08/30-23:49:35] [http-nio-2020-exec-2] [INFO ] [com.hewie.blog.service.impl.ImageServiceImpl] : name === >870122291931906048.jpeg
[2021/08/30-23:49:35] [http-nio-2020-exec-2] [INFO ] [com.hewie.blog.service.impl.ImageServiceImpl] : get image path ===>F:\Blog\images\2021_07_29\jpeg\870122291931906048.jpeg
[2021/08/30-23:49:35] [http-nio-2020-exec-8] [INFO ] [com.hewie.blog.service.impl.ImageServiceImpl] : get image path ===>F:\Blog\images\2021_08_21\jpeg\878690775171334144.jpeg
[2021/08/30-23:49:35] [http-nio-2020-exec-5] [INFO ] [com.hewie.blog.service.impl.ImageServiceImpl] : name === >879730501022121984.jpeg
[2021/08/30-23:49:35] [http-nio-2020-exec-10] [INFO ] [com.hewie.blog.service.impl.ImageServiceImpl] : name === >878480260029480960.jpeg
[2021/08/30-23:49:35] [http-nio-2020-exec-10] [INFO ] [com.hewie.blog.service.impl.ImageServiceImpl] : get image path ===>F:\Blog\images\2021_08_21\jpeg\878480260029480960.jpeg
[2021/08/30-23:49:35] [http-nio-2020-exec-5] [INFO ] [com.hewie.blog.service.impl.ImageServiceImpl] : get image path ===>F:\Blog\images\2021_08_24\jpeg\879730501022121984.jpeg
[2021/08/30-23:49:36] [http-nio-2020-exec-3] [INFO ] [com.hewie.blog.service.impl.ImageServiceImpl] : name === >878690775171334144.jpeg
[2021/08/30-23:49:36] [http-nio-2020-exec-3] [INFO ] [com.hewie.blog.service.impl.ImageServiceImpl] : get image path ===>F:\Blog\images\2021_08_21\jpeg\878690775171334144.jpeg
[2021/08/30-23:49:36] [http-nio-2020-exec-7] [INFO ] [com.hewie.blog.service.impl.ImageServiceImpl] : name === >879723300375232512.jpeg
[2021/08/30-23:49:36] [http-nio-2020-exec-1] [INFO ] [com.hewie.blog.service.impl.ImageServiceImpl] : name === >870122291931906048.jpeg
[2021/08/30-23:49:36] [http-nio-2020-exec-7] [INFO ] [com.hewie.blog.service.impl.ImageServiceImpl] : get image path ===>F:\Blog\images\2021_08_24\jpeg\879723300375232512.jpeg
[2021/08/30-23:49:36] [http-nio-2020-exec-1] [INFO ] [com.hewie.blog.service.impl.ImageServiceImpl] : get image path ===>F:\Blog\images\2021_07_29\jpeg\870122291931906048.jpeg
[2021/08/30-23:49:36] [http-nio-2020-exec-4] [INFO ] [com.hewie.blog.service.impl.ImageServiceImpl] : name === >878480260029480960.jpeg
[2021/08/30-23:49:36] [http-nio-2020-exec-4] [INFO ] [com.hewie.blog.service.impl.ImageServiceImpl] : get image path ===>F:\Blog\images\2021_08_21\jpeg\878480260029480960.jpeg
[2021/08/30-23:50:00] [http-nio-2020-exec-9] [INFO ] [com.hewie.blog.service.impl.ImageServiceImpl] : name === >879730501022121984.jpeg
[2021/08/30-23:50:00] [http-nio-2020-exec-9] [INFO ] [com.hewie.blog.service.impl.ImageServiceImpl] : get image path ===>F:\Blog\images\2021_08_24\jpeg\879730501022121984.jpeg
[2021/08/30-23:50:00] [http-nio-2020-exec-2] [INFO ] [com.hewie.blog.service.impl.ImageServiceImpl] : name === >878690775171334144.jpeg
[2021/08/30-23:50:00] [http-nio-2020-exec-6] [INFO ] [com.hewie.blog.service.impl.ImageServiceImpl] : name === >879723300375232512.jpeg
[2021/08/30-23:50:00] [http-nio-2020-exec-2] [INFO ] [com.hewie.blog.service.impl.ImageServiceImpl] : get image path ===>F:\Blog\images\2021_08_21\jpeg\878690775171334144.jpeg
[2021/08/30-23:50:00] [http-nio-2020-exec-6] [INFO ] [com.hewie.blog.service.impl.ImageServiceImpl] : get image path ===>F:\Blog\images\2021_08_24\jpeg\879723300375232512.jpeg
[2021/08/30-23:50:00] [http-nio-2020-exec-10] [INFO ] [com.hewie.blog.service.impl.ImageServiceImpl] : name === >870122291931906048.jpeg
[2021/08/30-23:50:00] [http-nio-2020-exec-10] [INFO ] [com.hewie.blog.service.impl.ImageServiceImpl] : get image path ===>F:\Blog\images\2021_07_29\jpeg\870122291931906048.jpeg
[2021/08/30-23:50:00] [http-nio-2020-exec-8] [INFO ] [com.hewie.blog.service.impl.ImageServiceImpl] : name === >878480260029480960.jpeg
[2021/08/30-23:50:00] [http-nio-2020-exec-8] [INFO ] [com.hewie.blog.service.impl.ImageServiceImpl] : get image path ===>F:\Blog\images\2021_08_21\jpeg\878480260029480960.jpeg
[2021/08/30-23:50:00] [http-nio-2020-exec-3] [INFO ] [com.hewie.blog.utils.CookieUtils] : cookies is null
[2021/08/30-23:50:00] [http-nio-2020-exec-5] [INFO ] [com.hewie.blog.utils.CookieUtils] : cookies is null
[2021/08/30-23:50:01] [http-nio-2020-exec-4] [INFO ] [com.hewie.blog.service.impl.ImageServiceImpl] : name === >879723300375232512.jpeg
[2021/08/30-23:50:01] [http-nio-2020-exec-9] [INFO ] [com.hewie.blog.service.impl.ImageServiceImpl] : name === >878480260029480960.jpeg
[2021/08/30-23:50:01] [http-nio-2020-exec-4] [INFO ] [com.hewie.blog.service.impl.ImageServiceImpl] : get image path ===>F:\Blog\images\2021_08_24\jpeg\879723300375232512.jpeg
[2021/08/30-23:50:01] [http-nio-2020-exec-9] [INFO ] [com.hewie.blog.service.impl.ImageServiceImpl] : get image path ===>F:\Blog\images\2021_08_21\jpeg\878480260029480960.jpeg
[2021/08/30-23:50:01] [http-nio-2020-exec-2] [INFO ] [com.hewie.blog.service.impl.ImageServiceImpl] : name === >870122291931906048.jpeg
[2021/08/30-23:50:01] [http-nio-2020-exec-2] [INFO ] [com.hewie.blog.service.impl.ImageServiceImpl] : get image path ===>F:\Blog\images\2021_07_29\jpeg\870122291931906048.jpeg
[2021/08/30-23:50:01] [http-nio-2020-exec-10] [INFO ] [com.hewie.blog.service.impl.ImageServiceImpl] : name === >879729794349006848.png
[2021/08/30-23:50:01] [http-nio-2020-exec-10] [INFO ] [com.hewie.blog.service.impl.ImageServiceImpl] : get image path ===>F:\Blog\images\2021_08_24\png\879729794349006848.png
[2021/08/30-23:50:01] [http-nio-2020-exec-6] [INFO ] [com.hewie.blog.service.impl.ImageServiceImpl] : name === >878690775171334144.jpeg
[2021/08/30-23:50:01] [http-nio-2020-exec-6] [INFO ] [com.hewie.blog.service.impl.ImageServiceImpl] : get image path ===>F:\Blog\images\2021_08_21\jpeg\878690775171334144.jpeg
[2021/08/30-23:50:01] [http-nio-2020-exec-1] [INFO ] [com.hewie.blog.service.impl.ImageServiceImpl] : name === >879730501022121984.jpeg
[2021/08/30-23:50:01] [http-nio-2020-exec-1] [INFO ] [com.hewie.blog.service.impl.ImageServiceImpl] : get image path ===>F:\Blog\images\2021_08_24\jpeg\879730501022121984.jpeg
[2021/08/30-23:50:33] [http-nio-2020-exec-7] [INFO ] [com.hewie.blog.utils.CookieUtils] : cookies is null
[2021/08/30-23:50:33] [http-nio-2020-exec-3] [INFO ] [com.hewie.blog.utils.CookieUtils] : cookies is null
[2021/08/30-23:50:34] [http-nio-2020-exec-5] [INFO ] [com.hewie.blog.service.impl.ImageServiceImpl] : name === >879730501022121984.jpeg
[2021/08/30-23:50:34] [http-nio-2020-exec-5] [INFO ] [com.hewie.blog.service.impl.ImageServiceImpl] : get image path ===>F:\Blog\images\2021_08_24\jpeg\879730501022121984.jpeg
[2021/08/30-23:50:34] [http-nio-2020-exec-9] [INFO ] [com.hewie.blog.service.impl.ImageServiceImpl] : name === >879723300375232512.jpeg
[2021/08/30-23:50:34] [http-nio-2020-exec-9] [INFO ] [com.hewie.blog.service.impl.ImageServiceImpl] : get image path ===>F:\Blog\images\2021_08_24\jpeg\879723300375232512.jpeg
[2021/08/30-23:50:34] [http-nio-2020-exec-10] [INFO ] [com.hewie.blog.service.impl.ImageServiceImpl] : name === >878480260029480960.jpeg
[2021/08/30-23:50:34] [http-nio-2020-exec-10] [INFO ] [com.hewie.blog.service.impl.ImageServiceImpl] : get image path ===>F:\Blog\images\2021_08_21\jpeg\878480260029480960.jpeg
[2021/08/30-23:50:34] [http-nio-2020-exec-6] [INFO ] [com.hewie.blog.service.impl.ImageServiceImpl] : name === >879729794349006848.png
[2021/08/30-23:50:34] [http-nio-2020-exec-6] [INFO ] [com.hewie.blog.service.impl.ImageServiceImpl] : get image path ===>F:\Blog\images\2021_08_24\png\879729794349006848.png
[2021/08/30-23:50:34] [http-nio-2020-exec-2] [INFO ] [com.hewie.blog.service.impl.ImageServiceImpl] : name === >870122291931906048.jpeg
[2021/08/30-23:50:34] [http-nio-2020-exec-2] [INFO ] [com.hewie.blog.service.impl.ImageServiceImpl] : get image path ===>F:\Blog\images\2021_07_29\jpeg\870122291931906048.jpeg
[2021/08/30-23:50:34] [http-nio-2020-exec-4] [INFO ] [com.hewie.blog.service.impl.ImageServiceImpl] : name === >878690775171334144.jpeg
[2021/08/30-23:50:34] [http-nio-2020-exec-4] [INFO ] [com.hewie.blog.service.impl.ImageServiceImpl] : get image path ===>F:\Blog\images\2021_08_21\jpeg\878690775171334144.jpeg
[2021/08/30-23:50:43] [http-nio-2020-exec-8] [INFO ] [com.hewie.blog.utils.CookieUtils] : cookies is null
[2021/08/30-23:50:43] [http-nio-2020-exec-7] [INFO ] [com.hewie.blog.utils.CookieUtils] : cookies is null
[2021/08/30-23:50:43] [http-nio-2020-exec-5] [INFO ] [com.hewie.blog.service.impl.ImageServiceImpl] : name === >879723300375232512.jpeg
[2021/08/30-23:50:43] [http-nio-2020-exec-5] [INFO ] [com.hewie.blog.service.impl.ImageServiceImpl] : get image path ===>F:\Blog\images\2021_08_24\jpeg\879723300375232512.jpeg
[2021/08/30-23:50:43] [http-nio-2020-exec-9] [INFO ] [com.hewie.blog.service.impl.ImageServiceImpl] : name === >878690775171334144.jpeg
[2021/08/30-23:50:43] [http-nio-2020-exec-9] [INFO ] [com.hewie.blog.service.impl.ImageServiceImpl] : get image path ===>F:\Blog\images\2021_08_21\jpeg\878690775171334144.jpeg
[2021/08/30-23:50:44] [http-nio-2020-exec-3] [INFO ] [com.hewie.blog.service.impl.ImageServiceImpl] : name === >879730501022121984.jpeg
[2021/08/30-23:50:44] [http-nio-2020-exec-3] [INFO ] [com.hewie.blog.service.impl.ImageServiceImpl] : get image path ===>F:\Blog\images\2021_08_24\jpeg\879730501022121984.jpeg
[2021/08/30-23:50:43] [http-nio-2020-exec-6] [INFO ] [com.hewie.blog.service.impl.ImageServiceImpl] : name === >878480260029480960.jpeg
[2021/08/30-23:50:44] [http-nio-2020-exec-6] [INFO ] [com.hewie.blog.service.impl.ImageServiceImpl] : get image path ===>F:\Blog\images\2021_08_21\jpeg\878480260029480960.jpeg
[2021/08/30-23:50:44] [http-nio-2020-exec-2] [INFO ] [com.hewie.blog.service.impl.ImageServiceImpl] : name === >879729794349006848.png
[2021/08/30-23:50:44] [http-nio-2020-exec-2] [INFO ] [com.hewie.blog.service.impl.ImageServiceImpl] : get image path ===>F:\Blog\images\2021_08_24\png\879729794349006848.png
[2021/08/30-23:50:44] [http-nio-2020-exec-10] [INFO ] [com.hewie.blog.service.impl.ImageServiceImpl] : name === >870122291931906048.jpeg
[2021/08/30-23:50:44] [http-nio-2020-exec-10] [INFO ] [com.hewie.blog.service.impl.ImageServiceImpl] : get image path ===>F:\Blog\images\2021_07_29\jpeg\870122291931906048.jpeg
[2021/08/30-23:54:49] [http-nio-2020-exec-9] [INFO ] [com.hewie.blog.utils.CookieUtils] : cookies is null
[2021/08/30-23:54:49] [http-nio-2020-exec-6] [INFO ] [com.hewie.blog.utils.CookieUtils] : cookies is null
[2021/08/30-23:54:50] [http-nio-2020-exec-10] [INFO ] [com.hewie.blog.service.impl.ImageServiceImpl] : name === >879729794349006848.png
[2021/08/30-23:54:50] [http-nio-2020-exec-10] [INFO ] [com.hewie.blog.service.impl.ImageServiceImpl] : get image path ===>F:\Blog\images\2021_08_24\png\879729794349006848.png
[2021/08/30-23:54:50] [http-nio-2020-exec-1] [INFO ] [com.hewie.blog.service.impl.ImageServiceImpl] : name === >879723300375232512.jpeg
[2021/08/30-23:54:50] [http-nio-2020-exec-1] [INFO ] [com.hewie.blog.service.impl.ImageServiceImpl] : get image path ===>F:\Blog\images\2021_08_24\jpeg\879723300375232512.jpeg
[2021/08/30-23:54:50] [http-nio-2020-exec-8] [INFO ] [com.hewie.blog.service.impl.ImageServiceImpl] : name === >878690775171334144.jpeg
[2021/08/30-23:54:50] [http-nio-2020-exec-8] [INFO ] [com.hewie.blog.service.impl.ImageServiceImpl] : get image path ===>F:\Blog\images\2021_08_21\jpeg\878690775171334144.jpeg
[2021/08/30-23:54:50] [http-nio-2020-exec-4] [INFO ] [com.hewie.blog.service.impl.ImageServiceImpl] : name === >879730501022121984.jpeg
[2021/08/30-23:54:50] [http-nio-2020-exec-4] [INFO ] [com.hewie.blog.service.impl.ImageServiceImpl] : get image path ===>F:\Blog\images\2021_08_24\jpeg\879730501022121984.jpeg
[2021/08/30-23:54:50] [http-nio-2020-exec-7] [INFO ] [com.hewie.blog.service.impl.ImageServiceImpl] : name === >878480260029480960.jpeg
[2021/08/30-23:54:50] [http-nio-2020-exec-7] [INFO ] [com.hewie.blog.service.impl.ImageServiceImpl] : get image path ===>F:\Blog\images\2021_08_21\jpeg\878480260029480960.jpeg
[2021/08/30-23:54:50] [http-nio-2020-exec-3] [INFO ] [com.hewie.blog.service.impl.ImageServiceImpl] : name === >870122291931906048.jpeg
[2021/08/30-23:54:50] [http-nio-2020-exec-3] [INFO ] [com.hewie.blog.service.impl.ImageServiceImpl] : get image path ===>F:\Blog\images\2021_07_29\jpeg\870122291931906048.jpeg
[2021/08/30-23:57:35] [http-nio-2020-exec-10] [INFO ] [com.hewie.blog.utils.CookieUtils] : cookies is null
[2021/08/30-23:57:35] [http-nio-2020-exec-8] [INFO ] [com.hewie.blog.utils.CookieUtils] : cookies is null
[2021/08/30-23:57:35] [http-nio-2020-exec-4] [INFO ] [com.hewie.blog.service.impl.ImageServiceImpl] : name === >879723300375232512.jpeg
[2021/08/30-23:57:35] [http-nio-2020-exec-4] [INFO ] [com.hewie.blog.service.impl.ImageServiceImpl] : get image path ===>F:\Blog\images\2021_08_24\jpeg\879723300375232512.jpeg
[2021/08/30-23:57:35] [http-nio-2020-exec-5] [INFO ] [com.hewie.blog.service.impl.ImageServiceImpl] : name === >870122291931906048.jpeg
[2021/08/30-23:57:35] [http-nio-2020-exec-5] [INFO ] [com.hewie.blog.service.impl.ImageServiceImpl] : get image path ===>F:\Blog\images\2021_07_29\jpeg\870122291931906048.jpeg
[2021/08/30-23:57:35] [http-nio-2020-exec-7] [INFO ] [com.hewie.blog.service.impl.ImageServiceImpl] : name === >878690775171334144.jpeg
[2021/08/30-23:57:35] [http-nio-2020-exec-7] [INFO ] [com.hewie.blog.service.impl.ImageServiceImpl] : get image path ===>F:\Blog\images\2021_08_21\jpeg\878690775171334144.jpeg
[2021/08/30-23:57:35] [http-nio-2020-exec-9] [INFO ] [com.hewie.blog.service.impl.ImageServiceImpl] : name === >879729794349006848.png
[2021/08/30-23:57:35] [http-nio-2020-exec-9] [INFO ] [com.hewie.blog.service.impl.ImageServiceImpl] : get image path ===>F:\Blog\images\2021_08_24\png\879729794349006848.png
[2021/08/30-23:57:35] [http-nio-2020-exec-3] [INFO ] [com.hewie.blog.service.impl.ImageServiceImpl] : name === >878480260029480960.jpeg
[2021/08/30-23:57:35] [http-nio-2020-exec-3] [INFO ] [com.hewie.blog.service.impl.ImageServiceImpl] : get image path ===>F:\Blog\images\2021_08_21\jpeg\878480260029480960.jpeg
[2021/08/30-23:57:35] [http-nio-2020-exec-1] [INFO ] [com.hewie.blog.service.impl.ImageServiceImpl] : name === >879730501022121984.jpeg
[2021/08/30-23:57:35] [http-nio-2020-exec-1] [INFO ] [com.hewie.blog.service.impl.ImageServiceImpl] : get image path ===>F:\Blog\images\2021_08_24\jpeg\879730501022121984.jpeg
[2021/08/30-23:57:56] [http-nio-2020-exec-6] [INFO ] [com.hewie.blog.utils.CookieUtils] : cookies is null
[2021/08/30-23:57:56] [http-nio-2020-exec-10] [INFO ] [com.hewie.blog.utils.CookieUtils] : cookies is null
[2021/08/30-23:57:56] [http-nio-2020-exec-7] [INFO ] [com.hewie.blog.service.impl.ImageServiceImpl] : name === >878480260029480960.jpeg
[2021/08/30-23:57:56] [http-nio-2020-exec-7] [INFO ] [com.hewie.blog.service.impl.ImageServiceImpl] : get image path ===>F:\Blog\images\2021_08_21\jpeg\878480260029480960.jpeg
[2021/08/30-23:57:56] [http-nio-2020-exec-8] [INFO ] [com.hewie.blog.service.impl.ImageServiceImpl] : name === >879730501022121984.jpeg
[2021/08/30-23:57:56] [http-nio-2020-exec-8] [INFO ] [com.hewie.blog.service.impl.ImageServiceImpl] : get image path ===>F:\Blog\images\2021_08_24\jpeg\879730501022121984.jpeg
[2021/08/30-23:57:56] [http-nio-2020-exec-3] [INFO ] [com.hewie.blog.service.impl.ImageServiceImpl] : name === >879729794349006848.png
[2021/08/30-23:57:56] [http-nio-2020-exec-3] [INFO ] [com.hewie.blog.service.impl.ImageServiceImpl] : get image path ===>F:\Blog\images\2021_08_24\png\879729794349006848.png
[2021/08/30-23:57:56] [http-nio-2020-exec-5] [INFO ] [com.hewie.blog.service.impl.ImageServiceImpl] : name === >878690775171334144.jpeg
[2021/08/30-23:57:56] [http-nio-2020-exec-5] [INFO ] [com.hewie.blog.service.impl.ImageServiceImpl] : get image path ===>F:\Blog\images\2021_08_21\jpeg\878690775171334144.jpeg
[2021/08/30-23:57:56] [http-nio-2020-exec-9] [INFO ] [com.hewie.blog.service.impl.ImageServiceImpl] : name === >870122291931906048.jpeg
[2021/08/30-23:57:56] [http-nio-2020-exec-9] [INFO ] [com.hewie.blog.service.impl.ImageServiceImpl] : get image path ===>F:\Blog\images\2021_07_29\jpeg\870122291931906048.jpeg
[2021/08/30-23:57:56] [http-nio-2020-exec-4] [INFO ] [com.hewie.blog.service.impl.ImageServiceImpl] : name === >879723300375232512.jpeg
[2021/08/30-23:57:56] [http-nio-2020-exec-4] [INFO ] [com.hewie.blog.service.impl.ImageServiceImpl] : get image path ===>F:\Blog\images\2021_08_24\jpeg\879723300375232512.jpeg
[2021/08/30-23:58:21] [http-nio-2020-exec-2] [INFO ] [com.hewie.blog.utils.CookieUtils] : cookies is null
[2021/08/30-23:58:21] [http-nio-2020-exec-6] [INFO ] [com.hewie.blog.utils.CookieUtils] : cookies is null
[2021/08/30-23:58:21] [http-nio-2020-exec-10] [INFO ] [com.hewie.blog.service.impl.ImageServiceImpl] : name === >879730501022121984.jpeg
[2021/08/30-23:58:21] [http-nio-2020-exec-10] [INFO ] [com.hewie.blog.service.impl.ImageServiceImpl] : get image path ===>F:\Blog\images\2021_08_24\jpeg\879730501022121984.jpeg
[2021/08/30-23:58:21] [http-nio-2020-exec-8] [INFO ] [com.hewie.blog.service.impl.ImageServiceImpl] : name === >878690775171334144.jpeg
[2021/08/30-23:58:21] [http-nio-2020-exec-8] [INFO ] [com.hewie.blog.service.impl.ImageServiceImpl] : get image path ===>F:\Blog\images\2021_08_21\jpeg\878690775171334144.jpeg
[2021/08/30-23:58:21] [http-nio-2020-exec-7] [INFO ] [com.hewie.blog.service.impl.ImageServiceImpl] : name === >879723300375232512.jpeg
[2021/08/30-23:58:21] [http-nio-2020-exec-7] [INFO ] [com.hewie.blog.service.impl.ImageServiceImpl] : get image path ===>F:\Blog\images\2021_08_24\jpeg\879723300375232512.jpeg
[2021/08/30-23:58:21] [http-nio-2020-exec-3] [INFO ] [com.hewie.blog.service.impl.ImageServiceImpl] : name === >878480260029480960.jpeg
[2021/08/30-23:58:21] [http-nio-2020-exec-3] [INFO ] [com.hewie.blog.service.impl.ImageServiceImpl] : get image path ===>F:\Blog\images\2021_08_21\jpeg\878480260029480960.jpeg
[2021/08/30-23:58:21] [http-nio-2020-exec-9] [INFO ] [com.hewie.blog.service.impl.ImageServiceImpl] : name === >879729794349006848.png
[2021/08/30-23:58:21] [http-nio-2020-exec-9] [INFO ] [com.hewie.blog.service.impl.ImageServiceImpl] : get image path ===>F:\Blog\images\2021_08_24\png\879729794349006848.png
[2021/08/30-23:58:21] [http-nio-2020-exec-5] [INFO ] [com.hewie.blog.service.impl.ImageServiceImpl] : name === >870122291931906048.jpeg
[2021/08/30-23:58:21] [http-nio-2020-exec-5] [INFO ] [com.hewie.blog.service.impl.ImageServiceImpl] : get image path ===>F:\Blog\images\2021_07_29\jpeg\870122291931906048.jpeg
