[2021/08/17-00:14:08] [main] [INFO ] [com.hewie.blog.BlogApplication] : Starting BlogApplication on Hewie-pc with PID 13824 (E:\Code\HewieBlogSystem\target\classes started by 34954 in E:\Code\HewieBlogSystem)
[2021/08/17-00:14:08] [main] [INFO ] [com.hewie.blog.BlogApplication] : The following profiles are active: dev
[2021/08/17-00:14:15] [main] [INFO ] [com.hewie.blog.BlogApplication] : Started BlogApplication in 7.022 seconds (JVM running for 8.172)
[2021/08/17-13:13:38] [main] [INFO ] [com.hewie.blog.BlogApplication] : Starting BlogApplication on Hewie-pc with PID 10632 (E:\Code\HewieBlogSystem\target\classes started by 34954 in E:\Code\HewieBlogSystem)
[2021/08/17-13:13:38] [main] [INFO ] [com.hewie.blog.BlogApplication] : The following profiles are active: dev
[2021/08/17-13:13:45] [main] [INFO ] [com.hewie.blog.BlogApplication] : Started BlogApplication in 8.074 seconds (JVM running for 9.43)
[2021/08/17-13:16:43] [main] [INFO ] [com.hewie.blog.BlogApplication] : Starting BlogApplication on Hewie-pc with PID 17056 (E:\Code\HewieBlogSystem\target\classes started by 34954 in E:\Code\HewieBlogSystem)
[2021/08/17-13:16:43] [main] [INFO ] [com.hewie.blog.BlogApplication] : The following profiles are active: dev
[2021/08/17-13:16:49] [main] [INFO ] [com.hewie.blog.BlogApplication] : Started BlogApplication in 6.714 seconds (JVM running for 7.865)
[2021/08/17-13:17:05] [http-nio-80-exec-3] [INFO ] [com.hewie.blog.interceptor.ApiInterceptor] : method name == >getPcLoginQrCode
[2021/08/17-13:17:13] [http-nio-80-exec-2] [INFO ] [com.hewie.blog.interceptor.ApiInterceptor] : method name == >getPcLoginQrCode
[2021/08/17-13:17:20] [http-nio-80-exec-4] [INFO ] [com.hewie.blog.interceptor.ApiInterceptor] : method name == >getPcLoginQrCode
[2021/08/17-13:17:24] [http-nio-80-exec-5] [INFO ] [com.hewie.blog.interceptor.ApiInterceptor] : method name == >getPcLoginQrCode
[2021/08/17-13:17:29] [http-nio-80-exec-6] [INFO ] [com.hewie.blog.interceptor.ApiInterceptor] : method name == >getPcLoginQrCode
[2021/08/17-13:17:30] [http-nio-80-exec-7] [INFO ] [com.hewie.blog.interceptor.ApiInterceptor] : method name == >getPcLoginQrCode
[2021/08/17-13:17:31] [http-nio-80-exec-8] [INFO ] [com.hewie.blog.interceptor.ApiInterceptor] : method name == >getPcLoginQrCode
[2021/08/17-13:18:13] [main] [INFO ] [com.hewie.blog.BlogApplication] : Starting BlogApplication on Hewie-pc with PID 4072 (E:\Code\HewieBlogSystem\target\classes started by 34954 in E:\Code\HewieBlogSystem)
[2021/08/17-13:18:13] [main] [INFO ] [com.hewie.blog.BlogApplication] : The following profiles are active: dev
[2021/08/17-13:18:20] [main] [INFO ] [com.hewie.blog.BlogApplication] : Started BlogApplication in 7.067 seconds (JVM running for 8.331)
[2021/08/17-13:18:27] [http-nio-80-exec-1] [INFO ] [com.hewie.blog.interceptor.ApiInterceptor] : method name == >getPcLoginQrCode
[2021/08/17-13:18:32] [http-nio-80-exec-3] [INFO ] [com.hewie.blog.interceptor.ApiInterceptor] : method name == >getPcLoginQrCode
[2021/08/17-13:18:40] [http-nio-80-exec-4] [INFO ] [com.hewie.blog.interceptor.ApiInterceptor] : method name == >getPcLoginQrCode
[2021/08/17-13:20:05] [main] [INFO ] [com.hewie.blog.BlogApplication] : Starting BlogApplication on Hewie-pc with PID 14852 (E:\Code\HewieBlogSystem\target\classes started by 34954 in E:\Code\HewieBlogSystem)
[2021/08/17-13:20:05] [main] [INFO ] [com.hewie.blog.BlogApplication] : The following profiles are active: dev
[2021/08/17-13:20:11] [main] [INFO ] [com.hewie.blog.BlogApplication] : Started BlogApplication in 6.54 seconds (JVM running for 7.626)
[2021/08/17-13:20:54] [main] [INFO ] [com.hewie.blog.BlogApplication] : Starting BlogApplication on Hewie-pc with PID 8688 (E:\Code\HewieBlogSystem\target\classes started by 34954 in E:\Code\HewieBlogSystem)
[2021/08/17-13:20:54] [main] [INFO ] [com.hewie.blog.BlogApplication] : The following profiles are active: dev
[2021/08/17-13:21:00] [main] [INFO ] [com.hewie.blog.BlogApplication] : Started BlogApplication in 6.865 seconds (JVM running for 8.027)
[2021/08/17-13:21:48] [http-nio-80-exec-7] [INFO ] [com.hewie.blog.interceptor.ApiInterceptor] : method name == >uiConfiguration
[2021/08/17-13:21:48] [http-nio-80-exec-8] [INFO ] [com.hewie.blog.interceptor.ApiInterceptor] : method name == >securityConfiguration
[2021/08/17-13:21:48] [http-nio-80-exec-9] [INFO ] [com.hewie.blog.interceptor.ApiInterceptor] : method name == >swaggerResources
[2021/08/17-13:21:48] [http-nio-80-exec-1] [INFO ] [com.hewie.blog.interceptor.ApiInterceptor] : method name == >page404
[2021/08/17-13:21:48] [http-nio-80-exec-2] [INFO ] [com.hewie.blog.interceptor.ApiInterceptor] : method name == >page404
[2021/08/17-13:21:57] [http-nio-80-exec-9] [INFO ] [com.hewie.blog.interceptor.ApiInterceptor] : method name == >uploadImage
[2021/08/17-13:21:57] [http-nio-80-exec-9] [INFO ] [com.hewie.blog.interceptor.ApiInterceptor] : tokenKey == >m_6eee36f8adc5f4134586ca04a349c63f
[2021/08/17-13:21:58] [http-nio-80-exec-9] [INFO ] [com.hewie.blog.interceptor.ApiInterceptor] : method name == >page403
[2021/08/17-13:49:37] [http-nio-80-exec-7] [INFO ] [com.hewie.blog.interceptor.ApiInterceptor] : method name == >getTopArticles
[2021/08/17-13:50:21] [http-nio-80-exec-8] [INFO ] [com.hewie.blog.interceptor.ApiInterceptor] : method name == >getCategories
[2021/08/17-18:29:36] [main] [INFO ] [com.hewie.blog.BlogApplication] : Starting BlogApplication on Hewie-pc with PID 1632 (E:\Code\HewieBlogSystem\target\classes started by 34954 in E:\Code\HewieBlogSystem)
[2021/08/17-18:29:36] [main] [INFO ] [com.hewie.blog.BlogApplication] : The following profiles are active: prod
[2021/08/17-18:31:05] [main] [INFO ] [com.hewie.blog.BlogApplication] : Starting BlogApplication on Hewie-pc with PID 1320 (E:\Code\HewieBlogSystem\target\classes started by 34954 in E:\Code\HewieBlogSystem)
[2021/08/17-18:31:05] [main] [INFO ] [com.hewie.blog.BlogApplication] : The following profiles are active: prod
[2021/08/17-18:33:52] [main] [INFO ] [com.hewie.blog.BlogApplication] : Starting BlogApplication on Hewie-pc with PID 8088 (E:\Code\HewieBlogSystem\target\classes started by 34954 in E:\Code\HewieBlogSystem)
[2021/08/17-18:33:52] [main] [INFO ] [com.hewie.blog.BlogApplication] : The following profiles are active: prod
[2021/08/17-18:34:02] [main] [INFO ] [com.hewie.blog.BlogApplication] : Started BlogApplication in 10.304 seconds (JVM running for 11.985)
[2021/08/17-18:34:40] [http-nio-2021-exec-8] [INFO ] [com.hewie.blog.interceptor.ApiInterceptor] : method name == >uiConfiguration
[2021/08/17-18:34:40] [http-nio-2021-exec-9] [INFO ] [com.hewie.blog.interceptor.ApiInterceptor] : method name == >securityConfiguration
[2021/08/17-18:34:40] [http-nio-2021-exec-10] [INFO ] [com.hewie.blog.interceptor.ApiInterceptor] : method name == >swaggerResources
[2021/08/17-18:34:40] [http-nio-2021-exec-2] [INFO ] [com.hewie.blog.interceptor.ApiInterceptor] : method name == >page404
[2021/08/17-18:34:40] [http-nio-2021-exec-6] [INFO ] [com.hewie.blog.interceptor.ApiInterceptor] : method name == >page404
[2021/08/17-18:34:47] [http-nio-2021-exec-8] [INFO ] [com.hewie.blog.interceptor.ApiInterceptor] : method name == >getCategories
