[2021/09/03-00:00:29] [http-nio-2020-exec-5] [INFO ] [com.hewie.blog.service.impl.UserServiceImpl] : captcha content == > bjbv2
[2021/09/03-00:03:31] [http-nio-2020-exec-6] [INFO ] [com.hewie.blog.service.impl.UserServiceImpl] : captcha content == > htajv
[2021/09/03-00:03:55] [http-nio-2020-exec-1] [INFO ] [com.hewie.blog.service.impl.UserServiceImpl] : captcha content == > grtmj
[2021/09/03-00:04:21] [http-nio-2020-exec-9] [INFO ] [com.hewie.blog.service.impl.UserServiceImpl] : captcha content == > a2ejt
[2021/09/03-00:04:31] [http-nio-2020-exec-3] [INFO ] [com.hewie.blog.service.impl.UserServiceImpl] : captcha content == > 11
[2021/09/03-00:10:25] [http-nio-2020-exec-2] [INFO ] [com.hewie.blog.service.impl.UserServiceImpl] : captcha content == > bup3c
[2021/09/03-00:10:26] [http-nio-2020-exec-5] [INFO ] [com.hewie.blog.service.impl.UserServiceImpl] : captcha content == > 9
[2021/09/03-00:10:27] [http-nio-2020-exec-6] [INFO ] [com.hewie.blog.service.impl.UserServiceImpl] : captcha content == > hxqrh
[2021/09/03-00:10:28] [http-nio-2020-exec-8] [INFO ] [com.hewie.blog.service.impl.UserServiceImpl] : captcha content == > zceap
[2021/09/03-00:10:30] [http-nio-2020-exec-1] [INFO ] [com.hewie.blog.service.impl.UserServiceImpl] : captcha content == > cpgxk
[2021/09/03-00:10:31] [http-nio-2020-exec-4] [INFO ] [com.hewie.blog.service.impl.UserServiceImpl] : captcha content == > jjfmz
[2021/09/03-00:10:32] [http-nio-2020-exec-9] [INFO ] [com.hewie.blog.service.impl.UserServiceImpl] : captcha content == > mzcjg
[2021/09/03-00:10:33] [http-nio-2020-exec-10] [INFO ] [com.hewie.blog.service.impl.UserServiceImpl] : captcha content == > sszkq
[2021/09/03-00:10:34] [http-nio-2020-exec-3] [INFO ] [com.hewie.blog.service.impl.UserServiceImpl] : captcha content == > ucdmk
[2021/09/03-00:10:35] [http-nio-2020-exec-2] [INFO ] [com.hewie.blog.service.impl.UserServiceImpl] : captcha content == > 6
[2021/09/03-00:12:15] [http-nio-2020-exec-6] [INFO ] [com.hewie.blog.service.impl.UserServiceImpl] : captcha content == > 2wkte
[2021/09/03-00:12:16] [http-nio-2020-exec-7] [INFO ] [com.hewie.blog.service.impl.UserServiceImpl] : captcha content == > mw9us
[2021/09/03-00:12:48] [http-nio-2020-exec-1] [INFO ] [com.hewie.blog.service.impl.UserServiceImpl] : captcha content == > 4
[2021/09/03-00:13:26] [http-nio-2020-exec-10] [INFO ] [com.hewie.blog.service.impl.UserServiceImpl] : captcha content == > wh3j4
[2021/09/03-00:14:08] [http-nio-2020-exec-5] [INFO ] [com.hewie.blog.service.impl.UserServiceImpl] : captcha content == > rgkrp
[2021/09/03-00:17:36] [http-nio-2020-exec-2] [INFO ] [com.hewie.blog.service.impl.UserServiceImpl] : captcha content == > d8ttj
[2021/09/03-00:17:37] [http-nio-2020-exec-5] [INFO ] [com.hewie.blog.service.impl.UserServiceImpl] : captcha content == > z4c2s
[2021/09/03-00:17:37] [http-nio-2020-exec-6] [INFO ] [com.hewie.blog.service.impl.UserServiceImpl] : captcha content == > hv27t
[2021/09/03-00:17:39] [http-nio-2020-exec-7] [INFO ] [com.hewie.blog.service.impl.UserServiceImpl] : captcha content == > fxus3
[2021/09/03-00:17:42] [http-nio-2020-exec-8] [INFO ] [com.hewie.blog.service.impl.UserServiceImpl] : captcha content == > 1
[2021/09/03-00:17:50] [http-nio-2020-exec-10] [INFO ] [com.hewie.blog.controller.user.UserApi] : email ==> 1231231@qq.com
[2021/09/03-00:17:50] [http-nio-2020-exec-10] [INFO ] [com.hewie.blog.service.impl.UserServiceImpl] : remodteAddr == >127.0.0.1
[2021/09/03-00:17:50] [http-nio-2020-exec-10] [INFO ] [com.hewie.blog.service.impl.UserServiceImpl] : sendEmail  code ==>436023
[2021/09/03-00:18:11] [http-nio-2020-exec-3] [INFO ] [com.hewie.blog.service.impl.UserServiceImpl] : captcha content == > -4
[2021/09/03-00:18:12] [http-nio-2020-exec-2] [INFO ] [com.hewie.blog.service.impl.UserServiceImpl] : captcha content == > 4dxtc
[2021/09/03-00:18:27] [http-nio-2020-exec-6] [INFO ] [com.hewie.blog.service.impl.UserServiceImpl] : captcha content == > -9
[2021/09/03-00:18:31] [http-nio-2020-exec-8] [INFO ] [com.hewie.blog.utils.CookieUtils] : cookies is null
[2021/09/03-00:18:31] [http-nio-2020-exec-10] [INFO ] [com.hewie.blog.utils.CookieUtils] : cookies is null
[2021/09/03-00:18:32] [http-nio-2020-exec-3] [INFO ] [com.hewie.blog.service.impl.ImageServiceImpl] : name === >879730501022121984.jpeg
[2021/09/03-00:18:32] [http-nio-2020-exec-3] [INFO ] [com.hewie.blog.service.impl.ImageServiceImpl] : get image path ===>F:\Blog\images\2021_08_24\jpeg\879730501022121984.jpeg
[2021/09/03-00:18:32] [http-nio-2020-exec-5] [INFO ] [com.hewie.blog.service.impl.ImageServiceImpl] : name === >879723300375232512.jpeg
[2021/09/03-00:18:32] [http-nio-2020-exec-5] [INFO ] [com.hewie.blog.service.impl.ImageServiceImpl] : get image path ===>F:\Blog\images\2021_08_24\jpeg\879723300375232512.jpeg
[2021/09/03-00:18:32] [http-nio-2020-exec-2] [INFO ] [com.hewie.blog.service.impl.ImageServiceImpl] : name === >878690775171334144.jpeg
[2021/09/03-00:18:32] [http-nio-2020-exec-2] [INFO ] [com.hewie.blog.service.impl.ImageServiceImpl] : get image path ===>F:\Blog\images\2021_08_21\jpeg\878690775171334144.jpeg
[2021/09/03-00:18:32] [http-nio-2020-exec-6] [INFO ] [com.hewie.blog.service.impl.ImageServiceImpl] : name === >878480260029480960.jpeg
[2021/09/03-00:18:32] [http-nio-2020-exec-6] [INFO ] [com.hewie.blog.service.impl.ImageServiceImpl] : get image path ===>F:\Blog\images\2021_08_21\jpeg\878480260029480960.jpeg
[2021/09/03-00:18:32] [http-nio-2020-exec-4] [INFO ] [com.hewie.blog.service.impl.ImageServiceImpl] : name === >878480200776548352.jpeg
[2021/09/03-00:18:32] [http-nio-2020-exec-4] [INFO ] [com.hewie.blog.service.impl.ImageServiceImpl] : get image path ===>F:\Blog\images\2021_08_21\jpeg\878480200776548352.jpeg
[2021/09/03-00:18:32] [http-nio-2020-exec-7] [INFO ] [com.hewie.blog.service.impl.ImageServiceImpl] : name === >870122291931906048.jpeg
[2021/09/03-00:18:32] [http-nio-2020-exec-7] [INFO ] [com.hewie.blog.service.impl.ImageServiceImpl] : get image path ===>F:\Blog\images\2021_07_29\jpeg\870122291931906048.jpeg
[2021/09/03-00:18:32] [http-nio-2020-exec-5] [INFO ] [com.hewie.blog.service.impl.ImageServiceImpl] : name === >879729794349006848.png
[2021/09/03-00:18:32] [http-nio-2020-exec-5] [INFO ] [com.hewie.blog.service.impl.ImageServiceImpl] : get image path ===>F:\Blog\images\2021_08_24\png\879729794349006848.png
[2021/09/03-00:18:32] [http-nio-2020-exec-3] [INFO ] [com.hewie.blog.service.impl.ImageServiceImpl] : name === >879933582980677632.jpeg
[2021/09/03-00:18:32] [http-nio-2020-exec-3] [INFO ] [com.hewie.blog.service.impl.ImageServiceImpl] : get image path ===>F:\Blog\images\2021_08_25\jpeg\879933582980677632.jpeg
[2021/09/03-00:18:32] [http-nio-2020-exec-8] [INFO ] [com.hewie.blog.service.impl.ImageServiceImpl] : name === >882630054696189952.png
[2021/09/03-00:18:32] [http-nio-2020-exec-8] [INFO ] [com.hewie.blog.service.impl.ImageServiceImpl] : get image path ===>F:\Blog\images\2021_09_01\png\882630054696189952.png
[2021/09/03-00:18:32] [http-nio-2020-exec-10] [INFO ] [com.hewie.blog.service.impl.ImageServiceImpl] : name === >882397490396004352.png
[2021/09/03-00:18:32] [http-nio-2020-exec-10] [INFO ] [com.hewie.blog.service.impl.ImageServiceImpl] : get image path ===>F:\Blog\images\2021_08_31\png\882397490396004352.png
[2021/09/03-00:18:52] [http-nio-2020-exec-10] [INFO ] [com.hewie.blog.service.impl.UserServiceImpl] : captcha content == > wymdd
[2021/09/03-00:18:53] [http-nio-2020-exec-7] [INFO ] [com.hewie.blog.service.impl.UserServiceImpl] : captcha content == > ucc6q
[2021/09/03-00:18:55] [http-nio-2020-exec-6] [INFO ] [com.hewie.blog.service.impl.UserServiceImpl] : captcha content == > satsy
[2021/09/03-00:18:55] [http-nio-2020-exec-2] [INFO ] [com.hewie.blog.service.impl.UserServiceImpl] : captcha content == > muxnj
[2021/09/03-00:19:00] [http-nio-2020-exec-9] [INFO ] [com.hewie.blog.service.impl.UserServiceImpl] : captcha content == > 6
[2021/09/03-00:19:01] [http-nio-2020-exec-5] [INFO ] [com.hewie.blog.service.impl.UserServiceImpl] : captcha content == > bwuks
[2021/09/03-00:19:02] [http-nio-2020-exec-4] [INFO ] [com.hewie.blog.service.impl.UserServiceImpl] : captcha content == > qtzrf
[2021/09/03-00:19:03] [http-nio-2020-exec-10] [INFO ] [com.hewie.blog.service.impl.UserServiceImpl] : captcha content == > 10
[2021/09/03-00:19:42] [http-nio-2020-exec-5] [INFO ] [com.hewie.blog.service.impl.UserServiceImpl] : captcha content == > 4
[2021/09/03-00:19:43] [http-nio-2020-exec-4] [INFO ] [com.hewie.blog.service.impl.UserServiceImpl] : captcha content == > vecnq
[2021/09/03-00:19:49] [http-nio-2020-exec-10] [INFO ] [com.hewie.blog.service.impl.UserServiceImpl] : captcha content == > uhyyg
[2021/09/03-00:19:52] [http-nio-2020-exec-6] [INFO ] [com.hewie.blog.service.impl.UserServiceImpl] : captcha content == > 4uh6c
[2021/09/03-00:19:54] [http-nio-2020-exec-2] [INFO ] [com.hewie.blog.service.impl.UserServiceImpl] : captcha content == > dh3ws
[2021/09/03-00:19:55] [http-nio-2020-exec-1] [INFO ] [com.hewie.blog.service.impl.UserServiceImpl] : captcha content == > tjrzm
[2021/09/03-00:19:56] [http-nio-2020-exec-7] [INFO ] [com.hewie.blog.service.impl.UserServiceImpl] : captcha content == > -7
[2021/09/03-00:20:00] [http-nio-2020-exec-5] [INFO ] [com.hewie.blog.utils.CookieUtils] : cookies is null
[2021/09/03-00:20:00] [http-nio-2020-exec-8] [INFO ] [com.hewie.blog.utils.CookieUtils] : cookies is null
[2021/09/03-00:20:00] [http-nio-2020-exec-3] [INFO ] [com.hewie.blog.service.impl.ImageServiceImpl] : name === >878480200776548352.jpeg
[2021/09/03-00:20:00] [http-nio-2020-exec-1] [INFO ] [com.hewie.blog.service.impl.ImageServiceImpl] : name === >878690775171334144.jpeg
[2021/09/03-00:20:00] [http-nio-2020-exec-3] [INFO ] [com.hewie.blog.service.impl.ImageServiceImpl] : get image path ===>F:\Blog\images\2021_08_21\jpeg\878480200776548352.jpeg
[2021/09/03-00:20:00] [http-nio-2020-exec-1] [INFO ] [com.hewie.blog.service.impl.ImageServiceImpl] : get image path ===>F:\Blog\images\2021_08_21\jpeg\878690775171334144.jpeg
[2021/09/03-00:20:00] [http-nio-2020-exec-6] [INFO ] [com.hewie.blog.service.impl.ImageServiceImpl] : name === >879730501022121984.jpeg
[2021/09/03-00:20:00] [http-nio-2020-exec-2] [INFO ] [com.hewie.blog.service.impl.ImageServiceImpl] : name === >879723300375232512.jpeg
[2021/09/03-00:20:00] [http-nio-2020-exec-6] [INFO ] [com.hewie.blog.service.impl.ImageServiceImpl] : get image path ===>F:\Blog\images\2021_08_24\jpeg\879730501022121984.jpeg
[2021/09/03-00:20:00] [http-nio-2020-exec-2] [INFO ] [com.hewie.blog.service.impl.ImageServiceImpl] : get image path ===>F:\Blog\images\2021_08_24\jpeg\879723300375232512.jpeg
[2021/09/03-00:20:00] [http-nio-2020-exec-7] [INFO ] [com.hewie.blog.service.impl.ImageServiceImpl] : name === >878480260029480960.jpeg
[2021/09/03-00:20:00] [http-nio-2020-exec-9] [INFO ] [com.hewie.blog.service.impl.ImageServiceImpl] : name === >870122291931906048.jpeg
[2021/09/03-00:20:00] [http-nio-2020-exec-7] [INFO ] [com.hewie.blog.service.impl.ImageServiceImpl] : get image path ===>F:\Blog\images\2021_08_21\jpeg\878480260029480960.jpeg
[2021/09/03-00:20:00] [http-nio-2020-exec-9] [INFO ] [com.hewie.blog.service.impl.ImageServiceImpl] : get image path ===>F:\Blog\images\2021_07_29\jpeg\870122291931906048.jpeg
[2021/09/03-00:20:00] [http-nio-2020-exec-4] [INFO ] [com.hewie.blog.service.impl.ImageServiceImpl] : name === >882630054696189952.png
[2021/09/03-00:20:00] [http-nio-2020-exec-10] [INFO ] [com.hewie.blog.service.impl.ImageServiceImpl] : name === >882397490396004352.png
[2021/09/03-00:20:00] [http-nio-2020-exec-5] [INFO ] [com.hewie.blog.service.impl.ImageServiceImpl] : name === >879729794349006848.png
[2021/09/03-00:20:00] [http-nio-2020-exec-4] [INFO ] [com.hewie.blog.service.impl.ImageServiceImpl] : get image path ===>F:\Blog\images\2021_09_01\png\882630054696189952.png
[2021/09/03-00:20:00] [http-nio-2020-exec-8] [INFO ] [com.hewie.blog.service.impl.ImageServiceImpl] : name === >879933582980677632.jpeg
[2021/09/03-00:20:00] [http-nio-2020-exec-5] [INFO ] [com.hewie.blog.service.impl.ImageServiceImpl] : get image path ===>F:\Blog\images\2021_08_24\png\879729794349006848.png
[2021/09/03-00:20:00] [http-nio-2020-exec-10] [INFO ] [com.hewie.blog.service.impl.ImageServiceImpl] : get image path ===>F:\Blog\images\2021_08_31\png\882397490396004352.png
[2021/09/03-00:20:00] [http-nio-2020-exec-8] [INFO ] [com.hewie.blog.service.impl.ImageServiceImpl] : get image path ===>F:\Blog\images\2021_08_25\jpeg\879933582980677632.jpeg
[2021/09/03-00:20:21] [http-nio-2020-exec-7] [INFO ] [com.hewie.blog.service.impl.UserServiceImpl] : captcha content == > 1
[2021/09/03-00:20:22] [http-nio-2020-exec-9] [INFO ] [com.hewie.blog.service.impl.UserServiceImpl] : captcha content == > 0
[2021/09/03-00:20:48] [http-nio-2020-exec-8] [INFO ] [com.hewie.blog.service.impl.UserServiceImpl] : captcha content == > zudpn
[2021/09/03-00:23:41] [http-nio-2020-exec-9] [INFO ] [com.hewie.blog.service.impl.UserServiceImpl] : captcha content == > 16
[2021/09/03-00:23:42] [http-nio-2020-exec-5] [INFO ] [com.hewie.blog.service.impl.UserServiceImpl] : captcha content == > xxyfz
[2021/09/03-00:25:02] [http-nio-2020-exec-8] [INFO ] [com.hewie.blog.service.impl.UserServiceImpl] : captcha content == > uqhqc
[2021/09/03-00:27:29] [http-nio-2020-exec-2] [INFO ] [com.hewie.blog.service.impl.UserServiceImpl] : captcha content == > -2
[2021/09/03-00:32:28] [http-nio-2020-exec-10] [INFO ] [com.hewie.blog.service.impl.UserServiceImpl] : captcha content == > 385kh
[2021/09/03-00:42:14] [main] [INFO ] [com.hewie.blog.BlogApplication] : Starting BlogApplication on Hewie-pc with PID 132 (E:\Code\HewieBlogSystem\target\classes started by 34954 in E:\Code\HewieBlogSystem)
[2021/09/03-00:42:14] [main] [INFO ] [com.hewie.blog.BlogApplication] : The following profiles are active: dev
[2021/09/03-00:42:23] [main] [INFO ] [com.hewie.blog.BlogApplication] : Started BlogApplication in 8.88 seconds (JVM running for 10.271)
[2021/09/03-00:43:10] [http-nio-2020-exec-1] [INFO ] [com.hewie.blog.service.impl.UserServiceImpl] : captcha content == > 2
[2021/09/03-00:43:10] [http-nio-2020-exec-2] [INFO ] [com.hewie.blog.service.impl.UserServiceImpl] : captcha content == > 0
[2021/09/03-00:43:11] [http-nio-2020-exec-3] [INFO ] [com.hewie.blog.service.impl.UserServiceImpl] : captcha content == > 2avpn
[2021/09/03-00:43:13] [http-nio-2020-exec-5] [INFO ] [com.hewie.blog.service.impl.UserServiceImpl] : captcha content == > ptz2u
[2021/09/03-00:43:14] [http-nio-2020-exec-6] [INFO ] [com.hewie.blog.service.impl.UserServiceImpl] : captcha content == > uswsv
[2021/09/03-00:43:15] [http-nio-2020-exec-7] [INFO ] [com.hewie.blog.service.impl.UserServiceImpl] : captcha content == > 0
[2021/09/03-12:30:41] [http-nio-2020-exec-8] [INFO ] [com.hewie.blog.service.impl.UserServiceImpl] : captcha content == > sqvnq
[2021/09/03-12:35:33] [http-nio-2020-exec-9] [INFO ] [com.hewie.blog.service.impl.UserServiceImpl] : captcha content == > 0
[2021/09/03-12:35:34] [http-nio-2020-exec-1] [INFO ] [com.hewie.blog.service.impl.UserServiceImpl] : captcha content == > 3
[2021/09/03-12:35:54] [http-nio-2020-exec-2] [INFO ] [com.hewie.blog.controller.user.UserApi] : email ==> 3423@qq.com
[2021/09/03-12:36:11] [http-nio-2020-exec-3] [INFO ] [com.hewie.blog.controller.user.UserApi] : email ==> 349545547@qq.com
[2021/09/03-12:36:11] [http-nio-2020-exec-3] [INFO ] [com.hewie.blog.service.impl.UserServiceImpl] : remodteAddr == >127.0.0.1
[2021/09/03-12:36:11] [http-nio-2020-exec-3] [INFO ] [com.hewie.blog.service.impl.UserServiceImpl] : sendEmail  code ==>714585
[2021/09/03-12:43:47] [http-nio-2020-exec-4] [INFO ] [com.hewie.blog.service.impl.UserServiceImpl] : captcha content == > 5
[2021/09/03-12:43:47] [http-nio-2020-exec-6] [INFO ] [com.hewie.blog.service.impl.UserServiceImpl] : captcha content == > acvfx
[2021/09/03-12:43:53] [http-nio-2020-exec-7] [INFO ] [com.hewie.blog.controller.user.UserApi] : email ==> fsd
[2021/09/03-12:44:35] [http-nio-2020-exec-9] [INFO ] [com.hewie.blog.service.impl.UserServiceImpl] : captcha content == > tx5em
[2021/09/03-12:45:37] [http-nio-2020-exec-2] [INFO ] [com.hewie.blog.service.impl.UserServiceImpl] : captcha content == > 56
[2021/09/03-12:45:42] [http-nio-2020-exec-3] [INFO ] [com.hewie.blog.service.impl.UserServiceImpl] : captcha content == > 9
[2021/09/03-12:47:33] [http-nio-2020-exec-1] [INFO ] [com.hewie.blog.service.impl.UserServiceImpl] : captcha content == > gtmhq
[2021/09/03-12:47:34] [http-nio-2020-exec-2] [INFO ] [com.hewie.blog.service.impl.UserServiceImpl] : captcha content == > 5sjx7
[2021/09/03-12:47:35] [http-nio-2020-exec-6] [INFO ] [com.hewie.blog.service.impl.UserServiceImpl] : captcha content == > awgf9
[2021/09/03-12:47:36] [http-nio-2020-exec-3] [INFO ] [com.hewie.blog.service.impl.UserServiceImpl] : captcha content == > h2he3
[2021/09/03-12:47:37] [http-nio-2020-exec-7] [INFO ] [com.hewie.blog.service.impl.UserServiceImpl] : captcha content == > sztjf
[2021/09/03-12:47:38] [http-nio-2020-exec-4] [INFO ] [com.hewie.blog.service.impl.UserServiceImpl] : captcha content == > sfppz
[2021/09/03-12:47:39] [http-nio-2020-exec-9] [INFO ] [com.hewie.blog.service.impl.UserServiceImpl] : captcha content == > 20
[2021/09/03-12:47:44] [http-nio-2020-exec-8] [INFO ] [com.hewie.blog.controller.user.UserApi] : email ==> 349545547@qq.com
[2021/09/03-12:47:44] [http-nio-2020-exec-8] [INFO ] [com.hewie.blog.service.impl.UserServiceImpl] : remodteAddr == >127.0.0.1
[2021/09/03-12:47:44] [http-nio-2020-exec-8] [INFO ] [com.hewie.blog.service.impl.UserServiceImpl] : sendEmail  code ==>334704
[2021/09/03-12:49:59] [http-nio-2020-exec-10] [INFO ] [com.hewie.blog.service.impl.UserServiceImpl] : captcha content == > vhgxz
[2021/09/03-12:50:00] [http-nio-2020-exec-1] [INFO ] [com.hewie.blog.service.impl.UserServiceImpl] : captcha content == > -1
[2021/09/03-12:50:05] [http-nio-2020-exec-5] [INFO ] [com.hewie.blog.controller.user.UserApi] : email ==> 349545547@qq.com
[2021/09/03-12:50:05] [http-nio-2020-exec-5] [INFO ] [com.hewie.blog.service.impl.UserServiceImpl] : remodteAddr == >127.0.0.1
[2021/09/03-12:50:05] [http-nio-2020-exec-5] [INFO ] [com.hewie.blog.service.impl.UserServiceImpl] : sendEmail  code ==>537029
[2021/09/03-12:54:32] [http-nio-2020-exec-3] [INFO ] [com.hewie.blog.service.impl.UserServiceImpl] : captcha content == > 4wvda
[2021/09/03-12:55:00] [http-nio-2020-exec-9] [INFO ] [com.hewie.blog.service.impl.UserServiceImpl] : captcha content == > 12
[2021/09/03-12:55:43] [http-nio-2020-exec-2] [INFO ] [com.hewie.blog.service.impl.UserServiceImpl] : captcha content == > ffqat
[2021/09/03-12:57:05] [http-nio-2020-exec-5] [INFO ] [com.hewie.blog.service.impl.UserServiceImpl] : captcha content == > 5
[2021/09/03-12:57:07] [http-nio-2020-exec-6] [INFO ] [com.hewie.blog.service.impl.UserServiceImpl] : captcha content == > 2rsqy
[2021/09/03-12:57:08] [http-nio-2020-exec-3] [INFO ] [com.hewie.blog.service.impl.UserServiceImpl] : captcha content == > tqqaj
[2021/09/03-12:57:10] [http-nio-2020-exec-4] [INFO ] [com.hewie.blog.service.impl.UserServiceImpl] : captcha content == > 2ehq4
[2021/09/03-12:57:11] [http-nio-2020-exec-9] [INFO ] [com.hewie.blog.service.impl.UserServiceImpl] : captcha content == > uswyr
[2021/09/03-12:57:12] [http-nio-2020-exec-8] [INFO ] [com.hewie.blog.service.impl.UserServiceImpl] : captcha content == > qgbms
[2021/09/03-12:57:13] [http-nio-2020-exec-10] [INFO ] [com.hewie.blog.service.impl.UserServiceImpl] : captcha content == > rrmkg
[2021/09/03-12:57:14] [http-nio-2020-exec-2] [INFO ] [com.hewie.blog.service.impl.UserServiceImpl] : captcha content == > xr9wq
[2021/09/03-12:57:15] [http-nio-2020-exec-1] [INFO ] [com.hewie.blog.service.impl.UserServiceImpl] : captcha content == > qtznx
[2021/09/03-12:57:16] [http-nio-2020-exec-5] [INFO ] [com.hewie.blog.service.impl.UserServiceImpl] : captcha content == > bwppd
[2021/09/03-12:57:17] [http-nio-2020-exec-6] [INFO ] [com.hewie.blog.service.impl.UserServiceImpl] : captcha content == > fdnqy
[2021/09/03-12:57:18] [http-nio-2020-exec-7] [INFO ] [com.hewie.blog.service.impl.UserServiceImpl] : captcha content == > 3
[2021/09/03-12:57:37] [http-nio-2020-exec-3] [INFO ] [com.hewie.blog.controller.user.UserApi] : email ==> 1231231@qq.com
[2021/09/03-12:57:37] [http-nio-2020-exec-3] [INFO ] [com.hewie.blog.service.impl.UserServiceImpl] : remodteAddr == >127.0.0.1
[2021/09/03-12:57:37] [http-nio-2020-exec-3] [INFO ] [com.hewie.blog.service.impl.UserServiceImpl] : sendEmail  code ==>418248
[2021/09/03-12:57:56] [http-nio-2020-exec-8] [INFO ] [com.hewie.blog.service.impl.UserServiceImpl] : captcha content == > aw7er
[2021/09/03-12:58:21] [http-nio-2020-exec-10] [INFO ] [com.hewie.blog.service.impl.UserServiceImpl] : captcha content == > 1
[2021/09/03-12:58:23] [http-nio-2020-exec-2] [INFO ] [com.hewie.blog.service.impl.UserServiceImpl] : captcha content == > keedy
[2021/09/03-12:58:24] [http-nio-2020-exec-1] [INFO ] [com.hewie.blog.service.impl.UserServiceImpl] : captcha content == > gzpyy
[2021/09/03-12:58:24] [http-nio-2020-exec-5] [INFO ] [com.hewie.blog.service.impl.UserServiceImpl] : captcha content == > 5
[2021/09/03-12:58:33] [http-nio-2020-exec-6] [INFO ] [com.hewie.blog.controller.user.UserApi] : email ==> 1231231@qq.com
[2021/09/03-12:58:33] [http-nio-2020-exec-6] [INFO ] [com.hewie.blog.service.impl.UserServiceImpl] : remodteAddr == >127.0.0.1
[2021/09/03-12:58:36] [http-nio-2020-exec-7] [INFO ] [com.hewie.blog.controller.user.UserApi] : email ==> 1231231@qq.com
[2021/09/03-12:58:36] [http-nio-2020-exec-7] [INFO ] [com.hewie.blog.service.impl.UserServiceImpl] : remodteAddr == >127.0.0.1
[2021/09/03-12:58:51] [http-nio-2020-exec-3] [INFO ] [com.hewie.blog.controller.user.UserApi] : email ==> 1231231@qq.com
[2021/09/03-12:58:51] [http-nio-2020-exec-3] [INFO ] [com.hewie.blog.service.impl.UserServiceImpl] : remodteAddr == >127.0.0.1
[2021/09/03-12:58:51] [http-nio-2020-exec-3] [INFO ] [com.hewie.blog.service.impl.UserServiceImpl] : sendEmail  code ==>158841
[2021/09/03-12:59:02] [http-nio-2020-exec-8] [INFO ] [com.hewie.blog.service.impl.UserServiceImpl] : captcha content == > jygv7
[2021/09/03-12:59:03] [http-nio-2020-exec-10] [INFO ] [com.hewie.blog.service.impl.UserServiceImpl] : captcha content == > 8
[2021/09/03-13:00:24] [http-nio-2020-exec-1] [INFO ] [com.hewie.blog.service.impl.UserServiceImpl] : captcha content == > 5
[2021/09/03-13:00:25] [http-nio-2020-exec-5] [INFO ] [com.hewie.blog.service.impl.UserServiceImpl] : captcha content == > r3ks9
[2021/09/03-13:00:26] [http-nio-2020-exec-7] [INFO ] [com.hewie.blog.service.impl.UserServiceImpl] : captcha content == > twnf4
[2021/09/03-13:00:27] [http-nio-2020-exec-3] [INFO ] [com.hewie.blog.service.impl.UserServiceImpl] : captcha content == > 8
[2021/09/03-13:00:28] [http-nio-2020-exec-9] [INFO ] [com.hewie.blog.service.impl.UserServiceImpl] : captcha content == > ga4ae
[2021/09/03-13:00:29] [http-nio-2020-exec-8] [INFO ] [com.hewie.blog.service.impl.UserServiceImpl] : captcha content == > pjewp
[2021/09/03-13:00:40] [http-nio-2020-exec-10] [INFO ] [com.hewie.blog.controller.user.UserApi] : email ==> 3423sds@qq.com
[2021/09/03-13:00:46] [http-nio-2020-exec-1] [INFO ] [com.hewie.blog.service.impl.UserServiceImpl] : captcha content == > vwdnf
[2021/09/03-13:00:47] [http-nio-2020-exec-6] [INFO ] [com.hewie.blog.service.impl.UserServiceImpl] : captcha content == > cgc98
[2021/09/03-13:00:47] [http-nio-2020-exec-5] [INFO ] [com.hewie.blog.service.impl.UserServiceImpl] : captcha content == > bcwmw
[2021/09/03-13:00:48] [http-nio-2020-exec-7] [INFO ] [com.hewie.blog.service.impl.UserServiceImpl] : captcha content == > 6
[2021/09/03-13:00:52] [http-nio-2020-exec-4] [INFO ] [com.hewie.blog.controller.user.UserApi] : email ==> 3423sds@qq.com
[2021/09/03-13:01:21] [http-nio-2020-exec-3] [INFO ] [com.hewie.blog.controller.user.UserApi] : email ==> 3423@qq.com
[2021/09/03-13:01:28] [http-nio-2020-exec-9] [INFO ] [com.hewie.blog.controller.user.UserApi] : email ==> 1231231@qq.com
[2021/09/03-13:01:28] [http-nio-2020-exec-9] [INFO ] [com.hewie.blog.service.impl.UserServiceImpl] : remodteAddr == >127.0.0.1
[2021/09/03-13:01:28] [http-nio-2020-exec-9] [INFO ] [com.hewie.blog.service.impl.UserServiceImpl] : sendEmail  code ==>357875
[2021/09/03-13:01:42] [http-nio-2020-exec-10] [INFO ] [com.hewie.blog.service.impl.UserServiceImpl] : captcha content == > -1
[2021/09/03-13:01:43] [http-nio-2020-exec-1] [INFO ] [com.hewie.blog.service.impl.UserServiceImpl] : captcha content == > yzcvw
[2021/09/03-13:52:07] [http-nio-2020-exec-5] [INFO ] [com.hewie.blog.service.impl.UserServiceImpl] : captcha content == > 24
[2021/09/03-13:52:08] [http-nio-2020-exec-7] [INFO ] [com.hewie.blog.service.impl.UserServiceImpl] : captcha content == > sygms
[2021/09/03-13:54:37] [http-nio-2020-exec-6] [INFO ] [com.hewie.blog.service.impl.ImageServiceImpl] : name === >879730501022121984.jpeg
[2021/09/03-13:54:37] [http-nio-2020-exec-7] [INFO ] [com.hewie.blog.service.impl.ImageServiceImpl] : name === >870122291931906048.jpeg
[2021/09/03-13:54:37] [http-nio-2020-exec-4] [INFO ] [com.hewie.blog.service.impl.ImageServiceImpl] : name === >878480260029480960.jpeg
[2021/09/03-13:54:37] [http-nio-2020-exec-3] [INFO ] [com.hewie.blog.service.impl.ImageServiceImpl] : name === >878480200776548352.jpeg
[2021/09/03-13:54:37] [http-nio-2020-exec-1] [INFO ] [com.hewie.blog.service.impl.ImageServiceImpl] : name === >879723300375232512.jpeg
[2021/09/03-13:54:37] [http-nio-2020-exec-6] [INFO ] [com.hewie.blog.service.impl.ImageServiceImpl] : get image path ===>F:\Blog\images\2021_08_24\jpeg\879730501022121984.jpeg
[2021/09/03-13:54:37] [http-nio-2020-exec-3] [INFO ] [com.hewie.blog.service.impl.ImageServiceImpl] : get image path ===>F:\Blog\images\2021_08_21\jpeg\878480200776548352.jpeg
[2021/09/03-13:54:37] [http-nio-2020-exec-7] [INFO ] [com.hewie.blog.service.impl.ImageServiceImpl] : get image path ===>F:\Blog\images\2021_07_29\jpeg\870122291931906048.jpeg
[2021/09/03-13:54:37] [http-nio-2020-exec-4] [INFO ] [com.hewie.blog.service.impl.ImageServiceImpl] : get image path ===>F:\Blog\images\2021_08_21\jpeg\878480260029480960.jpeg
[2021/09/03-13:54:37] [http-nio-2020-exec-1] [INFO ] [com.hewie.blog.service.impl.ImageServiceImpl] : get image path ===>F:\Blog\images\2021_08_24\jpeg\879723300375232512.jpeg
[2021/09/03-13:54:37] [http-nio-2020-exec-5] [INFO ] [com.hewie.blog.service.impl.ImageServiceImpl] : name === >878690775171334144.jpeg
[2021/09/03-13:54:37] [http-nio-2020-exec-5] [INFO ] [com.hewie.blog.service.impl.ImageServiceImpl] : get image path ===>F:\Blog\images\2021_08_21\jpeg\878690775171334144.jpeg
[2021/09/03-13:54:37] [http-nio-2020-exec-1] [INFO ] [com.hewie.blog.service.impl.ImageServiceImpl] : name === >879729794349006848.png
[2021/09/03-13:54:37] [http-nio-2020-exec-1] [INFO ] [com.hewie.blog.service.impl.ImageServiceImpl] : get image path ===>F:\Blog\images\2021_08_24\png\879729794349006848.png
[2021/09/03-13:54:37] [http-nio-2020-exec-3] [INFO ] [com.hewie.blog.service.impl.ImageServiceImpl] : name === >879933582980677632.jpeg
[2021/09/03-13:54:37] [http-nio-2020-exec-3] [INFO ] [com.hewie.blog.service.impl.ImageServiceImpl] : get image path ===>F:\Blog\images\2021_08_25\jpeg\879933582980677632.jpeg
[2021/09/03-13:54:37] [http-nio-2020-exec-4] [INFO ] [com.hewie.blog.service.impl.ImageServiceImpl] : name === >882630054696189952.png
[2021/09/03-13:54:37] [http-nio-2020-exec-4] [INFO ] [com.hewie.blog.service.impl.ImageServiceImpl] : get image path ===>F:\Blog\images\2021_09_01\png\882630054696189952.png
[2021/09/03-13:54:37] [http-nio-2020-exec-6] [INFO ] [com.hewie.blog.service.impl.ImageServiceImpl] : name === >882397490396004352.png
[2021/09/03-13:54:37] [http-nio-2020-exec-6] [INFO ] [com.hewie.blog.service.impl.ImageServiceImpl] : get image path ===>F:\Blog\images\2021_08_31\png\882397490396004352.png
[2021/09/03-13:55:22] [http-nio-2020-exec-9] [INFO ] [com.hewie.blog.service.impl.ImageServiceImpl] : name === >878690775171334144.jpeg
[2021/09/03-13:55:22] [http-nio-2020-exec-9] [INFO ] [com.hewie.blog.service.impl.ImageServiceImpl] : get image path ===>F:\Blog\images\2021_08_21\jpeg\878690775171334144.jpeg
[2021/09/03-13:55:22] [http-nio-2020-exec-8] [INFO ] [com.hewie.blog.service.impl.ImageServiceImpl] : name === >870122291931906048.jpeg
[2021/09/03-13:55:22] [http-nio-2020-exec-2] [INFO ] [com.hewie.blog.service.impl.ImageServiceImpl] : name === >878480260029480960.jpeg
[2021/09/03-13:55:22] [http-nio-2020-exec-5] [INFO ] [com.hewie.blog.service.impl.ImageServiceImpl] : name === >879723300375232512.jpeg
[2021/09/03-13:55:22] [http-nio-2020-exec-2] [INFO ] [com.hewie.blog.service.impl.ImageServiceImpl] : get image path ===>F:\Blog\images\2021_08_21\jpeg\878480260029480960.jpeg
[2021/09/03-13:55:22] [http-nio-2020-exec-8] [INFO ] [com.hewie.blog.service.impl.ImageServiceImpl] : get image path ===>F:\Blog\images\2021_07_29\jpeg\870122291931906048.jpeg
[2021/09/03-13:55:22] [http-nio-2020-exec-5] [INFO ] [com.hewie.blog.service.impl.ImageServiceImpl] : get image path ===>F:\Blog\images\2021_08_24\jpeg\879723300375232512.jpeg
[2021/09/03-13:55:22] [http-nio-2020-exec-6] [INFO ] [com.hewie.blog.service.impl.ImageServiceImpl] : name === >879730501022121984.jpeg
[2021/09/03-13:55:22] [http-nio-2020-exec-6] [INFO ] [com.hewie.blog.service.impl.ImageServiceImpl] : get image path ===>F:\Blog\images\2021_08_24\jpeg\879730501022121984.jpeg
[2021/09/03-13:55:22] [http-nio-2020-exec-10] [INFO ] [com.hewie.blog.service.impl.ImageServiceImpl] : name === >878480200776548352.jpeg
[2021/09/03-13:55:22] [http-nio-2020-exec-10] [INFO ] [com.hewie.blog.service.impl.ImageServiceImpl] : get image path ===>F:\Blog\images\2021_08_21\jpeg\878480200776548352.jpeg
[2021/09/03-13:55:22] [http-nio-2020-exec-5] [INFO ] [com.hewie.blog.service.impl.ImageServiceImpl] : name === >879933582980677632.jpeg
[2021/09/03-13:55:22] [http-nio-2020-exec-7] [INFO ] [com.hewie.blog.service.impl.ImageServiceImpl] : name === >882630054696189952.png
[2021/09/03-13:55:22] [http-nio-2020-exec-7] [INFO ] [com.hewie.blog.service.impl.ImageServiceImpl] : get image path ===>F:\Blog\images\2021_09_01\png\882630054696189952.png
[2021/09/03-13:55:22] [http-nio-2020-exec-5] [INFO ] [com.hewie.blog.service.impl.ImageServiceImpl] : get image path ===>F:\Blog\images\2021_08_25\jpeg\879933582980677632.jpeg
[2021/09/03-13:55:22] [http-nio-2020-exec-1] [INFO ] [com.hewie.blog.service.impl.ImageServiceImpl] : name === >879729794349006848.png
[2021/09/03-13:55:22] [http-nio-2020-exec-1] [INFO ] [com.hewie.blog.service.impl.ImageServiceImpl] : get image path ===>F:\Blog\images\2021_08_24\png\879729794349006848.png
[2021/09/03-13:55:22] [http-nio-2020-exec-3] [INFO ] [com.hewie.blog.service.impl.ImageServiceImpl] : name === >882397490396004352.png
[2021/09/03-13:55:22] [http-nio-2020-exec-3] [INFO ] [com.hewie.blog.service.impl.ImageServiceImpl] : get image path ===>F:\Blog\images\2021_08_31\png\882397490396004352.png
[2021/09/03-13:58:53] [http-nio-2020-exec-4] [INFO ] [com.hewie.blog.utils.CookieUtils] : cookies is null
[2021/09/03-13:58:56] [http-nio-2020-exec-9] [INFO ] [com.hewie.blog.utils.CookieUtils] : cookies is null
[2021/09/03-14:02:27] [http-nio-2020-exec-3] [INFO ] [com.hewie.blog.utils.CookieUtils] : cookies is null
[2021/09/03-14:02:27] [http-nio-2020-exec-8] [INFO ] [com.hewie.blog.utils.CookieUtils] : cookies is null
[2021/09/03-14:02:27] [http-nio-2020-exec-10] [INFO ] [com.hewie.blog.service.impl.ImageServiceImpl] : name === >878480200776548352.jpeg
[2021/09/03-14:02:27] [http-nio-2020-exec-10] [INFO ] [com.hewie.blog.service.impl.ImageServiceImpl] : get image path ===>F:\Blog\images\2021_08_21\jpeg\878480200776548352.jpeg
[2021/09/03-14:02:27] [http-nio-2020-exec-1] [INFO ] [com.hewie.blog.service.impl.ImageServiceImpl] : name === >878480260029480960.jpeg
[2021/09/03-14:02:27] [http-nio-2020-exec-1] [INFO ] [com.hewie.blog.service.impl.ImageServiceImpl] : get image path ===>F:\Blog\images\2021_08_21\jpeg\878480260029480960.jpeg
[2021/09/03-14:02:27] [http-nio-2020-exec-10] [INFO ] [com.hewie.blog.service.impl.ImageServiceImpl] : name === >879933582980677632.jpeg
[2021/09/03-14:02:27] [http-nio-2020-exec-10] [INFO ] [com.hewie.blog.service.impl.ImageServiceImpl] : get image path ===>F:\Blog\images\2021_08_25\jpeg\879933582980677632.jpeg
[2021/09/03-14:02:27] [http-nio-2020-exec-5] [INFO ] [com.hewie.blog.service.impl.ImageServiceImpl] : name === >882630054696189952.png
[2021/09/03-14:02:27] [http-nio-2020-exec-5] [INFO ] [com.hewie.blog.service.impl.ImageServiceImpl] : get image path ===>F:\Blog\images\2021_09_01\png\882630054696189952.png
[2021/09/03-14:02:27] [http-nio-2020-exec-7] [INFO ] [com.hewie.blog.service.impl.ImageServiceImpl] : name === >882397490396004352.png
[2021/09/03-14:02:27] [http-nio-2020-exec-7] [INFO ] [com.hewie.blog.service.impl.ImageServiceImpl] : get image path ===>F:\Blog\images\2021_08_31\png\882397490396004352.png
[2021/09/03-14:02:27] [http-nio-2020-exec-4] [INFO ] [com.hewie.blog.service.impl.ImageServiceImpl] : name === >879729794349006848.png
[2021/09/03-14:02:27] [http-nio-2020-exec-4] [INFO ] [com.hewie.blog.service.impl.ImageServiceImpl] : get image path ===>F:\Blog\images\2021_08_24\png\879729794349006848.png
[2021/09/03-14:02:28] [http-nio-2020-exec-2] [INFO ] [com.hewie.blog.service.impl.ImageServiceImpl] : name === >879730501022121984.jpeg
[2021/09/03-14:02:28] [http-nio-2020-exec-2] [INFO ] [com.hewie.blog.service.impl.ImageServiceImpl] : get image path ===>F:\Blog\images\2021_08_24\jpeg\879730501022121984.jpeg
[2021/09/03-14:02:28] [http-nio-2020-exec-6] [INFO ] [com.hewie.blog.service.impl.ImageServiceImpl] : name === >878690775171334144.jpeg
[2021/09/03-14:02:28] [http-nio-2020-exec-9] [INFO ] [com.hewie.blog.service.impl.ImageServiceImpl] : name === >879723300375232512.jpeg
[2021/09/03-14:02:28] [http-nio-2020-exec-6] [INFO ] [com.hewie.blog.service.impl.ImageServiceImpl] : get image path ===>F:\Blog\images\2021_08_21\jpeg\878690775171334144.jpeg
[2021/09/03-14:02:28] [http-nio-2020-exec-9] [INFO ] [com.hewie.blog.service.impl.ImageServiceImpl] : get image path ===>F:\Blog\images\2021_08_24\jpeg\879723300375232512.jpeg
[2021/09/03-14:02:28] [http-nio-2020-exec-1] [INFO ] [com.hewie.blog.service.impl.ImageServiceImpl] : name === >870122291931906048.jpeg
[2021/09/03-14:02:28] [http-nio-2020-exec-1] [INFO ] [com.hewie.blog.service.impl.ImageServiceImpl] : get image path ===>F:\Blog\images\2021_07_29\jpeg\870122291931906048.jpeg
[2021/09/03-14:02:28] [http-nio-2020-exec-5] [INFO ] [com.hewie.blog.utils.CookieUtils] : cookies is null
[2021/09/03-14:14:23] [http-nio-2020-exec-1] [INFO ] [com.hewie.blog.utils.CookieUtils] : cookies is null
[2021/09/03-14:14:23] [http-nio-2020-exec-10] [INFO ] [com.hewie.blog.utils.CookieUtils] : cookies is null
[2021/09/03-14:14:23] [http-nio-2020-exec-4] [INFO ] [com.hewie.blog.utils.CookieUtils] : cookies is null
[2021/09/03-14:14:23] [http-nio-2020-exec-3] [INFO ] [com.hewie.blog.utils.CookieUtils] : cookies is null
[2021/09/03-14:14:23] [http-nio-2020-exec-6] [INFO ] [com.hewie.blog.service.impl.ImageServiceImpl] : name === >879730501022121984.jpeg
[2021/09/03-14:14:23] [http-nio-2020-exec-6] [INFO ] [com.hewie.blog.service.impl.ImageServiceImpl] : get image path ===>F:\Blog\images\2021_08_24\jpeg\879730501022121984.jpeg
[2021/09/03-14:14:23] [http-nio-2020-exec-5] [INFO ] [com.hewie.blog.service.impl.ImageServiceImpl] : name === >878480260029480960.jpeg
[2021/09/03-14:14:23] [http-nio-2020-exec-2] [INFO ] [com.hewie.blog.service.impl.ImageServiceImpl] : name === >878480200776548352.jpeg
[2021/09/03-14:14:23] [http-nio-2020-exec-5] [INFO ] [com.hewie.blog.service.impl.ImageServiceImpl] : get image path ===>F:\Blog\images\2021_08_21\jpeg\878480260029480960.jpeg
[2021/09/03-14:14:23] [http-nio-2020-exec-2] [INFO ] [com.hewie.blog.service.impl.ImageServiceImpl] : get image path ===>F:\Blog\images\2021_08_21\jpeg\878480200776548352.jpeg
[2021/09/03-14:14:23] [http-nio-2020-exec-1] [INFO ] [com.hewie.blog.service.impl.ImageServiceImpl] : name === >879723300375232512.jpeg
[2021/09/03-14:14:23] [http-nio-2020-exec-1] [INFO ] [com.hewie.blog.service.impl.ImageServiceImpl] : get image path ===>F:\Blog\images\2021_08_24\jpeg\879723300375232512.jpeg
[2021/09/03-14:14:23] [http-nio-2020-exec-10] [INFO ] [com.hewie.blog.service.impl.ImageServiceImpl] : name === >878690775171334144.jpeg
[2021/09/03-14:14:23] [http-nio-2020-exec-10] [INFO ] [com.hewie.blog.service.impl.ImageServiceImpl] : get image path ===>F:\Blog\images\2021_08_21\jpeg\878690775171334144.jpeg
[2021/09/03-14:14:23] [http-nio-2020-exec-7] [INFO ] [com.hewie.blog.service.impl.ImageServiceImpl] : name === >870122291931906048.jpeg
[2021/09/03-14:14:23] [http-nio-2020-exec-7] [INFO ] [com.hewie.blog.service.impl.ImageServiceImpl] : get image path ===>F:\Blog\images\2021_07_29\jpeg\870122291931906048.jpeg
[2021/09/03-14:14:23] [http-nio-2020-exec-6] [INFO ] [com.hewie.blog.service.impl.ImageServiceImpl] : name === >879729794349006848.png
[2021/09/03-14:14:23] [http-nio-2020-exec-6] [INFO ] [com.hewie.blog.service.impl.ImageServiceImpl] : get image path ===>F:\Blog\images\2021_08_24\png\879729794349006848.png
[2021/09/03-14:14:23] [http-nio-2020-exec-6] [INFO ] [com.hewie.blog.service.impl.ImageServiceImpl] : name === >882397490396004352.png
[2021/09/03-14:14:23] [http-nio-2020-exec-6] [INFO ] [com.hewie.blog.service.impl.ImageServiceImpl] : get image path ===>F:\Blog\images\2021_08_31\png\882397490396004352.png
[2021/09/03-14:14:23] [http-nio-2020-exec-3] [INFO ] [com.hewie.blog.service.impl.ImageServiceImpl] : name === >882630054696189952.png
[2021/09/03-14:14:23] [http-nio-2020-exec-3] [INFO ] [com.hewie.blog.service.impl.ImageServiceImpl] : get image path ===>F:\Blog\images\2021_09_01\png\882630054696189952.png
[2021/09/03-14:14:23] [http-nio-2020-exec-4] [INFO ] [com.hewie.blog.service.impl.ImageServiceImpl] : name === >879933582980677632.jpeg
[2021/09/03-14:14:23] [http-nio-2020-exec-4] [INFO ] [com.hewie.blog.service.impl.ImageServiceImpl] : get image path ===>F:\Blog\images\2021_08_25\jpeg\879933582980677632.jpeg
[2021/09/03-14:15:06] [http-nio-2020-exec-9] [INFO ] [com.hewie.blog.utils.CookieUtils] : cookies is null
[2021/09/03-14:15:06] [http-nio-2020-exec-8] [INFO ] [com.hewie.blog.utils.CookieUtils] : cookies is null
[2021/09/03-14:15:07] [http-nio-2020-exec-5] [INFO ] [com.hewie.blog.utils.CookieUtils] : cookies is null
[2021/09/03-14:15:07] [http-nio-2020-exec-6] [INFO ] [com.hewie.blog.utils.CookieUtils] : cookies is null
[2021/09/03-14:15:07] [http-nio-2020-exec-4] [INFO ] [com.hewie.blog.service.impl.ImageServiceImpl] : name === >879730501022121984.jpeg
[2021/09/03-14:15:07] [http-nio-2020-exec-4] [INFO ] [com.hewie.blog.service.impl.ImageServiceImpl] : get image path ===>F:\Blog\images\2021_08_24\jpeg\879730501022121984.jpeg
[2021/09/03-14:15:07] [http-nio-2020-exec-9] [INFO ] [com.hewie.blog.service.impl.ImageServiceImpl] : name === >879723300375232512.jpeg
[2021/09/03-14:15:07] [http-nio-2020-exec-9] [INFO ] [com.hewie.blog.service.impl.ImageServiceImpl] : get image path ===>F:\Blog\images\2021_08_24\jpeg\879723300375232512.jpeg
[2021/09/03-14:15:07] [http-nio-2020-exec-8] [INFO ] [com.hewie.blog.service.impl.ImageServiceImpl] : name === >878690775171334144.jpeg
[2021/09/03-14:15:07] [http-nio-2020-exec-8] [INFO ] [com.hewie.blog.service.impl.ImageServiceImpl] : get image path ===>F:\Blog\images\2021_08_21\jpeg\878690775171334144.jpeg
[2021/09/03-14:15:07] [http-nio-2020-exec-3] [INFO ] [com.hewie.blog.service.impl.ImageServiceImpl] : name === >878480260029480960.jpeg
[2021/09/03-14:15:07] [http-nio-2020-exec-3] [INFO ] [com.hewie.blog.service.impl.ImageServiceImpl] : get image path ===>F:\Blog\images\2021_08_21\jpeg\878480260029480960.jpeg
[2021/09/03-14:15:07] [http-nio-2020-exec-1] [INFO ] [com.hewie.blog.service.impl.ImageServiceImpl] : name === >878480200776548352.jpeg
[2021/09/03-14:15:07] [http-nio-2020-exec-1] [INFO ] [com.hewie.blog.service.impl.ImageServiceImpl] : get image path ===>F:\Blog\images\2021_08_21\jpeg\878480200776548352.jpeg
[2021/09/03-14:15:07] [http-nio-2020-exec-2] [INFO ] [com.hewie.blog.service.impl.ImageServiceImpl] : name === >879730501022121984.jpeg
[2021/09/03-14:15:07] [http-nio-2020-exec-2] [INFO ] [com.hewie.blog.service.impl.ImageServiceImpl] : get image path ===>F:\Blog\images\2021_08_24\jpeg\879730501022121984.jpeg
[2021/09/03-14:15:07] [http-nio-2020-exec-7] [INFO ] [com.hewie.blog.service.impl.ImageServiceImpl] : name === >879723300375232512.jpeg
[2021/09/03-14:15:07] [http-nio-2020-exec-7] [INFO ] [com.hewie.blog.service.impl.ImageServiceImpl] : get image path ===>F:\Blog\images\2021_08_24\jpeg\879723300375232512.jpeg
[2021/09/03-14:15:07] [http-nio-2020-exec-5] [INFO ] [com.hewie.blog.service.impl.ImageServiceImpl] : name === >878690775171334144.jpeg
[2021/09/03-14:15:07] [http-nio-2020-exec-5] [INFO ] [com.hewie.blog.service.impl.ImageServiceImpl] : get image path ===>F:\Blog\images\2021_08_21\jpeg\878690775171334144.jpeg
[2021/09/03-14:15:07] [http-nio-2020-exec-6] [INFO ] [com.hewie.blog.service.impl.ImageServiceImpl] : name === >870122291931906048.jpeg
[2021/09/03-14:15:07] [http-nio-2020-exec-6] [INFO ] [com.hewie.blog.service.impl.ImageServiceImpl] : get image path ===>F:\Blog\images\2021_07_29\jpeg\870122291931906048.jpeg
[2021/09/03-14:15:07] [http-nio-2020-exec-9] [INFO ] [com.hewie.blog.service.impl.ImageServiceImpl] : name === >882630054696189952.png
[2021/09/03-14:15:07] [http-nio-2020-exec-9] [INFO ] [com.hewie.blog.service.impl.ImageServiceImpl] : get image path ===>F:\Blog\images\2021_09_01\png\882630054696189952.png
[2021/09/03-14:15:07] [http-nio-2020-exec-10] [INFO ] [com.hewie.blog.service.impl.ImageServiceImpl] : name === >879933582980677632.jpeg
[2021/09/03-14:15:07] [http-nio-2020-exec-10] [INFO ] [com.hewie.blog.service.impl.ImageServiceImpl] : get image path ===>F:\Blog\images\2021_08_25\jpeg\879933582980677632.jpeg
[2021/09/03-14:15:07] [http-nio-2020-exec-3] [INFO ] [com.hewie.blog.service.impl.ImageServiceImpl] : name === >878480260029480960.jpeg
[2021/09/03-14:15:07] [http-nio-2020-exec-3] [INFO ] [com.hewie.blog.service.impl.ImageServiceImpl] : get image path ===>F:\Blog\images\2021_08_21\jpeg\878480260029480960.jpeg
[2021/09/03-14:15:07] [http-nio-2020-exec-1] [INFO ] [com.hewie.blog.service.impl.ImageServiceImpl] : name === >879729794349006848.png
[2021/09/03-14:15:07] [http-nio-2020-exec-4] [INFO ] [com.hewie.blog.service.impl.ImageServiceImpl] : name === >882397490396004352.png
[2021/09/03-14:15:07] [http-nio-2020-exec-1] [INFO ] [com.hewie.blog.service.impl.ImageServiceImpl] : get image path ===>F:\Blog\images\2021_08_24\png\879729794349006848.png
[2021/09/03-14:15:07] [http-nio-2020-exec-9] [INFO ] [com.hewie.blog.service.impl.ImageServiceImpl] : name === >878480200776548352.jpeg
[2021/09/03-14:15:07] [http-nio-2020-exec-9] [INFO ] [com.hewie.blog.service.impl.ImageServiceImpl] : get image path ===>F:\Blog\images\2021_08_21\jpeg\878480200776548352.jpeg
[2021/09/03-14:15:07] [http-nio-2020-exec-4] [INFO ] [com.hewie.blog.service.impl.ImageServiceImpl] : get image path ===>F:\Blog\images\2021_08_31\png\882397490396004352.png
[2021/09/03-14:15:07] [http-nio-2020-exec-6] [INFO ] [com.hewie.blog.service.impl.ImageServiceImpl] : name === >870122291931906048.jpeg
[2021/09/03-14:15:07] [http-nio-2020-exec-6] [INFO ] [com.hewie.blog.service.impl.ImageServiceImpl] : get image path ===>F:\Blog\images\2021_07_29\jpeg\870122291931906048.jpeg
[2021/09/03-14:15:08] [http-nio-2020-exec-10] [INFO ] [com.hewie.blog.service.impl.ImageServiceImpl] : name === >879933582980677632.jpeg
[2021/09/03-14:15:08] [http-nio-2020-exec-10] [INFO ] [com.hewie.blog.service.impl.ImageServiceImpl] : get image path ===>F:\Blog\images\2021_08_25\jpeg\879933582980677632.jpeg
[2021/09/03-14:15:08] [http-nio-2020-exec-3] [INFO ] [com.hewie.blog.service.impl.ImageServiceImpl] : name === >882630054696189952.png
[2021/09/03-14:15:08] [http-nio-2020-exec-3] [INFO ] [com.hewie.blog.service.impl.ImageServiceImpl] : get image path ===>F:\Blog\images\2021_09_01\png\882630054696189952.png
[2021/09/03-14:15:08] [http-nio-2020-exec-1] [INFO ] [com.hewie.blog.service.impl.ImageServiceImpl] : name === >882397490396004352.png
[2021/09/03-14:15:08] [http-nio-2020-exec-1] [INFO ] [com.hewie.blog.service.impl.ImageServiceImpl] : get image path ===>F:\Blog\images\2021_08_31\png\882397490396004352.png
[2021/09/03-14:15:08] [http-nio-2020-exec-9] [INFO ] [com.hewie.blog.service.impl.ImageServiceImpl] : name === >879729794349006848.png
[2021/09/03-14:15:08] [http-nio-2020-exec-9] [INFO ] [com.hewie.blog.service.impl.ImageServiceImpl] : get image path ===>F:\Blog\images\2021_08_24\png\879729794349006848.png
[2021/09/03-14:15:11] [http-nio-2020-exec-7] [INFO ] [com.hewie.blog.utils.CookieUtils] : cookies is null
[2021/09/03-14:15:11] [http-nio-2020-exec-5] [INFO ] [com.hewie.blog.utils.CookieUtils] : cookies is null
[2021/09/03-14:15:11] [http-nio-2020-exec-10] [INFO ] [com.hewie.blog.service.impl.ImageServiceImpl] : name === >878480200776548352.jpeg
[2021/09/03-14:15:11] [http-nio-2020-exec-10] [INFO ] [com.hewie.blog.service.impl.ImageServiceImpl] : get image path ===>F:\Blog\images\2021_08_21\jpeg\878480200776548352.jpeg
[2021/09/03-14:15:11] [http-nio-2020-exec-3] [INFO ] [com.hewie.blog.service.impl.ImageServiceImpl] : name === >878480260029480960.jpeg
[2021/09/03-14:15:11] [http-nio-2020-exec-3] [INFO ] [com.hewie.blog.service.impl.ImageServiceImpl] : get image path ===>F:\Blog\images\2021_08_21\jpeg\878480260029480960.jpeg
[2021/09/03-14:15:11] [http-nio-2020-exec-1] [INFO ] [com.hewie.blog.service.impl.ImageServiceImpl] : name === >879933582980677632.jpeg
[2021/09/03-14:15:11] [http-nio-2020-exec-1] [INFO ] [com.hewie.blog.service.impl.ImageServiceImpl] : get image path ===>F:\Blog\images\2021_08_25\jpeg\879933582980677632.jpeg
[2021/09/03-14:15:11] [http-nio-2020-exec-9] [INFO ] [com.hewie.blog.service.impl.ImageServiceImpl] : name === >882630054696189952.png
[2021/09/03-14:15:11] [http-nio-2020-exec-9] [INFO ] [com.hewie.blog.service.impl.ImageServiceImpl] : get image path ===>F:\Blog\images\2021_09_01\png\882630054696189952.png
[2021/09/03-14:15:11] [http-nio-2020-exec-6] [INFO ] [com.hewie.blog.service.impl.ImageServiceImpl] : name === >882397490396004352.png
[2021/09/03-14:15:11] [http-nio-2020-exec-6] [INFO ] [com.hewie.blog.service.impl.ImageServiceImpl] : get image path ===>F:\Blog\images\2021_08_31\png\882397490396004352.png
[2021/09/03-14:15:12] [http-nio-2020-exec-4] [INFO ] [com.hewie.blog.service.impl.ImageServiceImpl] : name === >879729794349006848.png
[2021/09/03-14:15:12] [http-nio-2020-exec-4] [INFO ] [com.hewie.blog.service.impl.ImageServiceImpl] : get image path ===>F:\Blog\images\2021_08_24\png\879729794349006848.png
[2021/09/03-14:15:12] [http-nio-2020-exec-8] [INFO ] [com.hewie.blog.service.impl.ImageServiceImpl] : name === >879730501022121984.jpeg
[2021/09/03-14:15:12] [http-nio-2020-exec-8] [INFO ] [com.hewie.blog.service.impl.ImageServiceImpl] : get image path ===>F:\Blog\images\2021_08_24\jpeg\879730501022121984.jpeg
[2021/09/03-14:15:12] [http-nio-2020-exec-7] [INFO ] [com.hewie.blog.service.impl.ImageServiceImpl] : name === >879723300375232512.jpeg
[2021/09/03-14:15:12] [http-nio-2020-exec-7] [INFO ] [com.hewie.blog.service.impl.ImageServiceImpl] : get image path ===>F:\Blog\images\2021_08_24\jpeg\879723300375232512.jpeg
[2021/09/03-14:15:12] [http-nio-2020-exec-2] [INFO ] [com.hewie.blog.service.impl.ImageServiceImpl] : name === >878690775171334144.jpeg
[2021/09/03-14:15:12] [http-nio-2020-exec-2] [INFO ] [com.hewie.blog.service.impl.ImageServiceImpl] : get image path ===>F:\Blog\images\2021_08_21\jpeg\878690775171334144.jpeg
[2021/09/03-14:15:12] [http-nio-2020-exec-5] [INFO ] [com.hewie.blog.service.impl.ImageServiceImpl] : name === >870122291931906048.jpeg
[2021/09/03-14:15:12] [http-nio-2020-exec-5] [INFO ] [com.hewie.blog.service.impl.ImageServiceImpl] : get image path ===>F:\Blog\images\2021_07_29\jpeg\870122291931906048.jpeg
[2021/09/03-14:16:31] [http-nio-2020-exec-7] [INFO ] [com.hewie.blog.utils.CookieUtils] : cookies is null
[2021/09/03-14:16:31] [http-nio-2020-exec-5] [INFO ] [com.hewie.blog.utils.CookieUtils] : cookies is null
[2021/09/03-14:16:31] [http-nio-2020-exec-9] [INFO ] [com.hewie.blog.service.impl.ImageServiceImpl] : name === >879730501022121984.jpeg
[2021/09/03-14:16:31] [http-nio-2020-exec-9] [INFO ] [com.hewie.blog.service.impl.ImageServiceImpl] : get image path ===>F:\Blog\images\2021_08_24\jpeg\879730501022121984.jpeg
[2021/09/03-14:16:31] [http-nio-2020-exec-3] [INFO ] [com.hewie.blog.service.impl.ImageServiceImpl] : name === >879723300375232512.jpeg
[2021/09/03-14:16:31] [http-nio-2020-exec-3] [INFO ] [com.hewie.blog.service.impl.ImageServiceImpl] : get image path ===>F:\Blog\images\2021_08_24\jpeg\879723300375232512.jpeg
[2021/09/03-14:16:31] [http-nio-2020-exec-1] [INFO ] [com.hewie.blog.service.impl.ImageServiceImpl] : name === >878480200776548352.jpeg
[2021/09/03-14:16:31] [http-nio-2020-exec-1] [INFO ] [com.hewie.blog.service.impl.ImageServiceImpl] : get image path ===>F:\Blog\images\2021_08_21\jpeg\878480200776548352.jpeg
[2021/09/03-14:16:31] [http-nio-2020-exec-6] [INFO ] [com.hewie.blog.service.impl.ImageServiceImpl] : name === >878690775171334144.jpeg
[2021/09/03-14:16:31] [http-nio-2020-exec-4] [INFO ] [com.hewie.blog.service.impl.ImageServiceImpl] : name === >878480260029480960.jpeg
[2021/09/03-14:16:31] [http-nio-2020-exec-6] [INFO ] [com.hewie.blog.service.impl.ImageServiceImpl] : get image path ===>F:\Blog\images\2021_08_21\jpeg\878690775171334144.jpeg
[2021/09/03-14:16:31] [http-nio-2020-exec-4] [INFO ] [com.hewie.blog.service.impl.ImageServiceImpl] : get image path ===>F:\Blog\images\2021_08_21\jpeg\878480260029480960.jpeg
[2021/09/03-14:16:31] [http-nio-2020-exec-8] [INFO ] [com.hewie.blog.service.impl.ImageServiceImpl] : name === >870122291931906048.jpeg
[2021/09/03-14:16:31] [http-nio-2020-exec-8] [INFO ] [com.hewie.blog.service.impl.ImageServiceImpl] : get image path ===>F:\Blog\images\2021_07_29\jpeg\870122291931906048.jpeg
[2021/09/03-14:16:31] [http-nio-2020-exec-7] [INFO ] [com.hewie.blog.service.impl.ImageServiceImpl] : name === >879729794349006848.png
[2021/09/03-14:16:31] [http-nio-2020-exec-7] [INFO ] [com.hewie.blog.service.impl.ImageServiceImpl] : get image path ===>F:\Blog\images\2021_08_24\png\879729794349006848.png
[2021/09/03-14:16:31] [http-nio-2020-exec-5] [INFO ] [com.hewie.blog.service.impl.ImageServiceImpl] : name === >879933582980677632.jpeg
[2021/09/03-14:16:31] [http-nio-2020-exec-5] [INFO ] [com.hewie.blog.service.impl.ImageServiceImpl] : get image path ===>F:\Blog\images\2021_08_25\jpeg\879933582980677632.jpeg
[2021/09/03-14:16:31] [http-nio-2020-exec-10] [INFO ] [com.hewie.blog.service.impl.ImageServiceImpl] : name === >882397490396004352.png
[2021/09/03-14:16:31] [http-nio-2020-exec-10] [INFO ] [com.hewie.blog.service.impl.ImageServiceImpl] : get image path ===>F:\Blog\images\2021_08_31\png\882397490396004352.png
[2021/09/03-14:16:31] [http-nio-2020-exec-2] [INFO ] [com.hewie.blog.service.impl.ImageServiceImpl] : name === >882630054696189952.png
[2021/09/03-14:16:31] [http-nio-2020-exec-2] [INFO ] [com.hewie.blog.service.impl.ImageServiceImpl] : get image path ===>F:\Blog\images\2021_09_01\png\882630054696189952.png
[2021/09/03-14:16:34] [http-nio-2020-exec-7] [INFO ] [com.hewie.blog.utils.CookieUtils] : cookies is null
[2021/09/03-14:16:35] [http-nio-2020-exec-2] [INFO ] [com.hewie.blog.service.impl.ImageServiceImpl] : name === >879730501022121984.jpeg
[2021/09/03-14:16:35] [http-nio-2020-exec-2] [INFO ] [com.hewie.blog.service.impl.ImageServiceImpl] : get image path ===>F:\Blog\images\2021_08_24\jpeg\879730501022121984.jpeg
[2021/09/03-14:16:35] [http-nio-2020-exec-9] [INFO ] [com.hewie.blog.service.impl.ImageServiceImpl] : name === >879723300375232512.jpeg
[2021/09/03-14:16:35] [http-nio-2020-exec-9] [INFO ] [com.hewie.blog.service.impl.ImageServiceImpl] : get image path ===>F:\Blog\images\2021_08_24\jpeg\879723300375232512.jpeg
[2021/09/03-14:16:35] [http-nio-2020-exec-3] [INFO ] [com.hewie.blog.service.impl.ImageServiceImpl] : name === >878690775171334144.jpeg
[2021/09/03-14:16:35] [http-nio-2020-exec-3] [INFO ] [com.hewie.blog.service.impl.ImageServiceImpl] : get image path ===>F:\Blog\images\2021_08_21\jpeg\878690775171334144.jpeg
[2021/09/03-14:16:35] [http-nio-2020-exec-6] [INFO ] [com.hewie.blog.service.impl.ImageServiceImpl] : name === >878480260029480960.jpeg
[2021/09/03-14:16:35] [http-nio-2020-exec-6] [INFO ] [com.hewie.blog.service.impl.ImageServiceImpl] : get image path ===>F:\Blog\images\2021_08_21\jpeg\878480260029480960.jpeg
[2021/09/03-14:16:35] [http-nio-2020-exec-1] [INFO ] [com.hewie.blog.service.impl.ImageServiceImpl] : name === >870122291931906048.jpeg
[2021/09/03-14:16:35] [http-nio-2020-exec-1] [INFO ] [com.hewie.blog.service.impl.ImageServiceImpl] : get image path ===>F:\Blog\images\2021_07_29\jpeg\870122291931906048.jpeg
[2021/09/03-14:16:35] [http-nio-2020-exec-8] [INFO ] [com.hewie.blog.service.impl.ImageServiceImpl] : name === >878480200776548352.jpeg
[2021/09/03-14:16:35] [http-nio-2020-exec-8] [INFO ] [com.hewie.blog.service.impl.ImageServiceImpl] : get image path ===>F:\Blog\images\2021_08_21\jpeg\878480200776548352.jpeg
[2021/09/03-14:16:35] [http-nio-2020-exec-7] [INFO ] [com.hewie.blog.service.impl.ImageServiceImpl] : name === >879933582980677632.jpeg
[2021/09/03-14:16:35] [http-nio-2020-exec-7] [INFO ] [com.hewie.blog.service.impl.ImageServiceImpl] : get image path ===>F:\Blog\images\2021_08_25\jpeg\879933582980677632.jpeg
[2021/09/03-14:16:35] [http-nio-2020-exec-4] [INFO ] [com.hewie.blog.service.impl.ImageServiceImpl] : name === >879729794349006848.png
[2021/09/03-14:16:35] [http-nio-2020-exec-4] [INFO ] [com.hewie.blog.service.impl.ImageServiceImpl] : get image path ===>F:\Blog\images\2021_08_24\png\879729794349006848.png
[2021/09/03-14:16:35] [http-nio-2020-exec-10] [INFO ] [com.hewie.blog.service.impl.ImageServiceImpl] : name === >882630054696189952.png
[2021/09/03-14:16:35] [http-nio-2020-exec-10] [INFO ] [com.hewie.blog.service.impl.ImageServiceImpl] : get image path ===>F:\Blog\images\2021_09_01\png\882630054696189952.png
[2021/09/03-14:16:35] [http-nio-2020-exec-5] [INFO ] [com.hewie.blog.service.impl.ImageServiceImpl] : name === >882397490396004352.png
[2021/09/03-14:16:35] [http-nio-2020-exec-5] [INFO ] [com.hewie.blog.service.impl.ImageServiceImpl] : get image path ===>F:\Blog\images\2021_08_31\png\882397490396004352.png
[2021/09/03-14:16:35] [http-nio-2020-exec-2] [INFO ] [com.hewie.blog.service.impl.ImageServiceImpl] : name === >879730501022121984.jpeg
[2021/09/03-14:16:35] [http-nio-2020-exec-2] [INFO ] [com.hewie.blog.service.impl.ImageServiceImpl] : get image path ===>F:\Blog\images\2021_08_24\jpeg\879730501022121984.jpeg
[2021/09/03-14:16:36] [http-nio-2020-exec-9] [INFO ] [com.hewie.blog.service.impl.ImageServiceImpl] : name === >879723300375232512.jpeg
[2021/09/03-14:16:36] [http-nio-2020-exec-9] [INFO ] [com.hewie.blog.service.impl.ImageServiceImpl] : get image path ===>F:\Blog\images\2021_08_24\jpeg\879723300375232512.jpeg
[2021/09/03-14:16:36] [http-nio-2020-exec-3] [INFO ] [com.hewie.blog.service.impl.ImageServiceImpl] : name === >878690775171334144.jpeg
[2021/09/03-14:16:36] [http-nio-2020-exec-3] [INFO ] [com.hewie.blog.service.impl.ImageServiceImpl] : get image path ===>F:\Blog\images\2021_08_21\jpeg\878690775171334144.jpeg
[2021/09/03-14:16:36] [http-nio-2020-exec-1] [INFO ] [com.hewie.blog.service.impl.ImageServiceImpl] : name === >870122291931906048.jpeg
[2021/09/03-14:16:36] [http-nio-2020-exec-1] [INFO ] [com.hewie.blog.service.impl.ImageServiceImpl] : get image path ===>F:\Blog\images\2021_07_29\jpeg\870122291931906048.jpeg
[2021/09/03-14:16:36] [http-nio-2020-exec-7] [INFO ] [com.hewie.blog.service.impl.ImageServiceImpl] : name === >878480200776548352.jpeg
[2021/09/03-14:16:36] [http-nio-2020-exec-7] [INFO ] [com.hewie.blog.service.impl.ImageServiceImpl] : get image path ===>F:\Blog\images\2021_08_21\jpeg\878480200776548352.jpeg
[2021/09/03-14:16:36] [http-nio-2020-exec-4] [INFO ] [com.hewie.blog.service.impl.ImageServiceImpl] : name === >878480260029480960.jpeg
[2021/09/03-14:16:36] [http-nio-2020-exec-4] [INFO ] [com.hewie.blog.service.impl.ImageServiceImpl] : get image path ===>F:\Blog\images\2021_08_21\jpeg\878480260029480960.jpeg
[2021/09/03-14:16:36] [http-nio-2020-exec-10] [INFO ] [com.hewie.blog.service.impl.ImageServiceImpl] : name === >879933582980677632.jpeg
[2021/09/03-14:16:36] [http-nio-2020-exec-10] [INFO ] [com.hewie.blog.service.impl.ImageServiceImpl] : get image path ===>F:\Blog\images\2021_08_25\jpeg\879933582980677632.jpeg
[2021/09/03-14:16:36] [http-nio-2020-exec-5] [INFO ] [com.hewie.blog.service.impl.ImageServiceImpl] : name === >882630054696189952.png
[2021/09/03-14:16:36] [http-nio-2020-exec-5] [INFO ] [com.hewie.blog.service.impl.ImageServiceImpl] : get image path ===>F:\Blog\images\2021_09_01\png\882630054696189952.png
[2021/09/03-14:16:36] [http-nio-2020-exec-2] [INFO ] [com.hewie.blog.service.impl.ImageServiceImpl] : name === >882397490396004352.png
[2021/09/03-14:16:36] [http-nio-2020-exec-2] [INFO ] [com.hewie.blog.service.impl.ImageServiceImpl] : get image path ===>F:\Blog\images\2021_08_31\png\882397490396004352.png
[2021/09/03-14:16:36] [http-nio-2020-exec-9] [INFO ] [com.hewie.blog.service.impl.ImageServiceImpl] : name === >879729794349006848.png
[2021/09/03-14:16:36] [http-nio-2020-exec-9] [INFO ] [com.hewie.blog.service.impl.ImageServiceImpl] : get image path ===>F:\Blog\images\2021_08_24\png\879729794349006848.png
[2021/09/03-14:17:35] [http-nio-2020-exec-2] [INFO ] [com.hewie.blog.utils.CookieUtils] : cookies is null
[2021/09/03-14:17:35] [http-nio-2020-exec-10] [INFO ] [com.hewie.blog.service.impl.ImageServiceImpl] : name === >879730501022121984.jpeg
[2021/09/03-14:17:35] [http-nio-2020-exec-10] [INFO ] [com.hewie.blog.service.impl.ImageServiceImpl] : get image path ===>F:\Blog\images\2021_08_24\jpeg\879730501022121984.jpeg
[2021/09/03-14:17:35] [http-nio-2020-exec-5] [INFO ] [com.hewie.blog.service.impl.ImageServiceImpl] : name === >879723300375232512.jpeg
[2021/09/03-14:17:35] [http-nio-2020-exec-5] [INFO ] [com.hewie.blog.service.impl.ImageServiceImpl] : get image path ===>F:\Blog\images\2021_08_24\jpeg\879723300375232512.jpeg
[2021/09/03-14:17:35] [http-nio-2020-exec-1] [INFO ] [com.hewie.blog.service.impl.ImageServiceImpl] : name === >878480260029480960.jpeg
[2021/09/03-14:17:35] [http-nio-2020-exec-9] [INFO ] [com.hewie.blog.service.impl.ImageServiceImpl] : name === >878690775171334144.jpeg
[2021/09/03-14:17:35] [http-nio-2020-exec-1] [INFO ] [com.hewie.blog.service.impl.ImageServiceImpl] : get image path ===>F:\Blog\images\2021_08_21\jpeg\878480260029480960.jpeg
[2021/09/03-14:17:35] [http-nio-2020-exec-9] [INFO ] [com.hewie.blog.service.impl.ImageServiceImpl] : get image path ===>F:\Blog\images\2021_08_21\jpeg\878690775171334144.jpeg
[2021/09/03-14:17:35] [http-nio-2020-exec-6] [INFO ] [com.hewie.blog.service.impl.ImageServiceImpl] : name === >870122291931906048.jpeg
[2021/09/03-14:17:35] [http-nio-2020-exec-6] [INFO ] [com.hewie.blog.service.impl.ImageServiceImpl] : get image path ===>F:\Blog\images\2021_07_29\jpeg\870122291931906048.jpeg
[2021/09/03-14:17:35] [http-nio-2020-exec-7] [INFO ] [com.hewie.blog.service.impl.ImageServiceImpl] : name === >878480200776548352.jpeg
[2021/09/03-14:17:35] [http-nio-2020-exec-7] [INFO ] [com.hewie.blog.service.impl.ImageServiceImpl] : get image path ===>F:\Blog\images\2021_08_21\jpeg\878480200776548352.jpeg
[2021/09/03-14:17:35] [http-nio-2020-exec-4] [INFO ] [com.hewie.blog.service.impl.ImageServiceImpl] : name === >879729794349006848.png
[2021/09/03-14:17:35] [http-nio-2020-exec-4] [INFO ] [com.hewie.blog.service.impl.ImageServiceImpl] : get image path ===>F:\Blog\images\2021_08_24\png\879729794349006848.png
[2021/09/03-14:17:36] [http-nio-2020-exec-10] [INFO ] [com.hewie.blog.service.impl.ImageServiceImpl] : name === >879933582980677632.jpeg
[2021/09/03-14:17:36] [http-nio-2020-exec-10] [INFO ] [com.hewie.blog.service.impl.ImageServiceImpl] : get image path ===>F:\Blog\images\2021_08_25\jpeg\879933582980677632.jpeg
[2021/09/03-14:17:36] [http-nio-2020-exec-5] [INFO ] [com.hewie.blog.service.impl.ImageServiceImpl] : name === >882630054696189952.png
[2021/09/03-14:17:36] [http-nio-2020-exec-5] [INFO ] [com.hewie.blog.service.impl.ImageServiceImpl] : get image path ===>F:\Blog\images\2021_09_01\png\882630054696189952.png
[2021/09/03-14:17:36] [http-nio-2020-exec-1] [INFO ] [com.hewie.blog.service.impl.ImageServiceImpl] : name === >882397490396004352.png
[2021/09/03-14:17:36] [http-nio-2020-exec-1] [INFO ] [com.hewie.blog.service.impl.ImageServiceImpl] : get image path ===>F:\Blog\images\2021_08_31\png\882397490396004352.png
[2021/09/03-14:17:38] [http-nio-2020-exec-4] [INFO ] [com.hewie.blog.service.impl.ImageServiceImpl] : name === >878480260029480960.jpeg
[2021/09/03-14:17:38] [http-nio-2020-exec-1] [INFO ] [com.hewie.blog.service.impl.ImageServiceImpl] : name === >879730501022121984.jpeg
[2021/09/03-14:17:38] [http-nio-2020-exec-4] [INFO ] [com.hewie.blog.service.impl.ImageServiceImpl] : get image path ===>F:\Blog\images\2021_08_21\jpeg\878480260029480960.jpeg
[2021/09/03-14:17:38] [http-nio-2020-exec-1] [INFO ] [com.hewie.blog.service.impl.ImageServiceImpl] : get image path ===>F:\Blog\images\2021_08_24\jpeg\879730501022121984.jpeg
[2021/09/03-14:17:38] [http-nio-2020-exec-6] [INFO ] [com.hewie.blog.service.impl.ImageServiceImpl] : name === >878690775171334144.jpeg
[2021/09/03-14:17:38] [http-nio-2020-exec-6] [INFO ] [com.hewie.blog.service.impl.ImageServiceImpl] : get image path ===>F:\Blog\images\2021_08_21\jpeg\878690775171334144.jpeg
[2021/09/03-14:17:38] [http-nio-2020-exec-9] [INFO ] [com.hewie.blog.service.impl.ImageServiceImpl] : name === >879723300375232512.jpeg
[2021/09/03-14:17:38] [http-nio-2020-exec-9] [INFO ] [com.hewie.blog.service.impl.ImageServiceImpl] : get image path ===>F:\Blog\images\2021_08_24\jpeg\879723300375232512.jpeg
[2021/09/03-14:17:38] [http-nio-2020-exec-3] [INFO ] [com.hewie.blog.service.impl.ImageServiceImpl] : name === >870122291931906048.jpeg
[2021/09/03-14:17:38] [http-nio-2020-exec-3] [INFO ] [com.hewie.blog.service.impl.ImageServiceImpl] : get image path ===>F:\Blog\images\2021_07_29\jpeg\870122291931906048.jpeg
[2021/09/03-14:17:38] [http-nio-2020-exec-1] [INFO ] [com.hewie.blog.service.impl.ImageServiceImpl] : name === >878480200776548352.jpeg
[2021/09/03-14:17:38] [http-nio-2020-exec-1] [INFO ] [com.hewie.blog.service.impl.ImageServiceImpl] : get image path ===>F:\Blog\images\2021_08_21\jpeg\878480200776548352.jpeg
[2021/09/03-14:17:38] [http-nio-2020-exec-4] [INFO ] [com.hewie.blog.service.impl.ImageServiceImpl] : name === >879933582980677632.jpeg
[2021/09/03-14:17:38] [http-nio-2020-exec-4] [INFO ] [com.hewie.blog.service.impl.ImageServiceImpl] : get image path ===>F:\Blog\images\2021_08_25\jpeg\879933582980677632.jpeg
[2021/09/03-14:17:38] [http-nio-2020-exec-6] [INFO ] [com.hewie.blog.service.impl.ImageServiceImpl] : name === >879729794349006848.png
[2021/09/03-14:17:38] [http-nio-2020-exec-6] [INFO ] [com.hewie.blog.service.impl.ImageServiceImpl] : get image path ===>F:\Blog\images\2021_08_24\png\879729794349006848.png
[2021/09/03-14:17:38] [http-nio-2020-exec-3] [INFO ] [com.hewie.blog.service.impl.ImageServiceImpl] : name === >882630054696189952.png
[2021/09/03-14:17:38] [http-nio-2020-exec-3] [INFO ] [com.hewie.blog.service.impl.ImageServiceImpl] : get image path ===>F:\Blog\images\2021_09_01\png\882630054696189952.png
[2021/09/03-14:17:38] [http-nio-2020-exec-8] [INFO ] [com.hewie.blog.service.impl.ImageServiceImpl] : name === >882397490396004352.png
[2021/09/03-14:17:38] [http-nio-2020-exec-8] [INFO ] [com.hewie.blog.service.impl.ImageServiceImpl] : get image path ===>F:\Blog\images\2021_08_31\png\882397490396004352.png
[2021/09/03-14:18:02] [http-nio-2020-exec-3] [INFO ] [com.hewie.blog.utils.CookieUtils] : cookies is null
[2021/09/03-14:18:02] [http-nio-2020-exec-8] [INFO ] [com.hewie.blog.utils.CookieUtils] : cookies is null
[2021/09/03-14:18:02] [http-nio-2020-exec-9] [INFO ] [com.hewie.blog.service.impl.ImageServiceImpl] : name === >878480260029480960.jpeg
[2021/09/03-14:18:02] [http-nio-2020-exec-5] [INFO ] [com.hewie.blog.service.impl.ImageServiceImpl] : name === >879730501022121984.jpeg
[2021/09/03-14:18:02] [http-nio-2020-exec-9] [INFO ] [com.hewie.blog.service.impl.ImageServiceImpl] : get image path ===>F:\Blog\images\2021_08_21\jpeg\878480260029480960.jpeg
[2021/09/03-14:18:02] [http-nio-2020-exec-6] [INFO ] [com.hewie.blog.service.impl.ImageServiceImpl] : name === >878480200776548352.jpeg
[2021/09/03-14:18:02] [http-nio-2020-exec-5] [INFO ] [com.hewie.blog.service.impl.ImageServiceImpl] : get image path ===>F:\Blog\images\2021_08_24\jpeg\879730501022121984.jpeg
[2021/09/03-14:18:02] [http-nio-2020-exec-6] [INFO ] [com.hewie.blog.service.impl.ImageServiceImpl] : get image path ===>F:\Blog\images\2021_08_21\jpeg\878480200776548352.jpeg
[2021/09/03-14:18:02] [http-nio-2020-exec-4] [INFO ] [com.hewie.blog.service.impl.ImageServiceImpl] : name === >878690775171334144.jpeg
[2021/09/03-14:18:02] [http-nio-2020-exec-1] [INFO ] [com.hewie.blog.service.impl.ImageServiceImpl] : name === >879723300375232512.jpeg
[2021/09/03-14:18:02] [http-nio-2020-exec-4] [INFO ] [com.hewie.blog.service.impl.ImageServiceImpl] : get image path ===>F:\Blog\images\2021_08_21\jpeg\878690775171334144.jpeg
[2021/09/03-14:18:02] [http-nio-2020-exec-1] [INFO ] [com.hewie.blog.service.impl.ImageServiceImpl] : get image path ===>F:\Blog\images\2021_08_24\jpeg\879723300375232512.jpeg
[2021/09/03-14:18:02] [http-nio-2020-exec-10] [INFO ] [com.hewie.blog.service.impl.ImageServiceImpl] : name === >870122291931906048.jpeg
[2021/09/03-14:18:02] [http-nio-2020-exec-10] [INFO ] [com.hewie.blog.service.impl.ImageServiceImpl] : get image path ===>F:\Blog\images\2021_07_29\jpeg\870122291931906048.jpeg
[2021/09/03-14:18:02] [http-nio-2020-exec-3] [INFO ] [com.hewie.blog.service.impl.ImageServiceImpl] : name === >882630054696189952.png
[2021/09/03-14:18:02] [http-nio-2020-exec-6] [INFO ] [com.hewie.blog.service.impl.ImageServiceImpl] : name === >879933582980677632.jpeg
[2021/09/03-14:18:02] [http-nio-2020-exec-3] [INFO ] [com.hewie.blog.service.impl.ImageServiceImpl] : get image path ===>F:\Blog\images\2021_09_01\png\882630054696189952.png
[2021/09/03-14:18:02] [http-nio-2020-exec-6] [INFO ] [com.hewie.blog.service.impl.ImageServiceImpl] : get image path ===>F:\Blog\images\2021_08_25\jpeg\879933582980677632.jpeg
[2021/09/03-14:18:02] [http-nio-2020-exec-10] [INFO ] [com.hewie.blog.service.impl.ImageServiceImpl] : name === >882397490396004352.png
[2021/09/03-14:18:02] [http-nio-2020-exec-10] [INFO ] [com.hewie.blog.service.impl.ImageServiceImpl] : get image path ===>F:\Blog\images\2021_08_31\png\882397490396004352.png
[2021/09/03-14:18:02] [http-nio-2020-exec-5] [INFO ] [com.hewie.blog.service.impl.ImageServiceImpl] : name === >879729794349006848.png
[2021/09/03-14:18:02] [http-nio-2020-exec-5] [INFO ] [com.hewie.blog.service.impl.ImageServiceImpl] : get image path ===>F:\Blog\images\2021_08_24\png\879729794349006848.png
[2021/09/03-14:18:04] [http-nio-2020-exec-1] [INFO ] [com.hewie.blog.utils.CookieUtils] : cookies is null
[2021/09/03-14:18:06] [http-nio-2020-exec-10] [INFO ] [com.hewie.blog.utils.CookieUtils] : cookies is null
[2021/09/03-14:18:13] [http-nio-2020-exec-5] [INFO ] [com.hewie.blog.service.impl.ImageServiceImpl] : name === >878690775171334144.jpeg
[2021/09/03-14:18:13] [http-nio-2020-exec-10] [INFO ] [com.hewie.blog.service.impl.ImageServiceImpl] : name === >879723300375232512.jpeg
[2021/09/03-14:18:13] [http-nio-2020-exec-3] [INFO ] [com.hewie.blog.service.impl.ImageServiceImpl] : name === >879730501022121984.jpeg
[2021/09/03-14:18:13] [http-nio-2020-exec-5] [INFO ] [com.hewie.blog.service.impl.ImageServiceImpl] : get image path ===>F:\Blog\images\2021_08_21\jpeg\878690775171334144.jpeg
[2021/09/03-14:18:13] [http-nio-2020-exec-2] [INFO ] [com.hewie.blog.service.impl.ImageServiceImpl] : name === >878480260029480960.jpeg
[2021/09/03-14:18:13] [http-nio-2020-exec-10] [INFO ] [com.hewie.blog.service.impl.ImageServiceImpl] : get image path ===>F:\Blog\images\2021_08_24\jpeg\879723300375232512.jpeg
[2021/09/03-14:18:13] [http-nio-2020-exec-3] [INFO ] [com.hewie.blog.service.impl.ImageServiceImpl] : get image path ===>F:\Blog\images\2021_08_24\jpeg\879730501022121984.jpeg
[2021/09/03-14:18:13] [http-nio-2020-exec-2] [INFO ] [com.hewie.blog.service.impl.ImageServiceImpl] : get image path ===>F:\Blog\images\2021_08_21\jpeg\878480260029480960.jpeg
[2021/09/03-14:18:13] [http-nio-2020-exec-8] [INFO ] [com.hewie.blog.service.impl.ImageServiceImpl] : name === >870122291931906048.jpeg
[2021/09/03-14:18:13] [http-nio-2020-exec-8] [INFO ] [com.hewie.blog.service.impl.ImageServiceImpl] : get image path ===>F:\Blog\images\2021_07_29\jpeg\870122291931906048.jpeg
[2021/09/03-14:18:13] [http-nio-2020-exec-7] [INFO ] [com.hewie.blog.service.impl.ImageServiceImpl] : name === >878480200776548352.jpeg
[2021/09/03-14:18:13] [http-nio-2020-exec-7] [INFO ] [com.hewie.blog.service.impl.ImageServiceImpl] : get image path ===>F:\Blog\images\2021_08_21\jpeg\878480200776548352.jpeg
[2021/09/03-14:18:13] [http-nio-2020-exec-9] [INFO ] [com.hewie.blog.service.impl.ImageServiceImpl] : name === >882397490396004352.png
[2021/09/03-14:18:13] [http-nio-2020-exec-1] [INFO ] [com.hewie.blog.service.impl.ImageServiceImpl] : name === >879933582980677632.jpeg
[2021/09/03-14:18:13] [http-nio-2020-exec-9] [INFO ] [com.hewie.blog.service.impl.ImageServiceImpl] : get image path ===>F:\Blog\images\2021_08_31\png\882397490396004352.png
[2021/09/03-14:18:13] [http-nio-2020-exec-1] [INFO ] [com.hewie.blog.service.impl.ImageServiceImpl] : get image path ===>F:\Blog\images\2021_08_25\jpeg\879933582980677632.jpeg
[2021/09/03-14:18:13] [http-nio-2020-exec-10] [INFO ] [com.hewie.blog.service.impl.ImageServiceImpl] : name === >882630054696189952.png
[2021/09/03-14:18:13] [http-nio-2020-exec-4] [INFO ] [com.hewie.blog.service.impl.ImageServiceImpl] : name === >879729794349006848.png
[2021/09/03-14:18:13] [http-nio-2020-exec-10] [INFO ] [com.hewie.blog.service.impl.ImageServiceImpl] : get image path ===>F:\Blog\images\2021_09_01\png\882630054696189952.png
[2021/09/03-14:18:13] [http-nio-2020-exec-4] [INFO ] [com.hewie.blog.service.impl.ImageServiceImpl] : get image path ===>F:\Blog\images\2021_08_24\png\879729794349006848.png
[2021/09/03-14:18:16] [http-nio-2020-exec-8] [INFO ] [com.hewie.blog.utils.CookieUtils] : cookies is null
[2021/09/03-14:18:17] [http-nio-2020-exec-4] [INFO ] [com.hewie.blog.utils.CookieUtils] : cookies is null
[2021/09/03-20:08:09] [http-nio-2020-exec-6] [INFO ] [com.hewie.blog.service.impl.ImageServiceImpl] : name === >879730501022121984.jpeg
[2021/09/03-20:08:09] [http-nio-2020-exec-6] [INFO ] [com.hewie.blog.service.impl.ImageServiceImpl] : get image path ===>F:\Blog\images\2021_08_24\jpeg\879730501022121984.jpeg
[2021/09/03-20:08:09] [http-nio-2020-exec-5] [INFO ] [com.hewie.blog.service.impl.ImageServiceImpl] : name === >879723300375232512.jpeg
[2021/09/03-20:08:09] [http-nio-2020-exec-5] [INFO ] [com.hewie.blog.service.impl.ImageServiceImpl] : get image path ===>F:\Blog\images\2021_08_24\jpeg\879723300375232512.jpeg
[2021/09/03-20:08:09] [http-nio-2020-exec-9] [INFO ] [com.hewie.blog.service.impl.ImageServiceImpl] : name === >878480260029480960.jpeg
[2021/09/03-20:08:09] [http-nio-2020-exec-7] [INFO ] [com.hewie.blog.service.impl.ImageServiceImpl] : name === >878690775171334144.jpeg
[2021/09/03-20:08:09] [http-nio-2020-exec-10] [INFO ] [com.hewie.blog.service.impl.ImageServiceImpl] : name === >878480200776548352.jpeg
[2021/09/03-20:08:09] [http-nio-2020-exec-7] [INFO ] [com.hewie.blog.service.impl.ImageServiceImpl] : get image path ===>F:\Blog\images\2021_08_21\jpeg\878690775171334144.jpeg
[2021/09/03-20:08:09] [http-nio-2020-exec-9] [INFO ] [com.hewie.blog.service.impl.ImageServiceImpl] : get image path ===>F:\Blog\images\2021_08_21\jpeg\878480260029480960.jpeg
[2021/09/03-20:08:09] [http-nio-2020-exec-10] [INFO ] [com.hewie.blog.service.impl.ImageServiceImpl] : get image path ===>F:\Blog\images\2021_08_21\jpeg\878480200776548352.jpeg
[2021/09/03-20:08:09] [http-nio-2020-exec-4] [INFO ] [com.hewie.blog.service.impl.ImageServiceImpl] : name === >870122291931906048.jpeg
[2021/09/03-20:08:09] [http-nio-2020-exec-4] [INFO ] [com.hewie.blog.service.impl.ImageServiceImpl] : get image path ===>F:\Blog\images\2021_07_29\jpeg\870122291931906048.jpeg
[2021/09/03-20:08:09] [http-nio-2020-exec-5] [INFO ] [com.hewie.blog.service.impl.ImageServiceImpl] : name === >879933582980677632.jpeg
[2021/09/03-20:08:09] [http-nio-2020-exec-5] [INFO ] [com.hewie.blog.service.impl.ImageServiceImpl] : get image path ===>F:\Blog\images\2021_08_25\jpeg\879933582980677632.jpeg
[2021/09/03-20:08:09] [http-nio-2020-exec-6] [INFO ] [com.hewie.blog.service.impl.ImageServiceImpl] : name === >882630054696189952.png
[2021/09/03-20:08:09] [http-nio-2020-exec-6] [INFO ] [com.hewie.blog.service.impl.ImageServiceImpl] : get image path ===>F:\Blog\images\2021_09_01\png\882630054696189952.png
[2021/09/03-20:08:09] [http-nio-2020-exec-7] [INFO ] [com.hewie.blog.service.impl.ImageServiceImpl] : name === >879729794349006848.png
[2021/09/03-20:08:09] [http-nio-2020-exec-7] [INFO ] [com.hewie.blog.service.impl.ImageServiceImpl] : get image path ===>F:\Blog\images\2021_08_24\png\879729794349006848.png
[2021/09/03-20:08:09] [http-nio-2020-exec-1] [INFO ] [com.hewie.blog.service.impl.ImageServiceImpl] : name === >882397490396004352.png
[2021/09/03-20:08:09] [http-nio-2020-exec-1] [INFO ] [com.hewie.blog.service.impl.ImageServiceImpl] : get image path ===>F:\Blog\images\2021_08_31\png\882397490396004352.png
[2021/09/03-20:08:13] [http-nio-2020-exec-2] [INFO ] [com.hewie.blog.service.impl.UserServiceImpl] : captcha content == > puu3v
[2021/09/03-20:08:13] [http-nio-2020-exec-10] [INFO ] [com.hewie.blog.service.impl.UserServiceImpl] : captcha content == > tamdk
[2021/09/03-20:08:16] [http-nio-2020-exec-4] [INFO ] [com.hewie.blog.service.impl.ImageServiceImpl] : content == >http://localhost:2020/portal/app===883037665153253376
[2021/09/03-20:08:16] [http-nio-2020-exec-7] [INFO ] [com.hewie.blog.service.impl.ImageServiceImpl] : content == >http://localhost:2020/portal/app===883037665153253376
[2021/09/03-20:08:19] [http-nio-2020-exec-1] [INFO ] [com.hewie.blog.service.impl.UserServiceImpl] : captcha content == > ttwde
[2021/09/03-20:08:19] [http-nio-2020-exec-8] [INFO ] [com.hewie.blog.service.impl.UserServiceImpl] : captcha content == > pqsc5
[2021/09/03-20:08:24] [http-nio-2020-exec-3] [INFO ] [com.hewie.blog.service.impl.ImageServiceImpl] : name === >878480260029480960.jpeg
[2021/09/03-20:08:24] [http-nio-2020-exec-3] [INFO ] [com.hewie.blog.service.impl.ImageServiceImpl] : get image path ===>F:\Blog\images\2021_08_21\jpeg\878480260029480960.jpeg
[2021/09/03-20:08:24] [http-nio-2020-exec-1] [INFO ] [com.hewie.blog.service.impl.ImageServiceImpl] : name === >879723300375232512.jpeg
[2021/09/03-20:08:24] [http-nio-2020-exec-7] [INFO ] [com.hewie.blog.service.impl.ImageServiceImpl] : name === >879730501022121984.jpeg
[2021/09/03-20:08:24] [http-nio-2020-exec-7] [INFO ] [com.hewie.blog.service.impl.ImageServiceImpl] : get image path ===>F:\Blog\images\2021_08_24\jpeg\879730501022121984.jpeg
[2021/09/03-20:08:24] [http-nio-2020-exec-1] [INFO ] [com.hewie.blog.service.impl.ImageServiceImpl] : get image path ===>F:\Blog\images\2021_08_24\jpeg\879723300375232512.jpeg
[2021/09/03-20:08:24] [http-nio-2020-exec-2] [INFO ] [com.hewie.blog.service.impl.ImageServiceImpl] : name === >870122291931906048.jpeg
[2021/09/03-20:08:24] [http-nio-2020-exec-2] [INFO ] [com.hewie.blog.service.impl.ImageServiceImpl] : get image path ===>F:\Blog\images\2021_07_29\jpeg\870122291931906048.jpeg
[2021/09/03-20:08:24] [http-nio-2020-exec-8] [INFO ] [com.hewie.blog.service.impl.ImageServiceImpl] : name === >878690775171334144.jpeg
[2021/09/03-20:08:24] [http-nio-2020-exec-8] [INFO ] [com.hewie.blog.service.impl.ImageServiceImpl] : get image path ===>F:\Blog\images\2021_08_21\jpeg\878690775171334144.jpeg
[2021/09/03-20:08:24] [http-nio-2020-exec-9] [INFO ] [com.hewie.blog.service.impl.ImageServiceImpl] : name === >878480200776548352.jpeg
[2021/09/03-20:08:24] [http-nio-2020-exec-9] [INFO ] [com.hewie.blog.service.impl.ImageServiceImpl] : get image path ===>F:\Blog\images\2021_08_21\jpeg\878480200776548352.jpeg
[2021/09/03-20:08:24] [http-nio-2020-exec-3] [INFO ] [com.hewie.blog.service.impl.ImageServiceImpl] : name === >879933582980677632.jpeg
[2021/09/03-20:08:24] [http-nio-2020-exec-3] [INFO ] [com.hewie.blog.service.impl.ImageServiceImpl] : get image path ===>F:\Blog\images\2021_08_25\jpeg\879933582980677632.jpeg
[2021/09/03-20:08:24] [http-nio-2020-exec-1] [INFO ] [com.hewie.blog.service.impl.ImageServiceImpl] : name === >882630054696189952.png
[2021/09/03-20:08:24] [http-nio-2020-exec-1] [INFO ] [com.hewie.blog.service.impl.ImageServiceImpl] : get image path ===>F:\Blog\images\2021_09_01\png\882630054696189952.png
[2021/09/03-20:08:24] [http-nio-2020-exec-7] [INFO ] [com.hewie.blog.service.impl.ImageServiceImpl] : name === >879729794349006848.png
[2021/09/03-20:08:24] [http-nio-2020-exec-7] [INFO ] [com.hewie.blog.service.impl.ImageServiceImpl] : get image path ===>F:\Blog\images\2021_08_24\png\879729794349006848.png
[2021/09/03-20:08:24] [http-nio-2020-exec-10] [INFO ] [com.hewie.blog.service.impl.ImageServiceImpl] : name === >882397490396004352.png
[2021/09/03-20:08:24] [http-nio-2020-exec-10] [INFO ] [com.hewie.blog.service.impl.ImageServiceImpl] : get image path ===>F:\Blog\images\2021_08_31\png\882397490396004352.png
[2021/09/03-23:22:37] [http-nio-2020-exec-8] [INFO ] [com.hewie.blog.service.impl.ImageServiceImpl] : name === >879723300375232512.jpeg
[2021/09/03-23:22:37] [http-nio-2020-exec-8] [INFO ] [com.hewie.blog.service.impl.ImageServiceImpl] : get image path ===>F:\Blog\images\2021_08_24\jpeg\879723300375232512.jpeg
[2021/09/03-23:22:37] [http-nio-2020-exec-3] [INFO ] [com.hewie.blog.service.impl.ImageServiceImpl] : name === >879730501022121984.jpeg
[2021/09/03-23:22:37] [http-nio-2020-exec-3] [INFO ] [com.hewie.blog.service.impl.ImageServiceImpl] : get image path ===>F:\Blog\images\2021_08_24\jpeg\879730501022121984.jpeg
[2021/09/03-23:22:37] [http-nio-2020-exec-9] [INFO ] [com.hewie.blog.service.impl.ImageServiceImpl] : name === >878690775171334144.jpeg
[2021/09/03-23:22:37] [http-nio-2020-exec-9] [INFO ] [com.hewie.blog.service.impl.ImageServiceImpl] : get image path ===>F:\Blog\images\2021_08_21\jpeg\878690775171334144.jpeg
[2021/09/03-23:22:37] [http-nio-2020-exec-6] [INFO ] [com.hewie.blog.service.impl.ImageServiceImpl] : name === >878480260029480960.jpeg
[2021/09/03-23:22:37] [http-nio-2020-exec-6] [INFO ] [com.hewie.blog.service.impl.ImageServiceImpl] : get image path ===>F:\Blog\images\2021_08_21\jpeg\878480260029480960.jpeg
[2021/09/03-23:22:37] [http-nio-2020-exec-10] [INFO ] [com.hewie.blog.service.impl.ImageServiceImpl] : name === >870122291931906048.jpeg
[2021/09/03-23:22:37] [http-nio-2020-exec-10] [INFO ] [com.hewie.blog.service.impl.ImageServiceImpl] : get image path ===>F:\Blog\images\2021_07_29\jpeg\870122291931906048.jpeg
[2021/09/03-23:22:37] [http-nio-2020-exec-1] [INFO ] [com.hewie.blog.service.impl.ImageServiceImpl] : name === >878480200776548352.jpeg
[2021/09/03-23:22:37] [http-nio-2020-exec-1] [INFO ] [com.hewie.blog.service.impl.ImageServiceImpl] : get image path ===>F:\Blog\images\2021_08_21\jpeg\878480200776548352.jpeg
[2021/09/03-23:22:37] [http-nio-2020-exec-3] [INFO ] [com.hewie.blog.service.impl.ImageServiceImpl] : name === >882397490396004352.png
[2021/09/03-23:22:37] [http-nio-2020-exec-3] [INFO ] [com.hewie.blog.service.impl.ImageServiceImpl] : get image path ===>F:\Blog\images\2021_08_31\png\882397490396004352.png
[2021/09/03-23:22:37] [http-nio-2020-exec-3] [INFO ] [com.hewie.blog.service.impl.ImageServiceImpl] : name === >879933582980677632.jpeg
[2021/09/03-23:22:37] [http-nio-2020-exec-3] [INFO ] [com.hewie.blog.service.impl.ImageServiceImpl] : get image path ===>F:\Blog\images\2021_08_25\jpeg\879933582980677632.jpeg
[2021/09/03-23:22:37] [http-nio-2020-exec-6] [INFO ] [com.hewie.blog.service.impl.ImageServiceImpl] : name === >879729794349006848.png
[2021/09/03-23:22:37] [http-nio-2020-exec-6] [INFO ] [com.hewie.blog.service.impl.ImageServiceImpl] : get image path ===>F:\Blog\images\2021_08_24\png\879729794349006848.png
[2021/09/03-23:22:37] [http-nio-2020-exec-1] [INFO ] [com.hewie.blog.service.impl.ImageServiceImpl] : name === >882630054696189952.png
[2021/09/03-23:22:37] [http-nio-2020-exec-1] [INFO ] [com.hewie.blog.service.impl.ImageServiceImpl] : get image path ===>F:\Blog\images\2021_09_01\png\882630054696189952.png
[2021/09/03-23:42:03] [main] [INFO ] [com.hewie.blog.BlogApplication] : Starting BlogApplication on Hewie-pc with PID 19620 (E:\Code\HewieBlogSystem\target\classes started by 34954 in E:\Code\HewieBlogSystem)
[2021/09/03-23:42:03] [main] [INFO ] [com.hewie.blog.BlogApplication] : The following profiles are active: dev
[2021/09/03-23:42:11] [main] [INFO ] [com.hewie.blog.BlogApplication] : Started BlogApplication in 8.076 seconds (JVM running for 9.292)
[2021/09/03-23:50:59] [http-nio-2020-exec-5] [INFO ] [com.hewie.blog.service.impl.ImageServiceImpl] : name === >878690775171334144.jpeg
[2021/09/03-23:50:59] [http-nio-2020-exec-4] [INFO ] [com.hewie.blog.service.impl.ImageServiceImpl] : name === >879723300375232512.jpeg
[2021/09/03-23:50:59] [http-nio-2020-exec-7] [INFO ] [com.hewie.blog.service.impl.ImageServiceImpl] : name === >870122291931906048.jpeg
[2021/09/03-23:50:59] [http-nio-2020-exec-6] [INFO ] [com.hewie.blog.service.impl.ImageServiceImpl] : name === >878480260029480960.jpeg
[2021/09/03-23:50:59] [http-nio-2020-exec-8] [INFO ] [com.hewie.blog.service.impl.ImageServiceImpl] : name === >878480200776548352.jpeg
[2021/09/03-23:50:59] [http-nio-2020-exec-3] [INFO ] [com.hewie.blog.service.impl.ImageServiceImpl] : name === >879730501022121984.jpeg
[2021/09/03-23:50:59] [http-nio-2020-exec-4] [INFO ] [com.hewie.blog.service.impl.ImageServiceImpl] : get image path ===>F:\Blog\images\2021_08_24\jpeg\879723300375232512.jpeg
[2021/09/03-23:50:59] [http-nio-2020-exec-8] [INFO ] [com.hewie.blog.service.impl.ImageServiceImpl] : get image path ===>F:\Blog\images\2021_08_21\jpeg\878480200776548352.jpeg
[2021/09/03-23:50:59] [http-nio-2020-exec-6] [INFO ] [com.hewie.blog.service.impl.ImageServiceImpl] : get image path ===>F:\Blog\images\2021_08_21\jpeg\878480260029480960.jpeg
[2021/09/03-23:50:59] [http-nio-2020-exec-7] [INFO ] [com.hewie.blog.service.impl.ImageServiceImpl] : get image path ===>F:\Blog\images\2021_07_29\jpeg\870122291931906048.jpeg
[2021/09/03-23:50:59] [http-nio-2020-exec-5] [INFO ] [com.hewie.blog.service.impl.ImageServiceImpl] : get image path ===>F:\Blog\images\2021_08_21\jpeg\878690775171334144.jpeg
[2021/09/03-23:50:59] [http-nio-2020-exec-3] [INFO ] [com.hewie.blog.service.impl.ImageServiceImpl] : get image path ===>F:\Blog\images\2021_08_24\jpeg\879730501022121984.jpeg
[2021/09/03-23:50:59] [http-nio-2020-exec-4] [INFO ] [com.hewie.blog.service.impl.ImageServiceImpl] : name === >879729794349006848.png
[2021/09/03-23:50:59] [http-nio-2020-exec-4] [INFO ] [com.hewie.blog.service.impl.ImageServiceImpl] : get image path ===>F:\Blog\images\2021_08_24\png\879729794349006848.png
[2021/09/03-23:50:59] [http-nio-2020-exec-8] [INFO ] [com.hewie.blog.service.impl.ImageServiceImpl] : name === >882397490396004352.png
[2021/09/03-23:50:59] [http-nio-2020-exec-8] [INFO ] [com.hewie.blog.service.impl.ImageServiceImpl] : get image path ===>F:\Blog\images\2021_08_31\png\882397490396004352.png
[2021/09/03-23:50:59] [http-nio-2020-exec-8] [INFO ] [com.hewie.blog.service.impl.ImageServiceImpl] : name === >882630054696189952.png
[2021/09/03-23:50:59] [http-nio-2020-exec-8] [INFO ] [com.hewie.blog.service.impl.ImageServiceImpl] : get image path ===>F:\Blog\images\2021_09_01\png\882630054696189952.png
[2021/09/03-23:50:59] [http-nio-2020-exec-4] [INFO ] [com.hewie.blog.service.impl.ImageServiceImpl] : name === >879933582980677632.jpeg
[2021/09/03-23:50:59] [http-nio-2020-exec-4] [INFO ] [com.hewie.blog.service.impl.ImageServiceImpl] : get image path ===>F:\Blog\images\2021_08_25\jpeg\879933582980677632.jpeg
[2021/09/03-23:51:05] [http-nio-2020-exec-4] [INFO ] [com.hewie.blog.utils.CookieUtils] : cookies is null
[2021/09/03-23:51:05] [http-nio-2020-exec-2] [INFO ] [com.hewie.blog.utils.CookieUtils] : cookies is null
[2021/09/03-23:51:06] [http-nio-2020-exec-9] [INFO ] [com.hewie.blog.service.impl.ImageServiceImpl] : name === >879730501022121984.jpeg
[2021/09/03-23:51:06] [http-nio-2020-exec-9] [INFO ] [com.hewie.blog.service.impl.ImageServiceImpl] : get image path ===>F:\Blog\images\2021_08_24\jpeg\879730501022121984.jpeg
[2021/09/03-23:51:06] [http-nio-2020-exec-1] [INFO ] [com.hewie.blog.service.impl.ImageServiceImpl] : name === >879723300375232512.jpeg
[2021/09/03-23:51:06] [http-nio-2020-exec-1] [INFO ] [com.hewie.blog.service.impl.ImageServiceImpl] : get image path ===>F:\Blog\images\2021_08_24\jpeg\879723300375232512.jpeg
[2021/09/03-23:51:06] [http-nio-2020-exec-8] [INFO ] [com.hewie.blog.service.impl.ImageServiceImpl] : name === >878480200776548352.jpeg
[2021/09/03-23:51:06] [http-nio-2020-exec-8] [INFO ] [com.hewie.blog.service.impl.ImageServiceImpl] : get image path ===>F:\Blog\images\2021_08_21\jpeg\878480200776548352.jpeg
[2021/09/03-23:51:06] [http-nio-2020-exec-10] [INFO ] [com.hewie.blog.service.impl.ImageServiceImpl] : name === >878690775171334144.jpeg
[2021/09/03-23:51:06] [http-nio-2020-exec-10] [INFO ] [com.hewie.blog.service.impl.ImageServiceImpl] : get image path ===>F:\Blog\images\2021_08_21\jpeg\878690775171334144.jpeg
[2021/09/03-23:51:06] [http-nio-2020-exec-7] [INFO ] [com.hewie.blog.service.impl.ImageServiceImpl] : name === >870122291931906048.jpeg
[2021/09/03-23:51:06] [http-nio-2020-exec-7] [INFO ] [com.hewie.blog.service.impl.ImageServiceImpl] : get image path ===>F:\Blog\images\2021_07_29\jpeg\870122291931906048.jpeg
[2021/09/03-23:51:06] [http-nio-2020-exec-6] [INFO ] [com.hewie.blog.service.impl.ImageServiceImpl] : name === >878480260029480960.jpeg
[2021/09/03-23:51:06] [http-nio-2020-exec-6] [INFO ] [com.hewie.blog.service.impl.ImageServiceImpl] : get image path ===>F:\Blog\images\2021_08_21\jpeg\878480260029480960.jpeg
[2021/09/03-23:51:06] [http-nio-2020-exec-8] [INFO ] [com.hewie.blog.service.impl.ImageServiceImpl] : name === >882630054696189952.png
[2021/09/03-23:51:06] [http-nio-2020-exec-8] [INFO ] [com.hewie.blog.service.impl.ImageServiceImpl] : get image path ===>F:\Blog\images\2021_09_01\png\882630054696189952.png
[2021/09/03-23:51:06] [http-nio-2020-exec-10] [INFO ] [com.hewie.blog.service.impl.ImageServiceImpl] : name === >882397490396004352.png
[2021/09/03-23:51:06] [http-nio-2020-exec-7] [INFO ] [com.hewie.blog.service.impl.ImageServiceImpl] : name === >879729794349006848.png
[2021/09/03-23:51:06] [http-nio-2020-exec-10] [INFO ] [com.hewie.blog.service.impl.ImageServiceImpl] : get image path ===>F:\Blog\images\2021_08_31\png\882397490396004352.png
[2021/09/03-23:51:06] [http-nio-2020-exec-7] [INFO ] [com.hewie.blog.service.impl.ImageServiceImpl] : get image path ===>F:\Blog\images\2021_08_24\png\879729794349006848.png
[2021/09/03-23:51:06] [http-nio-2020-exec-6] [INFO ] [com.hewie.blog.service.impl.ImageServiceImpl] : name === >879933582980677632.jpeg
[2021/09/03-23:51:06] [http-nio-2020-exec-6] [INFO ] [com.hewie.blog.service.impl.ImageServiceImpl] : get image path ===>F:\Blog\images\2021_08_25\jpeg\879933582980677632.jpeg
[2021/09/03-23:51:06] [http-nio-2020-exec-2] [INFO ] [com.hewie.blog.utils.CookieUtils] : cookies is null
[2021/09/03-23:51:08] [http-nio-2020-exec-1] [INFO ] [com.hewie.blog.utils.CookieUtils] : cookies is null
[2021/09/03-23:52:57] [http-nio-2020-exec-3] [INFO ] [com.hewie.blog.utils.CookieUtils] : cookies is null
[2021/09/03-23:53:02] [http-nio-2020-exec-1] [INFO ] [com.hewie.blog.utils.CookieUtils] : cookies is null
[2021/09/03-23:53:33] [http-nio-2020-exec-7] [INFO ] [com.hewie.blog.utils.CookieUtils] : cookies is null
[2021/09/03-23:55:15] [http-nio-2020-exec-5] [INFO ] [com.hewie.blog.service.impl.ImageServiceImpl] : name === >879729794349006848.png
[2021/09/03-23:55:15] [http-nio-2020-exec-5] [INFO ] [com.hewie.blog.service.impl.ImageServiceImpl] : get image path ===>F:\Blog\images\2021_08_24\png\879729794349006848.png
[2021/09/03-23:55:16] [http-nio-2020-exec-1] [INFO ] [com.hewie.blog.utils.CookieUtils] : cookies is null
[2021/09/03-23:58:18] [http-nio-2020-exec-6] [INFO ] [com.hewie.blog.service.impl.ImageServiceImpl] : name === >879729794349006848.png
[2021/09/03-23:58:18] [http-nio-2020-exec-6] [INFO ] [com.hewie.blog.service.impl.ImageServiceImpl] : get image path ===>F:\Blog\images\2021_08_24\png\879729794349006848.png
[2021/09/03-23:58:19] [http-nio-2020-exec-4] [INFO ] [com.hewie.blog.utils.CookieUtils] : cookies is null
[2021/09/03-23:58:52] [http-nio-2020-exec-1] [INFO ] [com.hewie.blog.service.impl.ImageServiceImpl] : name === >879729794349006848.png
[2021/09/03-23:58:52] [http-nio-2020-exec-1] [INFO ] [com.hewie.blog.service.impl.ImageServiceImpl] : get image path ===>F:\Blog\images\2021_08_24\png\879729794349006848.png
[2021/09/03-23:58:53] [http-nio-2020-exec-9] [INFO ] [com.hewie.blog.utils.CookieUtils] : cookies is null
[2021/09/03-23:59:41] [http-nio-2020-exec-10] [INFO ] [com.hewie.blog.service.impl.ImageServiceImpl] : name === >879729794349006848.png
[2021/09/03-23:59:41] [http-nio-2020-exec-10] [INFO ] [com.hewie.blog.service.impl.ImageServiceImpl] : get image path ===>F:\Blog\images\2021_08_24\png\879729794349006848.png
[2021/09/03-23:59:41] [http-nio-2020-exec-2] [INFO ] [com.hewie.blog.utils.CookieUtils] : cookies is null
