[2021/08/27-00:07:11] [main] [INFO ] [com.hewie.blog.BlogApplication] : Starting BlogApplication on Hewie-pc with PID 14628 (E:\Code\HewieBlogSystem\target\classes started by 34954 in E:\Code\HewieBlogSystem)
[2021/08/27-00:07:11] [main] [INFO ] [com.hewie.blog.BlogApplication] : The following profiles are active: dev
[2021/08/27-00:07:18] [main] [INFO ] [com.hewie.blog.BlogApplication] : Started BlogApplication in 8.153 seconds (JVM running for 9.4)
[2021/08/27-00:07:32] [http-nio-2020-exec-4] [INFO ] [com.hewie.blog.interceptor.ApiInterceptor] : tokenKey == >p_cb67b4d2c375623906db43d9a7cb117d
[2021/08/27-00:07:45] [http-nio-2020-exec-1] [INFO ] [com.hewie.blog.interceptor.ApiInterceptor] : tokenKey == >p_cb67b4d2c375623906db43d9a7cb117d
[2021/08/27-00:29:09] [http-nio-2020-exec-4] [INFO ] [com.hewie.blog.service.impl.ImageServiceImpl] : name === >878480260029480960.jpeg
[2021/08/27-00:29:09] [http-nio-2020-exec-4] [INFO ] [com.hewie.blog.service.impl.ImageServiceImpl] : get image path ===>F:\Blog\images\2021_08_21\jpeg\878480260029480960.jpeg
[2021/08/27-00:29:09] [http-nio-2020-exec-7] [INFO ] [com.hewie.blog.service.impl.ImageServiceImpl] : name === >878480260029480960.jpeg
[2021/08/27-00:29:09] [http-nio-2020-exec-7] [INFO ] [com.hewie.blog.service.impl.ImageServiceImpl] : get image path ===>F:\Blog\images\2021_08_21\jpeg\878480260029480960.jpeg
[2021/08/27-00:29:14] [http-nio-2020-exec-3] [INFO ] [com.hewie.blog.service.impl.ImageServiceImpl] : name === >878477383605157888.jpeg
[2021/08/27-00:29:14] [http-nio-2020-exec-3] [INFO ] [com.hewie.blog.service.impl.ImageServiceImpl] : get image path ===>F:\Blog\images\2021_08_21\jpeg\878477383605157888.jpeg
[2021/08/27-00:29:14] [http-nio-2020-exec-4] [INFO ] [com.hewie.blog.service.impl.ImageServiceImpl] : name === >878480200776548352.jpeg
[2021/08/27-00:29:14] [http-nio-2020-exec-4] [INFO ] [com.hewie.blog.service.impl.ImageServiceImpl] : get image path ===>F:\Blog\images\2021_08_21\jpeg\878480200776548352.jpeg
[2021/08/27-00:29:14] [http-nio-2020-exec-7] [INFO ] [com.hewie.blog.service.impl.ImageServiceImpl] : name === >878480200776548352.jpeg
[2021/08/27-00:29:14] [http-nio-2020-exec-7] [INFO ] [com.hewie.blog.service.impl.ImageServiceImpl] : get image path ===>F:\Blog\images\2021_08_21\jpeg\878480200776548352.jpeg
[2021/08/27-00:37:30] [http-nio-2020-exec-10] [INFO ] [com.hewie.blog.service.impl.ImageServiceImpl] : name === >878480260029480960.jpeg
[2021/08/27-00:37:30] [http-nio-2020-exec-10] [INFO ] [com.hewie.blog.service.impl.ImageServiceImpl] : get image path ===>F:\Blog\images\2021_08_21\jpeg\878480260029480960.jpeg
[2021/08/27-00:37:30] [http-nio-2020-exec-5] [INFO ] [com.hewie.blog.service.impl.ImageServiceImpl] : name === >878480260029480960.jpeg
[2021/08/27-00:37:30] [http-nio-2020-exec-5] [INFO ] [com.hewie.blog.service.impl.ImageServiceImpl] : get image path ===>F:\Blog\images\2021_08_21\jpeg\878480260029480960.jpeg
[2021/08/27-00:38:26] [http-nio-2020-exec-6] [INFO ] [com.hewie.blog.service.impl.ImageServiceImpl] : name === >878477383605157888.jpeg
[2021/08/27-00:38:26] [http-nio-2020-exec-6] [INFO ] [com.hewie.blog.service.impl.ImageServiceImpl] : get image path ===>F:\Blog\images\2021_08_21\jpeg\878477383605157888.jpeg
[2021/08/27-00:38:26] [http-nio-2020-exec-2] [INFO ] [com.hewie.blog.service.impl.ImageServiceImpl] : name === >878480200776548352.jpeg
[2021/08/27-00:38:26] [http-nio-2020-exec-2] [INFO ] [com.hewie.blog.service.impl.ImageServiceImpl] : get image path ===>F:\Blog\images\2021_08_21\jpeg\878480200776548352.jpeg
[2021/08/27-00:38:26] [http-nio-2020-exec-9] [INFO ] [com.hewie.blog.service.impl.ImageServiceImpl] : name === >878480200776548352.jpeg
[2021/08/27-00:38:26] [http-nio-2020-exec-9] [INFO ] [com.hewie.blog.service.impl.ImageServiceImpl] : get image path ===>F:\Blog\images\2021_08_21\jpeg\878480200776548352.jpeg
[2021/08/27-00:39:47] [http-nio-2020-exec-4] [INFO ] [com.hewie.blog.service.impl.ImageServiceImpl] : name === >878477383605157888.jpeg
[2021/08/27-00:39:47] [http-nio-2020-exec-4] [INFO ] [com.hewie.blog.service.impl.ImageServiceImpl] : get image path ===>F:\Blog\images\2021_08_21\jpeg\878477383605157888.jpeg
[2021/08/27-00:39:47] [http-nio-2020-exec-7] [INFO ] [com.hewie.blog.service.impl.ImageServiceImpl] : name === >878480200776548352.jpeg
[2021/08/27-00:39:47] [http-nio-2020-exec-7] [INFO ] [com.hewie.blog.service.impl.ImageServiceImpl] : get image path ===>F:\Blog\images\2021_08_21\jpeg\878480200776548352.jpeg
[2021/08/27-00:39:47] [http-nio-2020-exec-8] [INFO ] [com.hewie.blog.service.impl.ImageServiceImpl] : name === >878480200776548352.jpeg
[2021/08/27-00:39:47] [http-nio-2020-exec-8] [INFO ] [com.hewie.blog.service.impl.ImageServiceImpl] : get image path ===>F:\Blog\images\2021_08_21\jpeg\878480200776548352.jpeg
[2021/08/27-00:40:54] [http-nio-2020-exec-3] [INFO ] [com.hewie.blog.service.impl.ImageServiceImpl] : name === >878477383605157888.jpeg
[2021/08/27-00:40:54] [http-nio-2020-exec-3] [INFO ] [com.hewie.blog.service.impl.ImageServiceImpl] : get image path ===>F:\Blog\images\2021_08_21\jpeg\878477383605157888.jpeg
[2021/08/27-00:40:54] [http-nio-2020-exec-4] [INFO ] [com.hewie.blog.service.impl.ImageServiceImpl] : name === >878480200776548352.jpeg
[2021/08/27-00:40:54] [http-nio-2020-exec-4] [INFO ] [com.hewie.blog.service.impl.ImageServiceImpl] : get image path ===>F:\Blog\images\2021_08_21\jpeg\878480200776548352.jpeg
[2021/08/27-00:40:54] [http-nio-2020-exec-7] [INFO ] [com.hewie.blog.service.impl.ImageServiceImpl] : name === >878480200776548352.jpeg
[2021/08/27-00:40:54] [http-nio-2020-exec-7] [INFO ] [com.hewie.blog.service.impl.ImageServiceImpl] : get image path ===>F:\Blog\images\2021_08_21\jpeg\878480200776548352.jpeg
[2021/08/27-00:41:12] [http-nio-2020-exec-5] [INFO ] [com.hewie.blog.service.impl.ImageServiceImpl] : name === >878477383605157888.jpeg
[2021/08/27-00:41:12] [http-nio-2020-exec-5] [INFO ] [com.hewie.blog.service.impl.ImageServiceImpl] : get image path ===>F:\Blog\images\2021_08_21\jpeg\878477383605157888.jpeg
[2021/08/27-00:41:12] [http-nio-2020-exec-1] [INFO ] [com.hewie.blog.service.impl.ImageServiceImpl] : name === >878480200776548352.jpeg
[2021/08/27-00:41:12] [http-nio-2020-exec-1] [INFO ] [com.hewie.blog.service.impl.ImageServiceImpl] : get image path ===>F:\Blog\images\2021_08_21\jpeg\878480200776548352.jpeg
[2021/08/27-00:41:13] [http-nio-2020-exec-10] [INFO ] [com.hewie.blog.service.impl.ImageServiceImpl] : name === >878480200776548352.jpeg
[2021/08/27-00:41:13] [http-nio-2020-exec-10] [INFO ] [com.hewie.blog.service.impl.ImageServiceImpl] : get image path ===>F:\Blog\images\2021_08_21\jpeg\878480200776548352.jpeg
[2021/08/27-00:41:21] [http-nio-2020-exec-8] [INFO ] [com.hewie.blog.service.impl.ImageServiceImpl] : name === >878477383605157888.jpeg
[2021/08/27-00:41:21] [http-nio-2020-exec-8] [INFO ] [com.hewie.blog.service.impl.ImageServiceImpl] : get image path ===>F:\Blog\images\2021_08_21\jpeg\878477383605157888.jpeg
[2021/08/27-00:41:21] [http-nio-2020-exec-9] [INFO ] [com.hewie.blog.service.impl.ImageServiceImpl] : name === >878480200776548352.jpeg
[2021/08/27-00:41:21] [http-nio-2020-exec-9] [INFO ] [com.hewie.blog.service.impl.ImageServiceImpl] : get image path ===>F:\Blog\images\2021_08_21\jpeg\878480200776548352.jpeg
[2021/08/27-00:41:21] [http-nio-2020-exec-2] [INFO ] [com.hewie.blog.service.impl.ImageServiceImpl] : name === >878480200776548352.jpeg
[2021/08/27-00:41:21] [http-nio-2020-exec-2] [INFO ] [com.hewie.blog.service.impl.ImageServiceImpl] : get image path ===>F:\Blog\images\2021_08_21\jpeg\878480200776548352.jpeg
[2021/08/27-00:41:28] [http-nio-2020-exec-10] [INFO ] [com.hewie.blog.service.impl.ImageServiceImpl] : name === >878477383605157888.jpeg
[2021/08/27-00:41:28] [http-nio-2020-exec-10] [INFO ] [com.hewie.blog.service.impl.ImageServiceImpl] : get image path ===>F:\Blog\images\2021_08_21\jpeg\878477383605157888.jpeg
[2021/08/27-00:41:28] [http-nio-2020-exec-3] [INFO ] [com.hewie.blog.service.impl.ImageServiceImpl] : name === >878480200776548352.jpeg
[2021/08/27-00:41:28] [http-nio-2020-exec-3] [INFO ] [com.hewie.blog.service.impl.ImageServiceImpl] : get image path ===>F:\Blog\images\2021_08_21\jpeg\878480200776548352.jpeg
[2021/08/27-00:41:28] [http-nio-2020-exec-4] [INFO ] [com.hewie.blog.service.impl.ImageServiceImpl] : name === >878480200776548352.jpeg
[2021/08/27-00:41:28] [http-nio-2020-exec-4] [INFO ] [com.hewie.blog.service.impl.ImageServiceImpl] : get image path ===>F:\Blog\images\2021_08_21\jpeg\878480200776548352.jpeg
[2021/08/27-00:41:49] [http-nio-2020-exec-7] [INFO ] [com.hewie.blog.service.impl.ImageServiceImpl] : name === >878477383605157888.jpeg
[2021/08/27-00:41:49] [http-nio-2020-exec-7] [INFO ] [com.hewie.blog.service.impl.ImageServiceImpl] : get image path ===>F:\Blog\images\2021_08_21\jpeg\878477383605157888.jpeg
[2021/08/27-00:41:49] [http-nio-2020-exec-7] [INFO ] [com.hewie.blog.service.impl.ImageServiceImpl] : name === >878480200776548352.jpeg
[2021/08/27-00:41:49] [http-nio-2020-exec-7] [INFO ] [com.hewie.blog.service.impl.ImageServiceImpl] : get image path ===>F:\Blog\images\2021_08_21\jpeg\878480200776548352.jpeg
[2021/08/27-00:41:49] [http-nio-2020-exec-8] [INFO ] [com.hewie.blog.service.impl.ImageServiceImpl] : name === >878480200776548352.jpeg
[2021/08/27-00:41:49] [http-nio-2020-exec-8] [INFO ] [com.hewie.blog.service.impl.ImageServiceImpl] : get image path ===>F:\Blog\images\2021_08_21\jpeg\878480200776548352.jpeg
[2021/08/27-00:41:53] [http-nio-2020-exec-9] [INFO ] [com.hewie.blog.interceptor.ApiInterceptor] : tokenKey == >p_cb67b4d2c375623906db43d9a7cb117d
[2021/08/27-00:41:59] [http-nio-2020-exec-9] [INFO ] [com.hewie.blog.service.impl.ImageServiceImpl] : name === >878477383605157888.jpeg
[2021/08/27-00:41:59] [http-nio-2020-exec-9] [INFO ] [com.hewie.blog.service.impl.ImageServiceImpl] : get image path ===>F:\Blog\images\2021_08_21\jpeg\878477383605157888.jpeg
[2021/08/27-00:41:59] [http-nio-2020-exec-2] [INFO ] [com.hewie.blog.service.impl.ImageServiceImpl] : name === >878480200776548352.jpeg
[2021/08/27-00:41:59] [http-nio-2020-exec-2] [INFO ] [com.hewie.blog.service.impl.ImageServiceImpl] : get image path ===>F:\Blog\images\2021_08_21\jpeg\878480200776548352.jpeg
[2021/08/27-00:41:59] [http-nio-2020-exec-6] [INFO ] [com.hewie.blog.service.impl.ImageServiceImpl] : name === >878480200776548352.jpeg
[2021/08/27-00:41:59] [http-nio-2020-exec-6] [INFO ] [com.hewie.blog.service.impl.ImageServiceImpl] : get image path ===>F:\Blog\images\2021_08_21\jpeg\878480200776548352.jpeg
[2021/08/27-00:42:05] [http-nio-2020-exec-5] [INFO ] [com.hewie.blog.interceptor.ApiInterceptor] : tokenKey == >p_cb67b4d2c375623906db43d9a7cb117d
[2021/08/27-00:42:09] [http-nio-2020-exec-2] [INFO ] [com.hewie.blog.service.impl.ImageServiceImpl] : name === >878477383605157888.jpeg
[2021/08/27-00:42:09] [http-nio-2020-exec-2] [INFO ] [com.hewie.blog.service.impl.ImageServiceImpl] : get image path ===>F:\Blog\images\2021_08_21\jpeg\878477383605157888.jpeg
[2021/08/27-00:42:09] [http-nio-2020-exec-6] [INFO ] [com.hewie.blog.service.impl.ImageServiceImpl] : name === >878480200776548352.jpeg
[2021/08/27-00:42:09] [http-nio-2020-exec-6] [INFO ] [com.hewie.blog.service.impl.ImageServiceImpl] : get image path ===>F:\Blog\images\2021_08_21\jpeg\878480200776548352.jpeg
[2021/08/27-00:42:09] [http-nio-2020-exec-5] [INFO ] [com.hewie.blog.service.impl.ImageServiceImpl] : name === >878480200776548352.jpeg
[2021/08/27-00:42:09] [http-nio-2020-exec-5] [INFO ] [com.hewie.blog.service.impl.ImageServiceImpl] : get image path ===>F:\Blog\images\2021_08_21\jpeg\878480200776548352.jpeg
[2021/08/27-00:44:36] [http-nio-2020-exec-7] [INFO ] [com.hewie.blog.service.impl.ImageServiceImpl] : name === >878477383605157888.jpeg
[2021/08/27-00:44:36] [http-nio-2020-exec-7] [INFO ] [com.hewie.blog.service.impl.ImageServiceImpl] : get image path ===>F:\Blog\images\2021_08_21\jpeg\878477383605157888.jpeg
[2021/08/27-00:44:36] [http-nio-2020-exec-2] [INFO ] [com.hewie.blog.service.impl.ImageServiceImpl] : name === >878480200776548352.jpeg
[2021/08/27-00:44:36] [http-nio-2020-exec-2] [INFO ] [com.hewie.blog.service.impl.ImageServiceImpl] : get image path ===>F:\Blog\images\2021_08_21\jpeg\878480200776548352.jpeg
[2021/08/27-00:44:36] [http-nio-2020-exec-6] [INFO ] [com.hewie.blog.service.impl.ImageServiceImpl] : name === >878480200776548352.jpeg
[2021/08/27-00:44:36] [http-nio-2020-exec-6] [INFO ] [com.hewie.blog.service.impl.ImageServiceImpl] : get image path ===>F:\Blog\images\2021_08_21\jpeg\878480200776548352.jpeg
[2021/08/27-00:44:48] [main] [INFO ] [com.hewie.blog.BlogApplication] : Starting BlogApplication on Hewie-pc with PID 468 (E:\Code\HewieBlogSystem\target\classes started by 34954 in E:\Code\HewieBlogSystem)
[2021/08/27-00:44:48] [main] [INFO ] [com.hewie.blog.BlogApplication] : The following profiles are active: dev
[2021/08/27-00:44:55] [main] [INFO ] [com.hewie.blog.BlogApplication] : Started BlogApplication in 7.37 seconds (JVM running for 8.538)
[2021/08/27-00:46:24] [main] [INFO ] [com.hewie.blog.BlogApplication] : Starting BlogApplication on Hewie-pc with PID 2140 (E:\Code\HewieBlogSystem\target\classes started by 34954 in E:\Code\HewieBlogSystem)
[2021/08/27-00:46:24] [main] [INFO ] [com.hewie.blog.BlogApplication] : The following profiles are active: dev
[2021/08/27-00:46:31] [main] [INFO ] [com.hewie.blog.BlogApplication] : Started BlogApplication in 6.894 seconds (JVM running for 8.033)
[2021/08/27-00:52:41] [http-nio-2020-exec-10] [INFO ] [com.hewie.blog.interceptor.ApiInterceptor] : tokenKey == >p_cb67b4d2c375623906db43d9a7cb117d
